[2024-04-04T08:51:59.307+0000] {taskinstance.py:1979} INFO - Dependencies all met for dep_context=non-requeueable deps ti=<TaskInstance: real_estates.transform_parse_address manual__2024-04-04T08:47:03.043176+00:00 [queued]>
[2024-04-04T08:51:59.326+0000] {taskinstance.py:1979} INFO - Dependencies all met for dep_context=requeueable deps ti=<TaskInstance: real_estates.transform_parse_address manual__2024-04-04T08:47:03.043176+00:00 [queued]>
[2024-04-04T08:51:59.327+0000] {taskinstance.py:2193} INFO - Starting attempt 1 of 1
[2024-04-04T08:51:59.352+0000] {taskinstance.py:2217} INFO - Executing <Task(_PythonDecoratedOperator): transform_parse_address> on 2024-04-04 08:47:03.043176+00:00
[2024-04-04T08:51:59.366+0000] {standard_task_runner.py:60} INFO - Started process 4073 to run task
[2024-04-04T08:51:59.374+0000] {standard_task_runner.py:87} INFO - Running: ['***', 'tasks', 'run', 'real_estates', 'transform_parse_address', 'manual__2024-04-04T08:47:03.043176+00:00', '--job-id', '212', '--raw', '--subdir', 'DAGS_FOLDER/real_estates/__init__.py', '--cfg-path', '/tmp/tmpj3rhnl9j']
[2024-04-04T08:51:59.381+0000] {standard_task_runner.py:88} INFO - Job 212: Subtask transform_parse_address
[2024-04-04T08:51:59.793+0000] {task_command.py:423} INFO - Running <TaskInstance: real_estates.transform_parse_address manual__2024-04-04T08:47:03.043176+00:00 [running]> on host 05a350db99a0
[2024-04-04T08:52:00.234+0000] {taskinstance.py:2513} INFO - Exporting env vars: AIRFLOW_CTX_DAG_OWNER='***' AIRFLOW_CTX_DAG_ID='real_estates' AIRFLOW_CTX_TASK_ID='transform_parse_address' AIRFLOW_CTX_EXECUTION_DATE='2024-04-04T08:47:03.043176+00:00' AIRFLOW_CTX_TRY_NUMBER='1' AIRFLOW_CTX_DAG_RUN_ID='manual__2024-04-04T08:47:03.043176+00:00'
[2024-04-04T08:52:00.243+0000] {__init__.py:98} WARNING - Town 千住宮元町 not in database
[2024-04-04T08:52:00.245+0000] {__init__.py:98} WARNING - Town 元橋本町 not in database
[2024-04-04T08:52:00.245+0000] {__init__.py:98} WARNING - Town 深大寺東町 not in database
[2024-04-04T08:52:00.248+0000] {__init__.py:98} WARNING - Town 莇生町 not in database
[2024-04-04T08:52:00.250+0000] {__init__.py:98} WARNING - Town 元総社町 not in database
[2024-04-04T08:52:00.250+0000] {__init__.py:98} WARNING - Town 中泉町 not in database
[2024-04-04T08:52:00.251+0000] {__init__.py:98} WARNING - Town 藤原光町 not in database
[2024-04-04T08:52:00.252+0000] {__init__.py:98} WARNING - Town ひうみ町 not in database
[2024-04-04T08:52:00.253+0000] {__init__.py:98} WARNING - Town 新井町 not in database
[2024-04-04T08:52:00.254+0000] {__init__.py:98} WARNING - Town 南町 not in database
[2024-04-04T08:52:00.254+0000] {__init__.py:98} WARNING - Town 散田町 not in database
[2024-04-04T08:52:00.256+0000] {__init__.py:98} WARNING - Town 並木西町 not in database
[2024-04-04T08:52:00.257+0000] {__init__.py:98} WARNING - Town 須惠町 not in database
[2024-04-04T08:52:00.258+0000] {__init__.py:98} WARNING - Town 若葉町 not in database
[2024-04-04T08:52:00.259+0000] {__init__.py:98} WARNING - Town 本木東町 not in database
[2024-04-04T08:52:00.260+0000] {__init__.py:98} WARNING - Town 出川町 not in database
[2024-04-04T08:52:00.262+0000] {__init__.py:98} WARNING - Town 菖蒲町 not in database
[2024-04-04T08:52:00.263+0000] {__init__.py:98} WARNING - Town 中町 not in database
[2024-04-04T08:52:00.264+0000] {__init__.py:98} WARNING - Town 追分町 not in database
[2024-04-04T08:52:00.265+0000] {__init__.py:98} WARNING - Town 緑町 not in database
[2024-04-04T08:52:00.265+0000] {__init__.py:98} WARNING - Town 宮本町 not in database
[2024-04-04T08:52:00.266+0000] {__init__.py:98} WARNING - Town 北町 not in database
[2024-04-04T08:52:00.267+0000] {__init__.py:98} WARNING - Town 西戸部町 not in database
[2024-04-04T08:52:00.269+0000] {python.py:204} INFO - Done. Returned value not shown
[2024-04-04T08:52:00.390+0000] {taskinstance.py:1149} INFO - Marking task as SUCCESS. dag_id=real_estates, task_id=transform_parse_address, execution_date=20240404T084703, start_date=20240404T085159, end_date=20240404T085200
[2024-04-04T08:52:00.468+0000] {local_task_job_runner.py:234} INFO - Task exited with return code 0
[2024-04-04T08:52:00.806+0000] {taskinstance.py:3312} INFO - 2 downstream tasks scheduled from follow-on schedule check
