[2024-04-03T08:51:43.302+0000] {processor.py:161} INFO - Started process (PID=81) to work on /home/airflow/.local/lib/python3.8/site-packages/airflow/example_dags/example_sensors.py
[2024-04-03T08:51:43.304+0000] {processor.py:830} INFO - Processing file /home/airflow/.local/lib/python3.8/site-packages/airflow/example_dags/example_sensors.py for tasks to queue
[2024-04-03T08:51:43.308+0000] {logging_mixin.py:188} INFO - [2024-04-03T08:51:43.307+0000] {dagbag.py:540} INFO - Filling up the DagBag from /home/airflow/.local/lib/python3.8/site-packages/airflow/example_dags/example_sensors.py
[2024-04-03T08:51:43.332+0000] {processor.py:840} INFO - DAG(s) 'example_sensors' retrieved from /home/airflow/.local/lib/python3.8/site-packages/airflow/example_dags/example_sensors.py
[2024-04-03T08:51:43.573+0000] {logging_mixin.py:188} INFO - [2024-04-03T08:51:43.573+0000] {dag.py:3047} INFO - Sync 1 DAGs
[2024-04-03T08:51:43.598+0000] {logging_mixin.py:188} INFO - [2024-04-03T08:51:43.597+0000] {dag.py:3834} INFO - Setting next_dagrun for example_sensors to None, run_after=None
[2024-04-03T08:51:43.642+0000] {processor.py:183} INFO - Processing /home/airflow/.local/lib/python3.8/site-packages/airflow/example_dags/example_sensors.py took 0.349 seconds
[2024-04-03T08:52:13.803+0000] {processor.py:161} INFO - Started process (PID=139) to work on /home/airflow/.local/lib/python3.8/site-packages/airflow/example_dags/example_sensors.py
[2024-04-03T08:52:13.805+0000] {processor.py:830} INFO - Processing file /home/airflow/.local/lib/python3.8/site-packages/airflow/example_dags/example_sensors.py for tasks to queue
[2024-04-03T08:52:13.809+0000] {logging_mixin.py:188} INFO - [2024-04-03T08:52:13.808+0000] {dagbag.py:540} INFO - Filling up the DagBag from /home/airflow/.local/lib/python3.8/site-packages/airflow/example_dags/example_sensors.py
[2024-04-03T08:52:13.830+0000] {processor.py:840} INFO - DAG(s) 'example_sensors' retrieved from /home/airflow/.local/lib/python3.8/site-packages/airflow/example_dags/example_sensors.py
[2024-04-03T08:52:13.889+0000] {logging_mixin.py:188} INFO - [2024-04-03T08:52:13.888+0000] {dag.py:3047} INFO - Sync 1 DAGs
[2024-04-03T08:52:13.918+0000] {logging_mixin.py:188} INFO - [2024-04-03T08:52:13.917+0000] {dag.py:3834} INFO - Setting next_dagrun for example_sensors to None, run_after=None
[2024-04-03T08:52:13.956+0000] {processor.py:183} INFO - Processing /home/airflow/.local/lib/python3.8/site-packages/airflow/example_dags/example_sensors.py took 0.161 seconds
[2024-04-03T08:52:44.298+0000] {processor.py:161} INFO - Started process (PID=196) to work on /home/airflow/.local/lib/python3.8/site-packages/airflow/example_dags/example_sensors.py
[2024-04-03T08:52:44.301+0000] {processor.py:830} INFO - Processing file /home/airflow/.local/lib/python3.8/site-packages/airflow/example_dags/example_sensors.py for tasks to queue
[2024-04-03T08:52:44.305+0000] {logging_mixin.py:188} INFO - [2024-04-03T08:52:44.304+0000] {dagbag.py:540} INFO - Filling up the DagBag from /home/airflow/.local/lib/python3.8/site-packages/airflow/example_dags/example_sensors.py
[2024-04-03T08:52:44.327+0000] {processor.py:840} INFO - DAG(s) 'example_sensors' retrieved from /home/airflow/.local/lib/python3.8/site-packages/airflow/example_dags/example_sensors.py
[2024-04-03T08:52:44.383+0000] {logging_mixin.py:188} INFO - [2024-04-03T08:52:44.382+0000] {dag.py:3047} INFO - Sync 1 DAGs
[2024-04-03T08:52:44.411+0000] {logging_mixin.py:188} INFO - [2024-04-03T08:52:44.411+0000] {dag.py:3834} INFO - Setting next_dagrun for example_sensors to None, run_after=None
[2024-04-03T08:52:44.451+0000] {processor.py:183} INFO - Processing /home/airflow/.local/lib/python3.8/site-packages/airflow/example_dags/example_sensors.py took 0.161 seconds
[2024-04-03T08:53:14.976+0000] {processor.py:161} INFO - Started process (PID=254) to work on /home/airflow/.local/lib/python3.8/site-packages/airflow/example_dags/example_sensors.py
[2024-04-03T08:53:14.979+0000] {processor.py:830} INFO - Processing file /home/airflow/.local/lib/python3.8/site-packages/airflow/example_dags/example_sensors.py for tasks to queue
[2024-04-03T08:53:14.983+0000] {logging_mixin.py:188} INFO - [2024-04-03T08:53:14.982+0000] {dagbag.py:540} INFO - Filling up the DagBag from /home/airflow/.local/lib/python3.8/site-packages/airflow/example_dags/example_sensors.py
[2024-04-03T08:53:15.006+0000] {processor.py:840} INFO - DAG(s) 'example_sensors' retrieved from /home/airflow/.local/lib/python3.8/site-packages/airflow/example_dags/example_sensors.py
[2024-04-03T08:53:15.063+0000] {logging_mixin.py:188} INFO - [2024-04-03T08:53:15.062+0000] {dag.py:3047} INFO - Sync 1 DAGs
[2024-04-03T08:53:15.092+0000] {logging_mixin.py:188} INFO - [2024-04-03T08:53:15.092+0000] {dag.py:3834} INFO - Setting next_dagrun for example_sensors to None, run_after=None
[2024-04-03T08:53:15.133+0000] {processor.py:183} INFO - Processing /home/airflow/.local/lib/python3.8/site-packages/airflow/example_dags/example_sensors.py took 0.166 seconds
[2024-04-03T08:53:45.488+0000] {processor.py:161} INFO - Started process (PID=312) to work on /home/airflow/.local/lib/python3.8/site-packages/airflow/example_dags/example_sensors.py
[2024-04-03T08:53:45.490+0000] {processor.py:830} INFO - Processing file /home/airflow/.local/lib/python3.8/site-packages/airflow/example_dags/example_sensors.py for tasks to queue
[2024-04-03T08:53:45.494+0000] {logging_mixin.py:188} INFO - [2024-04-03T08:53:45.494+0000] {dagbag.py:540} INFO - Filling up the DagBag from /home/airflow/.local/lib/python3.8/site-packages/airflow/example_dags/example_sensors.py
[2024-04-03T08:53:45.516+0000] {processor.py:840} INFO - DAG(s) 'example_sensors' retrieved from /home/airflow/.local/lib/python3.8/site-packages/airflow/example_dags/example_sensors.py
[2024-04-03T08:53:45.572+0000] {logging_mixin.py:188} INFO - [2024-04-03T08:53:45.572+0000] {dag.py:3047} INFO - Sync 1 DAGs
[2024-04-03T08:53:45.601+0000] {logging_mixin.py:188} INFO - [2024-04-03T08:53:45.600+0000] {dag.py:3834} INFO - Setting next_dagrun for example_sensors to None, run_after=None
[2024-04-03T08:53:45.640+0000] {processor.py:183} INFO - Processing /home/airflow/.local/lib/python3.8/site-packages/airflow/example_dags/example_sensors.py took 0.160 seconds
[2024-04-03T08:54:16.581+0000] {processor.py:161} INFO - Started process (PID=370) to work on /home/airflow/.local/lib/python3.8/site-packages/airflow/example_dags/example_sensors.py
[2024-04-03T08:54:16.584+0000] {processor.py:830} INFO - Processing file /home/airflow/.local/lib/python3.8/site-packages/airflow/example_dags/example_sensors.py for tasks to queue
[2024-04-03T08:54:16.588+0000] {logging_mixin.py:188} INFO - [2024-04-03T08:54:16.587+0000] {dagbag.py:540} INFO - Filling up the DagBag from /home/airflow/.local/lib/python3.8/site-packages/airflow/example_dags/example_sensors.py
[2024-04-03T08:54:16.610+0000] {processor.py:840} INFO - DAG(s) 'example_sensors' retrieved from /home/airflow/.local/lib/python3.8/site-packages/airflow/example_dags/example_sensors.py
[2024-04-03T08:54:16.665+0000] {logging_mixin.py:188} INFO - [2024-04-03T08:54:16.664+0000] {dag.py:3047} INFO - Sync 1 DAGs
[2024-04-03T08:54:16.693+0000] {logging_mixin.py:188} INFO - [2024-04-03T08:54:16.693+0000] {dag.py:3834} INFO - Setting next_dagrun for example_sensors to None, run_after=None
[2024-04-03T08:54:16.733+0000] {processor.py:183} INFO - Processing /home/airflow/.local/lib/python3.8/site-packages/airflow/example_dags/example_sensors.py took 0.160 seconds
[2024-04-03T08:54:47.609+0000] {processor.py:161} INFO - Started process (PID=428) to work on /home/airflow/.local/lib/python3.8/site-packages/airflow/example_dags/example_sensors.py
[2024-04-03T08:54:47.611+0000] {processor.py:830} INFO - Processing file /home/airflow/.local/lib/python3.8/site-packages/airflow/example_dags/example_sensors.py for tasks to queue
[2024-04-03T08:54:47.616+0000] {logging_mixin.py:188} INFO - [2024-04-03T08:54:47.615+0000] {dagbag.py:540} INFO - Filling up the DagBag from /home/airflow/.local/lib/python3.8/site-packages/airflow/example_dags/example_sensors.py
[2024-04-03T08:54:47.639+0000] {processor.py:840} INFO - DAG(s) 'example_sensors' retrieved from /home/airflow/.local/lib/python3.8/site-packages/airflow/example_dags/example_sensors.py
[2024-04-03T08:54:47.697+0000] {logging_mixin.py:188} INFO - [2024-04-03T08:54:47.696+0000] {dag.py:3047} INFO - Sync 1 DAGs
[2024-04-03T08:54:47.726+0000] {logging_mixin.py:188} INFO - [2024-04-03T08:54:47.726+0000] {dag.py:3834} INFO - Setting next_dagrun for example_sensors to None, run_after=None
[2024-04-03T08:54:47.767+0000] {processor.py:183} INFO - Processing /home/airflow/.local/lib/python3.8/site-packages/airflow/example_dags/example_sensors.py took 0.166 seconds
[2024-04-03T08:55:18.039+0000] {processor.py:161} INFO - Started process (PID=486) to work on /home/airflow/.local/lib/python3.8/site-packages/airflow/example_dags/example_sensors.py
[2024-04-03T08:55:18.041+0000] {processor.py:830} INFO - Processing file /home/airflow/.local/lib/python3.8/site-packages/airflow/example_dags/example_sensors.py for tasks to queue
[2024-04-03T08:55:18.045+0000] {logging_mixin.py:188} INFO - [2024-04-03T08:55:18.044+0000] {dagbag.py:540} INFO - Filling up the DagBag from /home/airflow/.local/lib/python3.8/site-packages/airflow/example_dags/example_sensors.py
[2024-04-03T08:55:18.067+0000] {processor.py:840} INFO - DAG(s) 'example_sensors' retrieved from /home/airflow/.local/lib/python3.8/site-packages/airflow/example_dags/example_sensors.py
[2024-04-03T08:55:18.123+0000] {logging_mixin.py:188} INFO - [2024-04-03T08:55:18.122+0000] {dag.py:3047} INFO - Sync 1 DAGs
[2024-04-03T08:55:18.151+0000] {logging_mixin.py:188} INFO - [2024-04-03T08:55:18.150+0000] {dag.py:3834} INFO - Setting next_dagrun for example_sensors to None, run_after=None
[2024-04-03T08:55:18.192+0000] {processor.py:183} INFO - Processing /home/airflow/.local/lib/python3.8/site-packages/airflow/example_dags/example_sensors.py took 0.161 seconds
[2024-04-03T08:55:48.572+0000] {processor.py:161} INFO - Started process (PID=544) to work on /home/airflow/.local/lib/python3.8/site-packages/airflow/example_dags/example_sensors.py
[2024-04-03T08:55:48.575+0000] {processor.py:830} INFO - Processing file /home/airflow/.local/lib/python3.8/site-packages/airflow/example_dags/example_sensors.py for tasks to queue
[2024-04-03T08:55:48.580+0000] {logging_mixin.py:188} INFO - [2024-04-03T08:55:48.579+0000] {dagbag.py:540} INFO - Filling up the DagBag from /home/airflow/.local/lib/python3.8/site-packages/airflow/example_dags/example_sensors.py
[2024-04-03T08:55:48.601+0000] {processor.py:840} INFO - DAG(s) 'example_sensors' retrieved from /home/airflow/.local/lib/python3.8/site-packages/airflow/example_dags/example_sensors.py
[2024-04-03T08:55:48.661+0000] {logging_mixin.py:188} INFO - [2024-04-03T08:55:48.660+0000] {dag.py:3047} INFO - Sync 1 DAGs
[2024-04-03T08:55:48.691+0000] {logging_mixin.py:188} INFO - [2024-04-03T08:55:48.690+0000] {dag.py:3834} INFO - Setting next_dagrun for example_sensors to None, run_after=None
[2024-04-03T08:55:48.729+0000] {processor.py:183} INFO - Processing /home/airflow/.local/lib/python3.8/site-packages/airflow/example_dags/example_sensors.py took 0.165 seconds
[2024-04-03T08:56:19.473+0000] {processor.py:161} INFO - Started process (PID=602) to work on /home/airflow/.local/lib/python3.8/site-packages/airflow/example_dags/example_sensors.py
[2024-04-03T08:56:19.475+0000] {processor.py:830} INFO - Processing file /home/airflow/.local/lib/python3.8/site-packages/airflow/example_dags/example_sensors.py for tasks to queue
[2024-04-03T08:56:19.479+0000] {logging_mixin.py:188} INFO - [2024-04-03T08:56:19.478+0000] {dagbag.py:540} INFO - Filling up the DagBag from /home/airflow/.local/lib/python3.8/site-packages/airflow/example_dags/example_sensors.py
[2024-04-03T08:56:19.501+0000] {processor.py:840} INFO - DAG(s) 'example_sensors' retrieved from /home/airflow/.local/lib/python3.8/site-packages/airflow/example_dags/example_sensors.py
[2024-04-03T08:56:19.557+0000] {logging_mixin.py:188} INFO - [2024-04-03T08:56:19.557+0000] {dag.py:3047} INFO - Sync 1 DAGs
[2024-04-03T08:56:19.586+0000] {logging_mixin.py:188} INFO - [2024-04-03T08:56:19.585+0000] {dag.py:3834} INFO - Setting next_dagrun for example_sensors to None, run_after=None
[2024-04-03T08:56:19.626+0000] {processor.py:183} INFO - Processing /home/airflow/.local/lib/python3.8/site-packages/airflow/example_dags/example_sensors.py took 0.161 seconds
[2024-04-03T08:56:50.738+0000] {processor.py:161} INFO - Started process (PID=660) to work on /home/airflow/.local/lib/python3.8/site-packages/airflow/example_dags/example_sensors.py
[2024-04-03T08:56:50.741+0000] {processor.py:830} INFO - Processing file /home/airflow/.local/lib/python3.8/site-packages/airflow/example_dags/example_sensors.py for tasks to queue
[2024-04-03T08:56:50.745+0000] {logging_mixin.py:188} INFO - [2024-04-03T08:56:50.744+0000] {dagbag.py:540} INFO - Filling up the DagBag from /home/airflow/.local/lib/python3.8/site-packages/airflow/example_dags/example_sensors.py
[2024-04-03T08:56:50.766+0000] {processor.py:840} INFO - DAG(s) 'example_sensors' retrieved from /home/airflow/.local/lib/python3.8/site-packages/airflow/example_dags/example_sensors.py
[2024-04-03T08:56:50.822+0000] {logging_mixin.py:188} INFO - [2024-04-03T08:56:50.822+0000] {dag.py:3047} INFO - Sync 1 DAGs
[2024-04-03T08:56:50.851+0000] {logging_mixin.py:188} INFO - [2024-04-03T08:56:50.850+0000] {dag.py:3834} INFO - Setting next_dagrun for example_sensors to None, run_after=None
[2024-04-03T08:56:50.889+0000] {processor.py:183} INFO - Processing /home/airflow/.local/lib/python3.8/site-packages/airflow/example_dags/example_sensors.py took 0.159 seconds
[2024-04-03T08:57:21.135+0000] {processor.py:161} INFO - Started process (PID=718) to work on /home/airflow/.local/lib/python3.8/site-packages/airflow/example_dags/example_sensors.py
[2024-04-03T08:57:21.137+0000] {processor.py:830} INFO - Processing file /home/airflow/.local/lib/python3.8/site-packages/airflow/example_dags/example_sensors.py for tasks to queue
[2024-04-03T08:57:21.141+0000] {logging_mixin.py:188} INFO - [2024-04-03T08:57:21.141+0000] {dagbag.py:540} INFO - Filling up the DagBag from /home/airflow/.local/lib/python3.8/site-packages/airflow/example_dags/example_sensors.py
[2024-04-03T08:57:21.163+0000] {processor.py:840} INFO - DAG(s) 'example_sensors' retrieved from /home/airflow/.local/lib/python3.8/site-packages/airflow/example_dags/example_sensors.py
[2024-04-03T08:57:21.218+0000] {logging_mixin.py:188} INFO - [2024-04-03T08:57:21.218+0000] {dag.py:3047} INFO - Sync 1 DAGs
[2024-04-03T08:57:21.246+0000] {logging_mixin.py:188} INFO - [2024-04-03T08:57:21.246+0000] {dag.py:3834} INFO - Setting next_dagrun for example_sensors to None, run_after=None
[2024-04-03T08:57:21.286+0000] {processor.py:183} INFO - Processing /home/airflow/.local/lib/python3.8/site-packages/airflow/example_dags/example_sensors.py took 0.160 seconds
