[2024-04-03T08:51:42.838+0000] {processor.py:161} INFO - Started process (PID=79) to work on /home/airflow/.local/lib/python3.8/site-packages/airflow/example_dags/example_bash_operator.py
[2024-04-03T08:51:42.840+0000] {processor.py:830} INFO - Processing file /home/airflow/.local/lib/python3.8/site-packages/airflow/example_dags/example_bash_operator.py for tasks to queue
[2024-04-03T08:51:42.844+0000] {logging_mixin.py:188} INFO - [2024-04-03T08:51:42.843+0000] {dagbag.py:540} INFO - Filling up the DagBag from /home/airflow/.local/lib/python3.8/site-packages/airflow/example_dags/example_bash_operator.py
[2024-04-03T08:51:42.873+0000] {processor.py:840} INFO - DAG(s) 'example_bash_operator' retrieved from /home/airflow/.local/lib/python3.8/site-packages/airflow/example_dags/example_bash_operator.py
[2024-04-03T08:51:43.141+0000] {logging_mixin.py:188} INFO - [2024-04-03T08:51:43.141+0000] {dag.py:3047} INFO - Sync 1 DAGs
[2024-04-03T08:51:43.194+0000] {logging_mixin.py:188} INFO - [2024-04-03T08:51:43.193+0000] {dag.py:3834} INFO - Setting next_dagrun for example_bash_operator to 2024-04-02 00:00:00+00:00, run_after=2024-04-03 00:00:00+00:00
[2024-04-03T08:51:43.233+0000] {processor.py:183} INFO - Processing /home/airflow/.local/lib/python3.8/site-packages/airflow/example_dags/example_bash_operator.py took 0.403 seconds
[2024-04-03T08:52:13.330+0000] {processor.py:161} INFO - Started process (PID=137) to work on /home/airflow/.local/lib/python3.8/site-packages/airflow/example_dags/example_bash_operator.py
[2024-04-03T08:52:13.332+0000] {processor.py:830} INFO - Processing file /home/airflow/.local/lib/python3.8/site-packages/airflow/example_dags/example_bash_operator.py for tasks to queue
[2024-04-03T08:52:13.336+0000] {logging_mixin.py:188} INFO - [2024-04-03T08:52:13.335+0000] {dagbag.py:540} INFO - Filling up the DagBag from /home/airflow/.local/lib/python3.8/site-packages/airflow/example_dags/example_bash_operator.py
[2024-04-03T08:52:13.364+0000] {processor.py:840} INFO - DAG(s) 'example_bash_operator' retrieved from /home/airflow/.local/lib/python3.8/site-packages/airflow/example_dags/example_bash_operator.py
[2024-04-03T08:52:13.434+0000] {logging_mixin.py:188} INFO - [2024-04-03T08:52:13.433+0000] {dag.py:3047} INFO - Sync 1 DAGs
[2024-04-03T08:52:13.488+0000] {logging_mixin.py:188} INFO - [2024-04-03T08:52:13.487+0000] {dag.py:3834} INFO - Setting next_dagrun for example_bash_operator to 2024-04-02 00:00:00+00:00, run_after=2024-04-03 00:00:00+00:00
[2024-04-03T08:52:13.530+0000] {processor.py:183} INFO - Processing /home/airflow/.local/lib/python3.8/site-packages/airflow/example_dags/example_bash_operator.py took 0.208 seconds
[2024-04-03T08:52:44.040+0000] {processor.py:161} INFO - Started process (PID=194) to work on /home/airflow/.local/lib/python3.8/site-packages/airflow/example_dags/example_bash_operator.py
[2024-04-03T08:52:44.043+0000] {processor.py:830} INFO - Processing file /home/airflow/.local/lib/python3.8/site-packages/airflow/example_dags/example_bash_operator.py for tasks to queue
[2024-04-03T08:52:44.048+0000] {logging_mixin.py:188} INFO - [2024-04-03T08:52:44.047+0000] {dagbag.py:540} INFO - Filling up the DagBag from /home/airflow/.local/lib/python3.8/site-packages/airflow/example_dags/example_bash_operator.py
[2024-04-03T08:52:44.076+0000] {processor.py:840} INFO - DAG(s) 'example_bash_operator' retrieved from /home/airflow/.local/lib/python3.8/site-packages/airflow/example_dags/example_bash_operator.py
[2024-04-03T08:52:44.147+0000] {logging_mixin.py:188} INFO - [2024-04-03T08:52:44.147+0000] {dag.py:3047} INFO - Sync 1 DAGs
[2024-04-03T08:52:44.202+0000] {logging_mixin.py:188} INFO - [2024-04-03T08:52:44.201+0000] {dag.py:3834} INFO - Setting next_dagrun for example_bash_operator to 2024-04-02 00:00:00+00:00, run_after=2024-04-03 00:00:00+00:00
[2024-04-03T08:52:44.240+0000] {processor.py:183} INFO - Processing /home/airflow/.local/lib/python3.8/site-packages/airflow/example_dags/example_bash_operator.py took 0.207 seconds
[2024-04-03T08:53:14.740+0000] {processor.py:161} INFO - Started process (PID=252) to work on /home/airflow/.local/lib/python3.8/site-packages/airflow/example_dags/example_bash_operator.py
[2024-04-03T08:53:14.743+0000] {processor.py:830} INFO - Processing file /home/airflow/.local/lib/python3.8/site-packages/airflow/example_dags/example_bash_operator.py for tasks to queue
[2024-04-03T08:53:14.747+0000] {logging_mixin.py:188} INFO - [2024-04-03T08:53:14.746+0000] {dagbag.py:540} INFO - Filling up the DagBag from /home/airflow/.local/lib/python3.8/site-packages/airflow/example_dags/example_bash_operator.py
[2024-04-03T08:53:14.775+0000] {processor.py:840} INFO - DAG(s) 'example_bash_operator' retrieved from /home/airflow/.local/lib/python3.8/site-packages/airflow/example_dags/example_bash_operator.py
[2024-04-03T08:53:14.844+0000] {logging_mixin.py:188} INFO - [2024-04-03T08:53:14.843+0000] {dag.py:3047} INFO - Sync 1 DAGs
[2024-04-03T08:53:14.899+0000] {logging_mixin.py:188} INFO - [2024-04-03T08:53:14.898+0000] {dag.py:3834} INFO - Setting next_dagrun for example_bash_operator to 2024-04-02 00:00:00+00:00, run_after=2024-04-03 00:00:00+00:00
[2024-04-03T08:53:14.937+0000] {processor.py:183} INFO - Processing /home/airflow/.local/lib/python3.8/site-packages/airflow/example_dags/example_bash_operator.py took 0.206 seconds
[2024-04-03T08:53:45.233+0000] {processor.py:161} INFO - Started process (PID=310) to work on /home/airflow/.local/lib/python3.8/site-packages/airflow/example_dags/example_bash_operator.py
[2024-04-03T08:53:45.235+0000] {processor.py:830} INFO - Processing file /home/airflow/.local/lib/python3.8/site-packages/airflow/example_dags/example_bash_operator.py for tasks to queue
[2024-04-03T08:53:45.239+0000] {logging_mixin.py:188} INFO - [2024-04-03T08:53:45.239+0000] {dagbag.py:540} INFO - Filling up the DagBag from /home/airflow/.local/lib/python3.8/site-packages/airflow/example_dags/example_bash_operator.py
[2024-04-03T08:53:45.268+0000] {processor.py:840} INFO - DAG(s) 'example_bash_operator' retrieved from /home/airflow/.local/lib/python3.8/site-packages/airflow/example_dags/example_bash_operator.py
[2024-04-03T08:53:45.338+0000] {logging_mixin.py:188} INFO - [2024-04-03T08:53:45.337+0000] {dag.py:3047} INFO - Sync 1 DAGs
[2024-04-03T08:53:45.392+0000] {logging_mixin.py:188} INFO - [2024-04-03T08:53:45.392+0000] {dag.py:3834} INFO - Setting next_dagrun for example_bash_operator to 2024-04-02 00:00:00+00:00, run_after=2024-04-03 00:00:00+00:00
[2024-04-03T08:53:45.432+0000] {processor.py:183} INFO - Processing /home/airflow/.local/lib/python3.8/site-packages/airflow/example_dags/example_bash_operator.py took 0.207 seconds
[2024-04-03T08:54:16.326+0000] {processor.py:161} INFO - Started process (PID=368) to work on /home/airflow/.local/lib/python3.8/site-packages/airflow/example_dags/example_bash_operator.py
[2024-04-03T08:54:16.329+0000] {processor.py:830} INFO - Processing file /home/airflow/.local/lib/python3.8/site-packages/airflow/example_dags/example_bash_operator.py for tasks to queue
[2024-04-03T08:54:16.333+0000] {logging_mixin.py:188} INFO - [2024-04-03T08:54:16.332+0000] {dagbag.py:540} INFO - Filling up the DagBag from /home/airflow/.local/lib/python3.8/site-packages/airflow/example_dags/example_bash_operator.py
[2024-04-03T08:54:16.362+0000] {processor.py:840} INFO - DAG(s) 'example_bash_operator' retrieved from /home/airflow/.local/lib/python3.8/site-packages/airflow/example_dags/example_bash_operator.py
[2024-04-03T08:54:16.431+0000] {logging_mixin.py:188} INFO - [2024-04-03T08:54:16.430+0000] {dag.py:3047} INFO - Sync 1 DAGs
[2024-04-03T08:54:16.485+0000] {logging_mixin.py:188} INFO - [2024-04-03T08:54:16.485+0000] {dag.py:3834} INFO - Setting next_dagrun for example_bash_operator to 2024-04-02 00:00:00+00:00, run_after=2024-04-03 00:00:00+00:00
[2024-04-03T08:54:16.525+0000] {processor.py:183} INFO - Processing /home/airflow/.local/lib/python3.8/site-packages/airflow/example_dags/example_bash_operator.py took 0.207 seconds
[2024-04-03T08:54:47.356+0000] {processor.py:161} INFO - Started process (PID=426) to work on /home/airflow/.local/lib/python3.8/site-packages/airflow/example_dags/example_bash_operator.py
[2024-04-03T08:54:47.358+0000] {processor.py:830} INFO - Processing file /home/airflow/.local/lib/python3.8/site-packages/airflow/example_dags/example_bash_operator.py for tasks to queue
[2024-04-03T08:54:47.362+0000] {logging_mixin.py:188} INFO - [2024-04-03T08:54:47.361+0000] {dagbag.py:540} INFO - Filling up the DagBag from /home/airflow/.local/lib/python3.8/site-packages/airflow/example_dags/example_bash_operator.py
[2024-04-03T08:54:47.392+0000] {processor.py:840} INFO - DAG(s) 'example_bash_operator' retrieved from /home/airflow/.local/lib/python3.8/site-packages/airflow/example_dags/example_bash_operator.py
[2024-04-03T08:54:47.465+0000] {logging_mixin.py:188} INFO - [2024-04-03T08:54:47.464+0000] {dag.py:3047} INFO - Sync 1 DAGs
[2024-04-03T08:54:47.524+0000] {logging_mixin.py:188} INFO - [2024-04-03T08:54:47.524+0000] {dag.py:3834} INFO - Setting next_dagrun for example_bash_operator to 2024-04-02 00:00:00+00:00, run_after=2024-04-03 00:00:00+00:00
[2024-04-03T08:54:47.567+0000] {processor.py:183} INFO - Processing /home/airflow/.local/lib/python3.8/site-packages/airflow/example_dags/example_bash_operator.py took 0.220 seconds
[2024-04-03T08:55:17.783+0000] {processor.py:161} INFO - Started process (PID=484) to work on /home/airflow/.local/lib/python3.8/site-packages/airflow/example_dags/example_bash_operator.py
[2024-04-03T08:55:17.786+0000] {processor.py:830} INFO - Processing file /home/airflow/.local/lib/python3.8/site-packages/airflow/example_dags/example_bash_operator.py for tasks to queue
[2024-04-03T08:55:17.790+0000] {logging_mixin.py:188} INFO - [2024-04-03T08:55:17.789+0000] {dagbag.py:540} INFO - Filling up the DagBag from /home/airflow/.local/lib/python3.8/site-packages/airflow/example_dags/example_bash_operator.py
[2024-04-03T08:55:17.817+0000] {processor.py:840} INFO - DAG(s) 'example_bash_operator' retrieved from /home/airflow/.local/lib/python3.8/site-packages/airflow/example_dags/example_bash_operator.py
[2024-04-03T08:55:17.886+0000] {logging_mixin.py:188} INFO - [2024-04-03T08:55:17.886+0000] {dag.py:3047} INFO - Sync 1 DAGs
[2024-04-03T08:55:17.940+0000] {logging_mixin.py:188} INFO - [2024-04-03T08:55:17.939+0000] {dag.py:3834} INFO - Setting next_dagrun for example_bash_operator to 2024-04-02 00:00:00+00:00, run_after=2024-04-03 00:00:00+00:00
[2024-04-03T08:55:17.979+0000] {processor.py:183} INFO - Processing /home/airflow/.local/lib/python3.8/site-packages/airflow/example_dags/example_bash_operator.py took 0.204 seconds
[2024-04-03T08:55:48.317+0000] {processor.py:161} INFO - Started process (PID=542) to work on /home/airflow/.local/lib/python3.8/site-packages/airflow/example_dags/example_bash_operator.py
[2024-04-03T08:55:48.319+0000] {processor.py:830} INFO - Processing file /home/airflow/.local/lib/python3.8/site-packages/airflow/example_dags/example_bash_operator.py for tasks to queue
[2024-04-03T08:55:48.324+0000] {logging_mixin.py:188} INFO - [2024-04-03T08:55:48.323+0000] {dagbag.py:540} INFO - Filling up the DagBag from /home/airflow/.local/lib/python3.8/site-packages/airflow/example_dags/example_bash_operator.py
[2024-04-03T08:55:48.353+0000] {processor.py:840} INFO - DAG(s) 'example_bash_operator' retrieved from /home/airflow/.local/lib/python3.8/site-packages/airflow/example_dags/example_bash_operator.py
[2024-04-03T08:55:48.421+0000] {logging_mixin.py:188} INFO - [2024-04-03T08:55:48.421+0000] {dag.py:3047} INFO - Sync 1 DAGs
[2024-04-03T08:55:48.478+0000] {logging_mixin.py:188} INFO - [2024-04-03T08:55:48.477+0000] {dag.py:3834} INFO - Setting next_dagrun for example_bash_operator to 2024-04-02 00:00:00+00:00, run_after=2024-04-03 00:00:00+00:00
[2024-04-03T08:55:48.518+0000] {processor.py:183} INFO - Processing /home/airflow/.local/lib/python3.8/site-packages/airflow/example_dags/example_bash_operator.py took 0.209 seconds
[2024-04-03T08:56:19.211+0000] {processor.py:161} INFO - Started process (PID=600) to work on /home/airflow/.local/lib/python3.8/site-packages/airflow/example_dags/example_bash_operator.py
[2024-04-03T08:56:19.213+0000] {processor.py:830} INFO - Processing file /home/airflow/.local/lib/python3.8/site-packages/airflow/example_dags/example_bash_operator.py for tasks to queue
[2024-04-03T08:56:19.217+0000] {logging_mixin.py:188} INFO - [2024-04-03T08:56:19.217+0000] {dagbag.py:540} INFO - Filling up the DagBag from /home/airflow/.local/lib/python3.8/site-packages/airflow/example_dags/example_bash_operator.py
[2024-04-03T08:56:19.245+0000] {processor.py:840} INFO - DAG(s) 'example_bash_operator' retrieved from /home/airflow/.local/lib/python3.8/site-packages/airflow/example_dags/example_bash_operator.py
[2024-04-03T08:56:19.315+0000] {logging_mixin.py:188} INFO - [2024-04-03T08:56:19.314+0000] {dag.py:3047} INFO - Sync 1 DAGs
[2024-04-03T08:56:19.370+0000] {logging_mixin.py:188} INFO - [2024-04-03T08:56:19.370+0000] {dag.py:3834} INFO - Setting next_dagrun for example_bash_operator to 2024-04-02 00:00:00+00:00, run_after=2024-04-03 00:00:00+00:00
[2024-04-03T08:56:19.409+0000] {processor.py:183} INFO - Processing /home/airflow/.local/lib/python3.8/site-packages/airflow/example_dags/example_bash_operator.py took 0.207 seconds
[2024-04-03T08:56:50.448+0000] {processor.py:161} INFO - Started process (PID=658) to work on /home/airflow/.local/lib/python3.8/site-packages/airflow/example_dags/example_bash_operator.py
[2024-04-03T08:56:50.451+0000] {processor.py:830} INFO - Processing file /home/airflow/.local/lib/python3.8/site-packages/airflow/example_dags/example_bash_operator.py for tasks to queue
[2024-04-03T08:56:50.455+0000] {logging_mixin.py:188} INFO - [2024-04-03T08:56:50.454+0000] {dagbag.py:540} INFO - Filling up the DagBag from /home/airflow/.local/lib/python3.8/site-packages/airflow/example_dags/example_bash_operator.py
[2024-04-03T08:56:50.486+0000] {processor.py:840} INFO - DAG(s) 'example_bash_operator' retrieved from /home/airflow/.local/lib/python3.8/site-packages/airflow/example_dags/example_bash_operator.py
[2024-04-03T08:56:50.561+0000] {logging_mixin.py:188} INFO - [2024-04-03T08:56:50.560+0000] {dag.py:3047} INFO - Sync 1 DAGs
[2024-04-03T08:56:50.620+0000] {logging_mixin.py:188} INFO - [2024-04-03T08:56:50.619+0000] {dag.py:3834} INFO - Setting next_dagrun for example_bash_operator to 2024-04-02 00:00:00+00:00, run_after=2024-04-03 00:00:00+00:00
[2024-04-03T08:56:50.664+0000] {processor.py:183} INFO - Processing /home/airflow/.local/lib/python3.8/site-packages/airflow/example_dags/example_bash_operator.py took 0.224 seconds
[2024-04-03T08:57:20.866+0000] {processor.py:161} INFO - Started process (PID=716) to work on /home/airflow/.local/lib/python3.8/site-packages/airflow/example_dags/example_bash_operator.py
[2024-04-03T08:57:20.869+0000] {processor.py:830} INFO - Processing file /home/airflow/.local/lib/python3.8/site-packages/airflow/example_dags/example_bash_operator.py for tasks to queue
[2024-04-03T08:57:20.873+0000] {logging_mixin.py:188} INFO - [2024-04-03T08:57:20.873+0000] {dagbag.py:540} INFO - Filling up the DagBag from /home/airflow/.local/lib/python3.8/site-packages/airflow/example_dags/example_bash_operator.py
[2024-04-03T08:57:20.902+0000] {processor.py:840} INFO - DAG(s) 'example_bash_operator' retrieved from /home/airflow/.local/lib/python3.8/site-packages/airflow/example_dags/example_bash_operator.py
[2024-04-03T08:57:20.971+0000] {logging_mixin.py:188} INFO - [2024-04-03T08:57:20.970+0000] {dag.py:3047} INFO - Sync 1 DAGs
[2024-04-03T08:57:21.026+0000] {logging_mixin.py:188} INFO - [2024-04-03T08:57:21.025+0000] {dag.py:3834} INFO - Setting next_dagrun for example_bash_operator to 2024-04-02 00:00:00+00:00, run_after=2024-04-03 00:00:00+00:00
[2024-04-03T08:57:21.076+0000] {processor.py:183} INFO - Processing /home/airflow/.local/lib/python3.8/site-packages/airflow/example_dags/example_bash_operator.py took 0.222 seconds
