[2024-04-03T08:51:43.702+0000] {processor.py:161} INFO - Started process (PID=83) to work on /home/airflow/.local/lib/python3.8/site-packages/airflow/example_dags/example_complex.py
[2024-04-03T08:51:43.704+0000] {processor.py:830} INFO - Processing file /home/airflow/.local/lib/python3.8/site-packages/airflow/example_dags/example_complex.py for tasks to queue
[2024-04-03T08:51:43.708+0000] {logging_mixin.py:188} INFO - [2024-04-03T08:51:43.707+0000] {dagbag.py:540} INFO - Filling up the DagBag from /home/airflow/.local/lib/python3.8/site-packages/airflow/example_dags/example_complex.py
[2024-04-03T08:51:43.740+0000] {processor.py:840} INFO - DAG(s) 'example_complex' retrieved from /home/airflow/.local/lib/python3.8/site-packages/airflow/example_dags/example_complex.py
[2024-04-03T08:51:44.001+0000] {logging_mixin.py:188} INFO - [2024-04-03T08:51:44.001+0000] {dag.py:3047} INFO - Sync 1 DAGs
[2024-04-03T08:51:44.028+0000] {logging_mixin.py:188} INFO - [2024-04-03T08:51:44.028+0000] {dag.py:3834} INFO - Setting next_dagrun for example_complex to None, run_after=None
[2024-04-03T08:51:44.070+0000] {processor.py:183} INFO - Processing /home/airflow/.local/lib/python3.8/site-packages/airflow/example_dags/example_complex.py took 0.376 seconds
[2024-04-03T08:52:15.019+0000] {processor.py:161} INFO - Started process (PID=141) to work on /home/airflow/.local/lib/python3.8/site-packages/airflow/example_dags/example_complex.py
[2024-04-03T08:52:15.021+0000] {processor.py:830} INFO - Processing file /home/airflow/.local/lib/python3.8/site-packages/airflow/example_dags/example_complex.py for tasks to queue
[2024-04-03T08:52:15.025+0000] {logging_mixin.py:188} INFO - [2024-04-03T08:52:15.025+0000] {dagbag.py:540} INFO - Filling up the DagBag from /home/airflow/.local/lib/python3.8/site-packages/airflow/example_dags/example_complex.py
[2024-04-03T08:52:15.053+0000] {processor.py:840} INFO - DAG(s) 'example_complex' retrieved from /home/airflow/.local/lib/python3.8/site-packages/airflow/example_dags/example_complex.py
[2024-04-03T08:52:15.127+0000] {logging_mixin.py:188} INFO - [2024-04-03T08:52:15.127+0000] {dag.py:3047} INFO - Sync 1 DAGs
[2024-04-03T08:52:15.156+0000] {logging_mixin.py:188} INFO - [2024-04-03T08:52:15.155+0000] {dag.py:3834} INFO - Setting next_dagrun for example_complex to None, run_after=None
[2024-04-03T08:52:15.197+0000] {processor.py:183} INFO - Processing /home/airflow/.local/lib/python3.8/site-packages/airflow/example_dags/example_complex.py took 0.185 seconds
[2024-04-03T08:52:45.515+0000] {processor.py:161} INFO - Started process (PID=198) to work on /home/airflow/.local/lib/python3.8/site-packages/airflow/example_dags/example_complex.py
[2024-04-03T08:52:45.517+0000] {processor.py:830} INFO - Processing file /home/airflow/.local/lib/python3.8/site-packages/airflow/example_dags/example_complex.py for tasks to queue
[2024-04-03T08:52:45.522+0000] {logging_mixin.py:188} INFO - [2024-04-03T08:52:45.521+0000] {dagbag.py:540} INFO - Filling up the DagBag from /home/airflow/.local/lib/python3.8/site-packages/airflow/example_dags/example_complex.py
[2024-04-03T08:52:45.552+0000] {processor.py:840} INFO - DAG(s) 'example_complex' retrieved from /home/airflow/.local/lib/python3.8/site-packages/airflow/example_dags/example_complex.py
[2024-04-03T08:52:45.638+0000] {logging_mixin.py:188} INFO - [2024-04-03T08:52:45.637+0000] {dag.py:3047} INFO - Sync 1 DAGs
[2024-04-03T08:52:45.666+0000] {logging_mixin.py:188} INFO - [2024-04-03T08:52:45.666+0000] {dag.py:3834} INFO - Setting next_dagrun for example_complex to None, run_after=None
[2024-04-03T08:52:45.707+0000] {processor.py:183} INFO - Processing /home/airflow/.local/lib/python3.8/site-packages/airflow/example_dags/example_complex.py took 0.201 seconds
[2024-04-03T08:53:16.207+0000] {processor.py:161} INFO - Started process (PID=256) to work on /home/airflow/.local/lib/python3.8/site-packages/airflow/example_dags/example_complex.py
[2024-04-03T08:53:16.210+0000] {processor.py:830} INFO - Processing file /home/airflow/.local/lib/python3.8/site-packages/airflow/example_dags/example_complex.py for tasks to queue
[2024-04-03T08:53:16.214+0000] {logging_mixin.py:188} INFO - [2024-04-03T08:53:16.213+0000] {dagbag.py:540} INFO - Filling up the DagBag from /home/airflow/.local/lib/python3.8/site-packages/airflow/example_dags/example_complex.py
[2024-04-03T08:53:16.243+0000] {processor.py:840} INFO - DAG(s) 'example_complex' retrieved from /home/airflow/.local/lib/python3.8/site-packages/airflow/example_dags/example_complex.py
[2024-04-03T08:53:16.329+0000] {logging_mixin.py:188} INFO - [2024-04-03T08:53:16.328+0000] {dag.py:3047} INFO - Sync 1 DAGs
[2024-04-03T08:53:16.366+0000] {logging_mixin.py:188} INFO - [2024-04-03T08:53:16.365+0000] {dag.py:3834} INFO - Setting next_dagrun for example_complex to None, run_after=None
[2024-04-03T08:53:16.405+0000] {processor.py:183} INFO - Processing /home/airflow/.local/lib/python3.8/site-packages/airflow/example_dags/example_complex.py took 0.206 seconds
[2024-04-03T08:53:46.703+0000] {processor.py:161} INFO - Started process (PID=314) to work on /home/airflow/.local/lib/python3.8/site-packages/airflow/example_dags/example_complex.py
[2024-04-03T08:53:46.705+0000] {processor.py:830} INFO - Processing file /home/airflow/.local/lib/python3.8/site-packages/airflow/example_dags/example_complex.py for tasks to queue
[2024-04-03T08:53:46.709+0000] {logging_mixin.py:188} INFO - [2024-04-03T08:53:46.709+0000] {dagbag.py:540} INFO - Filling up the DagBag from /home/airflow/.local/lib/python3.8/site-packages/airflow/example_dags/example_complex.py
[2024-04-03T08:53:46.737+0000] {processor.py:840} INFO - DAG(s) 'example_complex' retrieved from /home/airflow/.local/lib/python3.8/site-packages/airflow/example_dags/example_complex.py
[2024-04-03T08:53:46.807+0000] {logging_mixin.py:188} INFO - [2024-04-03T08:53:46.807+0000] {dag.py:3047} INFO - Sync 1 DAGs
[2024-04-03T08:53:46.838+0000] {logging_mixin.py:188} INFO - [2024-04-03T08:53:46.837+0000] {dag.py:3834} INFO - Setting next_dagrun for example_complex to None, run_after=None
[2024-04-03T08:53:46.882+0000] {processor.py:183} INFO - Processing /home/airflow/.local/lib/python3.8/site-packages/airflow/example_dags/example_complex.py took 0.187 seconds
[2024-04-03T08:54:17.798+0000] {processor.py:161} INFO - Started process (PID=372) to work on /home/airflow/.local/lib/python3.8/site-packages/airflow/example_dags/example_complex.py
[2024-04-03T08:54:17.800+0000] {processor.py:830} INFO - Processing file /home/airflow/.local/lib/python3.8/site-packages/airflow/example_dags/example_complex.py for tasks to queue
[2024-04-03T08:54:17.804+0000] {logging_mixin.py:188} INFO - [2024-04-03T08:54:17.804+0000] {dagbag.py:540} INFO - Filling up the DagBag from /home/airflow/.local/lib/python3.8/site-packages/airflow/example_dags/example_complex.py
[2024-04-03T08:54:17.844+0000] {processor.py:840} INFO - DAG(s) 'example_complex' retrieved from /home/airflow/.local/lib/python3.8/site-packages/airflow/example_dags/example_complex.py
[2024-04-03T08:54:17.920+0000] {logging_mixin.py:188} INFO - [2024-04-03T08:54:17.920+0000] {dag.py:3047} INFO - Sync 1 DAGs
[2024-04-03T08:54:17.949+0000] {logging_mixin.py:188} INFO - [2024-04-03T08:54:17.948+0000] {dag.py:3834} INFO - Setting next_dagrun for example_complex to None, run_after=None
[2024-04-03T08:54:17.988+0000] {processor.py:183} INFO - Processing /home/airflow/.local/lib/python3.8/site-packages/airflow/example_dags/example_complex.py took 0.199 seconds
[2024-04-03T08:54:48.054+0000] {processor.py:161} INFO - Started process (PID=430) to work on /home/airflow/.local/lib/python3.8/site-packages/airflow/example_dags/example_complex.py
[2024-04-03T08:54:48.057+0000] {processor.py:830} INFO - Processing file /home/airflow/.local/lib/python3.8/site-packages/airflow/example_dags/example_complex.py for tasks to queue
[2024-04-03T08:54:48.062+0000] {logging_mixin.py:188} INFO - [2024-04-03T08:54:48.060+0000] {dagbag.py:540} INFO - Filling up the DagBag from /home/airflow/.local/lib/python3.8/site-packages/airflow/example_dags/example_complex.py
[2024-04-03T08:54:48.095+0000] {processor.py:840} INFO - DAG(s) 'example_complex' retrieved from /home/airflow/.local/lib/python3.8/site-packages/airflow/example_dags/example_complex.py
[2024-04-03T08:54:48.167+0000] {logging_mixin.py:188} INFO - [2024-04-03T08:54:48.167+0000] {dag.py:3047} INFO - Sync 1 DAGs
[2024-04-03T08:54:48.196+0000] {logging_mixin.py:188} INFO - [2024-04-03T08:54:48.196+0000] {dag.py:3834} INFO - Setting next_dagrun for example_complex to None, run_after=None
[2024-04-03T08:54:48.239+0000] {processor.py:183} INFO - Processing /home/airflow/.local/lib/python3.8/site-packages/airflow/example_dags/example_complex.py took 0.193 seconds
[2024-04-03T08:55:18.442+0000] {processor.py:161} INFO - Started process (PID=488) to work on /home/airflow/.local/lib/python3.8/site-packages/airflow/example_dags/example_complex.py
[2024-04-03T08:55:18.445+0000] {processor.py:830} INFO - Processing file /home/airflow/.local/lib/python3.8/site-packages/airflow/example_dags/example_complex.py for tasks to queue
[2024-04-03T08:55:18.449+0000] {logging_mixin.py:188} INFO - [2024-04-03T08:55:18.449+0000] {dagbag.py:540} INFO - Filling up the DagBag from /home/airflow/.local/lib/python3.8/site-packages/airflow/example_dags/example_complex.py
[2024-04-03T08:55:18.478+0000] {processor.py:840} INFO - DAG(s) 'example_complex' retrieved from /home/airflow/.local/lib/python3.8/site-packages/airflow/example_dags/example_complex.py
[2024-04-03T08:55:18.550+0000] {logging_mixin.py:188} INFO - [2024-04-03T08:55:18.549+0000] {dag.py:3047} INFO - Sync 1 DAGs
[2024-04-03T08:55:18.580+0000] {logging_mixin.py:188} INFO - [2024-04-03T08:55:18.579+0000] {dag.py:3834} INFO - Setting next_dagrun for example_complex to None, run_after=None
[2024-04-03T08:55:18.621+0000] {processor.py:183} INFO - Processing /home/airflow/.local/lib/python3.8/site-packages/airflow/example_dags/example_complex.py took 0.186 seconds
[2024-04-03T08:55:48.788+0000] {processor.py:161} INFO - Started process (PID=546) to work on /home/airflow/.local/lib/python3.8/site-packages/airflow/example_dags/example_complex.py
[2024-04-03T08:55:48.791+0000] {processor.py:830} INFO - Processing file /home/airflow/.local/lib/python3.8/site-packages/airflow/example_dags/example_complex.py for tasks to queue
[2024-04-03T08:55:48.796+0000] {logging_mixin.py:188} INFO - [2024-04-03T08:55:48.795+0000] {dagbag.py:540} INFO - Filling up the DagBag from /home/airflow/.local/lib/python3.8/site-packages/airflow/example_dags/example_complex.py
[2024-04-03T08:55:48.824+0000] {processor.py:840} INFO - DAG(s) 'example_complex' retrieved from /home/airflow/.local/lib/python3.8/site-packages/airflow/example_dags/example_complex.py
[2024-04-03T08:55:48.898+0000] {logging_mixin.py:188} INFO - [2024-04-03T08:55:48.897+0000] {dag.py:3047} INFO - Sync 1 DAGs
[2024-04-03T08:55:48.928+0000] {logging_mixin.py:188} INFO - [2024-04-03T08:55:48.927+0000] {dag.py:3834} INFO - Setting next_dagrun for example_complex to None, run_after=None
[2024-04-03T08:55:48.968+0000] {processor.py:183} INFO - Processing /home/airflow/.local/lib/python3.8/site-packages/airflow/example_dags/example_complex.py took 0.188 seconds
[2024-04-03T08:56:19.685+0000] {processor.py:161} INFO - Started process (PID=604) to work on /home/airflow/.local/lib/python3.8/site-packages/airflow/example_dags/example_complex.py
[2024-04-03T08:56:19.687+0000] {processor.py:830} INFO - Processing file /home/airflow/.local/lib/python3.8/site-packages/airflow/example_dags/example_complex.py for tasks to queue
[2024-04-03T08:56:19.692+0000] {logging_mixin.py:188} INFO - [2024-04-03T08:56:19.691+0000] {dagbag.py:540} INFO - Filling up the DagBag from /home/airflow/.local/lib/python3.8/site-packages/airflow/example_dags/example_complex.py
[2024-04-03T08:56:19.719+0000] {processor.py:840} INFO - DAG(s) 'example_complex' retrieved from /home/airflow/.local/lib/python3.8/site-packages/airflow/example_dags/example_complex.py
[2024-04-03T08:56:19.791+0000] {logging_mixin.py:188} INFO - [2024-04-03T08:56:19.790+0000] {dag.py:3047} INFO - Sync 1 DAGs
[2024-04-03T08:56:19.819+0000] {logging_mixin.py:188} INFO - [2024-04-03T08:56:19.819+0000] {dag.py:3834} INFO - Setting next_dagrun for example_complex to None, run_after=None
[2024-04-03T08:56:19.860+0000] {processor.py:183} INFO - Processing /home/airflow/.local/lib/python3.8/site-packages/airflow/example_dags/example_complex.py took 0.183 seconds
[2024-04-03T08:56:51.167+0000] {processor.py:161} INFO - Started process (PID=662) to work on /home/airflow/.local/lib/python3.8/site-packages/airflow/example_dags/example_complex.py
[2024-04-03T08:56:51.170+0000] {processor.py:830} INFO - Processing file /home/airflow/.local/lib/python3.8/site-packages/airflow/example_dags/example_complex.py for tasks to queue
[2024-04-03T08:56:51.174+0000] {logging_mixin.py:188} INFO - [2024-04-03T08:56:51.173+0000] {dagbag.py:540} INFO - Filling up the DagBag from /home/airflow/.local/lib/python3.8/site-packages/airflow/example_dags/example_complex.py
[2024-04-03T08:56:51.202+0000] {processor.py:840} INFO - DAG(s) 'example_complex' retrieved from /home/airflow/.local/lib/python3.8/site-packages/airflow/example_dags/example_complex.py
[2024-04-03T08:56:51.273+0000] {logging_mixin.py:188} INFO - [2024-04-03T08:56:51.273+0000] {dag.py:3047} INFO - Sync 1 DAGs
[2024-04-03T08:56:51.302+0000] {logging_mixin.py:188} INFO - [2024-04-03T08:56:51.302+0000] {dag.py:3834} INFO - Setting next_dagrun for example_complex to None, run_after=None
[2024-04-03T08:56:51.341+0000] {processor.py:183} INFO - Processing /home/airflow/.local/lib/python3.8/site-packages/airflow/example_dags/example_complex.py took 0.182 seconds
[2024-04-03T08:57:21.408+0000] {processor.py:161} INFO - Started process (PID=720) to work on /home/airflow/.local/lib/python3.8/site-packages/airflow/example_dags/example_complex.py
[2024-04-03T08:57:21.411+0000] {processor.py:830} INFO - Processing file /home/airflow/.local/lib/python3.8/site-packages/airflow/example_dags/example_complex.py for tasks to queue
[2024-04-03T08:57:21.415+0000] {logging_mixin.py:188} INFO - [2024-04-03T08:57:21.414+0000] {dagbag.py:540} INFO - Filling up the DagBag from /home/airflow/.local/lib/python3.8/site-packages/airflow/example_dags/example_complex.py
[2024-04-03T08:57:21.445+0000] {processor.py:840} INFO - DAG(s) 'example_complex' retrieved from /home/airflow/.local/lib/python3.8/site-packages/airflow/example_dags/example_complex.py
[2024-04-03T08:57:21.518+0000] {logging_mixin.py:188} INFO - [2024-04-03T08:57:21.518+0000] {dag.py:3047} INFO - Sync 1 DAGs
[2024-04-03T08:57:21.547+0000] {logging_mixin.py:188} INFO - [2024-04-03T08:57:21.547+0000] {dag.py:3834} INFO - Setting next_dagrun for example_complex to None, run_after=None
[2024-04-03T08:57:21.588+0000] {processor.py:183} INFO - Processing /home/airflow/.local/lib/python3.8/site-packages/airflow/example_dags/example_complex.py took 0.188 seconds
