[2024-04-03T08:51:38.503+0000] {processor.py:161} INFO - Started process (PID=62) to work on /home/airflow/.local/lib/python3.8/site-packages/airflow/example_dags/example_sla_dag.py
[2024-04-03T08:51:38.505+0000] {processor.py:830} INFO - Processing file /home/airflow/.local/lib/python3.8/site-packages/airflow/example_dags/example_sla_dag.py for tasks to queue
[2024-04-03T08:51:38.509+0000] {logging_mixin.py:188} INFO - [2024-04-03T08:51:38.508+0000] {dagbag.py:540} INFO - Filling up the DagBag from /home/airflow/.local/lib/python3.8/site-packages/airflow/example_dags/example_sla_dag.py
[2024-04-03T08:51:38.535+0000] {processor.py:840} INFO - DAG(s) 'example_sla_dag' retrieved from /home/airflow/.local/lib/python3.8/site-packages/airflow/example_dags/example_sla_dag.py
[2024-04-03T08:51:38.773+0000] {logging_mixin.py:188} INFO - [2024-04-03T08:51:38.772+0000] {dag.py:3047} INFO - Sync 1 DAGs
[2024-04-03T08:51:38.829+0000] {logging_mixin.py:188} INFO - [2024-04-03T08:51:38.828+0000] {dag.py:3834} INFO - Setting next_dagrun for example_sla_dag to 2024-04-03 08:48:00+00:00, run_after=2024-04-03 08:50:00+00:00
[2024-04-03T08:51:38.869+0000] {processor.py:183} INFO - Processing /home/airflow/.local/lib/python3.8/site-packages/airflow/example_dags/example_sla_dag.py took 0.373 seconds
[2024-04-03T08:52:09.379+0000] {processor.py:161} INFO - Started process (PID=120) to work on /home/airflow/.local/lib/python3.8/site-packages/airflow/example_dags/example_sla_dag.py
[2024-04-03T08:52:09.381+0000] {processor.py:830} INFO - Processing file /home/airflow/.local/lib/python3.8/site-packages/airflow/example_dags/example_sla_dag.py for tasks to queue
[2024-04-03T08:52:09.387+0000] {logging_mixin.py:188} INFO - [2024-04-03T08:52:09.386+0000] {dagbag.py:540} INFO - Filling up the DagBag from /home/airflow/.local/lib/python3.8/site-packages/airflow/example_dags/example_sla_dag.py
[2024-04-03T08:52:09.430+0000] {processor.py:840} INFO - DAG(s) 'example_sla_dag' retrieved from /home/airflow/.local/lib/python3.8/site-packages/airflow/example_dags/example_sla_dag.py
[2024-04-03T08:52:09.846+0000] {logging_mixin.py:188} INFO - [2024-04-03T08:52:09.846+0000] {dag.py:3047} INFO - Sync 1 DAGs
[2024-04-03T08:52:09.894+0000] {logging_mixin.py:188} INFO - [2024-04-03T08:52:09.894+0000] {dag.py:3834} INFO - Setting next_dagrun for example_sla_dag to 2024-04-03 08:50:00+00:00, run_after=2024-04-03 08:52:00+00:00
[2024-04-03T08:52:09.918+0000] {processor.py:183} INFO - Processing /home/airflow/.local/lib/python3.8/site-packages/airflow/example_dags/example_sla_dag.py took 0.556 seconds
[2024-04-03T08:52:40.815+0000] {processor.py:161} INFO - Started process (PID=177) to work on /home/airflow/.local/lib/python3.8/site-packages/airflow/example_dags/example_sla_dag.py
[2024-04-03T08:52:40.818+0000] {processor.py:830} INFO - Processing file /home/airflow/.local/lib/python3.8/site-packages/airflow/example_dags/example_sla_dag.py for tasks to queue
[2024-04-03T08:52:40.822+0000] {logging_mixin.py:188} INFO - [2024-04-03T08:52:40.822+0000] {dagbag.py:540} INFO - Filling up the DagBag from /home/airflow/.local/lib/python3.8/site-packages/airflow/example_dags/example_sla_dag.py
[2024-04-03T08:52:40.844+0000] {processor.py:840} INFO - DAG(s) 'example_sla_dag' retrieved from /home/airflow/.local/lib/python3.8/site-packages/airflow/example_dags/example_sla_dag.py
[2024-04-03T08:52:40.885+0000] {logging_mixin.py:188} INFO - [2024-04-03T08:52:40.885+0000] {dag.py:3047} INFO - Sync 1 DAGs
[2024-04-03T08:52:40.958+0000] {logging_mixin.py:188} INFO - [2024-04-03T08:52:40.958+0000] {dag.py:3834} INFO - Setting next_dagrun for example_sla_dag to 2024-04-03 08:50:00+00:00, run_after=2024-04-03 08:52:00+00:00
[2024-04-03T08:52:40.996+0000] {processor.py:183} INFO - Processing /home/airflow/.local/lib/python3.8/site-packages/airflow/example_dags/example_sla_dag.py took 0.188 seconds
[2024-04-03T08:53:11.154+0000] {processor.py:161} INFO - Started process (PID=235) to work on /home/airflow/.local/lib/python3.8/site-packages/airflow/example_dags/example_sla_dag.py
[2024-04-03T08:53:11.161+0000] {processor.py:830} INFO - Processing file /home/airflow/.local/lib/python3.8/site-packages/airflow/example_dags/example_sla_dag.py for tasks to queue
[2024-04-03T08:53:11.165+0000] {logging_mixin.py:188} INFO - [2024-04-03T08:53:11.164+0000] {dagbag.py:540} INFO - Filling up the DagBag from /home/airflow/.local/lib/python3.8/site-packages/airflow/example_dags/example_sla_dag.py
[2024-04-03T08:53:11.193+0000] {processor.py:840} INFO - DAG(s) 'example_sla_dag' retrieved from /home/airflow/.local/lib/python3.8/site-packages/airflow/example_dags/example_sla_dag.py
[2024-04-03T08:53:11.239+0000] {logging_mixin.py:188} INFO - [2024-04-03T08:53:11.239+0000] {dag.py:3047} INFO - Sync 1 DAGs
[2024-04-03T08:53:11.299+0000] {logging_mixin.py:188} INFO - [2024-04-03T08:53:11.299+0000] {dag.py:3834} INFO - Setting next_dagrun for example_sla_dag to 2024-04-03 08:50:00+00:00, run_after=2024-04-03 08:52:00+00:00
[2024-04-03T08:53:11.336+0000] {processor.py:183} INFO - Processing /home/airflow/.local/lib/python3.8/site-packages/airflow/example_dags/example_sla_dag.py took 0.190 seconds
[2024-04-03T08:53:41.919+0000] {processor.py:161} INFO - Started process (PID=293) to work on /home/airflow/.local/lib/python3.8/site-packages/airflow/example_dags/example_sla_dag.py
[2024-04-03T08:53:41.922+0000] {processor.py:830} INFO - Processing file /home/airflow/.local/lib/python3.8/site-packages/airflow/example_dags/example_sla_dag.py for tasks to queue
[2024-04-03T08:53:41.926+0000] {logging_mixin.py:188} INFO - [2024-04-03T08:53:41.925+0000] {dagbag.py:540} INFO - Filling up the DagBag from /home/airflow/.local/lib/python3.8/site-packages/airflow/example_dags/example_sla_dag.py
[2024-04-03T08:53:41.947+0000] {processor.py:840} INFO - DAG(s) 'example_sla_dag' retrieved from /home/airflow/.local/lib/python3.8/site-packages/airflow/example_dags/example_sla_dag.py
[2024-04-03T08:53:41.990+0000] {logging_mixin.py:188} INFO - [2024-04-03T08:53:41.989+0000] {dag.py:3047} INFO - Sync 1 DAGs
[2024-04-03T08:53:42.061+0000] {logging_mixin.py:188} INFO - [2024-04-03T08:53:42.060+0000] {dag.py:3834} INFO - Setting next_dagrun for example_sla_dag to 2024-04-03 08:50:00+00:00, run_after=2024-04-03 08:52:00+00:00
[2024-04-03T08:53:42.099+0000] {processor.py:183} INFO - Processing /home/airflow/.local/lib/python3.8/site-packages/airflow/example_dags/example_sla_dag.py took 0.188 seconds
[2024-04-03T08:54:12.516+0000] {processor.py:161} INFO - Started process (PID=351) to work on /home/airflow/.local/lib/python3.8/site-packages/airflow/example_dags/example_sla_dag.py
[2024-04-03T08:54:12.519+0000] {processor.py:830} INFO - Processing file /home/airflow/.local/lib/python3.8/site-packages/airflow/example_dags/example_sla_dag.py for tasks to queue
[2024-04-03T08:54:12.523+0000] {logging_mixin.py:188} INFO - [2024-04-03T08:54:12.522+0000] {dagbag.py:540} INFO - Filling up the DagBag from /home/airflow/.local/lib/python3.8/site-packages/airflow/example_dags/example_sla_dag.py
[2024-04-03T08:54:12.545+0000] {processor.py:840} INFO - DAG(s) 'example_sla_dag' retrieved from /home/airflow/.local/lib/python3.8/site-packages/airflow/example_dags/example_sla_dag.py
[2024-04-03T08:54:12.588+0000] {logging_mixin.py:188} INFO - [2024-04-03T08:54:12.588+0000] {dag.py:3047} INFO - Sync 1 DAGs
[2024-04-03T08:54:12.648+0000] {logging_mixin.py:188} INFO - [2024-04-03T08:54:12.648+0000] {dag.py:3834} INFO - Setting next_dagrun for example_sla_dag to 2024-04-03 08:52:00+00:00, run_after=2024-04-03 08:54:00+00:00
[2024-04-03T08:54:12.687+0000] {processor.py:183} INFO - Processing /home/airflow/.local/lib/python3.8/site-packages/airflow/example_dags/example_sla_dag.py took 0.179 seconds
[2024-04-03T08:54:42.863+0000] {processor.py:161} INFO - Started process (PID=409) to work on /home/airflow/.local/lib/python3.8/site-packages/airflow/example_dags/example_sla_dag.py
[2024-04-03T08:54:42.865+0000] {processor.py:830} INFO - Processing file /home/airflow/.local/lib/python3.8/site-packages/airflow/example_dags/example_sla_dag.py for tasks to queue
[2024-04-03T08:54:42.870+0000] {logging_mixin.py:188} INFO - [2024-04-03T08:54:42.869+0000] {dagbag.py:540} INFO - Filling up the DagBag from /home/airflow/.local/lib/python3.8/site-packages/airflow/example_dags/example_sla_dag.py
[2024-04-03T08:54:42.896+0000] {processor.py:840} INFO - DAG(s) 'example_sla_dag' retrieved from /home/airflow/.local/lib/python3.8/site-packages/airflow/example_dags/example_sla_dag.py
[2024-04-03T08:54:42.939+0000] {logging_mixin.py:188} INFO - [2024-04-03T08:54:42.939+0000] {dag.py:3047} INFO - Sync 1 DAGs
[2024-04-03T08:54:43.001+0000] {logging_mixin.py:188} INFO - [2024-04-03T08:54:43.000+0000] {dag.py:3834} INFO - Setting next_dagrun for example_sla_dag to 2024-04-03 08:52:00+00:00, run_after=2024-04-03 08:54:00+00:00
[2024-04-03T08:54:43.039+0000] {processor.py:183} INFO - Processing /home/airflow/.local/lib/python3.8/site-packages/airflow/example_dags/example_sla_dag.py took 0.184 seconds
[2024-04-03T08:55:13.356+0000] {processor.py:161} INFO - Started process (PID=467) to work on /home/airflow/.local/lib/python3.8/site-packages/airflow/example_dags/example_sla_dag.py
[2024-04-03T08:55:13.358+0000] {processor.py:830} INFO - Processing file /home/airflow/.local/lib/python3.8/site-packages/airflow/example_dags/example_sla_dag.py for tasks to queue
[2024-04-03T08:55:13.362+0000] {logging_mixin.py:188} INFO - [2024-04-03T08:55:13.361+0000] {dagbag.py:540} INFO - Filling up the DagBag from /home/airflow/.local/lib/python3.8/site-packages/airflow/example_dags/example_sla_dag.py
[2024-04-03T08:55:13.386+0000] {processor.py:840} INFO - DAG(s) 'example_sla_dag' retrieved from /home/airflow/.local/lib/python3.8/site-packages/airflow/example_dags/example_sla_dag.py
[2024-04-03T08:55:13.428+0000] {logging_mixin.py:188} INFO - [2024-04-03T08:55:13.427+0000] {dag.py:3047} INFO - Sync 1 DAGs
[2024-04-03T08:55:13.509+0000] {logging_mixin.py:188} INFO - [2024-04-03T08:55:13.508+0000] {dag.py:3834} INFO - Setting next_dagrun for example_sla_dag to 2024-04-03 08:52:00+00:00, run_after=2024-04-03 08:54:00+00:00
[2024-04-03T08:55:13.558+0000] {processor.py:183} INFO - Processing /home/airflow/.local/lib/python3.8/site-packages/airflow/example_dags/example_sla_dag.py took 0.210 seconds
[2024-04-03T08:55:43.940+0000] {processor.py:161} INFO - Started process (PID=525) to work on /home/airflow/.local/lib/python3.8/site-packages/airflow/example_dags/example_sla_dag.py
[2024-04-03T08:55:43.942+0000] {processor.py:830} INFO - Processing file /home/airflow/.local/lib/python3.8/site-packages/airflow/example_dags/example_sla_dag.py for tasks to queue
[2024-04-03T08:55:43.946+0000] {logging_mixin.py:188} INFO - [2024-04-03T08:55:43.946+0000] {dagbag.py:540} INFO - Filling up the DagBag from /home/airflow/.local/lib/python3.8/site-packages/airflow/example_dags/example_sla_dag.py
[2024-04-03T08:55:43.967+0000] {processor.py:840} INFO - DAG(s) 'example_sla_dag' retrieved from /home/airflow/.local/lib/python3.8/site-packages/airflow/example_dags/example_sla_dag.py
[2024-04-03T08:55:44.008+0000] {logging_mixin.py:188} INFO - [2024-04-03T08:55:44.007+0000] {dag.py:3047} INFO - Sync 1 DAGs
[2024-04-03T08:55:44.074+0000] {logging_mixin.py:188} INFO - [2024-04-03T08:55:44.074+0000] {dag.py:3834} INFO - Setting next_dagrun for example_sla_dag to 2024-04-03 08:52:00+00:00, run_after=2024-04-03 08:54:00+00:00
[2024-04-03T08:55:44.112+0000] {processor.py:183} INFO - Processing /home/airflow/.local/lib/python3.8/site-packages/airflow/example_dags/example_sla_dag.py took 0.180 seconds
[2024-04-03T08:56:14.222+0000] {processor.py:161} INFO - Started process (PID=583) to work on /home/airflow/.local/lib/python3.8/site-packages/airflow/example_dags/example_sla_dag.py
[2024-04-03T08:56:14.224+0000] {processor.py:830} INFO - Processing file /home/airflow/.local/lib/python3.8/site-packages/airflow/example_dags/example_sla_dag.py for tasks to queue
[2024-04-03T08:56:14.228+0000] {logging_mixin.py:188} INFO - [2024-04-03T08:56:14.228+0000] {dagbag.py:540} INFO - Filling up the DagBag from /home/airflow/.local/lib/python3.8/site-packages/airflow/example_dags/example_sla_dag.py
[2024-04-03T08:56:14.249+0000] {processor.py:840} INFO - DAG(s) 'example_sla_dag' retrieved from /home/airflow/.local/lib/python3.8/site-packages/airflow/example_dags/example_sla_dag.py
[2024-04-03T08:56:14.291+0000] {logging_mixin.py:188} INFO - [2024-04-03T08:56:14.291+0000] {dag.py:3047} INFO - Sync 1 DAGs
[2024-04-03T08:56:14.358+0000] {logging_mixin.py:188} INFO - [2024-04-03T08:56:14.357+0000] {dag.py:3834} INFO - Setting next_dagrun for example_sla_dag to 2024-04-03 08:54:00+00:00, run_after=2024-04-03 08:56:00+00:00
[2024-04-03T08:56:14.395+0000] {processor.py:183} INFO - Processing /home/airflow/.local/lib/python3.8/site-packages/airflow/example_dags/example_sla_dag.py took 0.184 seconds
[2024-04-03T08:56:45.011+0000] {processor.py:161} INFO - Started process (PID=641) to work on /home/airflow/.local/lib/python3.8/site-packages/airflow/example_dags/example_sla_dag.py
[2024-04-03T08:56:45.013+0000] {processor.py:830} INFO - Processing file /home/airflow/.local/lib/python3.8/site-packages/airflow/example_dags/example_sla_dag.py for tasks to queue
[2024-04-03T08:56:45.017+0000] {logging_mixin.py:188} INFO - [2024-04-03T08:56:45.017+0000] {dagbag.py:540} INFO - Filling up the DagBag from /home/airflow/.local/lib/python3.8/site-packages/airflow/example_dags/example_sla_dag.py
[2024-04-03T08:56:45.038+0000] {processor.py:840} INFO - DAG(s) 'example_sla_dag' retrieved from /home/airflow/.local/lib/python3.8/site-packages/airflow/example_dags/example_sla_dag.py
[2024-04-03T08:56:45.080+0000] {logging_mixin.py:188} INFO - [2024-04-03T08:56:45.080+0000] {dag.py:3047} INFO - Sync 1 DAGs
[2024-04-03T08:56:45.140+0000] {logging_mixin.py:188} INFO - [2024-04-03T08:56:45.140+0000] {dag.py:3834} INFO - Setting next_dagrun for example_sla_dag to 2024-04-03 08:54:00+00:00, run_after=2024-04-03 08:56:00+00:00
[2024-04-03T08:56:45.181+0000] {processor.py:183} INFO - Processing /home/airflow/.local/lib/python3.8/site-packages/airflow/example_dags/example_sla_dag.py took 0.178 seconds
[2024-04-03T08:57:15.451+0000] {processor.py:161} INFO - Started process (PID=699) to work on /home/airflow/.local/lib/python3.8/site-packages/airflow/example_dags/example_sla_dag.py
[2024-04-03T08:57:15.453+0000] {processor.py:830} INFO - Processing file /home/airflow/.local/lib/python3.8/site-packages/airflow/example_dags/example_sla_dag.py for tasks to queue
[2024-04-03T08:57:15.458+0000] {logging_mixin.py:188} INFO - [2024-04-03T08:57:15.457+0000] {dagbag.py:540} INFO - Filling up the DagBag from /home/airflow/.local/lib/python3.8/site-packages/airflow/example_dags/example_sla_dag.py
[2024-04-03T08:57:15.479+0000] {processor.py:840} INFO - DAG(s) 'example_sla_dag' retrieved from /home/airflow/.local/lib/python3.8/site-packages/airflow/example_dags/example_sla_dag.py
[2024-04-03T08:57:15.520+0000] {logging_mixin.py:188} INFO - [2024-04-03T08:57:15.520+0000] {dag.py:3047} INFO - Sync 1 DAGs
[2024-04-03T08:57:15.580+0000] {logging_mixin.py:188} INFO - [2024-04-03T08:57:15.580+0000] {dag.py:3834} INFO - Setting next_dagrun for example_sla_dag to 2024-04-03 08:54:00+00:00, run_after=2024-04-03 08:56:00+00:00
[2024-04-03T08:57:15.618+0000] {processor.py:183} INFO - Processing /home/airflow/.local/lib/python3.8/site-packages/airflow/example_dags/example_sla_dag.py took 0.176 seconds
