[2024-04-03T08:51:40.192+0000] {processor.py:161} INFO - Started process (PID=69) to work on /home/airflow/.local/lib/python3.8/site-packages/airflow/example_dags/example_subdag_operator.py
[2024-04-03T08:51:40.194+0000] {processor.py:830} INFO - Processing file /home/airflow/.local/lib/python3.8/site-packages/airflow/example_dags/example_subdag_operator.py for tasks to queue
[2024-04-03T08:51:40.197+0000] {logging_mixin.py:188} INFO - [2024-04-03T08:51:40.197+0000] {dagbag.py:540} INFO - Filling up the DagBag from /home/airflow/.local/lib/python3.8/site-packages/airflow/example_dags/example_subdag_operator.py
[2024-04-03T08:51:40.248+0000] {processor.py:840} INFO - DAG(s) 'example_subdag_operator.section-1', 'example_subdag_operator.section-2', 'example_subdag_operator' retrieved from /home/airflow/.local/lib/python3.8/site-packages/airflow/example_dags/example_subdag_operator.py
[2024-04-03T08:51:40.483+0000] {logging_mixin.py:188} INFO - [2024-04-03T08:51:40.482+0000] {dag.py:3047} INFO - Sync 3 DAGs
[2024-04-03T08:51:40.529+0000] {logging_mixin.py:188} INFO - [2024-04-03T08:51:40.529+0000] {dag.py:3834} INFO - Setting next_dagrun for example_subdag_operator to 2022-01-01 00:00:00+00:00, run_after=2022-01-01 00:00:00+00:00
[2024-04-03T08:51:40.536+0000] {logging_mixin.py:188} INFO - [2024-04-03T08:51:40.535+0000] {dag.py:3834} INFO - Setting next_dagrun for example_subdag_operator.section-1 to None, run_after=None
[2024-04-03T08:51:40.539+0000] {logging_mixin.py:188} INFO - [2024-04-03T08:51:40.538+0000] {dag.py:3834} INFO - Setting next_dagrun for example_subdag_operator.section-2 to None, run_after=None
[2024-04-03T08:51:40.558+0000] {logging_mixin.py:188} INFO - [2024-04-03T08:51:40.558+0000] {dag.py:3047} INFO - Sync 2 DAGs
[2024-04-03T08:51:40.570+0000] {logging_mixin.py:188} INFO - [2024-04-03T08:51:40.569+0000] {dag.py:3834} INFO - Setting next_dagrun for example_subdag_operator.section-1 to None, run_after=None
[2024-04-03T08:51:40.571+0000] {logging_mixin.py:188} INFO - [2024-04-03T08:51:40.570+0000] {dag.py:3834} INFO - Setting next_dagrun for example_subdag_operator.section-2 to None, run_after=None
[2024-04-03T08:51:40.593+0000] {processor.py:183} INFO - Processing /home/airflow/.local/lib/python3.8/site-packages/airflow/example_dags/example_subdag_operator.py took 0.409 seconds
[2024-04-03T08:52:11.439+0000] {processor.py:161} INFO - Started process (PID=127) to work on /home/airflow/.local/lib/python3.8/site-packages/airflow/example_dags/example_subdag_operator.py
[2024-04-03T08:52:11.441+0000] {processor.py:830} INFO - Processing file /home/airflow/.local/lib/python3.8/site-packages/airflow/example_dags/example_subdag_operator.py for tasks to queue
[2024-04-03T08:52:11.445+0000] {logging_mixin.py:188} INFO - [2024-04-03T08:52:11.444+0000] {dagbag.py:540} INFO - Filling up the DagBag from /home/airflow/.local/lib/python3.8/site-packages/airflow/example_dags/example_subdag_operator.py
[2024-04-03T08:52:11.499+0000] {processor.py:840} INFO - DAG(s) 'example_subdag_operator.section-1', 'example_subdag_operator.section-2', 'example_subdag_operator' retrieved from /home/airflow/.local/lib/python3.8/site-packages/airflow/example_dags/example_subdag_operator.py
[2024-04-03T08:52:11.535+0000] {logging_mixin.py:188} INFO - [2024-04-03T08:52:11.534+0000] {dag.py:3047} INFO - Sync 3 DAGs
[2024-04-03T08:52:11.584+0000] {logging_mixin.py:188} INFO - [2024-04-03T08:52:11.584+0000] {dag.py:3834} INFO - Setting next_dagrun for example_subdag_operator to 2022-01-01 00:00:00+00:00, run_after=2022-01-01 00:00:00+00:00
[2024-04-03T08:52:11.592+0000] {logging_mixin.py:188} INFO - [2024-04-03T08:52:11.591+0000] {dag.py:3834} INFO - Setting next_dagrun for example_subdag_operator.section-1 to None, run_after=None
[2024-04-03T08:52:11.595+0000] {logging_mixin.py:188} INFO - [2024-04-03T08:52:11.595+0000] {dag.py:3834} INFO - Setting next_dagrun for example_subdag_operator.section-2 to None, run_after=None
[2024-04-03T08:52:11.610+0000] {logging_mixin.py:188} INFO - [2024-04-03T08:52:11.610+0000] {dag.py:3047} INFO - Sync 2 DAGs
[2024-04-03T08:52:11.622+0000] {logging_mixin.py:188} INFO - [2024-04-03T08:52:11.622+0000] {dag.py:3834} INFO - Setting next_dagrun for example_subdag_operator.section-1 to None, run_after=None
[2024-04-03T08:52:11.623+0000] {logging_mixin.py:188} INFO - [2024-04-03T08:52:11.623+0000] {dag.py:3834} INFO - Setting next_dagrun for example_subdag_operator.section-2 to None, run_after=None
[2024-04-03T08:52:11.645+0000] {processor.py:183} INFO - Processing /home/airflow/.local/lib/python3.8/site-packages/airflow/example_dags/example_subdag_operator.py took 0.214 seconds
[2024-04-03T08:52:41.708+0000] {processor.py:161} INFO - Started process (PID=184) to work on /home/airflow/.local/lib/python3.8/site-packages/airflow/example_dags/example_subdag_operator.py
[2024-04-03T08:52:41.711+0000] {processor.py:830} INFO - Processing file /home/airflow/.local/lib/python3.8/site-packages/airflow/example_dags/example_subdag_operator.py for tasks to queue
[2024-04-03T08:52:41.715+0000] {logging_mixin.py:188} INFO - [2024-04-03T08:52:41.715+0000] {dagbag.py:540} INFO - Filling up the DagBag from /home/airflow/.local/lib/python3.8/site-packages/airflow/example_dags/example_subdag_operator.py
[2024-04-03T08:52:41.766+0000] {processor.py:840} INFO - DAG(s) 'example_subdag_operator.section-1', 'example_subdag_operator.section-2', 'example_subdag_operator' retrieved from /home/airflow/.local/lib/python3.8/site-packages/airflow/example_dags/example_subdag_operator.py
[2024-04-03T08:52:41.803+0000] {logging_mixin.py:188} INFO - [2024-04-03T08:52:41.803+0000] {dag.py:3047} INFO - Sync 3 DAGs
[2024-04-03T08:52:41.853+0000] {logging_mixin.py:188} INFO - [2024-04-03T08:52:41.853+0000] {dag.py:3834} INFO - Setting next_dagrun for example_subdag_operator to 2022-01-01 00:00:00+00:00, run_after=2022-01-01 00:00:00+00:00
[2024-04-03T08:52:41.861+0000] {logging_mixin.py:188} INFO - [2024-04-03T08:52:41.860+0000] {dag.py:3834} INFO - Setting next_dagrun for example_subdag_operator.section-1 to None, run_after=None
[2024-04-03T08:52:41.864+0000] {logging_mixin.py:188} INFO - [2024-04-03T08:52:41.863+0000] {dag.py:3834} INFO - Setting next_dagrun for example_subdag_operator.section-2 to None, run_after=None
[2024-04-03T08:52:41.880+0000] {logging_mixin.py:188} INFO - [2024-04-03T08:52:41.879+0000] {dag.py:3047} INFO - Sync 2 DAGs
[2024-04-03T08:52:41.891+0000] {logging_mixin.py:188} INFO - [2024-04-03T08:52:41.891+0000] {dag.py:3834} INFO - Setting next_dagrun for example_subdag_operator.section-1 to None, run_after=None
[2024-04-03T08:52:41.892+0000] {logging_mixin.py:188} INFO - [2024-04-03T08:52:41.892+0000] {dag.py:3834} INFO - Setting next_dagrun for example_subdag_operator.section-2 to None, run_after=None
[2024-04-03T08:52:41.914+0000] {processor.py:183} INFO - Processing /home/airflow/.local/lib/python3.8/site-packages/airflow/example_dags/example_subdag_operator.py took 0.214 seconds
[2024-04-03T08:53:12.337+0000] {processor.py:161} INFO - Started process (PID=242) to work on /home/airflow/.local/lib/python3.8/site-packages/airflow/example_dags/example_subdag_operator.py
[2024-04-03T08:53:12.344+0000] {processor.py:830} INFO - Processing file /home/airflow/.local/lib/python3.8/site-packages/airflow/example_dags/example_subdag_operator.py for tasks to queue
[2024-04-03T08:53:12.348+0000] {logging_mixin.py:188} INFO - [2024-04-03T08:53:12.347+0000] {dagbag.py:540} INFO - Filling up the DagBag from /home/airflow/.local/lib/python3.8/site-packages/airflow/example_dags/example_subdag_operator.py
[2024-04-03T08:53:12.400+0000] {processor.py:840} INFO - DAG(s) 'example_subdag_operator.section-1', 'example_subdag_operator.section-2', 'example_subdag_operator' retrieved from /home/airflow/.local/lib/python3.8/site-packages/airflow/example_dags/example_subdag_operator.py
[2024-04-03T08:53:12.436+0000] {logging_mixin.py:188} INFO - [2024-04-03T08:53:12.436+0000] {dag.py:3047} INFO - Sync 3 DAGs
[2024-04-03T08:53:12.486+0000] {logging_mixin.py:188} INFO - [2024-04-03T08:53:12.485+0000] {dag.py:3834} INFO - Setting next_dagrun for example_subdag_operator to 2022-01-01 00:00:00+00:00, run_after=2022-01-01 00:00:00+00:00
[2024-04-03T08:53:12.494+0000] {logging_mixin.py:188} INFO - [2024-04-03T08:53:12.493+0000] {dag.py:3834} INFO - Setting next_dagrun for example_subdag_operator.section-1 to None, run_after=None
[2024-04-03T08:53:12.497+0000] {logging_mixin.py:188} INFO - [2024-04-03T08:53:12.496+0000] {dag.py:3834} INFO - Setting next_dagrun for example_subdag_operator.section-2 to None, run_after=None
[2024-04-03T08:53:12.512+0000] {logging_mixin.py:188} INFO - [2024-04-03T08:53:12.511+0000] {dag.py:3047} INFO - Sync 2 DAGs
[2024-04-03T08:53:12.523+0000] {logging_mixin.py:188} INFO - [2024-04-03T08:53:12.523+0000] {dag.py:3834} INFO - Setting next_dagrun for example_subdag_operator.section-1 to None, run_after=None
[2024-04-03T08:53:12.524+0000] {logging_mixin.py:188} INFO - [2024-04-03T08:53:12.524+0000] {dag.py:3834} INFO - Setting next_dagrun for example_subdag_operator.section-2 to None, run_after=None
[2024-04-03T08:53:12.547+0000] {processor.py:183} INFO - Processing /home/airflow/.local/lib/python3.8/site-packages/airflow/example_dags/example_subdag_operator.py took 0.218 seconds
[2024-04-03T08:53:43.126+0000] {processor.py:161} INFO - Started process (PID=300) to work on /home/airflow/.local/lib/python3.8/site-packages/airflow/example_dags/example_subdag_operator.py
[2024-04-03T08:53:43.128+0000] {processor.py:830} INFO - Processing file /home/airflow/.local/lib/python3.8/site-packages/airflow/example_dags/example_subdag_operator.py for tasks to queue
[2024-04-03T08:53:43.132+0000] {logging_mixin.py:188} INFO - [2024-04-03T08:53:43.132+0000] {dagbag.py:540} INFO - Filling up the DagBag from /home/airflow/.local/lib/python3.8/site-packages/airflow/example_dags/example_subdag_operator.py
[2024-04-03T08:53:43.185+0000] {processor.py:840} INFO - DAG(s) 'example_subdag_operator.section-1', 'example_subdag_operator.section-2', 'example_subdag_operator' retrieved from /home/airflow/.local/lib/python3.8/site-packages/airflow/example_dags/example_subdag_operator.py
[2024-04-03T08:53:43.221+0000] {logging_mixin.py:188} INFO - [2024-04-03T08:53:43.221+0000] {dag.py:3047} INFO - Sync 3 DAGs
[2024-04-03T08:53:43.271+0000] {logging_mixin.py:188} INFO - [2024-04-03T08:53:43.271+0000] {dag.py:3834} INFO - Setting next_dagrun for example_subdag_operator to 2022-01-01 00:00:00+00:00, run_after=2022-01-01 00:00:00+00:00
[2024-04-03T08:53:43.279+0000] {logging_mixin.py:188} INFO - [2024-04-03T08:53:43.279+0000] {dag.py:3834} INFO - Setting next_dagrun for example_subdag_operator.section-1 to None, run_after=None
[2024-04-03T08:53:43.282+0000] {logging_mixin.py:188} INFO - [2024-04-03T08:53:43.282+0000] {dag.py:3834} INFO - Setting next_dagrun for example_subdag_operator.section-2 to None, run_after=None
[2024-04-03T08:53:43.297+0000] {logging_mixin.py:188} INFO - [2024-04-03T08:53:43.297+0000] {dag.py:3047} INFO - Sync 2 DAGs
[2024-04-03T08:53:43.317+0000] {logging_mixin.py:188} INFO - [2024-04-03T08:53:43.316+0000] {dag.py:3834} INFO - Setting next_dagrun for example_subdag_operator.section-1 to None, run_after=None
[2024-04-03T08:53:43.318+0000] {logging_mixin.py:188} INFO - [2024-04-03T08:53:43.317+0000] {dag.py:3834} INFO - Setting next_dagrun for example_subdag_operator.section-2 to None, run_after=None
[2024-04-03T08:53:43.340+0000] {processor.py:183} INFO - Processing /home/airflow/.local/lib/python3.8/site-packages/airflow/example_dags/example_subdag_operator.py took 0.222 seconds
[2024-04-03T08:54:13.486+0000] {processor.py:161} INFO - Started process (PID=358) to work on /home/airflow/.local/lib/python3.8/site-packages/airflow/example_dags/example_subdag_operator.py
[2024-04-03T08:54:13.489+0000] {processor.py:830} INFO - Processing file /home/airflow/.local/lib/python3.8/site-packages/airflow/example_dags/example_subdag_operator.py for tasks to queue
[2024-04-03T08:54:13.493+0000] {logging_mixin.py:188} INFO - [2024-04-03T08:54:13.493+0000] {dagbag.py:540} INFO - Filling up the DagBag from /home/airflow/.local/lib/python3.8/site-packages/airflow/example_dags/example_subdag_operator.py
[2024-04-03T08:54:13.547+0000] {processor.py:840} INFO - DAG(s) 'example_subdag_operator.section-1', 'example_subdag_operator.section-2', 'example_subdag_operator' retrieved from /home/airflow/.local/lib/python3.8/site-packages/airflow/example_dags/example_subdag_operator.py
[2024-04-03T08:54:13.584+0000] {logging_mixin.py:188} INFO - [2024-04-03T08:54:13.584+0000] {dag.py:3047} INFO - Sync 3 DAGs
[2024-04-03T08:54:13.635+0000] {logging_mixin.py:188} INFO - [2024-04-03T08:54:13.634+0000] {dag.py:3834} INFO - Setting next_dagrun for example_subdag_operator to 2022-01-01 00:00:00+00:00, run_after=2022-01-01 00:00:00+00:00
[2024-04-03T08:54:13.643+0000] {logging_mixin.py:188} INFO - [2024-04-03T08:54:13.642+0000] {dag.py:3834} INFO - Setting next_dagrun for example_subdag_operator.section-1 to None, run_after=None
[2024-04-03T08:54:13.646+0000] {logging_mixin.py:188} INFO - [2024-04-03T08:54:13.645+0000] {dag.py:3834} INFO - Setting next_dagrun for example_subdag_operator.section-2 to None, run_after=None
[2024-04-03T08:54:13.661+0000] {logging_mixin.py:188} INFO - [2024-04-03T08:54:13.661+0000] {dag.py:3047} INFO - Sync 2 DAGs
[2024-04-03T08:54:13.674+0000] {logging_mixin.py:188} INFO - [2024-04-03T08:54:13.673+0000] {dag.py:3834} INFO - Setting next_dagrun for example_subdag_operator.section-1 to None, run_after=None
[2024-04-03T08:54:13.674+0000] {logging_mixin.py:188} INFO - [2024-04-03T08:54:13.674+0000] {dag.py:3834} INFO - Setting next_dagrun for example_subdag_operator.section-2 to None, run_after=None
[2024-04-03T08:54:13.698+0000] {processor.py:183} INFO - Processing /home/airflow/.local/lib/python3.8/site-packages/airflow/example_dags/example_subdag_operator.py took 0.220 seconds
[2024-04-03T08:54:43.839+0000] {processor.py:161} INFO - Started process (PID=416) to work on /home/airflow/.local/lib/python3.8/site-packages/airflow/example_dags/example_subdag_operator.py
[2024-04-03T08:54:43.842+0000] {processor.py:830} INFO - Processing file /home/airflow/.local/lib/python3.8/site-packages/airflow/example_dags/example_subdag_operator.py for tasks to queue
[2024-04-03T08:54:43.846+0000] {logging_mixin.py:188} INFO - [2024-04-03T08:54:43.845+0000] {dagbag.py:540} INFO - Filling up the DagBag from /home/airflow/.local/lib/python3.8/site-packages/airflow/example_dags/example_subdag_operator.py
[2024-04-03T08:54:43.899+0000] {processor.py:840} INFO - DAG(s) 'example_subdag_operator.section-1', 'example_subdag_operator.section-2', 'example_subdag_operator' retrieved from /home/airflow/.local/lib/python3.8/site-packages/airflow/example_dags/example_subdag_operator.py
[2024-04-03T08:54:43.936+0000] {logging_mixin.py:188} INFO - [2024-04-03T08:54:43.935+0000] {dag.py:3047} INFO - Sync 3 DAGs
[2024-04-03T08:54:43.986+0000] {logging_mixin.py:188} INFO - [2024-04-03T08:54:43.985+0000] {dag.py:3834} INFO - Setting next_dagrun for example_subdag_operator to 2022-01-01 00:00:00+00:00, run_after=2022-01-01 00:00:00+00:00
[2024-04-03T08:54:43.994+0000] {logging_mixin.py:188} INFO - [2024-04-03T08:54:43.993+0000] {dag.py:3834} INFO - Setting next_dagrun for example_subdag_operator.section-1 to None, run_after=None
[2024-04-03T08:54:43.997+0000] {logging_mixin.py:188} INFO - [2024-04-03T08:54:43.996+0000] {dag.py:3834} INFO - Setting next_dagrun for example_subdag_operator.section-2 to None, run_after=None
[2024-04-03T08:54:44.013+0000] {logging_mixin.py:188} INFO - [2024-04-03T08:54:44.012+0000] {dag.py:3047} INFO - Sync 2 DAGs
[2024-04-03T08:54:44.025+0000] {logging_mixin.py:188} INFO - [2024-04-03T08:54:44.024+0000] {dag.py:3834} INFO - Setting next_dagrun for example_subdag_operator.section-1 to None, run_after=None
[2024-04-03T08:54:44.026+0000] {logging_mixin.py:188} INFO - [2024-04-03T08:54:44.025+0000] {dag.py:3834} INFO - Setting next_dagrun for example_subdag_operator.section-2 to None, run_after=None
[2024-04-03T08:54:44.049+0000] {processor.py:183} INFO - Processing /home/airflow/.local/lib/python3.8/site-packages/airflow/example_dags/example_subdag_operator.py took 0.218 seconds
[2024-04-03T08:55:14.519+0000] {processor.py:161} INFO - Started process (PID=474) to work on /home/airflow/.local/lib/python3.8/site-packages/airflow/example_dags/example_subdag_operator.py
[2024-04-03T08:55:14.522+0000] {processor.py:830} INFO - Processing file /home/airflow/.local/lib/python3.8/site-packages/airflow/example_dags/example_subdag_operator.py for tasks to queue
[2024-04-03T08:55:14.527+0000] {logging_mixin.py:188} INFO - [2024-04-03T08:55:14.526+0000] {dagbag.py:540} INFO - Filling up the DagBag from /home/airflow/.local/lib/python3.8/site-packages/airflow/example_dags/example_subdag_operator.py
[2024-04-03T08:55:14.580+0000] {processor.py:840} INFO - DAG(s) 'example_subdag_operator.section-1', 'example_subdag_operator.section-2', 'example_subdag_operator' retrieved from /home/airflow/.local/lib/python3.8/site-packages/airflow/example_dags/example_subdag_operator.py
[2024-04-03T08:55:14.619+0000] {logging_mixin.py:188} INFO - [2024-04-03T08:55:14.619+0000] {dag.py:3047} INFO - Sync 3 DAGs
[2024-04-03T08:55:14.670+0000] {logging_mixin.py:188} INFO - [2024-04-03T08:55:14.669+0000] {dag.py:3834} INFO - Setting next_dagrun for example_subdag_operator to 2022-01-01 00:00:00+00:00, run_after=2022-01-01 00:00:00+00:00
[2024-04-03T08:55:14.677+0000] {logging_mixin.py:188} INFO - [2024-04-03T08:55:14.677+0000] {dag.py:3834} INFO - Setting next_dagrun for example_subdag_operator.section-1 to None, run_after=None
[2024-04-03T08:55:14.680+0000] {logging_mixin.py:188} INFO - [2024-04-03T08:55:14.680+0000] {dag.py:3834} INFO - Setting next_dagrun for example_subdag_operator.section-2 to None, run_after=None
[2024-04-03T08:55:14.696+0000] {logging_mixin.py:188} INFO - [2024-04-03T08:55:14.696+0000] {dag.py:3047} INFO - Sync 2 DAGs
[2024-04-03T08:55:14.708+0000] {logging_mixin.py:188} INFO - [2024-04-03T08:55:14.707+0000] {dag.py:3834} INFO - Setting next_dagrun for example_subdag_operator.section-1 to None, run_after=None
[2024-04-03T08:55:14.709+0000] {logging_mixin.py:188} INFO - [2024-04-03T08:55:14.708+0000] {dag.py:3834} INFO - Setting next_dagrun for example_subdag_operator.section-2 to None, run_after=None
[2024-04-03T08:55:14.731+0000] {processor.py:183} INFO - Processing /home/airflow/.local/lib/python3.8/site-packages/airflow/example_dags/example_subdag_operator.py took 0.220 seconds
[2024-04-03T08:55:45.148+0000] {processor.py:161} INFO - Started process (PID=532) to work on /home/airflow/.local/lib/python3.8/site-packages/airflow/example_dags/example_subdag_operator.py
[2024-04-03T08:55:45.151+0000] {processor.py:830} INFO - Processing file /home/airflow/.local/lib/python3.8/site-packages/airflow/example_dags/example_subdag_operator.py for tasks to queue
[2024-04-03T08:55:45.156+0000] {logging_mixin.py:188} INFO - [2024-04-03T08:55:45.155+0000] {dagbag.py:540} INFO - Filling up the DagBag from /home/airflow/.local/lib/python3.8/site-packages/airflow/example_dags/example_subdag_operator.py
[2024-04-03T08:55:45.209+0000] {processor.py:840} INFO - DAG(s) 'example_subdag_operator.section-1', 'example_subdag_operator.section-2', 'example_subdag_operator' retrieved from /home/airflow/.local/lib/python3.8/site-packages/airflow/example_dags/example_subdag_operator.py
[2024-04-03T08:55:45.246+0000] {logging_mixin.py:188} INFO - [2024-04-03T08:55:45.245+0000] {dag.py:3047} INFO - Sync 3 DAGs
[2024-04-03T08:55:45.295+0000] {logging_mixin.py:188} INFO - [2024-04-03T08:55:45.295+0000] {dag.py:3834} INFO - Setting next_dagrun for example_subdag_operator to 2022-01-01 00:00:00+00:00, run_after=2022-01-01 00:00:00+00:00
[2024-04-03T08:55:45.304+0000] {logging_mixin.py:188} INFO - [2024-04-03T08:55:45.303+0000] {dag.py:3834} INFO - Setting next_dagrun for example_subdag_operator.section-1 to None, run_after=None
[2024-04-03T08:55:45.307+0000] {logging_mixin.py:188} INFO - [2024-04-03T08:55:45.306+0000] {dag.py:3834} INFO - Setting next_dagrun for example_subdag_operator.section-2 to None, run_after=None
[2024-04-03T08:55:45.323+0000] {logging_mixin.py:188} INFO - [2024-04-03T08:55:45.322+0000] {dag.py:3047} INFO - Sync 2 DAGs
[2024-04-03T08:55:45.335+0000] {logging_mixin.py:188} INFO - [2024-04-03T08:55:45.335+0000] {dag.py:3834} INFO - Setting next_dagrun for example_subdag_operator.section-1 to None, run_after=None
[2024-04-03T08:55:45.336+0000] {logging_mixin.py:188} INFO - [2024-04-03T08:55:45.336+0000] {dag.py:3834} INFO - Setting next_dagrun for example_subdag_operator.section-2 to None, run_after=None
[2024-04-03T08:55:45.362+0000] {processor.py:183} INFO - Processing /home/airflow/.local/lib/python3.8/site-packages/airflow/example_dags/example_subdag_operator.py took 0.222 seconds
[2024-04-03T08:56:15.945+0000] {processor.py:161} INFO - Started process (PID=590) to work on /home/airflow/.local/lib/python3.8/site-packages/airflow/example_dags/example_subdag_operator.py
[2024-04-03T08:56:15.948+0000] {processor.py:830} INFO - Processing file /home/airflow/.local/lib/python3.8/site-packages/airflow/example_dags/example_subdag_operator.py for tasks to queue
[2024-04-03T08:56:15.952+0000] {logging_mixin.py:188} INFO - [2024-04-03T08:56:15.951+0000] {dagbag.py:540} INFO - Filling up the DagBag from /home/airflow/.local/lib/python3.8/site-packages/airflow/example_dags/example_subdag_operator.py
[2024-04-03T08:56:16.004+0000] {processor.py:840} INFO - DAG(s) 'example_subdag_operator.section-1', 'example_subdag_operator.section-2', 'example_subdag_operator' retrieved from /home/airflow/.local/lib/python3.8/site-packages/airflow/example_dags/example_subdag_operator.py
[2024-04-03T08:56:16.040+0000] {logging_mixin.py:188} INFO - [2024-04-03T08:56:16.040+0000] {dag.py:3047} INFO - Sync 3 DAGs
[2024-04-03T08:56:16.090+0000] {logging_mixin.py:188} INFO - [2024-04-03T08:56:16.089+0000] {dag.py:3834} INFO - Setting next_dagrun for example_subdag_operator to 2022-01-01 00:00:00+00:00, run_after=2022-01-01 00:00:00+00:00
[2024-04-03T08:56:16.098+0000] {logging_mixin.py:188} INFO - [2024-04-03T08:56:16.097+0000] {dag.py:3834} INFO - Setting next_dagrun for example_subdag_operator.section-1 to None, run_after=None
[2024-04-03T08:56:16.101+0000] {logging_mixin.py:188} INFO - [2024-04-03T08:56:16.100+0000] {dag.py:3834} INFO - Setting next_dagrun for example_subdag_operator.section-2 to None, run_after=None
[2024-04-03T08:56:16.116+0000] {logging_mixin.py:188} INFO - [2024-04-03T08:56:16.115+0000] {dag.py:3047} INFO - Sync 2 DAGs
[2024-04-03T08:56:16.127+0000] {logging_mixin.py:188} INFO - [2024-04-03T08:56:16.127+0000] {dag.py:3834} INFO - Setting next_dagrun for example_subdag_operator.section-1 to None, run_after=None
[2024-04-03T08:56:16.128+0000] {logging_mixin.py:188} INFO - [2024-04-03T08:56:16.128+0000] {dag.py:3834} INFO - Setting next_dagrun for example_subdag_operator.section-2 to None, run_after=None
[2024-04-03T08:56:16.152+0000] {processor.py:183} INFO - Processing /home/airflow/.local/lib/python3.8/site-packages/airflow/example_dags/example_subdag_operator.py took 0.215 seconds
[2024-04-03T08:56:46.940+0000] {processor.py:161} INFO - Started process (PID=648) to work on /home/airflow/.local/lib/python3.8/site-packages/airflow/example_dags/example_subdag_operator.py
[2024-04-03T08:56:46.943+0000] {processor.py:830} INFO - Processing file /home/airflow/.local/lib/python3.8/site-packages/airflow/example_dags/example_subdag_operator.py for tasks to queue
[2024-04-03T08:56:46.947+0000] {logging_mixin.py:188} INFO - [2024-04-03T08:56:46.946+0000] {dagbag.py:540} INFO - Filling up the DagBag from /home/airflow/.local/lib/python3.8/site-packages/airflow/example_dags/example_subdag_operator.py
[2024-04-03T08:56:47.000+0000] {processor.py:840} INFO - DAG(s) 'example_subdag_operator.section-1', 'example_subdag_operator.section-2', 'example_subdag_operator' retrieved from /home/airflow/.local/lib/python3.8/site-packages/airflow/example_dags/example_subdag_operator.py
[2024-04-03T08:56:47.037+0000] {logging_mixin.py:188} INFO - [2024-04-03T08:56:47.036+0000] {dag.py:3047} INFO - Sync 3 DAGs
[2024-04-03T08:56:47.089+0000] {logging_mixin.py:188} INFO - [2024-04-03T08:56:47.088+0000] {dag.py:3834} INFO - Setting next_dagrun for example_subdag_operator to 2022-01-01 00:00:00+00:00, run_after=2022-01-01 00:00:00+00:00
[2024-04-03T08:56:47.096+0000] {logging_mixin.py:188} INFO - [2024-04-03T08:56:47.096+0000] {dag.py:3834} INFO - Setting next_dagrun for example_subdag_operator.section-1 to None, run_after=None
[2024-04-03T08:56:47.099+0000] {logging_mixin.py:188} INFO - [2024-04-03T08:56:47.099+0000] {dag.py:3834} INFO - Setting next_dagrun for example_subdag_operator.section-2 to None, run_after=None
[2024-04-03T08:56:47.115+0000] {logging_mixin.py:188} INFO - [2024-04-03T08:56:47.114+0000] {dag.py:3047} INFO - Sync 2 DAGs
[2024-04-03T08:56:47.126+0000] {logging_mixin.py:188} INFO - [2024-04-03T08:56:47.126+0000] {dag.py:3834} INFO - Setting next_dagrun for example_subdag_operator.section-1 to None, run_after=None
[2024-04-03T08:56:47.127+0000] {logging_mixin.py:188} INFO - [2024-04-03T08:56:47.127+0000] {dag.py:3834} INFO - Setting next_dagrun for example_subdag_operator.section-2 to None, run_after=None
[2024-04-03T08:56:47.150+0000] {processor.py:183} INFO - Processing /home/airflow/.local/lib/python3.8/site-packages/airflow/example_dags/example_subdag_operator.py took 0.218 seconds
[2024-04-03T08:57:17.351+0000] {processor.py:161} INFO - Started process (PID=706) to work on /home/airflow/.local/lib/python3.8/site-packages/airflow/example_dags/example_subdag_operator.py
[2024-04-03T08:57:17.353+0000] {processor.py:830} INFO - Processing file /home/airflow/.local/lib/python3.8/site-packages/airflow/example_dags/example_subdag_operator.py for tasks to queue
[2024-04-03T08:57:17.357+0000] {logging_mixin.py:188} INFO - [2024-04-03T08:57:17.357+0000] {dagbag.py:540} INFO - Filling up the DagBag from /home/airflow/.local/lib/python3.8/site-packages/airflow/example_dags/example_subdag_operator.py
[2024-04-03T08:57:17.410+0000] {processor.py:840} INFO - DAG(s) 'example_subdag_operator.section-1', 'example_subdag_operator.section-2', 'example_subdag_operator' retrieved from /home/airflow/.local/lib/python3.8/site-packages/airflow/example_dags/example_subdag_operator.py
[2024-04-03T08:57:17.446+0000] {logging_mixin.py:188} INFO - [2024-04-03T08:57:17.445+0000] {dag.py:3047} INFO - Sync 3 DAGs
[2024-04-03T08:57:17.496+0000] {logging_mixin.py:188} INFO - [2024-04-03T08:57:17.495+0000] {dag.py:3834} INFO - Setting next_dagrun for example_subdag_operator to 2022-01-01 00:00:00+00:00, run_after=2022-01-01 00:00:00+00:00
[2024-04-03T08:57:17.503+0000] {logging_mixin.py:188} INFO - [2024-04-03T08:57:17.503+0000] {dag.py:3834} INFO - Setting next_dagrun for example_subdag_operator.section-1 to None, run_after=None
[2024-04-03T08:57:17.506+0000] {logging_mixin.py:188} INFO - [2024-04-03T08:57:17.506+0000] {dag.py:3834} INFO - Setting next_dagrun for example_subdag_operator.section-2 to None, run_after=None
[2024-04-03T08:57:17.522+0000] {logging_mixin.py:188} INFO - [2024-04-03T08:57:17.522+0000] {dag.py:3047} INFO - Sync 2 DAGs
[2024-04-03T08:57:17.534+0000] {logging_mixin.py:188} INFO - [2024-04-03T08:57:17.533+0000] {dag.py:3834} INFO - Setting next_dagrun for example_subdag_operator.section-1 to None, run_after=None
[2024-04-03T08:57:17.534+0000] {logging_mixin.py:188} INFO - [2024-04-03T08:57:17.534+0000] {dag.py:3834} INFO - Setting next_dagrun for example_subdag_operator.section-2 to None, run_after=None
[2024-04-03T08:57:17.557+0000] {processor.py:183} INFO - Processing /home/airflow/.local/lib/python3.8/site-packages/airflow/example_dags/example_subdag_operator.py took 0.214 seconds
