[2024-04-03T08:51:34.132+0000] {processor.py:161} INFO - Started process (PID=45) to work on /home/airflow/.local/lib/python3.8/site-packages/airflow/example_dags/example_xcom.py
[2024-04-03T08:51:34.134+0000] {processor.py:830} INFO - Processing file /home/airflow/.local/lib/python3.8/site-packages/airflow/example_dags/example_xcom.py for tasks to queue
[2024-04-03T08:51:34.138+0000] {logging_mixin.py:188} INFO - [2024-04-03T08:51:34.137+0000] {dagbag.py:540} INFO - Filling up the DagBag from /home/airflow/.local/lib/python3.8/site-packages/airflow/example_dags/example_xcom.py
[2024-04-03T08:51:34.169+0000] {processor.py:840} INFO - DAG(s) 'example_xcom' retrieved from /home/airflow/.local/lib/python3.8/site-packages/airflow/example_dags/example_xcom.py
[2024-04-03T08:51:34.678+0000] {logging_mixin.py:188} INFO - [2024-04-03T08:51:34.678+0000] {dag.py:3047} INFO - Sync 1 DAGs
[2024-04-03T08:51:34.723+0000] {logging_mixin.py:188} INFO - [2024-04-03T08:51:34.722+0000] {dag.py:3834} INFO - Setting next_dagrun for example_xcom to 2021-01-01 00:00:00+00:00, run_after=2021-01-01 00:00:00+00:00
[2024-04-03T08:51:34.762+0000] {processor.py:183} INFO - Processing /home/airflow/.local/lib/python3.8/site-packages/airflow/example_dags/example_xcom.py took 0.638 seconds
[2024-04-03T08:52:05.426+0000] {processor.py:161} INFO - Started process (PID=103) to work on /home/airflow/.local/lib/python3.8/site-packages/airflow/example_dags/example_xcom.py
[2024-04-03T08:52:05.427+0000] {processor.py:830} INFO - Processing file /home/airflow/.local/lib/python3.8/site-packages/airflow/example_dags/example_xcom.py for tasks to queue
[2024-04-03T08:52:05.432+0000] {logging_mixin.py:188} INFO - [2024-04-03T08:52:05.431+0000] {dagbag.py:540} INFO - Filling up the DagBag from /home/airflow/.local/lib/python3.8/site-packages/airflow/example_dags/example_xcom.py
[2024-04-03T08:52:05.452+0000] {processor.py:840} INFO - DAG(s) 'example_xcom' retrieved from /home/airflow/.local/lib/python3.8/site-packages/airflow/example_dags/example_xcom.py
[2024-04-03T08:52:05.524+0000] {logging_mixin.py:188} INFO - [2024-04-03T08:52:05.524+0000] {dag.py:3047} INFO - Sync 1 DAGs
[2024-04-03T08:52:05.584+0000] {logging_mixin.py:188} INFO - [2024-04-03T08:52:05.583+0000] {dag.py:3834} INFO - Setting next_dagrun for example_xcom to 2021-01-01 00:00:00+00:00, run_after=2021-01-01 00:00:00+00:00
[2024-04-03T08:52:05.639+0000] {processor.py:183} INFO - Processing /home/airflow/.local/lib/python3.8/site-packages/airflow/example_dags/example_xcom.py took 0.222 seconds
[2024-04-03T08:52:35.876+0000] {processor.py:161} INFO - Started process (PID=160) to work on /home/airflow/.local/lib/python3.8/site-packages/airflow/example_dags/example_xcom.py
[2024-04-03T08:52:35.878+0000] {processor.py:830} INFO - Processing file /home/airflow/.local/lib/python3.8/site-packages/airflow/example_dags/example_xcom.py for tasks to queue
[2024-04-03T08:52:35.882+0000] {logging_mixin.py:188} INFO - [2024-04-03T08:52:35.881+0000] {dagbag.py:540} INFO - Filling up the DagBag from /home/airflow/.local/lib/python3.8/site-packages/airflow/example_dags/example_xcom.py
[2024-04-03T08:52:35.899+0000] {processor.py:840} INFO - DAG(s) 'example_xcom' retrieved from /home/airflow/.local/lib/python3.8/site-packages/airflow/example_dags/example_xcom.py
[2024-04-03T08:52:35.944+0000] {logging_mixin.py:188} INFO - [2024-04-03T08:52:35.944+0000] {dag.py:3047} INFO - Sync 1 DAGs
[2024-04-03T08:52:35.994+0000] {logging_mixin.py:188} INFO - [2024-04-03T08:52:35.993+0000] {dag.py:3834} INFO - Setting next_dagrun for example_xcom to 2021-01-01 00:00:00+00:00, run_after=2021-01-01 00:00:00+00:00
[2024-04-03T08:52:36.034+0000] {processor.py:183} INFO - Processing /home/airflow/.local/lib/python3.8/site-packages/airflow/example_dags/example_xcom.py took 0.167 seconds
[2024-04-03T08:53:06.102+0000] {processor.py:161} INFO - Started process (PID=218) to work on /home/airflow/.local/lib/python3.8/site-packages/airflow/example_dags/example_xcom.py
[2024-04-03T08:53:06.105+0000] {processor.py:830} INFO - Processing file /home/airflow/.local/lib/python3.8/site-packages/airflow/example_dags/example_xcom.py for tasks to queue
[2024-04-03T08:53:06.114+0000] {logging_mixin.py:188} INFO - [2024-04-03T08:53:06.114+0000] {dagbag.py:540} INFO - Filling up the DagBag from /home/airflow/.local/lib/python3.8/site-packages/airflow/example_dags/example_xcom.py
[2024-04-03T08:53:06.133+0000] {processor.py:840} INFO - DAG(s) 'example_xcom' retrieved from /home/airflow/.local/lib/python3.8/site-packages/airflow/example_dags/example_xcom.py
[2024-04-03T08:53:06.187+0000] {logging_mixin.py:188} INFO - [2024-04-03T08:53:06.186+0000] {dag.py:3047} INFO - Sync 1 DAGs
[2024-04-03T08:53:06.238+0000] {logging_mixin.py:188} INFO - [2024-04-03T08:53:06.237+0000] {dag.py:3834} INFO - Setting next_dagrun for example_xcom to 2021-01-01 00:00:00+00:00, run_after=2021-01-01 00:00:00+00:00
[2024-04-03T08:53:06.293+0000] {processor.py:183} INFO - Processing /home/airflow/.local/lib/python3.8/site-packages/airflow/example_dags/example_xcom.py took 0.200 seconds
[2024-04-03T08:53:37.172+0000] {processor.py:161} INFO - Started process (PID=276) to work on /home/airflow/.local/lib/python3.8/site-packages/airflow/example_dags/example_xcom.py
[2024-04-03T08:53:37.174+0000] {processor.py:830} INFO - Processing file /home/airflow/.local/lib/python3.8/site-packages/airflow/example_dags/example_xcom.py for tasks to queue
[2024-04-03T08:53:37.179+0000] {logging_mixin.py:188} INFO - [2024-04-03T08:53:37.178+0000] {dagbag.py:540} INFO - Filling up the DagBag from /home/airflow/.local/lib/python3.8/site-packages/airflow/example_dags/example_xcom.py
[2024-04-03T08:53:37.196+0000] {processor.py:840} INFO - DAG(s) 'example_xcom' retrieved from /home/airflow/.local/lib/python3.8/site-packages/airflow/example_dags/example_xcom.py
[2024-04-03T08:53:37.243+0000] {logging_mixin.py:188} INFO - [2024-04-03T08:53:37.242+0000] {dag.py:3047} INFO - Sync 1 DAGs
[2024-04-03T08:53:37.293+0000] {logging_mixin.py:188} INFO - [2024-04-03T08:53:37.292+0000] {dag.py:3834} INFO - Setting next_dagrun for example_xcom to 2021-01-01 00:00:00+00:00, run_after=2021-01-01 00:00:00+00:00
[2024-04-03T08:53:37.334+0000] {processor.py:183} INFO - Processing /home/airflow/.local/lib/python3.8/site-packages/airflow/example_dags/example_xcom.py took 0.171 seconds
[2024-04-03T08:54:07.532+0000] {processor.py:161} INFO - Started process (PID=334) to work on /home/airflow/.local/lib/python3.8/site-packages/airflow/example_dags/example_xcom.py
[2024-04-03T08:54:07.534+0000] {processor.py:830} INFO - Processing file /home/airflow/.local/lib/python3.8/site-packages/airflow/example_dags/example_xcom.py for tasks to queue
[2024-04-03T08:54:07.539+0000] {logging_mixin.py:188} INFO - [2024-04-03T08:54:07.539+0000] {dagbag.py:540} INFO - Filling up the DagBag from /home/airflow/.local/lib/python3.8/site-packages/airflow/example_dags/example_xcom.py
[2024-04-03T08:54:07.559+0000] {processor.py:840} INFO - DAG(s) 'example_xcom' retrieved from /home/airflow/.local/lib/python3.8/site-packages/airflow/example_dags/example_xcom.py
[2024-04-03T08:54:07.606+0000] {logging_mixin.py:188} INFO - [2024-04-03T08:54:07.605+0000] {dag.py:3047} INFO - Sync 1 DAGs
[2024-04-03T08:54:07.663+0000] {logging_mixin.py:188} INFO - [2024-04-03T08:54:07.662+0000] {dag.py:3834} INFO - Setting next_dagrun for example_xcom to 2021-01-01 00:00:00+00:00, run_after=2021-01-01 00:00:00+00:00
[2024-04-03T08:54:07.701+0000] {processor.py:183} INFO - Processing /home/airflow/.local/lib/python3.8/site-packages/airflow/example_dags/example_xcom.py took 0.177 seconds
[2024-04-03T08:54:37.877+0000] {processor.py:161} INFO - Started process (PID=392) to work on /home/airflow/.local/lib/python3.8/site-packages/airflow/example_dags/example_xcom.py
[2024-04-03T08:54:37.881+0000] {processor.py:830} INFO - Processing file /home/airflow/.local/lib/python3.8/site-packages/airflow/example_dags/example_xcom.py for tasks to queue
[2024-04-03T08:54:37.885+0000] {logging_mixin.py:188} INFO - [2024-04-03T08:54:37.884+0000] {dagbag.py:540} INFO - Filling up the DagBag from /home/airflow/.local/lib/python3.8/site-packages/airflow/example_dags/example_xcom.py
[2024-04-03T08:54:37.902+0000] {processor.py:840} INFO - DAG(s) 'example_xcom' retrieved from /home/airflow/.local/lib/python3.8/site-packages/airflow/example_dags/example_xcom.py
[2024-04-03T08:54:37.948+0000] {logging_mixin.py:188} INFO - [2024-04-03T08:54:37.948+0000] {dag.py:3047} INFO - Sync 1 DAGs
[2024-04-03T08:54:37.998+0000] {logging_mixin.py:188} INFO - [2024-04-03T08:54:37.998+0000] {dag.py:3834} INFO - Setting next_dagrun for example_xcom to 2021-01-01 00:00:00+00:00, run_after=2021-01-01 00:00:00+00:00
[2024-04-03T08:54:38.038+0000] {processor.py:183} INFO - Processing /home/airflow/.local/lib/python3.8/site-packages/airflow/example_dags/example_xcom.py took 0.168 seconds
[2024-04-03T08:55:08.470+0000] {processor.py:161} INFO - Started process (PID=450) to work on /home/airflow/.local/lib/python3.8/site-packages/airflow/example_dags/example_xcom.py
[2024-04-03T08:55:08.473+0000] {processor.py:830} INFO - Processing file /home/airflow/.local/lib/python3.8/site-packages/airflow/example_dags/example_xcom.py for tasks to queue
[2024-04-03T08:55:08.477+0000] {logging_mixin.py:188} INFO - [2024-04-03T08:55:08.476+0000] {dagbag.py:540} INFO - Filling up the DagBag from /home/airflow/.local/lib/python3.8/site-packages/airflow/example_dags/example_xcom.py
[2024-04-03T08:55:08.494+0000] {processor.py:840} INFO - DAG(s) 'example_xcom' retrieved from /home/airflow/.local/lib/python3.8/site-packages/airflow/example_dags/example_xcom.py
[2024-04-03T08:55:08.538+0000] {logging_mixin.py:188} INFO - [2024-04-03T08:55:08.538+0000] {dag.py:3047} INFO - Sync 1 DAGs
[2024-04-03T08:55:08.587+0000] {logging_mixin.py:188} INFO - [2024-04-03T08:55:08.587+0000] {dag.py:3834} INFO - Setting next_dagrun for example_xcom to 2021-01-01 00:00:00+00:00, run_after=2021-01-01 00:00:00+00:00
[2024-04-03T08:55:08.629+0000] {processor.py:183} INFO - Processing /home/airflow/.local/lib/python3.8/site-packages/airflow/example_dags/example_xcom.py took 0.166 seconds
[2024-04-03T08:55:38.741+0000] {processor.py:161} INFO - Started process (PID=508) to work on /home/airflow/.local/lib/python3.8/site-packages/airflow/example_dags/example_xcom.py
[2024-04-03T08:55:38.744+0000] {processor.py:830} INFO - Processing file /home/airflow/.local/lib/python3.8/site-packages/airflow/example_dags/example_xcom.py for tasks to queue
[2024-04-03T08:55:38.748+0000] {logging_mixin.py:188} INFO - [2024-04-03T08:55:38.747+0000] {dagbag.py:540} INFO - Filling up the DagBag from /home/airflow/.local/lib/python3.8/site-packages/airflow/example_dags/example_xcom.py
[2024-04-03T08:55:38.767+0000] {processor.py:840} INFO - DAG(s) 'example_xcom' retrieved from /home/airflow/.local/lib/python3.8/site-packages/airflow/example_dags/example_xcom.py
[2024-04-03T08:55:38.810+0000] {logging_mixin.py:188} INFO - [2024-04-03T08:55:38.810+0000] {dag.py:3047} INFO - Sync 1 DAGs
[2024-04-03T08:55:38.865+0000] {logging_mixin.py:188} INFO - [2024-04-03T08:55:38.864+0000] {dag.py:3834} INFO - Setting next_dagrun for example_xcom to 2021-01-01 00:00:00+00:00, run_after=2021-01-01 00:00:00+00:00
[2024-04-03T08:55:38.918+0000] {processor.py:183} INFO - Processing /home/airflow/.local/lib/python3.8/site-packages/airflow/example_dags/example_xcom.py took 0.185 seconds
[2024-04-03T08:56:09.068+0000] {processor.py:161} INFO - Started process (PID=566) to work on /home/airflow/.local/lib/python3.8/site-packages/airflow/example_dags/example_xcom.py
[2024-04-03T08:56:09.070+0000] {processor.py:830} INFO - Processing file /home/airflow/.local/lib/python3.8/site-packages/airflow/example_dags/example_xcom.py for tasks to queue
[2024-04-03T08:56:09.075+0000] {logging_mixin.py:188} INFO - [2024-04-03T08:56:09.074+0000] {dagbag.py:540} INFO - Filling up the DagBag from /home/airflow/.local/lib/python3.8/site-packages/airflow/example_dags/example_xcom.py
[2024-04-03T08:56:09.092+0000] {processor.py:840} INFO - DAG(s) 'example_xcom' retrieved from /home/airflow/.local/lib/python3.8/site-packages/airflow/example_dags/example_xcom.py
[2024-04-03T08:56:09.137+0000] {logging_mixin.py:188} INFO - [2024-04-03T08:56:09.136+0000] {dag.py:3047} INFO - Sync 1 DAGs
[2024-04-03T08:56:09.188+0000] {logging_mixin.py:188} INFO - [2024-04-03T08:56:09.187+0000] {dag.py:3834} INFO - Setting next_dagrun for example_xcom to 2021-01-01 00:00:00+00:00, run_after=2021-01-01 00:00:00+00:00
[2024-04-03T08:56:09.228+0000] {processor.py:183} INFO - Processing /home/airflow/.local/lib/python3.8/site-packages/airflow/example_dags/example_xcom.py took 0.168 seconds
[2024-04-03T08:56:39.930+0000] {processor.py:161} INFO - Started process (PID=624) to work on /home/airflow/.local/lib/python3.8/site-packages/airflow/example_dags/example_xcom.py
[2024-04-03T08:56:39.935+0000] {processor.py:830} INFO - Processing file /home/airflow/.local/lib/python3.8/site-packages/airflow/example_dags/example_xcom.py for tasks to queue
[2024-04-03T08:56:39.941+0000] {logging_mixin.py:188} INFO - [2024-04-03T08:56:39.941+0000] {dagbag.py:540} INFO - Filling up the DagBag from /home/airflow/.local/lib/python3.8/site-packages/airflow/example_dags/example_xcom.py
[2024-04-03T08:56:39.960+0000] {processor.py:840} INFO - DAG(s) 'example_xcom' retrieved from /home/airflow/.local/lib/python3.8/site-packages/airflow/example_dags/example_xcom.py
[2024-04-03T08:56:40.011+0000] {logging_mixin.py:188} INFO - [2024-04-03T08:56:40.010+0000] {dag.py:3047} INFO - Sync 1 DAGs
[2024-04-03T08:56:40.063+0000] {logging_mixin.py:188} INFO - [2024-04-03T08:56:40.062+0000] {dag.py:3834} INFO - Setting next_dagrun for example_xcom to 2021-01-01 00:00:00+00:00, run_after=2021-01-01 00:00:00+00:00
[2024-04-03T08:56:40.102+0000] {processor.py:183} INFO - Processing /home/airflow/.local/lib/python3.8/site-packages/airflow/example_dags/example_xcom.py took 0.181 seconds
[2024-04-03T08:57:10.512+0000] {processor.py:161} INFO - Started process (PID=682) to work on /home/airflow/.local/lib/python3.8/site-packages/airflow/example_dags/example_xcom.py
[2024-04-03T08:57:10.514+0000] {processor.py:830} INFO - Processing file /home/airflow/.local/lib/python3.8/site-packages/airflow/example_dags/example_xcom.py for tasks to queue
[2024-04-03T08:57:10.519+0000] {logging_mixin.py:188} INFO - [2024-04-03T08:57:10.518+0000] {dagbag.py:540} INFO - Filling up the DagBag from /home/airflow/.local/lib/python3.8/site-packages/airflow/example_dags/example_xcom.py
[2024-04-03T08:57:10.536+0000] {processor.py:840} INFO - DAG(s) 'example_xcom' retrieved from /home/airflow/.local/lib/python3.8/site-packages/airflow/example_dags/example_xcom.py
[2024-04-03T08:57:10.584+0000] {logging_mixin.py:188} INFO - [2024-04-03T08:57:10.584+0000] {dag.py:3047} INFO - Sync 1 DAGs
[2024-04-03T08:57:10.635+0000] {logging_mixin.py:188} INFO - [2024-04-03T08:57:10.635+0000] {dag.py:3834} INFO - Setting next_dagrun for example_xcom to 2021-01-01 00:00:00+00:00, run_after=2021-01-01 00:00:00+00:00
[2024-04-03T08:57:10.674+0000] {processor.py:183} INFO - Processing /home/airflow/.local/lib/python3.8/site-packages/airflow/example_dags/example_xcom.py took 0.170 seconds
[2024-04-03T08:57:40.867+0000] {processor.py:161} INFO - Started process (PID=740) to work on /home/airflow/.local/lib/python3.8/site-packages/airflow/example_dags/example_xcom.py
[2024-04-03T08:57:40.869+0000] {processor.py:830} INFO - Processing file /home/airflow/.local/lib/python3.8/site-packages/airflow/example_dags/example_xcom.py for tasks to queue
[2024-04-03T08:57:40.874+0000] {logging_mixin.py:188} INFO - [2024-04-03T08:57:40.873+0000] {dagbag.py:540} INFO - Filling up the DagBag from /home/airflow/.local/lib/python3.8/site-packages/airflow/example_dags/example_xcom.py
[2024-04-03T08:57:40.890+0000] {processor.py:840} INFO - DAG(s) 'example_xcom' retrieved from /home/airflow/.local/lib/python3.8/site-packages/airflow/example_dags/example_xcom.py
[2024-04-03T08:57:40.938+0000] {logging_mixin.py:188} INFO - [2024-04-03T08:57:40.937+0000] {dag.py:3047} INFO - Sync 1 DAGs
[2024-04-03T08:57:40.987+0000] {logging_mixin.py:188} INFO - [2024-04-03T08:57:40.987+0000] {dag.py:3834} INFO - Setting next_dagrun for example_xcom to 2021-01-01 00:00:00+00:00, run_after=2021-01-01 00:00:00+00:00
[2024-04-03T08:57:41.030+0000] {processor.py:183} INFO - Processing /home/airflow/.local/lib/python3.8/site-packages/airflow/example_dags/example_xcom.py took 0.171 seconds
