[2024-04-03T08:51:42.424+0000] {processor.py:161} INFO - Started process (PID=77) to work on /home/airflow/.local/lib/python3.8/site-packages/airflow/example_dags/example_nested_branch_dag.py
[2024-04-03T08:51:42.426+0000] {processor.py:830} INFO - Processing file /home/airflow/.local/lib/python3.8/site-packages/airflow/example_dags/example_nested_branch_dag.py for tasks to queue
[2024-04-03T08:51:42.430+0000] {logging_mixin.py:188} INFO - [2024-04-03T08:51:42.429+0000] {dagbag.py:540} INFO - Filling up the DagBag from /home/airflow/.local/lib/python3.8/site-packages/airflow/example_dags/example_nested_branch_dag.py
[2024-04-03T08:51:42.454+0000] {processor.py:840} INFO - DAG(s) 'example_nested_branch_dag' retrieved from /home/airflow/.local/lib/python3.8/site-packages/airflow/example_dags/example_nested_branch_dag.py
[2024-04-03T08:51:42.686+0000] {logging_mixin.py:188} INFO - [2024-04-03T08:51:42.686+0000] {dag.py:3047} INFO - Sync 1 DAGs
[2024-04-03T08:51:42.735+0000] {logging_mixin.py:188} INFO - [2024-04-03T08:51:42.735+0000] {dag.py:3834} INFO - Setting next_dagrun for example_nested_branch_dag to 2024-04-02 00:00:00+00:00, run_after=2024-04-03 00:00:00+00:00
[2024-04-03T08:51:42.781+0000] {processor.py:183} INFO - Processing /home/airflow/.local/lib/python3.8/site-packages/airflow/example_dags/example_nested_branch_dag.py took 0.365 seconds
[2024-04-03T08:52:12.832+0000] {processor.py:161} INFO - Started process (PID=135) to work on /home/airflow/.local/lib/python3.8/site-packages/airflow/example_dags/example_nested_branch_dag.py
[2024-04-03T08:52:12.834+0000] {processor.py:830} INFO - Processing file /home/airflow/.local/lib/python3.8/site-packages/airflow/example_dags/example_nested_branch_dag.py for tasks to queue
[2024-04-03T08:52:12.838+0000] {logging_mixin.py:188} INFO - [2024-04-03T08:52:12.837+0000] {dagbag.py:540} INFO - Filling up the DagBag from /home/airflow/.local/lib/python3.8/site-packages/airflow/example_dags/example_nested_branch_dag.py
[2024-04-03T08:52:12.861+0000] {processor.py:840} INFO - DAG(s) 'example_nested_branch_dag' retrieved from /home/airflow/.local/lib/python3.8/site-packages/airflow/example_dags/example_nested_branch_dag.py
[2024-04-03T08:52:12.908+0000] {logging_mixin.py:188} INFO - [2024-04-03T08:52:12.908+0000] {dag.py:3047} INFO - Sync 1 DAGs
[2024-04-03T08:52:12.962+0000] {logging_mixin.py:188} INFO - [2024-04-03T08:52:12.962+0000] {dag.py:3834} INFO - Setting next_dagrun for example_nested_branch_dag to 2024-04-02 00:00:00+00:00, run_after=2024-04-03 00:00:00+00:00
[2024-04-03T08:52:13.010+0000] {processor.py:183} INFO - Processing /home/airflow/.local/lib/python3.8/site-packages/airflow/example_dags/example_nested_branch_dag.py took 0.185 seconds
[2024-04-03T08:52:43.811+0000] {processor.py:161} INFO - Started process (PID=192) to work on /home/airflow/.local/lib/python3.8/site-packages/airflow/example_dags/example_nested_branch_dag.py
[2024-04-03T08:52:43.814+0000] {processor.py:830} INFO - Processing file /home/airflow/.local/lib/python3.8/site-packages/airflow/example_dags/example_nested_branch_dag.py for tasks to queue
[2024-04-03T08:52:43.818+0000] {logging_mixin.py:188} INFO - [2024-04-03T08:52:43.817+0000] {dagbag.py:540} INFO - Filling up the DagBag from /home/airflow/.local/lib/python3.8/site-packages/airflow/example_dags/example_nested_branch_dag.py
[2024-04-03T08:52:43.842+0000] {processor.py:840} INFO - DAG(s) 'example_nested_branch_dag' retrieved from /home/airflow/.local/lib/python3.8/site-packages/airflow/example_dags/example_nested_branch_dag.py
[2024-04-03T08:52:43.888+0000] {logging_mixin.py:188} INFO - [2024-04-03T08:52:43.888+0000] {dag.py:3047} INFO - Sync 1 DAGs
[2024-04-03T08:52:43.941+0000] {logging_mixin.py:188} INFO - [2024-04-03T08:52:43.941+0000] {dag.py:3834} INFO - Setting next_dagrun for example_nested_branch_dag to 2024-04-02 00:00:00+00:00, run_after=2024-04-03 00:00:00+00:00
[2024-04-03T08:52:43.984+0000] {processor.py:183} INFO - Processing /home/airflow/.local/lib/python3.8/site-packages/airflow/example_dags/example_nested_branch_dag.py took 0.180 seconds
[2024-04-03T08:53:14.237+0000] {processor.py:161} INFO - Started process (PID=250) to work on /home/airflow/.local/lib/python3.8/site-packages/airflow/example_dags/example_nested_branch_dag.py
[2024-04-03T08:53:14.240+0000] {processor.py:830} INFO - Processing file /home/airflow/.local/lib/python3.8/site-packages/airflow/example_dags/example_nested_branch_dag.py for tasks to queue
[2024-04-03T08:53:14.244+0000] {logging_mixin.py:188} INFO - [2024-04-03T08:53:14.243+0000] {dagbag.py:540} INFO - Filling up the DagBag from /home/airflow/.local/lib/python3.8/site-packages/airflow/example_dags/example_nested_branch_dag.py
[2024-04-03T08:53:14.268+0000] {processor.py:840} INFO - DAG(s) 'example_nested_branch_dag' retrieved from /home/airflow/.local/lib/python3.8/site-packages/airflow/example_dags/example_nested_branch_dag.py
[2024-04-03T08:53:14.320+0000] {logging_mixin.py:188} INFO - [2024-04-03T08:53:14.319+0000] {dag.py:3047} INFO - Sync 1 DAGs
[2024-04-03T08:53:14.377+0000] {logging_mixin.py:188} INFO - [2024-04-03T08:53:14.376+0000] {dag.py:3834} INFO - Setting next_dagrun for example_nested_branch_dag to 2024-04-02 00:00:00+00:00, run_after=2024-04-03 00:00:00+00:00
[2024-04-03T08:53:14.416+0000] {processor.py:183} INFO - Processing /home/airflow/.local/lib/python3.8/site-packages/airflow/example_dags/example_nested_branch_dag.py took 0.187 seconds
[2024-04-03T08:53:45.003+0000] {processor.py:161} INFO - Started process (PID=308) to work on /home/airflow/.local/lib/python3.8/site-packages/airflow/example_dags/example_nested_branch_dag.py
[2024-04-03T08:53:45.005+0000] {processor.py:830} INFO - Processing file /home/airflow/.local/lib/python3.8/site-packages/airflow/example_dags/example_nested_branch_dag.py for tasks to queue
[2024-04-03T08:53:45.009+0000] {logging_mixin.py:188} INFO - [2024-04-03T08:53:45.008+0000] {dagbag.py:540} INFO - Filling up the DagBag from /home/airflow/.local/lib/python3.8/site-packages/airflow/example_dags/example_nested_branch_dag.py
[2024-04-03T08:53:45.033+0000] {processor.py:840} INFO - DAG(s) 'example_nested_branch_dag' retrieved from /home/airflow/.local/lib/python3.8/site-packages/airflow/example_dags/example_nested_branch_dag.py
[2024-04-03T08:53:45.081+0000] {logging_mixin.py:188} INFO - [2024-04-03T08:53:45.080+0000] {dag.py:3047} INFO - Sync 1 DAGs
[2024-04-03T08:53:45.135+0000] {logging_mixin.py:188} INFO - [2024-04-03T08:53:45.134+0000] {dag.py:3834} INFO - Setting next_dagrun for example_nested_branch_dag to 2024-04-02 00:00:00+00:00, run_after=2024-04-03 00:00:00+00:00
[2024-04-03T08:53:45.174+0000] {processor.py:183} INFO - Processing /home/airflow/.local/lib/python3.8/site-packages/airflow/example_dags/example_nested_branch_dag.py took 0.180 seconds
[2024-04-03T08:54:16.094+0000] {processor.py:161} INFO - Started process (PID=366) to work on /home/airflow/.local/lib/python3.8/site-packages/airflow/example_dags/example_nested_branch_dag.py
[2024-04-03T08:54:16.097+0000] {processor.py:830} INFO - Processing file /home/airflow/.local/lib/python3.8/site-packages/airflow/example_dags/example_nested_branch_dag.py for tasks to queue
[2024-04-03T08:54:16.101+0000] {logging_mixin.py:188} INFO - [2024-04-03T08:54:16.100+0000] {dagbag.py:540} INFO - Filling up the DagBag from /home/airflow/.local/lib/python3.8/site-packages/airflow/example_dags/example_nested_branch_dag.py
[2024-04-03T08:54:16.124+0000] {processor.py:840} INFO - DAG(s) 'example_nested_branch_dag' retrieved from /home/airflow/.local/lib/python3.8/site-packages/airflow/example_dags/example_nested_branch_dag.py
[2024-04-03T08:54:16.173+0000] {logging_mixin.py:188} INFO - [2024-04-03T08:54:16.172+0000] {dag.py:3047} INFO - Sync 1 DAGs
[2024-04-03T08:54:16.227+0000] {logging_mixin.py:188} INFO - [2024-04-03T08:54:16.227+0000] {dag.py:3834} INFO - Setting next_dagrun for example_nested_branch_dag to 2024-04-02 00:00:00+00:00, run_after=2024-04-03 00:00:00+00:00
[2024-04-03T08:54:16.267+0000] {processor.py:183} INFO - Processing /home/airflow/.local/lib/python3.8/site-packages/airflow/example_dags/example_nested_branch_dag.py took 0.180 seconds
[2024-04-03T08:54:46.843+0000] {processor.py:161} INFO - Started process (PID=424) to work on /home/airflow/.local/lib/python3.8/site-packages/airflow/example_dags/example_nested_branch_dag.py
[2024-04-03T08:54:46.845+0000] {processor.py:830} INFO - Processing file /home/airflow/.local/lib/python3.8/site-packages/airflow/example_dags/example_nested_branch_dag.py for tasks to queue
[2024-04-03T08:54:46.849+0000] {logging_mixin.py:188} INFO - [2024-04-03T08:54:46.848+0000] {dagbag.py:540} INFO - Filling up the DagBag from /home/airflow/.local/lib/python3.8/site-packages/airflow/example_dags/example_nested_branch_dag.py
[2024-04-03T08:54:46.873+0000] {processor.py:840} INFO - DAG(s) 'example_nested_branch_dag' retrieved from /home/airflow/.local/lib/python3.8/site-packages/airflow/example_dags/example_nested_branch_dag.py
[2024-04-03T08:54:46.922+0000] {logging_mixin.py:188} INFO - [2024-04-03T08:54:46.922+0000] {dag.py:3047} INFO - Sync 1 DAGs
[2024-04-03T08:54:46.979+0000] {logging_mixin.py:188} INFO - [2024-04-03T08:54:46.978+0000] {dag.py:3834} INFO - Setting next_dagrun for example_nested_branch_dag to 2024-04-02 00:00:00+00:00, run_after=2024-04-03 00:00:00+00:00
[2024-04-03T08:54:47.030+0000] {processor.py:183} INFO - Processing /home/airflow/.local/lib/python3.8/site-packages/airflow/example_dags/example_nested_branch_dag.py took 0.195 seconds
[2024-04-03T08:55:17.524+0000] {processor.py:161} INFO - Started process (PID=482) to work on /home/airflow/.local/lib/python3.8/site-packages/airflow/example_dags/example_nested_branch_dag.py
[2024-04-03T08:55:17.526+0000] {processor.py:830} INFO - Processing file /home/airflow/.local/lib/python3.8/site-packages/airflow/example_dags/example_nested_branch_dag.py for tasks to queue
[2024-04-03T08:55:17.530+0000] {logging_mixin.py:188} INFO - [2024-04-03T08:55:17.530+0000] {dagbag.py:540} INFO - Filling up the DagBag from /home/airflow/.local/lib/python3.8/site-packages/airflow/example_dags/example_nested_branch_dag.py
[2024-04-03T08:55:17.555+0000] {processor.py:840} INFO - DAG(s) 'example_nested_branch_dag' retrieved from /home/airflow/.local/lib/python3.8/site-packages/airflow/example_dags/example_nested_branch_dag.py
[2024-04-03T08:55:17.603+0000] {logging_mixin.py:188} INFO - [2024-04-03T08:55:17.602+0000] {dag.py:3047} INFO - Sync 1 DAGs
[2024-04-03T08:55:17.660+0000] {logging_mixin.py:188} INFO - [2024-04-03T08:55:17.660+0000] {dag.py:3834} INFO - Setting next_dagrun for example_nested_branch_dag to 2024-04-02 00:00:00+00:00, run_after=2024-04-03 00:00:00+00:00
[2024-04-03T08:55:17.701+0000] {processor.py:183} INFO - Processing /home/airflow/.local/lib/python3.8/site-packages/airflow/example_dags/example_nested_branch_dag.py took 0.185 seconds
[2024-04-03T08:55:47.952+0000] {processor.py:161} INFO - Started process (PID=540) to work on /home/airflow/.local/lib/python3.8/site-packages/airflow/example_dags/example_nested_branch_dag.py
[2024-04-03T08:55:47.955+0000] {processor.py:830} INFO - Processing file /home/airflow/.local/lib/python3.8/site-packages/airflow/example_dags/example_nested_branch_dag.py for tasks to queue
[2024-04-03T08:55:47.960+0000] {logging_mixin.py:188} INFO - [2024-04-03T08:55:47.959+0000] {dagbag.py:540} INFO - Filling up the DagBag from /home/airflow/.local/lib/python3.8/site-packages/airflow/example_dags/example_nested_branch_dag.py
[2024-04-03T08:55:47.985+0000] {processor.py:840} INFO - DAG(s) 'example_nested_branch_dag' retrieved from /home/airflow/.local/lib/python3.8/site-packages/airflow/example_dags/example_nested_branch_dag.py
[2024-04-03T08:55:48.033+0000] {logging_mixin.py:188} INFO - [2024-04-03T08:55:48.033+0000] {dag.py:3047} INFO - Sync 1 DAGs
[2024-04-03T08:55:48.087+0000] {logging_mixin.py:188} INFO - [2024-04-03T08:55:48.087+0000] {dag.py:3834} INFO - Setting next_dagrun for example_nested_branch_dag to 2024-04-02 00:00:00+00:00, run_after=2024-04-03 00:00:00+00:00
[2024-04-03T08:55:48.127+0000] {processor.py:183} INFO - Processing /home/airflow/.local/lib/python3.8/site-packages/airflow/example_dags/example_nested_branch_dag.py took 0.195 seconds
[2024-04-03T08:56:18.950+0000] {processor.py:161} INFO - Started process (PID=598) to work on /home/airflow/.local/lib/python3.8/site-packages/airflow/example_dags/example_nested_branch_dag.py
[2024-04-03T08:56:18.952+0000] {processor.py:830} INFO - Processing file /home/airflow/.local/lib/python3.8/site-packages/airflow/example_dags/example_nested_branch_dag.py for tasks to queue
[2024-04-03T08:56:18.956+0000] {logging_mixin.py:188} INFO - [2024-04-03T08:56:18.956+0000] {dagbag.py:540} INFO - Filling up the DagBag from /home/airflow/.local/lib/python3.8/site-packages/airflow/example_dags/example_nested_branch_dag.py
[2024-04-03T08:56:18.981+0000] {processor.py:840} INFO - DAG(s) 'example_nested_branch_dag' retrieved from /home/airflow/.local/lib/python3.8/site-packages/airflow/example_dags/example_nested_branch_dag.py
[2024-04-03T08:56:19.034+0000] {logging_mixin.py:188} INFO - [2024-04-03T08:56:19.034+0000] {dag.py:3047} INFO - Sync 1 DAGs
[2024-04-03T08:56:19.088+0000] {logging_mixin.py:188} INFO - [2024-04-03T08:56:19.088+0000] {dag.py:3834} INFO - Setting next_dagrun for example_nested_branch_dag to 2024-04-02 00:00:00+00:00, run_after=2024-04-03 00:00:00+00:00
[2024-04-03T08:56:19.130+0000] {processor.py:183} INFO - Processing /home/airflow/.local/lib/python3.8/site-packages/airflow/example_dags/example_nested_branch_dag.py took 0.188 seconds
[2024-04-03T08:56:49.957+0000] {processor.py:161} INFO - Started process (PID=656) to work on /home/airflow/.local/lib/python3.8/site-packages/airflow/example_dags/example_nested_branch_dag.py
[2024-04-03T08:56:49.960+0000] {processor.py:830} INFO - Processing file /home/airflow/.local/lib/python3.8/site-packages/airflow/example_dags/example_nested_branch_dag.py for tasks to queue
[2024-04-03T08:56:49.964+0000] {logging_mixin.py:188} INFO - [2024-04-03T08:56:49.963+0000] {dagbag.py:540} INFO - Filling up the DagBag from /home/airflow/.local/lib/python3.8/site-packages/airflow/example_dags/example_nested_branch_dag.py
[2024-04-03T08:56:49.988+0000] {processor.py:840} INFO - DAG(s) 'example_nested_branch_dag' retrieved from /home/airflow/.local/lib/python3.8/site-packages/airflow/example_dags/example_nested_branch_dag.py
[2024-04-03T08:56:50.037+0000] {logging_mixin.py:188} INFO - [2024-04-03T08:56:50.036+0000] {dag.py:3047} INFO - Sync 1 DAGs
[2024-04-03T08:56:50.090+0000] {logging_mixin.py:188} INFO - [2024-04-03T08:56:50.090+0000] {dag.py:3834} INFO - Setting next_dagrun for example_nested_branch_dag to 2024-04-02 00:00:00+00:00, run_after=2024-04-03 00:00:00+00:00
[2024-04-03T08:56:50.129+0000] {processor.py:183} INFO - Processing /home/airflow/.local/lib/python3.8/site-packages/airflow/example_dags/example_nested_branch_dag.py took 0.180 seconds
[2024-04-03T08:57:20.367+0000] {processor.py:161} INFO - Started process (PID=714) to work on /home/airflow/.local/lib/python3.8/site-packages/airflow/example_dags/example_nested_branch_dag.py
[2024-04-03T08:57:20.370+0000] {processor.py:830} INFO - Processing file /home/airflow/.local/lib/python3.8/site-packages/airflow/example_dags/example_nested_branch_dag.py for tasks to queue
[2024-04-03T08:57:20.374+0000] {logging_mixin.py:188} INFO - [2024-04-03T08:57:20.373+0000] {dagbag.py:540} INFO - Filling up the DagBag from /home/airflow/.local/lib/python3.8/site-packages/airflow/example_dags/example_nested_branch_dag.py
[2024-04-03T08:57:20.399+0000] {processor.py:840} INFO - DAG(s) 'example_nested_branch_dag' retrieved from /home/airflow/.local/lib/python3.8/site-packages/airflow/example_dags/example_nested_branch_dag.py
[2024-04-03T08:57:20.448+0000] {logging_mixin.py:188} INFO - [2024-04-03T08:57:20.447+0000] {dag.py:3047} INFO - Sync 1 DAGs
[2024-04-03T08:57:20.502+0000] {logging_mixin.py:188} INFO - [2024-04-03T08:57:20.501+0000] {dag.py:3834} INFO - Setting next_dagrun for example_nested_branch_dag to 2024-04-02 00:00:00+00:00, run_after=2024-04-03 00:00:00+00:00
[2024-04-03T08:57:20.542+0000] {processor.py:183} INFO - Processing /home/airflow/.local/lib/python3.8/site-packages/airflow/example_dags/example_nested_branch_dag.py took 0.184 seconds
