[2024-04-03T08:51:41.251+0000] {processor.py:161} INFO - Started process (PID=72) to work on /home/airflow/.local/lib/python3.8/site-packages/airflow/example_dags/example_external_task_marker_dag.py
[2024-04-03T08:51:41.253+0000] {processor.py:830} INFO - Processing file /home/airflow/.local/lib/python3.8/site-packages/airflow/example_dags/example_external_task_marker_dag.py for tasks to queue
[2024-04-03T08:51:41.258+0000] {logging_mixin.py:188} INFO - [2024-04-03T08:51:41.257+0000] {dagbag.py:540} INFO - Filling up the DagBag from /home/airflow/.local/lib/python3.8/site-packages/airflow/example_dags/example_external_task_marker_dag.py
[2024-04-03T08:51:41.273+0000] {processor.py:840} INFO - DAG(s) 'example_external_task_marker_child', 'example_external_task_marker_parent' retrieved from /home/airflow/.local/lib/python3.8/site-packages/airflow/example_dags/example_external_task_marker_dag.py
[2024-04-03T08:51:41.534+0000] {logging_mixin.py:188} INFO - [2024-04-03T08:51:41.534+0000] {dag.py:3047} INFO - Sync 2 DAGs
[2024-04-03T08:51:41.559+0000] {logging_mixin.py:188} INFO - [2024-04-03T08:51:41.558+0000] {dag.py:3834} INFO - Setting next_dagrun for example_external_task_marker_child to None, run_after=None
[2024-04-03T08:51:41.566+0000] {logging_mixin.py:188} INFO - [2024-04-03T08:51:41.565+0000] {dag.py:3834} INFO - Setting next_dagrun for example_external_task_marker_parent to None, run_after=None
[2024-04-03T08:51:41.607+0000] {processor.py:183} INFO - Processing /home/airflow/.local/lib/python3.8/site-packages/airflow/example_dags/example_external_task_marker_dag.py took 0.364 seconds
[2024-04-03T08:52:12.279+0000] {processor.py:161} INFO - Started process (PID=130) to work on /home/airflow/.local/lib/python3.8/site-packages/airflow/example_dags/example_external_task_marker_dag.py
[2024-04-03T08:52:12.282+0000] {processor.py:830} INFO - Processing file /home/airflow/.local/lib/python3.8/site-packages/airflow/example_dags/example_external_task_marker_dag.py for tasks to queue
[2024-04-03T08:52:12.286+0000] {logging_mixin.py:188} INFO - [2024-04-03T08:52:12.285+0000] {dagbag.py:540} INFO - Filling up the DagBag from /home/airflow/.local/lib/python3.8/site-packages/airflow/example_dags/example_external_task_marker_dag.py
[2024-04-03T08:52:12.300+0000] {processor.py:840} INFO - DAG(s) 'example_external_task_marker_parent', 'example_external_task_marker_child' retrieved from /home/airflow/.local/lib/python3.8/site-packages/airflow/example_dags/example_external_task_marker_dag.py
[2024-04-03T08:52:12.352+0000] {logging_mixin.py:188} INFO - [2024-04-03T08:52:12.352+0000] {dag.py:3047} INFO - Sync 2 DAGs
[2024-04-03T08:52:12.382+0000] {logging_mixin.py:188} INFO - [2024-04-03T08:52:12.381+0000] {dag.py:3834} INFO - Setting next_dagrun for example_external_task_marker_child to None, run_after=None
[2024-04-03T08:52:12.390+0000] {logging_mixin.py:188} INFO - [2024-04-03T08:52:12.390+0000] {dag.py:3834} INFO - Setting next_dagrun for example_external_task_marker_parent to None, run_after=None
[2024-04-03T08:52:12.426+0000] {processor.py:183} INFO - Processing /home/airflow/.local/lib/python3.8/site-packages/airflow/example_dags/example_external_task_marker_dag.py took 0.154 seconds
[2024-04-03T08:52:42.992+0000] {processor.py:161} INFO - Started process (PID=187) to work on /home/airflow/.local/lib/python3.8/site-packages/airflow/example_dags/example_external_task_marker_dag.py
[2024-04-03T08:52:42.994+0000] {processor.py:830} INFO - Processing file /home/airflow/.local/lib/python3.8/site-packages/airflow/example_dags/example_external_task_marker_dag.py for tasks to queue
[2024-04-03T08:52:42.998+0000] {logging_mixin.py:188} INFO - [2024-04-03T08:52:42.997+0000] {dagbag.py:540} INFO - Filling up the DagBag from /home/airflow/.local/lib/python3.8/site-packages/airflow/example_dags/example_external_task_marker_dag.py
[2024-04-03T08:52:43.012+0000] {processor.py:840} INFO - DAG(s) 'example_external_task_marker_parent', 'example_external_task_marker_child' retrieved from /home/airflow/.local/lib/python3.8/site-packages/airflow/example_dags/example_external_task_marker_dag.py
[2024-04-03T08:52:43.066+0000] {logging_mixin.py:188} INFO - [2024-04-03T08:52:43.065+0000] {dag.py:3047} INFO - Sync 2 DAGs
[2024-04-03T08:52:43.096+0000] {logging_mixin.py:188} INFO - [2024-04-03T08:52:43.095+0000] {dag.py:3834} INFO - Setting next_dagrun for example_external_task_marker_child to None, run_after=None
[2024-04-03T08:52:43.104+0000] {logging_mixin.py:188} INFO - [2024-04-03T08:52:43.103+0000] {dag.py:3834} INFO - Setting next_dagrun for example_external_task_marker_parent to None, run_after=None
[2024-04-03T08:52:43.139+0000] {processor.py:183} INFO - Processing /home/airflow/.local/lib/python3.8/site-packages/airflow/example_dags/example_external_task_marker_dag.py took 0.155 seconds
[2024-04-03T08:53:13.383+0000] {processor.py:161} INFO - Started process (PID=244) to work on /home/airflow/.local/lib/python3.8/site-packages/airflow/example_dags/example_external_task_marker_dag.py
[2024-04-03T08:53:13.386+0000] {processor.py:830} INFO - Processing file /home/airflow/.local/lib/python3.8/site-packages/airflow/example_dags/example_external_task_marker_dag.py for tasks to queue
[2024-04-03T08:53:13.390+0000] {logging_mixin.py:188} INFO - [2024-04-03T08:53:13.389+0000] {dagbag.py:540} INFO - Filling up the DagBag from /home/airflow/.local/lib/python3.8/site-packages/airflow/example_dags/example_external_task_marker_dag.py
[2024-04-03T08:53:13.406+0000] {processor.py:840} INFO - DAG(s) 'example_external_task_marker_parent', 'example_external_task_marker_child' retrieved from /home/airflow/.local/lib/python3.8/site-packages/airflow/example_dags/example_external_task_marker_dag.py
[2024-04-03T08:53:13.459+0000] {logging_mixin.py:188} INFO - [2024-04-03T08:53:13.458+0000] {dag.py:3047} INFO - Sync 2 DAGs
[2024-04-03T08:53:13.489+0000] {logging_mixin.py:188} INFO - [2024-04-03T08:53:13.489+0000] {dag.py:3834} INFO - Setting next_dagrun for example_external_task_marker_child to None, run_after=None
[2024-04-03T08:53:13.498+0000] {logging_mixin.py:188} INFO - [2024-04-03T08:53:13.497+0000] {dag.py:3834} INFO - Setting next_dagrun for example_external_task_marker_parent to None, run_after=None
[2024-04-03T08:53:13.534+0000] {processor.py:183} INFO - Processing /home/airflow/.local/lib/python3.8/site-packages/airflow/example_dags/example_external_task_marker_dag.py took 0.160 seconds
[2024-04-03T08:53:44.164+0000] {processor.py:161} INFO - Started process (PID=302) to work on /home/airflow/.local/lib/python3.8/site-packages/airflow/example_dags/example_external_task_marker_dag.py
[2024-04-03T08:53:44.167+0000] {processor.py:830} INFO - Processing file /home/airflow/.local/lib/python3.8/site-packages/airflow/example_dags/example_external_task_marker_dag.py for tasks to queue
[2024-04-03T08:53:44.171+0000] {logging_mixin.py:188} INFO - [2024-04-03T08:53:44.171+0000] {dagbag.py:540} INFO - Filling up the DagBag from /home/airflow/.local/lib/python3.8/site-packages/airflow/example_dags/example_external_task_marker_dag.py
[2024-04-03T08:53:44.185+0000] {processor.py:840} INFO - DAG(s) 'example_external_task_marker_parent', 'example_external_task_marker_child' retrieved from /home/airflow/.local/lib/python3.8/site-packages/airflow/example_dags/example_external_task_marker_dag.py
[2024-04-03T08:53:44.238+0000] {logging_mixin.py:188} INFO - [2024-04-03T08:53:44.238+0000] {dag.py:3047} INFO - Sync 2 DAGs
[2024-04-03T08:53:44.269+0000] {logging_mixin.py:188} INFO - [2024-04-03T08:53:44.268+0000] {dag.py:3834} INFO - Setting next_dagrun for example_external_task_marker_child to None, run_after=None
[2024-04-03T08:53:44.277+0000] {logging_mixin.py:188} INFO - [2024-04-03T08:53:44.277+0000] {dag.py:3834} INFO - Setting next_dagrun for example_external_task_marker_parent to None, run_after=None
[2024-04-03T08:53:44.312+0000] {processor.py:183} INFO - Processing /home/airflow/.local/lib/python3.8/site-packages/airflow/example_dags/example_external_task_marker_dag.py took 0.156 seconds
[2024-04-03T08:54:14.763+0000] {processor.py:161} INFO - Started process (PID=360) to work on /home/airflow/.local/lib/python3.8/site-packages/airflow/example_dags/example_external_task_marker_dag.py
[2024-04-03T08:54:14.765+0000] {processor.py:830} INFO - Processing file /home/airflow/.local/lib/python3.8/site-packages/airflow/example_dags/example_external_task_marker_dag.py for tasks to queue
[2024-04-03T08:54:14.769+0000] {logging_mixin.py:188} INFO - [2024-04-03T08:54:14.768+0000] {dagbag.py:540} INFO - Filling up the DagBag from /home/airflow/.local/lib/python3.8/site-packages/airflow/example_dags/example_external_task_marker_dag.py
[2024-04-03T08:54:14.783+0000] {processor.py:840} INFO - DAG(s) 'example_external_task_marker_child', 'example_external_task_marker_parent' retrieved from /home/airflow/.local/lib/python3.8/site-packages/airflow/example_dags/example_external_task_marker_dag.py
[2024-04-03T08:54:14.844+0000] {logging_mixin.py:188} INFO - [2024-04-03T08:54:14.844+0000] {dag.py:3047} INFO - Sync 2 DAGs
[2024-04-03T08:54:14.874+0000] {logging_mixin.py:188} INFO - [2024-04-03T08:54:14.874+0000] {dag.py:3834} INFO - Setting next_dagrun for example_external_task_marker_child to None, run_after=None
[2024-04-03T08:54:14.882+0000] {logging_mixin.py:188} INFO - [2024-04-03T08:54:14.882+0000] {dag.py:3834} INFO - Setting next_dagrun for example_external_task_marker_parent to None, run_after=None
[2024-04-03T08:54:14.918+0000] {processor.py:183} INFO - Processing /home/airflow/.local/lib/python3.8/site-packages/airflow/example_dags/example_external_task_marker_dag.py took 0.164 seconds
[2024-04-03T08:54:45.113+0000] {processor.py:161} INFO - Started process (PID=418) to work on /home/airflow/.local/lib/python3.8/site-packages/airflow/example_dags/example_external_task_marker_dag.py
[2024-04-03T08:54:45.115+0000] {processor.py:830} INFO - Processing file /home/airflow/.local/lib/python3.8/site-packages/airflow/example_dags/example_external_task_marker_dag.py for tasks to queue
[2024-04-03T08:54:45.119+0000] {logging_mixin.py:188} INFO - [2024-04-03T08:54:45.118+0000] {dagbag.py:540} INFO - Filling up the DagBag from /home/airflow/.local/lib/python3.8/site-packages/airflow/example_dags/example_external_task_marker_dag.py
[2024-04-03T08:54:45.133+0000] {processor.py:840} INFO - DAG(s) 'example_external_task_marker_parent', 'example_external_task_marker_child' retrieved from /home/airflow/.local/lib/python3.8/site-packages/airflow/example_dags/example_external_task_marker_dag.py
[2024-04-03T08:54:45.185+0000] {logging_mixin.py:188} INFO - [2024-04-03T08:54:45.184+0000] {dag.py:3047} INFO - Sync 2 DAGs
[2024-04-03T08:54:45.214+0000] {logging_mixin.py:188} INFO - [2024-04-03T08:54:45.214+0000] {dag.py:3834} INFO - Setting next_dagrun for example_external_task_marker_child to None, run_after=None
[2024-04-03T08:54:45.223+0000] {logging_mixin.py:188} INFO - [2024-04-03T08:54:45.222+0000] {dag.py:3834} INFO - Setting next_dagrun for example_external_task_marker_parent to None, run_after=None
[2024-04-03T08:54:45.257+0000] {processor.py:183} INFO - Processing /home/airflow/.local/lib/python3.8/site-packages/airflow/example_dags/example_external_task_marker_dag.py took 0.153 seconds
[2024-04-03T08:55:15.792+0000] {processor.py:161} INFO - Started process (PID=476) to work on /home/airflow/.local/lib/python3.8/site-packages/airflow/example_dags/example_external_task_marker_dag.py
[2024-04-03T08:55:15.794+0000] {processor.py:830} INFO - Processing file /home/airflow/.local/lib/python3.8/site-packages/airflow/example_dags/example_external_task_marker_dag.py for tasks to queue
[2024-04-03T08:55:15.798+0000] {logging_mixin.py:188} INFO - [2024-04-03T08:55:15.798+0000] {dagbag.py:540} INFO - Filling up the DagBag from /home/airflow/.local/lib/python3.8/site-packages/airflow/example_dags/example_external_task_marker_dag.py
[2024-04-03T08:55:15.812+0000] {processor.py:840} INFO - DAG(s) 'example_external_task_marker_parent', 'example_external_task_marker_child' retrieved from /home/airflow/.local/lib/python3.8/site-packages/airflow/example_dags/example_external_task_marker_dag.py
[2024-04-03T08:55:15.865+0000] {logging_mixin.py:188} INFO - [2024-04-03T08:55:15.865+0000] {dag.py:3047} INFO - Sync 2 DAGs
[2024-04-03T08:55:15.896+0000] {logging_mixin.py:188} INFO - [2024-04-03T08:55:15.896+0000] {dag.py:3834} INFO - Setting next_dagrun for example_external_task_marker_child to None, run_after=None
[2024-04-03T08:55:15.904+0000] {logging_mixin.py:188} INFO - [2024-04-03T08:55:15.904+0000] {dag.py:3834} INFO - Setting next_dagrun for example_external_task_marker_parent to None, run_after=None
[2024-04-03T08:55:15.940+0000] {processor.py:183} INFO - Processing /home/airflow/.local/lib/python3.8/site-packages/airflow/example_dags/example_external_task_marker_dag.py took 0.156 seconds
[2024-04-03T08:55:46.184+0000] {processor.py:161} INFO - Started process (PID=534) to work on /home/airflow/.local/lib/python3.8/site-packages/airflow/example_dags/example_external_task_marker_dag.py
[2024-04-03T08:55:46.187+0000] {processor.py:830} INFO - Processing file /home/airflow/.local/lib/python3.8/site-packages/airflow/example_dags/example_external_task_marker_dag.py for tasks to queue
[2024-04-03T08:55:46.191+0000] {logging_mixin.py:188} INFO - [2024-04-03T08:55:46.190+0000] {dagbag.py:540} INFO - Filling up the DagBag from /home/airflow/.local/lib/python3.8/site-packages/airflow/example_dags/example_external_task_marker_dag.py
[2024-04-03T08:55:46.205+0000] {processor.py:840} INFO - DAG(s) 'example_external_task_marker_parent', 'example_external_task_marker_child' retrieved from /home/airflow/.local/lib/python3.8/site-packages/airflow/example_dags/example_external_task_marker_dag.py
[2024-04-03T08:55:46.257+0000] {logging_mixin.py:188} INFO - [2024-04-03T08:55:46.256+0000] {dag.py:3047} INFO - Sync 2 DAGs
[2024-04-03T08:55:46.287+0000] {logging_mixin.py:188} INFO - [2024-04-03T08:55:46.286+0000] {dag.py:3834} INFO - Setting next_dagrun for example_external_task_marker_child to None, run_after=None
[2024-04-03T08:55:46.298+0000] {logging_mixin.py:188} INFO - [2024-04-03T08:55:46.298+0000] {dag.py:3834} INFO - Setting next_dagrun for example_external_task_marker_parent to None, run_after=None
[2024-04-03T08:55:46.334+0000] {processor.py:183} INFO - Processing /home/airflow/.local/lib/python3.8/site-packages/airflow/example_dags/example_external_task_marker_dag.py took 0.157 seconds
[2024-04-03T08:56:17.213+0000] {processor.py:161} INFO - Started process (PID=592) to work on /home/airflow/.local/lib/python3.8/site-packages/airflow/example_dags/example_external_task_marker_dag.py
[2024-04-03T08:56:17.216+0000] {processor.py:830} INFO - Processing file /home/airflow/.local/lib/python3.8/site-packages/airflow/example_dags/example_external_task_marker_dag.py for tasks to queue
[2024-04-03T08:56:17.220+0000] {logging_mixin.py:188} INFO - [2024-04-03T08:56:17.219+0000] {dagbag.py:540} INFO - Filling up the DagBag from /home/airflow/.local/lib/python3.8/site-packages/airflow/example_dags/example_external_task_marker_dag.py
[2024-04-03T08:56:17.234+0000] {processor.py:840} INFO - DAG(s) 'example_external_task_marker_child', 'example_external_task_marker_parent' retrieved from /home/airflow/.local/lib/python3.8/site-packages/airflow/example_dags/example_external_task_marker_dag.py
[2024-04-03T08:56:17.288+0000] {logging_mixin.py:188} INFO - [2024-04-03T08:56:17.288+0000] {dag.py:3047} INFO - Sync 2 DAGs
[2024-04-03T08:56:17.318+0000] {logging_mixin.py:188} INFO - [2024-04-03T08:56:17.318+0000] {dag.py:3834} INFO - Setting next_dagrun for example_external_task_marker_child to None, run_after=None
[2024-04-03T08:56:17.327+0000] {logging_mixin.py:188} INFO - [2024-04-03T08:56:17.326+0000] {dag.py:3834} INFO - Setting next_dagrun for example_external_task_marker_parent to None, run_after=None
[2024-04-03T08:56:17.362+0000] {processor.py:183} INFO - Processing /home/airflow/.local/lib/python3.8/site-packages/airflow/example_dags/example_external_task_marker_dag.py took 0.157 seconds
[2024-04-03T08:56:48.213+0000] {processor.py:161} INFO - Started process (PID=650) to work on /home/airflow/.local/lib/python3.8/site-packages/airflow/example_dags/example_external_task_marker_dag.py
[2024-04-03T08:56:48.216+0000] {processor.py:830} INFO - Processing file /home/airflow/.local/lib/python3.8/site-packages/airflow/example_dags/example_external_task_marker_dag.py for tasks to queue
[2024-04-03T08:56:48.220+0000] {logging_mixin.py:188} INFO - [2024-04-03T08:56:48.219+0000] {dagbag.py:540} INFO - Filling up the DagBag from /home/airflow/.local/lib/python3.8/site-packages/airflow/example_dags/example_external_task_marker_dag.py
[2024-04-03T08:56:48.234+0000] {processor.py:840} INFO - DAG(s) 'example_external_task_marker_parent', 'example_external_task_marker_child' retrieved from /home/airflow/.local/lib/python3.8/site-packages/airflow/example_dags/example_external_task_marker_dag.py
[2024-04-03T08:56:48.286+0000] {logging_mixin.py:188} INFO - [2024-04-03T08:56:48.286+0000] {dag.py:3047} INFO - Sync 2 DAGs
[2024-04-03T08:56:48.316+0000] {logging_mixin.py:188} INFO - [2024-04-03T08:56:48.316+0000] {dag.py:3834} INFO - Setting next_dagrun for example_external_task_marker_child to None, run_after=None
[2024-04-03T08:56:48.325+0000] {logging_mixin.py:188} INFO - [2024-04-03T08:56:48.324+0000] {dag.py:3834} INFO - Setting next_dagrun for example_external_task_marker_parent to None, run_after=None
[2024-04-03T08:56:48.360+0000] {processor.py:183} INFO - Processing /home/airflow/.local/lib/python3.8/site-packages/airflow/example_dags/example_external_task_marker_dag.py took 0.156 seconds
[2024-04-03T08:57:18.619+0000] {processor.py:161} INFO - Started process (PID=708) to work on /home/airflow/.local/lib/python3.8/site-packages/airflow/example_dags/example_external_task_marker_dag.py
[2024-04-03T08:57:18.621+0000] {processor.py:830} INFO - Processing file /home/airflow/.local/lib/python3.8/site-packages/airflow/example_dags/example_external_task_marker_dag.py for tasks to queue
[2024-04-03T08:57:18.626+0000] {logging_mixin.py:188} INFO - [2024-04-03T08:57:18.625+0000] {dagbag.py:540} INFO - Filling up the DagBag from /home/airflow/.local/lib/python3.8/site-packages/airflow/example_dags/example_external_task_marker_dag.py
[2024-04-03T08:57:18.640+0000] {processor.py:840} INFO - DAG(s) 'example_external_task_marker_parent', 'example_external_task_marker_child' retrieved from /home/airflow/.local/lib/python3.8/site-packages/airflow/example_dags/example_external_task_marker_dag.py
[2024-04-03T08:57:18.692+0000] {logging_mixin.py:188} INFO - [2024-04-03T08:57:18.691+0000] {dag.py:3047} INFO - Sync 2 DAGs
[2024-04-03T08:57:18.722+0000] {logging_mixin.py:188} INFO - [2024-04-03T08:57:18.722+0000] {dag.py:3834} INFO - Setting next_dagrun for example_external_task_marker_child to None, run_after=None
[2024-04-03T08:57:18.731+0000] {logging_mixin.py:188} INFO - [2024-04-03T08:57:18.730+0000] {dag.py:3834} INFO - Setting next_dagrun for example_external_task_marker_parent to None, run_after=None
[2024-04-03T08:57:18.766+0000] {processor.py:183} INFO - Processing /home/airflow/.local/lib/python3.8/site-packages/airflow/example_dags/example_external_task_marker_dag.py took 0.155 seconds
