[2024-04-03T08:51:34.234+0000] {processor.py:161} INFO - Started process (PID=46) to work on /home/airflow/.local/lib/python3.8/site-packages/airflow/example_dags/example_datasets.py
[2024-04-03T08:51:34.236+0000] {processor.py:830} INFO - Processing file /home/airflow/.local/lib/python3.8/site-packages/airflow/example_dags/example_datasets.py for tasks to queue
[2024-04-03T08:51:34.241+0000] {logging_mixin.py:188} INFO - [2024-04-03T08:51:34.240+0000] {dagbag.py:540} INFO - Filling up the DagBag from /home/airflow/.local/lib/python3.8/site-packages/airflow/example_dags/example_datasets.py
[2024-04-03T08:51:34.276+0000] {processor.py:840} INFO - DAG(s) 'dataset_consumes_1_and_2', 'dataset_consumes_1', 'dataset_produces_2', 'dataset_produces_1', 'dataset_consumes_unknown_never_scheduled', 'dataset_consumes_1_never_scheduled' retrieved from /home/airflow/.local/lib/python3.8/site-packages/airflow/example_dags/example_datasets.py
[2024-04-03T08:51:34.809+0000] {logging_mixin.py:188} INFO - [2024-04-03T08:51:34.808+0000] {dag.py:3047} INFO - Sync 6 DAGs
[2024-04-03T08:51:34.860+0000] {logging_mixin.py:188} INFO - [2024-04-03T08:51:34.859+0000] {dag.py:3834} INFO - Setting next_dagrun for dataset_consumes_1 to None, run_after=None
[2024-04-03T08:51:34.866+0000] {logging_mixin.py:188} INFO - [2024-04-03T08:51:34.866+0000] {dag.py:3834} INFO - Setting next_dagrun for dataset_consumes_1_and_2 to None, run_after=None
[2024-04-03T08:51:34.870+0000] {logging_mixin.py:188} INFO - [2024-04-03T08:51:34.869+0000] {dag.py:3834} INFO - Setting next_dagrun for dataset_consumes_1_never_scheduled to None, run_after=None
[2024-04-03T08:51:34.873+0000] {logging_mixin.py:188} INFO - [2024-04-03T08:51:34.872+0000] {dag.py:3834} INFO - Setting next_dagrun for dataset_consumes_unknown_never_scheduled to None, run_after=None
[2024-04-03T08:51:34.880+0000] {logging_mixin.py:188} INFO - [2024-04-03T08:51:34.880+0000] {dag.py:3834} INFO - Setting next_dagrun for dataset_produces_1 to 2024-04-02 00:00:00+00:00, run_after=2024-04-03 00:00:00+00:00
[2024-04-03T08:51:34.883+0000] {logging_mixin.py:188} INFO - [2024-04-03T08:51:34.883+0000] {dag.py:3834} INFO - Setting next_dagrun for dataset_produces_2 to None, run_after=None
[2024-04-03T08:51:34.956+0000] {processor.py:183} INFO - Processing /home/airflow/.local/lib/python3.8/site-packages/airflow/example_dags/example_datasets.py took 0.730 seconds
[2024-04-03T08:52:05.444+0000] {processor.py:161} INFO - Started process (PID=104) to work on /home/airflow/.local/lib/python3.8/site-packages/airflow/example_dags/example_datasets.py
[2024-04-03T08:52:05.446+0000] {processor.py:830} INFO - Processing file /home/airflow/.local/lib/python3.8/site-packages/airflow/example_dags/example_datasets.py for tasks to queue
[2024-04-03T08:52:05.450+0000] {logging_mixin.py:188} INFO - [2024-04-03T08:52:05.450+0000] {dagbag.py:540} INFO - Filling up the DagBag from /home/airflow/.local/lib/python3.8/site-packages/airflow/example_dags/example_datasets.py
[2024-04-03T08:52:05.482+0000] {processor.py:840} INFO - DAG(s) 'dataset_consumes_1_and_2', 'dataset_produces_2', 'dataset_consumes_1', 'dataset_consumes_1_never_scheduled', 'dataset_produces_1', 'dataset_consumes_unknown_never_scheduled' retrieved from /home/airflow/.local/lib/python3.8/site-packages/airflow/example_dags/example_datasets.py
[2024-04-03T08:52:05.597+0000] {logging_mixin.py:188} INFO - [2024-04-03T08:52:05.597+0000] {dag.py:3047} INFO - Sync 6 DAGs
[2024-04-03T08:52:05.664+0000] {logging_mixin.py:188} INFO - [2024-04-03T08:52:05.663+0000] {dag.py:3834} INFO - Setting next_dagrun for dataset_consumes_1 to None, run_after=None
[2024-04-03T08:52:05.672+0000] {logging_mixin.py:188} INFO - [2024-04-03T08:52:05.671+0000] {dag.py:3834} INFO - Setting next_dagrun for dataset_consumes_1_and_2 to None, run_after=None
[2024-04-03T08:52:05.675+0000] {logging_mixin.py:188} INFO - [2024-04-03T08:52:05.674+0000] {dag.py:3834} INFO - Setting next_dagrun for dataset_consumes_1_never_scheduled to None, run_after=None
[2024-04-03T08:52:05.677+0000] {logging_mixin.py:188} INFO - [2024-04-03T08:52:05.677+0000] {dag.py:3834} INFO - Setting next_dagrun for dataset_consumes_unknown_never_scheduled to None, run_after=None
[2024-04-03T08:52:05.684+0000] {logging_mixin.py:188} INFO - [2024-04-03T08:52:05.684+0000] {dag.py:3834} INFO - Setting next_dagrun for dataset_produces_1 to 2024-04-02 00:00:00+00:00, run_after=2024-04-03 00:00:00+00:00
[2024-04-03T08:52:05.687+0000] {logging_mixin.py:188} INFO - [2024-04-03T08:52:05.687+0000] {dag.py:3834} INFO - Setting next_dagrun for dataset_produces_2 to None, run_after=None
[2024-04-03T08:52:05.741+0000] {processor.py:183} INFO - Processing /home/airflow/.local/lib/python3.8/site-packages/airflow/example_dags/example_datasets.py took 0.305 seconds
[2024-04-03T08:52:35.893+0000] {processor.py:161} INFO - Started process (PID=161) to work on /home/airflow/.local/lib/python3.8/site-packages/airflow/example_dags/example_datasets.py
[2024-04-03T08:52:35.896+0000] {processor.py:830} INFO - Processing file /home/airflow/.local/lib/python3.8/site-packages/airflow/example_dags/example_datasets.py for tasks to queue
[2024-04-03T08:52:35.900+0000] {logging_mixin.py:188} INFO - [2024-04-03T08:52:35.899+0000] {dagbag.py:540} INFO - Filling up the DagBag from /home/airflow/.local/lib/python3.8/site-packages/airflow/example_dags/example_datasets.py
[2024-04-03T08:52:35.922+0000] {processor.py:840} INFO - DAG(s) 'dataset_consumes_unknown_never_scheduled', 'dataset_produces_2', 'dataset_consumes_1_and_2', 'dataset_produces_1', 'dataset_consumes_1_never_scheduled', 'dataset_consumes_1' retrieved from /home/airflow/.local/lib/python3.8/site-packages/airflow/example_dags/example_datasets.py
[2024-04-03T08:52:36.003+0000] {logging_mixin.py:188} INFO - [2024-04-03T08:52:36.002+0000] {dag.py:3047} INFO - Sync 6 DAGs
[2024-04-03T08:52:36.057+0000] {logging_mixin.py:188} INFO - [2024-04-03T08:52:36.056+0000] {dag.py:3834} INFO - Setting next_dagrun for dataset_consumes_1 to None, run_after=None
[2024-04-03T08:52:36.065+0000] {logging_mixin.py:188} INFO - [2024-04-03T08:52:36.065+0000] {dag.py:3834} INFO - Setting next_dagrun for dataset_consumes_1_and_2 to None, run_after=None
[2024-04-03T08:52:36.069+0000] {logging_mixin.py:188} INFO - [2024-04-03T08:52:36.068+0000] {dag.py:3834} INFO - Setting next_dagrun for dataset_consumes_1_never_scheduled to None, run_after=None
[2024-04-03T08:52:36.072+0000] {logging_mixin.py:188} INFO - [2024-04-03T08:52:36.071+0000] {dag.py:3834} INFO - Setting next_dagrun for dataset_consumes_unknown_never_scheduled to None, run_after=None
[2024-04-03T08:52:36.079+0000] {logging_mixin.py:188} INFO - [2024-04-03T08:52:36.078+0000] {dag.py:3834} INFO - Setting next_dagrun for dataset_produces_1 to 2024-04-02 00:00:00+00:00, run_after=2024-04-03 00:00:00+00:00
[2024-04-03T08:52:36.082+0000] {logging_mixin.py:188} INFO - [2024-04-03T08:52:36.081+0000] {dag.py:3834} INFO - Setting next_dagrun for dataset_produces_2 to None, run_after=None
[2024-04-03T08:52:36.149+0000] {processor.py:183} INFO - Processing /home/airflow/.local/lib/python3.8/site-packages/airflow/example_dags/example_datasets.py took 0.263 seconds
[2024-04-03T08:53:06.347+0000] {processor.py:161} INFO - Started process (PID=219) to work on /home/airflow/.local/lib/python3.8/site-packages/airflow/example_dags/example_datasets.py
[2024-04-03T08:53:06.350+0000] {processor.py:830} INFO - Processing file /home/airflow/.local/lib/python3.8/site-packages/airflow/example_dags/example_datasets.py for tasks to queue
[2024-04-03T08:53:06.354+0000] {logging_mixin.py:188} INFO - [2024-04-03T08:53:06.353+0000] {dagbag.py:540} INFO - Filling up the DagBag from /home/airflow/.local/lib/python3.8/site-packages/airflow/example_dags/example_datasets.py
[2024-04-03T08:53:06.376+0000] {processor.py:840} INFO - DAG(s) 'dataset_consumes_1_never_scheduled', 'dataset_consumes_1_and_2', 'dataset_consumes_1', 'dataset_produces_2', 'dataset_produces_1', 'dataset_consumes_unknown_never_scheduled' retrieved from /home/airflow/.local/lib/python3.8/site-packages/airflow/example_dags/example_datasets.py
[2024-04-03T08:53:06.460+0000] {logging_mixin.py:188} INFO - [2024-04-03T08:53:06.459+0000] {dag.py:3047} INFO - Sync 6 DAGs
[2024-04-03T08:53:06.513+0000] {logging_mixin.py:188} INFO - [2024-04-03T08:53:06.513+0000] {dag.py:3834} INFO - Setting next_dagrun for dataset_consumes_1 to None, run_after=None
[2024-04-03T08:53:06.521+0000] {logging_mixin.py:188} INFO - [2024-04-03T08:53:06.520+0000] {dag.py:3834} INFO - Setting next_dagrun for dataset_consumes_1_and_2 to None, run_after=None
[2024-04-03T08:53:06.524+0000] {logging_mixin.py:188} INFO - [2024-04-03T08:53:06.523+0000] {dag.py:3834} INFO - Setting next_dagrun for dataset_consumes_1_never_scheduled to None, run_after=None
[2024-04-03T08:53:06.527+0000] {logging_mixin.py:188} INFO - [2024-04-03T08:53:06.526+0000] {dag.py:3834} INFO - Setting next_dagrun for dataset_consumes_unknown_never_scheduled to None, run_after=None
[2024-04-03T08:53:06.534+0000] {logging_mixin.py:188} INFO - [2024-04-03T08:53:06.533+0000] {dag.py:3834} INFO - Setting next_dagrun for dataset_produces_1 to 2024-04-02 00:00:00+00:00, run_after=2024-04-03 00:00:00+00:00
[2024-04-03T08:53:06.537+0000] {logging_mixin.py:188} INFO - [2024-04-03T08:53:06.536+0000] {dag.py:3834} INFO - Setting next_dagrun for dataset_produces_2 to None, run_after=None
[2024-04-03T08:53:06.603+0000] {processor.py:183} INFO - Processing /home/airflow/.local/lib/python3.8/site-packages/airflow/example_dags/example_datasets.py took 0.263 seconds
[2024-04-03T08:53:37.188+0000] {processor.py:161} INFO - Started process (PID=277) to work on /home/airflow/.local/lib/python3.8/site-packages/airflow/example_dags/example_datasets.py
[2024-04-03T08:53:37.191+0000] {processor.py:830} INFO - Processing file /home/airflow/.local/lib/python3.8/site-packages/airflow/example_dags/example_datasets.py for tasks to queue
[2024-04-03T08:53:37.195+0000] {logging_mixin.py:188} INFO - [2024-04-03T08:53:37.194+0000] {dagbag.py:540} INFO - Filling up the DagBag from /home/airflow/.local/lib/python3.8/site-packages/airflow/example_dags/example_datasets.py
[2024-04-03T08:53:37.218+0000] {processor.py:840} INFO - DAG(s) 'dataset_consumes_unknown_never_scheduled', 'dataset_consumes_1', 'dataset_produces_1', 'dataset_produces_2', 'dataset_consumes_1_and_2', 'dataset_consumes_1_never_scheduled' retrieved from /home/airflow/.local/lib/python3.8/site-packages/airflow/example_dags/example_datasets.py
[2024-04-03T08:53:37.300+0000] {logging_mixin.py:188} INFO - [2024-04-03T08:53:37.299+0000] {dag.py:3047} INFO - Sync 6 DAGs
[2024-04-03T08:53:37.356+0000] {logging_mixin.py:188} INFO - [2024-04-03T08:53:37.356+0000] {dag.py:3834} INFO - Setting next_dagrun for dataset_consumes_1 to None, run_after=None
[2024-04-03T08:53:37.365+0000] {logging_mixin.py:188} INFO - [2024-04-03T08:53:37.364+0000] {dag.py:3834} INFO - Setting next_dagrun for dataset_consumes_1_and_2 to None, run_after=None
[2024-04-03T08:53:37.368+0000] {logging_mixin.py:188} INFO - [2024-04-03T08:53:37.368+0000] {dag.py:3834} INFO - Setting next_dagrun for dataset_consumes_1_never_scheduled to None, run_after=None
[2024-04-03T08:53:37.375+0000] {logging_mixin.py:188} INFO - [2024-04-03T08:53:37.374+0000] {dag.py:3834} INFO - Setting next_dagrun for dataset_consumes_unknown_never_scheduled to None, run_after=None
[2024-04-03T08:53:37.382+0000] {logging_mixin.py:188} INFO - [2024-04-03T08:53:37.382+0000] {dag.py:3834} INFO - Setting next_dagrun for dataset_produces_1 to 2024-04-02 00:00:00+00:00, run_after=2024-04-03 00:00:00+00:00
[2024-04-03T08:53:37.385+0000] {logging_mixin.py:188} INFO - [2024-04-03T08:53:37.385+0000] {dag.py:3834} INFO - Setting next_dagrun for dataset_produces_2 to None, run_after=None
[2024-04-03T08:53:37.453+0000] {processor.py:183} INFO - Processing /home/airflow/.local/lib/python3.8/site-packages/airflow/example_dags/example_datasets.py took 0.273 seconds
[2024-04-03T08:54:07.552+0000] {processor.py:161} INFO - Started process (PID=335) to work on /home/airflow/.local/lib/python3.8/site-packages/airflow/example_dags/example_datasets.py
[2024-04-03T08:54:07.555+0000] {processor.py:830} INFO - Processing file /home/airflow/.local/lib/python3.8/site-packages/airflow/example_dags/example_datasets.py for tasks to queue
[2024-04-03T08:54:07.559+0000] {logging_mixin.py:188} INFO - [2024-04-03T08:54:07.558+0000] {dagbag.py:540} INFO - Filling up the DagBag from /home/airflow/.local/lib/python3.8/site-packages/airflow/example_dags/example_datasets.py
[2024-04-03T08:54:07.581+0000] {processor.py:840} INFO - DAG(s) 'dataset_consumes_1_and_2', 'dataset_consumes_unknown_never_scheduled', 'dataset_produces_2', 'dataset_consumes_1_never_scheduled', 'dataset_consumes_1', 'dataset_produces_1' retrieved from /home/airflow/.local/lib/python3.8/site-packages/airflow/example_dags/example_datasets.py
[2024-04-03T08:54:07.662+0000] {logging_mixin.py:188} INFO - [2024-04-03T08:54:07.661+0000] {dag.py:3047} INFO - Sync 6 DAGs
[2024-04-03T08:54:07.715+0000] {logging_mixin.py:188} INFO - [2024-04-03T08:54:07.714+0000] {dag.py:3834} INFO - Setting next_dagrun for dataset_consumes_1 to None, run_after=None
[2024-04-03T08:54:07.723+0000] {logging_mixin.py:188} INFO - [2024-04-03T08:54:07.722+0000] {dag.py:3834} INFO - Setting next_dagrun for dataset_consumes_1_and_2 to None, run_after=None
[2024-04-03T08:54:07.726+0000] {logging_mixin.py:188} INFO - [2024-04-03T08:54:07.725+0000] {dag.py:3834} INFO - Setting next_dagrun for dataset_consumes_1_never_scheduled to None, run_after=None
[2024-04-03T08:54:07.729+0000] {logging_mixin.py:188} INFO - [2024-04-03T08:54:07.728+0000] {dag.py:3834} INFO - Setting next_dagrun for dataset_consumes_unknown_never_scheduled to None, run_after=None
[2024-04-03T08:54:07.736+0000] {logging_mixin.py:188} INFO - [2024-04-03T08:54:07.735+0000] {dag.py:3834} INFO - Setting next_dagrun for dataset_produces_1 to 2024-04-02 00:00:00+00:00, run_after=2024-04-03 00:00:00+00:00
[2024-04-03T08:54:07.739+0000] {logging_mixin.py:188} INFO - [2024-04-03T08:54:07.738+0000] {dag.py:3834} INFO - Setting next_dagrun for dataset_produces_2 to None, run_after=None
[2024-04-03T08:54:07.806+0000] {processor.py:183} INFO - Processing /home/airflow/.local/lib/python3.8/site-packages/airflow/example_dags/example_datasets.py took 0.261 seconds
[2024-04-03T08:54:37.895+0000] {processor.py:161} INFO - Started process (PID=393) to work on /home/airflow/.local/lib/python3.8/site-packages/airflow/example_dags/example_datasets.py
[2024-04-03T08:54:37.897+0000] {processor.py:830} INFO - Processing file /home/airflow/.local/lib/python3.8/site-packages/airflow/example_dags/example_datasets.py for tasks to queue
[2024-04-03T08:54:37.902+0000] {logging_mixin.py:188} INFO - [2024-04-03T08:54:37.901+0000] {dagbag.py:540} INFO - Filling up the DagBag from /home/airflow/.local/lib/python3.8/site-packages/airflow/example_dags/example_datasets.py
[2024-04-03T08:54:37.924+0000] {processor.py:840} INFO - DAG(s) 'dataset_produces_1', 'dataset_consumes_1', 'dataset_consumes_unknown_never_scheduled', 'dataset_consumes_1_and_2', 'dataset_consumes_1_never_scheduled', 'dataset_produces_2' retrieved from /home/airflow/.local/lib/python3.8/site-packages/airflow/example_dags/example_datasets.py
[2024-04-03T08:54:38.004+0000] {logging_mixin.py:188} INFO - [2024-04-03T08:54:38.004+0000] {dag.py:3047} INFO - Sync 6 DAGs
[2024-04-03T08:54:38.056+0000] {logging_mixin.py:188} INFO - [2024-04-03T08:54:38.056+0000] {dag.py:3834} INFO - Setting next_dagrun for dataset_consumes_1 to None, run_after=None
[2024-04-03T08:54:38.064+0000] {logging_mixin.py:188} INFO - [2024-04-03T08:54:38.064+0000] {dag.py:3834} INFO - Setting next_dagrun for dataset_consumes_1_and_2 to None, run_after=None
[2024-04-03T08:54:38.068+0000] {logging_mixin.py:188} INFO - [2024-04-03T08:54:38.067+0000] {dag.py:3834} INFO - Setting next_dagrun for dataset_consumes_1_never_scheduled to None, run_after=None
[2024-04-03T08:54:38.071+0000] {logging_mixin.py:188} INFO - [2024-04-03T08:54:38.070+0000] {dag.py:3834} INFO - Setting next_dagrun for dataset_consumes_unknown_never_scheduled to None, run_after=None
[2024-04-03T08:54:38.078+0000] {logging_mixin.py:188} INFO - [2024-04-03T08:54:38.078+0000] {dag.py:3834} INFO - Setting next_dagrun for dataset_produces_1 to 2024-04-02 00:00:00+00:00, run_after=2024-04-03 00:00:00+00:00
[2024-04-03T08:54:38.081+0000] {logging_mixin.py:188} INFO - [2024-04-03T08:54:38.081+0000] {dag.py:3834} INFO - Setting next_dagrun for dataset_produces_2 to None, run_after=None
[2024-04-03T08:54:38.148+0000] {processor.py:183} INFO - Processing /home/airflow/.local/lib/python3.8/site-packages/airflow/example_dags/example_datasets.py took 0.261 seconds
[2024-04-03T08:55:08.489+0000] {processor.py:161} INFO - Started process (PID=451) to work on /home/airflow/.local/lib/python3.8/site-packages/airflow/example_dags/example_datasets.py
[2024-04-03T08:55:08.492+0000] {processor.py:830} INFO - Processing file /home/airflow/.local/lib/python3.8/site-packages/airflow/example_dags/example_datasets.py for tasks to queue
[2024-04-03T08:55:08.496+0000] {logging_mixin.py:188} INFO - [2024-04-03T08:55:08.495+0000] {dagbag.py:540} INFO - Filling up the DagBag from /home/airflow/.local/lib/python3.8/site-packages/airflow/example_dags/example_datasets.py
[2024-04-03T08:55:08.517+0000] {processor.py:840} INFO - DAG(s) 'dataset_consumes_1', 'dataset_consumes_unknown_never_scheduled', 'dataset_consumes_1_never_scheduled', 'dataset_consumes_1_and_2', 'dataset_produces_1', 'dataset_produces_2' retrieved from /home/airflow/.local/lib/python3.8/site-packages/airflow/example_dags/example_datasets.py
[2024-04-03T08:55:08.596+0000] {logging_mixin.py:188} INFO - [2024-04-03T08:55:08.595+0000] {dag.py:3047} INFO - Sync 6 DAGs
[2024-04-03T08:55:08.648+0000] {logging_mixin.py:188} INFO - [2024-04-03T08:55:08.647+0000] {dag.py:3834} INFO - Setting next_dagrun for dataset_consumes_1 to None, run_after=None
[2024-04-03T08:55:08.656+0000] {logging_mixin.py:188} INFO - [2024-04-03T08:55:08.655+0000] {dag.py:3834} INFO - Setting next_dagrun for dataset_consumes_1_and_2 to None, run_after=None
[2024-04-03T08:55:08.659+0000] {logging_mixin.py:188} INFO - [2024-04-03T08:55:08.658+0000] {dag.py:3834} INFO - Setting next_dagrun for dataset_consumes_1_never_scheduled to None, run_after=None
[2024-04-03T08:55:08.661+0000] {logging_mixin.py:188} INFO - [2024-04-03T08:55:08.661+0000] {dag.py:3834} INFO - Setting next_dagrun for dataset_consumes_unknown_never_scheduled to None, run_after=None
[2024-04-03T08:55:08.668+0000] {logging_mixin.py:188} INFO - [2024-04-03T08:55:08.668+0000] {dag.py:3834} INFO - Setting next_dagrun for dataset_produces_1 to 2024-04-02 00:00:00+00:00, run_after=2024-04-03 00:00:00+00:00
[2024-04-03T08:55:08.671+0000] {logging_mixin.py:188} INFO - [2024-04-03T08:55:08.671+0000] {dag.py:3834} INFO - Setting next_dagrun for dataset_produces_2 to None, run_after=None
[2024-04-03T08:55:08.737+0000] {processor.py:183} INFO - Processing /home/airflow/.local/lib/python3.8/site-packages/airflow/example_dags/example_datasets.py took 0.256 seconds
[2024-04-03T08:55:38.813+0000] {processor.py:161} INFO - Started process (PID=509) to work on /home/airflow/.local/lib/python3.8/site-packages/airflow/example_dags/example_datasets.py
[2024-04-03T08:55:38.816+0000] {processor.py:830} INFO - Processing file /home/airflow/.local/lib/python3.8/site-packages/airflow/example_dags/example_datasets.py for tasks to queue
[2024-04-03T08:55:38.820+0000] {logging_mixin.py:188} INFO - [2024-04-03T08:55:38.819+0000] {dagbag.py:540} INFO - Filling up the DagBag from /home/airflow/.local/lib/python3.8/site-packages/airflow/example_dags/example_datasets.py
[2024-04-03T08:55:38.842+0000] {processor.py:840} INFO - DAG(s) 'dataset_consumes_1_and_2', 'dataset_consumes_unknown_never_scheduled', 'dataset_produces_2', 'dataset_consumes_1_never_scheduled', 'dataset_consumes_1', 'dataset_produces_1' retrieved from /home/airflow/.local/lib/python3.8/site-packages/airflow/example_dags/example_datasets.py
[2024-04-03T08:55:38.943+0000] {logging_mixin.py:188} INFO - [2024-04-03T08:55:38.943+0000] {dag.py:3047} INFO - Sync 6 DAGs
[2024-04-03T08:55:38.997+0000] {logging_mixin.py:188} INFO - [2024-04-03T08:55:38.997+0000] {dag.py:3834} INFO - Setting next_dagrun for dataset_consumes_1 to None, run_after=None
[2024-04-03T08:55:39.005+0000] {logging_mixin.py:188} INFO - [2024-04-03T08:55:39.005+0000] {dag.py:3834} INFO - Setting next_dagrun for dataset_consumes_1_and_2 to None, run_after=None
[2024-04-03T08:55:39.008+0000] {logging_mixin.py:188} INFO - [2024-04-03T08:55:39.008+0000] {dag.py:3834} INFO - Setting next_dagrun for dataset_consumes_1_never_scheduled to None, run_after=None
[2024-04-03T08:55:39.011+0000] {logging_mixin.py:188} INFO - [2024-04-03T08:55:39.011+0000] {dag.py:3834} INFO - Setting next_dagrun for dataset_consumes_unknown_never_scheduled to None, run_after=None
[2024-04-03T08:55:39.018+0000] {logging_mixin.py:188} INFO - [2024-04-03T08:55:39.018+0000] {dag.py:3834} INFO - Setting next_dagrun for dataset_produces_1 to 2024-04-02 00:00:00+00:00, run_after=2024-04-03 00:00:00+00:00
[2024-04-03T08:55:39.021+0000] {logging_mixin.py:188} INFO - [2024-04-03T08:55:39.021+0000] {dag.py:3834} INFO - Setting next_dagrun for dataset_produces_2 to None, run_after=None
[2024-04-03T08:55:39.114+0000] {processor.py:183} INFO - Processing /home/airflow/.local/lib/python3.8/site-packages/airflow/example_dags/example_datasets.py took 0.308 seconds
[2024-04-03T08:56:09.279+0000] {processor.py:161} INFO - Started process (PID=567) to work on /home/airflow/.local/lib/python3.8/site-packages/airflow/example_dags/example_datasets.py
[2024-04-03T08:56:09.282+0000] {processor.py:830} INFO - Processing file /home/airflow/.local/lib/python3.8/site-packages/airflow/example_dags/example_datasets.py for tasks to queue
[2024-04-03T08:56:09.286+0000] {logging_mixin.py:188} INFO - [2024-04-03T08:56:09.285+0000] {dagbag.py:540} INFO - Filling up the DagBag from /home/airflow/.local/lib/python3.8/site-packages/airflow/example_dags/example_datasets.py
[2024-04-03T08:56:09.308+0000] {processor.py:840} INFO - DAG(s) 'dataset_consumes_1_never_scheduled', 'dataset_consumes_unknown_never_scheduled', 'dataset_produces_1', 'dataset_consumes_1_and_2', 'dataset_consumes_1', 'dataset_produces_2' retrieved from /home/airflow/.local/lib/python3.8/site-packages/airflow/example_dags/example_datasets.py
[2024-04-03T08:56:09.403+0000] {logging_mixin.py:188} INFO - [2024-04-03T08:56:09.403+0000] {dag.py:3047} INFO - Sync 6 DAGs
[2024-04-03T08:56:09.458+0000] {logging_mixin.py:188} INFO - [2024-04-03T08:56:09.457+0000] {dag.py:3834} INFO - Setting next_dagrun for dataset_consumes_1 to None, run_after=None
[2024-04-03T08:56:09.465+0000] {logging_mixin.py:188} INFO - [2024-04-03T08:56:09.465+0000] {dag.py:3834} INFO - Setting next_dagrun for dataset_consumes_1_and_2 to None, run_after=None
[2024-04-03T08:56:09.468+0000] {logging_mixin.py:188} INFO - [2024-04-03T08:56:09.468+0000] {dag.py:3834} INFO - Setting next_dagrun for dataset_consumes_1_never_scheduled to None, run_after=None
[2024-04-03T08:56:09.471+0000] {logging_mixin.py:188} INFO - [2024-04-03T08:56:09.471+0000] {dag.py:3834} INFO - Setting next_dagrun for dataset_consumes_unknown_never_scheduled to None, run_after=None
[2024-04-03T08:56:09.478+0000] {logging_mixin.py:188} INFO - [2024-04-03T08:56:09.478+0000] {dag.py:3834} INFO - Setting next_dagrun for dataset_produces_1 to 2024-04-02 00:00:00+00:00, run_after=2024-04-03 00:00:00+00:00
[2024-04-03T08:56:09.481+0000] {logging_mixin.py:188} INFO - [2024-04-03T08:56:09.481+0000] {dag.py:3834} INFO - Setting next_dagrun for dataset_produces_2 to None, run_after=None
[2024-04-03T08:56:09.548+0000] {processor.py:183} INFO - Processing /home/airflow/.local/lib/python3.8/site-packages/airflow/example_dags/example_datasets.py took 0.277 seconds
[2024-04-03T08:56:39.962+0000] {processor.py:161} INFO - Started process (PID=625) to work on /home/airflow/.local/lib/python3.8/site-packages/airflow/example_dags/example_datasets.py
[2024-04-03T08:56:39.964+0000] {processor.py:830} INFO - Processing file /home/airflow/.local/lib/python3.8/site-packages/airflow/example_dags/example_datasets.py for tasks to queue
[2024-04-03T08:56:39.974+0000] {logging_mixin.py:188} INFO - [2024-04-03T08:56:39.973+0000] {dagbag.py:540} INFO - Filling up the DagBag from /home/airflow/.local/lib/python3.8/site-packages/airflow/example_dags/example_datasets.py
[2024-04-03T08:56:39.996+0000] {processor.py:840} INFO - DAG(s) 'dataset_consumes_1', 'dataset_consumes_1_and_2', 'dataset_produces_1', 'dataset_consumes_1_never_scheduled', 'dataset_consumes_unknown_never_scheduled', 'dataset_produces_2' retrieved from /home/airflow/.local/lib/python3.8/site-packages/airflow/example_dags/example_datasets.py
[2024-04-03T08:56:40.077+0000] {logging_mixin.py:188} INFO - [2024-04-03T08:56:40.076+0000] {dag.py:3047} INFO - Sync 6 DAGs
[2024-04-03T08:56:40.130+0000] {logging_mixin.py:188} INFO - [2024-04-03T08:56:40.130+0000] {dag.py:3834} INFO - Setting next_dagrun for dataset_consumes_1 to None, run_after=None
[2024-04-03T08:56:40.138+0000] {logging_mixin.py:188} INFO - [2024-04-03T08:56:40.138+0000] {dag.py:3834} INFO - Setting next_dagrun for dataset_consumes_1_and_2 to None, run_after=None
[2024-04-03T08:56:40.142+0000] {logging_mixin.py:188} INFO - [2024-04-03T08:56:40.141+0000] {dag.py:3834} INFO - Setting next_dagrun for dataset_consumes_1_never_scheduled to None, run_after=None
[2024-04-03T08:56:40.145+0000] {logging_mixin.py:188} INFO - [2024-04-03T08:56:40.144+0000] {dag.py:3834} INFO - Setting next_dagrun for dataset_consumes_unknown_never_scheduled to None, run_after=None
[2024-04-03T08:56:40.152+0000] {logging_mixin.py:188} INFO - [2024-04-03T08:56:40.151+0000] {dag.py:3834} INFO - Setting next_dagrun for dataset_produces_1 to 2024-04-02 00:00:00+00:00, run_after=2024-04-03 00:00:00+00:00
[2024-04-03T08:56:40.155+0000] {logging_mixin.py:188} INFO - [2024-04-03T08:56:40.154+0000] {dag.py:3834} INFO - Setting next_dagrun for dataset_produces_2 to None, run_after=None
[2024-04-03T08:56:40.222+0000] {processor.py:183} INFO - Processing /home/airflow/.local/lib/python3.8/site-packages/airflow/example_dags/example_datasets.py took 0.281 seconds
[2024-04-03T08:57:10.530+0000] {processor.py:161} INFO - Started process (PID=683) to work on /home/airflow/.local/lib/python3.8/site-packages/airflow/example_dags/example_datasets.py
[2024-04-03T08:57:10.533+0000] {processor.py:830} INFO - Processing file /home/airflow/.local/lib/python3.8/site-packages/airflow/example_dags/example_datasets.py for tasks to queue
[2024-04-03T08:57:10.537+0000] {logging_mixin.py:188} INFO - [2024-04-03T08:57:10.536+0000] {dagbag.py:540} INFO - Filling up the DagBag from /home/airflow/.local/lib/python3.8/site-packages/airflow/example_dags/example_datasets.py
[2024-04-03T08:57:10.559+0000] {processor.py:840} INFO - DAG(s) 'dataset_consumes_1_never_scheduled', 'dataset_consumes_unknown_never_scheduled', 'dataset_consumes_1_and_2', 'dataset_consumes_1', 'dataset_produces_2', 'dataset_produces_1' retrieved from /home/airflow/.local/lib/python3.8/site-packages/airflow/example_dags/example_datasets.py
[2024-04-03T08:57:10.642+0000] {logging_mixin.py:188} INFO - [2024-04-03T08:57:10.641+0000] {dag.py:3047} INFO - Sync 6 DAGs
[2024-04-03T08:57:10.696+0000] {logging_mixin.py:188} INFO - [2024-04-03T08:57:10.695+0000] {dag.py:3834} INFO - Setting next_dagrun for dataset_consumes_1 to None, run_after=None
[2024-04-03T08:57:10.703+0000] {logging_mixin.py:188} INFO - [2024-04-03T08:57:10.703+0000] {dag.py:3834} INFO - Setting next_dagrun for dataset_consumes_1_and_2 to None, run_after=None
[2024-04-03T08:57:10.706+0000] {logging_mixin.py:188} INFO - [2024-04-03T08:57:10.706+0000] {dag.py:3834} INFO - Setting next_dagrun for dataset_consumes_1_never_scheduled to None, run_after=None
[2024-04-03T08:57:10.710+0000] {logging_mixin.py:188} INFO - [2024-04-03T08:57:10.709+0000] {dag.py:3834} INFO - Setting next_dagrun for dataset_consumes_unknown_never_scheduled to None, run_after=None
[2024-04-03T08:57:10.717+0000] {logging_mixin.py:188} INFO - [2024-04-03T08:57:10.716+0000] {dag.py:3834} INFO - Setting next_dagrun for dataset_produces_1 to 2024-04-02 00:00:00+00:00, run_after=2024-04-03 00:00:00+00:00
[2024-04-03T08:57:10.720+0000] {logging_mixin.py:188} INFO - [2024-04-03T08:57:10.719+0000] {dag.py:3834} INFO - Setting next_dagrun for dataset_produces_2 to None, run_after=None
[2024-04-03T08:57:10.786+0000] {processor.py:183} INFO - Processing /home/airflow/.local/lib/python3.8/site-packages/airflow/example_dags/example_datasets.py took 0.264 seconds
[2024-04-03T08:57:40.887+0000] {processor.py:161} INFO - Started process (PID=741) to work on /home/airflow/.local/lib/python3.8/site-packages/airflow/example_dags/example_datasets.py
[2024-04-03T08:57:40.890+0000] {processor.py:830} INFO - Processing file /home/airflow/.local/lib/python3.8/site-packages/airflow/example_dags/example_datasets.py for tasks to queue
[2024-04-03T08:57:40.894+0000] {logging_mixin.py:188} INFO - [2024-04-03T08:57:40.893+0000] {dagbag.py:540} INFO - Filling up the DagBag from /home/airflow/.local/lib/python3.8/site-packages/airflow/example_dags/example_datasets.py
[2024-04-03T08:57:40.916+0000] {processor.py:840} INFO - DAG(s) 'dataset_produces_1', 'dataset_consumes_1_never_scheduled', 'dataset_consumes_1', 'dataset_produces_2', 'dataset_consumes_unknown_never_scheduled', 'dataset_consumes_1_and_2' retrieved from /home/airflow/.local/lib/python3.8/site-packages/airflow/example_dags/example_datasets.py
[2024-04-03T08:57:40.998+0000] {logging_mixin.py:188} INFO - [2024-04-03T08:57:40.998+0000] {dag.py:3047} INFO - Sync 6 DAGs
[2024-04-03T08:57:41.060+0000] {logging_mixin.py:188} INFO - [2024-04-03T08:57:41.059+0000] {dag.py:3834} INFO - Setting next_dagrun for dataset_consumes_1 to None, run_after=None
[2024-04-03T08:57:41.068+0000] {logging_mixin.py:188} INFO - [2024-04-03T08:57:41.067+0000] {dag.py:3834} INFO - Setting next_dagrun for dataset_consumes_1_and_2 to None, run_after=None
[2024-04-03T08:57:41.071+0000] {logging_mixin.py:188} INFO - [2024-04-03T08:57:41.071+0000] {dag.py:3834} INFO - Setting next_dagrun for dataset_consumes_1_never_scheduled to None, run_after=None
[2024-04-03T08:57:41.074+0000] {logging_mixin.py:188} INFO - [2024-04-03T08:57:41.074+0000] {dag.py:3834} INFO - Setting next_dagrun for dataset_consumes_unknown_never_scheduled to None, run_after=None
[2024-04-03T08:57:41.081+0000] {logging_mixin.py:188} INFO - [2024-04-03T08:57:41.080+0000] {dag.py:3834} INFO - Setting next_dagrun for dataset_produces_1 to 2024-04-02 00:00:00+00:00, run_after=2024-04-03 00:00:00+00:00
[2024-04-03T08:57:41.084+0000] {logging_mixin.py:188} INFO - [2024-04-03T08:57:41.084+0000] {dag.py:3834} INFO - Setting next_dagrun for dataset_produces_2 to None, run_after=None
[2024-04-03T08:57:41.151+0000] {processor.py:183} INFO - Processing /home/airflow/.local/lib/python3.8/site-packages/airflow/example_dags/example_datasets.py took 0.271 seconds
