[2024-04-03T08:51:39.785+0000] {processor.py:161} INFO - Started process (PID=68) to work on /home/airflow/.local/lib/python3.8/site-packages/airflow/example_dags/example_latest_only_with_trigger.py
[2024-04-03T08:51:39.788+0000] {processor.py:830} INFO - Processing file /home/airflow/.local/lib/python3.8/site-packages/airflow/example_dags/example_latest_only_with_trigger.py for tasks to queue
[2024-04-03T08:51:39.792+0000] {logging_mixin.py:188} INFO - [2024-04-03T08:51:39.791+0000] {dagbag.py:540} INFO - Filling up the DagBag from /home/airflow/.local/lib/python3.8/site-packages/airflow/example_dags/example_latest_only_with_trigger.py
[2024-04-03T08:51:39.811+0000] {processor.py:840} INFO - DAG(s) 'latest_only_with_trigger' retrieved from /home/airflow/.local/lib/python3.8/site-packages/airflow/example_dags/example_latest_only_with_trigger.py
[2024-04-03T08:51:40.045+0000] {logging_mixin.py:188} INFO - [2024-04-03T08:51:40.044+0000] {dag.py:3047} INFO - Sync 1 DAGs
[2024-04-03T08:51:40.092+0000] {logging_mixin.py:188} INFO - [2024-04-03T08:51:40.091+0000] {dag.py:3834} INFO - Setting next_dagrun for latest_only_with_trigger to 2024-04-03 04:00:00+00:00, run_after=2024-04-03 08:00:00+00:00
[2024-04-03T08:51:40.135+0000] {processor.py:183} INFO - Processing /home/airflow/.local/lib/python3.8/site-packages/airflow/example_dags/example_latest_only_with_trigger.py took 0.358 seconds
[2024-04-03T08:52:10.416+0000] {processor.py:161} INFO - Started process (PID=126) to work on /home/airflow/.local/lib/python3.8/site-packages/airflow/example_dags/example_latest_only_with_trigger.py
[2024-04-03T08:52:10.417+0000] {processor.py:830} INFO - Processing file /home/airflow/.local/lib/python3.8/site-packages/airflow/example_dags/example_latest_only_with_trigger.py for tasks to queue
[2024-04-03T08:52:10.420+0000] {logging_mixin.py:188} INFO - [2024-04-03T08:52:10.419+0000] {dagbag.py:540} INFO - Filling up the DagBag from /home/airflow/.local/lib/python3.8/site-packages/airflow/example_dags/example_latest_only_with_trigger.py
[2024-04-03T08:52:10.428+0000] {processor.py:840} INFO - DAG(s) 'latest_only_with_trigger' retrieved from /home/airflow/.local/lib/python3.8/site-packages/airflow/example_dags/example_latest_only_with_trigger.py
[2024-04-03T08:52:10.457+0000] {logging_mixin.py:188} INFO - [2024-04-03T08:52:10.457+0000] {dag.py:3047} INFO - Sync 1 DAGs
[2024-04-03T08:52:10.488+0000] {logging_mixin.py:188} INFO - [2024-04-03T08:52:10.487+0000] {dag.py:3834} INFO - Setting next_dagrun for latest_only_with_trigger to 2024-04-03 04:00:00+00:00, run_after=2024-04-03 08:00:00+00:00
[2024-04-03T08:52:10.509+0000] {processor.py:183} INFO - Processing /home/airflow/.local/lib/python3.8/site-packages/airflow/example_dags/example_latest_only_with_trigger.py took 0.099 seconds
[2024-04-03T08:52:41.489+0000] {processor.py:161} INFO - Started process (PID=183) to work on /home/airflow/.local/lib/python3.8/site-packages/airflow/example_dags/example_latest_only_with_trigger.py
[2024-04-03T08:52:41.492+0000] {processor.py:830} INFO - Processing file /home/airflow/.local/lib/python3.8/site-packages/airflow/example_dags/example_latest_only_with_trigger.py for tasks to queue
[2024-04-03T08:52:41.496+0000] {logging_mixin.py:188} INFO - [2024-04-03T08:52:41.496+0000] {dagbag.py:540} INFO - Filling up the DagBag from /home/airflow/.local/lib/python3.8/site-packages/airflow/example_dags/example_latest_only_with_trigger.py
[2024-04-03T08:52:41.509+0000] {processor.py:840} INFO - DAG(s) 'latest_only_with_trigger' retrieved from /home/airflow/.local/lib/python3.8/site-packages/airflow/example_dags/example_latest_only_with_trigger.py
[2024-04-03T08:52:41.554+0000] {logging_mixin.py:188} INFO - [2024-04-03T08:52:41.554+0000] {dag.py:3047} INFO - Sync 1 DAGs
[2024-04-03T08:52:41.609+0000] {logging_mixin.py:188} INFO - [2024-04-03T08:52:41.609+0000] {dag.py:3834} INFO - Setting next_dagrun for latest_only_with_trigger to 2024-04-03 04:00:00+00:00, run_after=2024-04-03 08:00:00+00:00
[2024-04-03T08:52:41.650+0000] {processor.py:183} INFO - Processing /home/airflow/.local/lib/python3.8/site-packages/airflow/example_dags/example_latest_only_with_trigger.py took 0.169 seconds
[2024-04-03T08:53:12.125+0000] {processor.py:161} INFO - Started process (PID=241) to work on /home/airflow/.local/lib/python3.8/site-packages/airflow/example_dags/example_latest_only_with_trigger.py
[2024-04-03T08:53:12.127+0000] {processor.py:830} INFO - Processing file /home/airflow/.local/lib/python3.8/site-packages/airflow/example_dags/example_latest_only_with_trigger.py for tasks to queue
[2024-04-03T08:53:12.132+0000] {logging_mixin.py:188} INFO - [2024-04-03T08:53:12.131+0000] {dagbag.py:540} INFO - Filling up the DagBag from /home/airflow/.local/lib/python3.8/site-packages/airflow/example_dags/example_latest_only_with_trigger.py
[2024-04-03T08:53:12.145+0000] {processor.py:840} INFO - DAG(s) 'latest_only_with_trigger' retrieved from /home/airflow/.local/lib/python3.8/site-packages/airflow/example_dags/example_latest_only_with_trigger.py
[2024-04-03T08:53:12.193+0000] {logging_mixin.py:188} INFO - [2024-04-03T08:53:12.192+0000] {dag.py:3047} INFO - Sync 1 DAGs
[2024-04-03T08:53:12.245+0000] {logging_mixin.py:188} INFO - [2024-04-03T08:53:12.244+0000] {dag.py:3834} INFO - Setting next_dagrun for latest_only_with_trigger to 2024-04-03 04:00:00+00:00, run_after=2024-04-03 08:00:00+00:00
[2024-04-03T08:53:12.285+0000] {processor.py:183} INFO - Processing /home/airflow/.local/lib/python3.8/site-packages/airflow/example_dags/example_latest_only_with_trigger.py took 0.168 seconds
[2024-04-03T08:53:42.910+0000] {processor.py:161} INFO - Started process (PID=299) to work on /home/airflow/.local/lib/python3.8/site-packages/airflow/example_dags/example_latest_only_with_trigger.py
[2024-04-03T08:53:42.914+0000] {processor.py:830} INFO - Processing file /home/airflow/.local/lib/python3.8/site-packages/airflow/example_dags/example_latest_only_with_trigger.py for tasks to queue
[2024-04-03T08:53:42.918+0000] {logging_mixin.py:188} INFO - [2024-04-03T08:53:42.917+0000] {dagbag.py:540} INFO - Filling up the DagBag from /home/airflow/.local/lib/python3.8/site-packages/airflow/example_dags/example_latest_only_with_trigger.py
[2024-04-03T08:53:42.932+0000] {processor.py:840} INFO - DAG(s) 'latest_only_with_trigger' retrieved from /home/airflow/.local/lib/python3.8/site-packages/airflow/example_dags/example_latest_only_with_trigger.py
[2024-04-03T08:53:42.979+0000] {logging_mixin.py:188} INFO - [2024-04-03T08:53:42.978+0000] {dag.py:3047} INFO - Sync 1 DAGs
[2024-04-03T08:53:43.032+0000] {logging_mixin.py:188} INFO - [2024-04-03T08:53:43.032+0000] {dag.py:3834} INFO - Setting next_dagrun for latest_only_with_trigger to 2024-04-03 04:00:00+00:00, run_after=2024-04-03 08:00:00+00:00
[2024-04-03T08:53:43.072+0000] {processor.py:183} INFO - Processing /home/airflow/.local/lib/python3.8/site-packages/airflow/example_dags/example_latest_only_with_trigger.py took 0.170 seconds
[2024-04-03T08:54:13.469+0000] {processor.py:161} INFO - Started process (PID=357) to work on /home/airflow/.local/lib/python3.8/site-packages/airflow/example_dags/example_latest_only_with_trigger.py
[2024-04-03T08:54:13.471+0000] {processor.py:830} INFO - Processing file /home/airflow/.local/lib/python3.8/site-packages/airflow/example_dags/example_latest_only_with_trigger.py for tasks to queue
[2024-04-03T08:54:13.475+0000] {logging_mixin.py:188} INFO - [2024-04-03T08:54:13.474+0000] {dagbag.py:540} INFO - Filling up the DagBag from /home/airflow/.local/lib/python3.8/site-packages/airflow/example_dags/example_latest_only_with_trigger.py
[2024-04-03T08:54:13.488+0000] {processor.py:840} INFO - DAG(s) 'latest_only_with_trigger' retrieved from /home/airflow/.local/lib/python3.8/site-packages/airflow/example_dags/example_latest_only_with_trigger.py
[2024-04-03T08:54:13.537+0000] {logging_mixin.py:188} INFO - [2024-04-03T08:54:13.537+0000] {dag.py:3047} INFO - Sync 1 DAGs
[2024-04-03T08:54:13.590+0000] {logging_mixin.py:188} INFO - [2024-04-03T08:54:13.589+0000] {dag.py:3834} INFO - Setting next_dagrun for latest_only_with_trigger to 2024-04-03 04:00:00+00:00, run_after=2024-04-03 08:00:00+00:00
[2024-04-03T08:54:13.628+0000] {processor.py:183} INFO - Processing /home/airflow/.local/lib/python3.8/site-packages/airflow/example_dags/example_latest_only_with_trigger.py took 0.168 seconds
[2024-04-03T08:54:43.819+0000] {processor.py:161} INFO - Started process (PID=415) to work on /home/airflow/.local/lib/python3.8/site-packages/airflow/example_dags/example_latest_only_with_trigger.py
[2024-04-03T08:54:43.822+0000] {processor.py:830} INFO - Processing file /home/airflow/.local/lib/python3.8/site-packages/airflow/example_dags/example_latest_only_with_trigger.py for tasks to queue
[2024-04-03T08:54:43.826+0000] {logging_mixin.py:188} INFO - [2024-04-03T08:54:43.825+0000] {dagbag.py:540} INFO - Filling up the DagBag from /home/airflow/.local/lib/python3.8/site-packages/airflow/example_dags/example_latest_only_with_trigger.py
[2024-04-03T08:54:43.839+0000] {processor.py:840} INFO - DAG(s) 'latest_only_with_trigger' retrieved from /home/airflow/.local/lib/python3.8/site-packages/airflow/example_dags/example_latest_only_with_trigger.py
[2024-04-03T08:54:43.898+0000] {logging_mixin.py:188} INFO - [2024-04-03T08:54:43.898+0000] {dag.py:3047} INFO - Sync 1 DAGs
[2024-04-03T08:54:43.953+0000] {logging_mixin.py:188} INFO - [2024-04-03T08:54:43.952+0000] {dag.py:3834} INFO - Setting next_dagrun for latest_only_with_trigger to 2024-04-03 04:00:00+00:00, run_after=2024-04-03 08:00:00+00:00
[2024-04-03T08:54:43.992+0000] {processor.py:183} INFO - Processing /home/airflow/.local/lib/python3.8/site-packages/airflow/example_dags/example_latest_only_with_trigger.py took 0.180 seconds
[2024-04-03T08:55:14.299+0000] {processor.py:161} INFO - Started process (PID=473) to work on /home/airflow/.local/lib/python3.8/site-packages/airflow/example_dags/example_latest_only_with_trigger.py
[2024-04-03T08:55:14.302+0000] {processor.py:830} INFO - Processing file /home/airflow/.local/lib/python3.8/site-packages/airflow/example_dags/example_latest_only_with_trigger.py for tasks to queue
[2024-04-03T08:55:14.306+0000] {logging_mixin.py:188} INFO - [2024-04-03T08:55:14.305+0000] {dagbag.py:540} INFO - Filling up the DagBag from /home/airflow/.local/lib/python3.8/site-packages/airflow/example_dags/example_latest_only_with_trigger.py
[2024-04-03T08:55:14.320+0000] {processor.py:840} INFO - DAG(s) 'latest_only_with_trigger' retrieved from /home/airflow/.local/lib/python3.8/site-packages/airflow/example_dags/example_latest_only_with_trigger.py
[2024-04-03T08:55:14.366+0000] {logging_mixin.py:188} INFO - [2024-04-03T08:55:14.366+0000] {dag.py:3047} INFO - Sync 1 DAGs
[2024-04-03T08:55:14.418+0000] {logging_mixin.py:188} INFO - [2024-04-03T08:55:14.417+0000] {dag.py:3834} INFO - Setting next_dagrun for latest_only_with_trigger to 2024-04-03 04:00:00+00:00, run_after=2024-04-03 08:00:00+00:00
[2024-04-03T08:55:14.457+0000] {processor.py:183} INFO - Processing /home/airflow/.local/lib/python3.8/site-packages/airflow/example_dags/example_latest_only_with_trigger.py took 0.165 seconds
[2024-04-03T08:55:44.899+0000] {processor.py:161} INFO - Started process (PID=531) to work on /home/airflow/.local/lib/python3.8/site-packages/airflow/example_dags/example_latest_only_with_trigger.py
[2024-04-03T08:55:44.902+0000] {processor.py:830} INFO - Processing file /home/airflow/.local/lib/python3.8/site-packages/airflow/example_dags/example_latest_only_with_trigger.py for tasks to queue
[2024-04-03T08:55:44.906+0000] {logging_mixin.py:188} INFO - [2024-04-03T08:55:44.905+0000] {dagbag.py:540} INFO - Filling up the DagBag from /home/airflow/.local/lib/python3.8/site-packages/airflow/example_dags/example_latest_only_with_trigger.py
[2024-04-03T08:55:44.920+0000] {processor.py:840} INFO - DAG(s) 'latest_only_with_trigger' retrieved from /home/airflow/.local/lib/python3.8/site-packages/airflow/example_dags/example_latest_only_with_trigger.py
[2024-04-03T08:55:44.976+0000] {logging_mixin.py:188} INFO - [2024-04-03T08:55:44.975+0000] {dag.py:3047} INFO - Sync 1 DAGs
[2024-04-03T08:55:45.030+0000] {logging_mixin.py:188} INFO - [2024-04-03T08:55:45.030+0000] {dag.py:3834} INFO - Setting next_dagrun for latest_only_with_trigger to 2024-04-03 04:00:00+00:00, run_after=2024-04-03 08:00:00+00:00
[2024-04-03T08:55:45.082+0000] {processor.py:183} INFO - Processing /home/airflow/.local/lib/python3.8/site-packages/airflow/example_dags/example_latest_only_with_trigger.py took 0.190 seconds
[2024-04-03T08:56:15.719+0000] {processor.py:161} INFO - Started process (PID=589) to work on /home/airflow/.local/lib/python3.8/site-packages/airflow/example_dags/example_latest_only_with_trigger.py
[2024-04-03T08:56:15.721+0000] {processor.py:830} INFO - Processing file /home/airflow/.local/lib/python3.8/site-packages/airflow/example_dags/example_latest_only_with_trigger.py for tasks to queue
[2024-04-03T08:56:15.726+0000] {logging_mixin.py:188} INFO - [2024-04-03T08:56:15.725+0000] {dagbag.py:540} INFO - Filling up the DagBag from /home/airflow/.local/lib/python3.8/site-packages/airflow/example_dags/example_latest_only_with_trigger.py
[2024-04-03T08:56:15.749+0000] {processor.py:840} INFO - DAG(s) 'latest_only_with_trigger' retrieved from /home/airflow/.local/lib/python3.8/site-packages/airflow/example_dags/example_latest_only_with_trigger.py
[2024-04-03T08:56:15.805+0000] {logging_mixin.py:188} INFO - [2024-04-03T08:56:15.804+0000] {dag.py:3047} INFO - Sync 1 DAGs
[2024-04-03T08:56:15.856+0000] {logging_mixin.py:188} INFO - [2024-04-03T08:56:15.855+0000] {dag.py:3834} INFO - Setting next_dagrun for latest_only_with_trigger to 2024-04-03 04:00:00+00:00, run_after=2024-04-03 08:00:00+00:00
[2024-04-03T08:56:15.894+0000] {processor.py:183} INFO - Processing /home/airflow/.local/lib/python3.8/site-packages/airflow/example_dags/example_latest_only_with_trigger.py took 0.183 seconds
[2024-04-03T08:56:46.732+0000] {processor.py:161} INFO - Started process (PID=647) to work on /home/airflow/.local/lib/python3.8/site-packages/airflow/example_dags/example_latest_only_with_trigger.py
[2024-04-03T08:56:46.735+0000] {processor.py:830} INFO - Processing file /home/airflow/.local/lib/python3.8/site-packages/airflow/example_dags/example_latest_only_with_trigger.py for tasks to queue
[2024-04-03T08:56:46.739+0000] {logging_mixin.py:188} INFO - [2024-04-03T08:56:46.738+0000] {dagbag.py:540} INFO - Filling up the DagBag from /home/airflow/.local/lib/python3.8/site-packages/airflow/example_dags/example_latest_only_with_trigger.py
[2024-04-03T08:56:46.752+0000] {processor.py:840} INFO - DAG(s) 'latest_only_with_trigger' retrieved from /home/airflow/.local/lib/python3.8/site-packages/airflow/example_dags/example_latest_only_with_trigger.py
[2024-04-03T08:56:46.798+0000] {logging_mixin.py:188} INFO - [2024-04-03T08:56:46.797+0000] {dag.py:3047} INFO - Sync 1 DAGs
[2024-04-03T08:56:46.850+0000] {logging_mixin.py:188} INFO - [2024-04-03T08:56:46.849+0000] {dag.py:3834} INFO - Setting next_dagrun for latest_only_with_trigger to 2024-04-03 04:00:00+00:00, run_after=2024-04-03 08:00:00+00:00
[2024-04-03T08:56:46.889+0000] {processor.py:183} INFO - Processing /home/airflow/.local/lib/python3.8/site-packages/airflow/example_dags/example_latest_only_with_trigger.py took 0.165 seconds
[2024-04-03T08:57:17.139+0000] {processor.py:161} INFO - Started process (PID=705) to work on /home/airflow/.local/lib/python3.8/site-packages/airflow/example_dags/example_latest_only_with_trigger.py
[2024-04-03T08:57:17.142+0000] {processor.py:830} INFO - Processing file /home/airflow/.local/lib/python3.8/site-packages/airflow/example_dags/example_latest_only_with_trigger.py for tasks to queue
[2024-04-03T08:57:17.146+0000] {logging_mixin.py:188} INFO - [2024-04-03T08:57:17.145+0000] {dagbag.py:540} INFO - Filling up the DagBag from /home/airflow/.local/lib/python3.8/site-packages/airflow/example_dags/example_latest_only_with_trigger.py
[2024-04-03T08:57:17.159+0000] {processor.py:840} INFO - DAG(s) 'latest_only_with_trigger' retrieved from /home/airflow/.local/lib/python3.8/site-packages/airflow/example_dags/example_latest_only_with_trigger.py
[2024-04-03T08:57:17.205+0000] {logging_mixin.py:188} INFO - [2024-04-03T08:57:17.205+0000] {dag.py:3047} INFO - Sync 1 DAGs
[2024-04-03T08:57:17.257+0000] {logging_mixin.py:188} INFO - [2024-04-03T08:57:17.257+0000] {dag.py:3834} INFO - Setting next_dagrun for latest_only_with_trigger to 2024-04-03 04:00:00+00:00, run_after=2024-04-03 08:00:00+00:00
[2024-04-03T08:57:17.298+0000] {processor.py:183} INFO - Processing /home/airflow/.local/lib/python3.8/site-packages/airflow/example_dags/example_latest_only_with_trigger.py took 0.165 seconds
