[2024-04-03T08:51:40.225+0000] {processor.py:161} INFO - Started process (PID=70) to work on /home/airflow/.local/lib/python3.8/site-packages/airflow/example_dags/example_task_group_decorator.py
[2024-04-03T08:51:40.227+0000] {processor.py:830} INFO - Processing file /home/airflow/.local/lib/python3.8/site-packages/airflow/example_dags/example_task_group_decorator.py for tasks to queue
[2024-04-03T08:51:40.231+0000] {logging_mixin.py:188} INFO - [2024-04-03T08:51:40.231+0000] {dagbag.py:540} INFO - Filling up the DagBag from /home/airflow/.local/lib/python3.8/site-packages/airflow/example_dags/example_task_group_decorator.py
[2024-04-03T08:51:40.269+0000] {processor.py:840} INFO - DAG(s) 'example_task_group_decorator' retrieved from /home/airflow/.local/lib/python3.8/site-packages/airflow/example_dags/example_task_group_decorator.py
[2024-04-03T08:51:40.514+0000] {logging_mixin.py:188} INFO - [2024-04-03T08:51:40.513+0000] {dag.py:3047} INFO - Sync 1 DAGs
[2024-04-03T08:51:40.560+0000] {logging_mixin.py:188} INFO - [2024-04-03T08:51:40.559+0000] {dag.py:3834} INFO - Setting next_dagrun for example_task_group_decorator to 2024-04-02 00:00:00+00:00, run_after=2024-04-03 00:00:00+00:00
[2024-04-03T08:51:40.600+0000] {processor.py:183} INFO - Processing /home/airflow/.local/lib/python3.8/site-packages/airflow/example_dags/example_task_group_decorator.py took 0.384 seconds
[2024-04-03T08:52:11.457+0000] {processor.py:161} INFO - Started process (PID=128) to work on /home/airflow/.local/lib/python3.8/site-packages/airflow/example_dags/example_task_group_decorator.py
[2024-04-03T08:52:11.458+0000] {processor.py:830} INFO - Processing file /home/airflow/.local/lib/python3.8/site-packages/airflow/example_dags/example_task_group_decorator.py for tasks to queue
[2024-04-03T08:52:11.463+0000] {logging_mixin.py:188} INFO - [2024-04-03T08:52:11.462+0000] {dagbag.py:540} INFO - Filling up the DagBag from /home/airflow/.local/lib/python3.8/site-packages/airflow/example_dags/example_task_group_decorator.py
[2024-04-03T08:52:11.499+0000] {processor.py:840} INFO - DAG(s) 'example_task_group_decorator' retrieved from /home/airflow/.local/lib/python3.8/site-packages/airflow/example_dags/example_task_group_decorator.py
[2024-04-03T08:52:11.556+0000] {logging_mixin.py:188} INFO - [2024-04-03T08:52:11.555+0000] {dag.py:3047} INFO - Sync 1 DAGs
[2024-04-03T08:52:11.607+0000] {logging_mixin.py:188} INFO - [2024-04-03T08:52:11.606+0000] {dag.py:3834} INFO - Setting next_dagrun for example_task_group_decorator to 2024-04-02 00:00:00+00:00, run_after=2024-04-03 00:00:00+00:00
[2024-04-03T08:52:11.645+0000] {processor.py:183} INFO - Processing /home/airflow/.local/lib/python3.8/site-packages/airflow/example_dags/example_task_group_decorator.py took 0.196 seconds
[2024-04-03T08:52:41.767+0000] {processor.py:161} INFO - Started process (PID=185) to work on /home/airflow/.local/lib/python3.8/site-packages/airflow/example_dags/example_task_group_decorator.py
[2024-04-03T08:52:41.770+0000] {processor.py:830} INFO - Processing file /home/airflow/.local/lib/python3.8/site-packages/airflow/example_dags/example_task_group_decorator.py for tasks to queue
[2024-04-03T08:52:41.774+0000] {logging_mixin.py:188} INFO - [2024-04-03T08:52:41.773+0000] {dagbag.py:540} INFO - Filling up the DagBag from /home/airflow/.local/lib/python3.8/site-packages/airflow/example_dags/example_task_group_decorator.py
[2024-04-03T08:52:41.810+0000] {processor.py:840} INFO - DAG(s) 'example_task_group_decorator' retrieved from /home/airflow/.local/lib/python3.8/site-packages/airflow/example_dags/example_task_group_decorator.py
[2024-04-03T08:52:41.865+0000] {logging_mixin.py:188} INFO - [2024-04-03T08:52:41.865+0000] {dag.py:3047} INFO - Sync 1 DAGs
[2024-04-03T08:52:41.915+0000] {logging_mixin.py:188} INFO - [2024-04-03T08:52:41.915+0000] {dag.py:3834} INFO - Setting next_dagrun for example_task_group_decorator to 2024-04-02 00:00:00+00:00, run_after=2024-04-03 00:00:00+00:00
[2024-04-03T08:52:41.963+0000] {processor.py:183} INFO - Processing /home/airflow/.local/lib/python3.8/site-packages/airflow/example_dags/example_task_group_decorator.py took 0.204 seconds
[2024-04-03T08:53:12.356+0000] {processor.py:161} INFO - Started process (PID=243) to work on /home/airflow/.local/lib/python3.8/site-packages/airflow/example_dags/example_task_group_decorator.py
[2024-04-03T08:53:12.359+0000] {processor.py:830} INFO - Processing file /home/airflow/.local/lib/python3.8/site-packages/airflow/example_dags/example_task_group_decorator.py for tasks to queue
[2024-04-03T08:53:12.363+0000] {logging_mixin.py:188} INFO - [2024-04-03T08:53:12.362+0000] {dagbag.py:540} INFO - Filling up the DagBag from /home/airflow/.local/lib/python3.8/site-packages/airflow/example_dags/example_task_group_decorator.py
[2024-04-03T08:53:12.402+0000] {processor.py:840} INFO - DAG(s) 'example_task_group_decorator' retrieved from /home/airflow/.local/lib/python3.8/site-packages/airflow/example_dags/example_task_group_decorator.py
[2024-04-03T08:53:12.458+0000] {logging_mixin.py:188} INFO - [2024-04-03T08:53:12.457+0000] {dag.py:3047} INFO - Sync 1 DAGs
[2024-04-03T08:53:12.509+0000] {logging_mixin.py:188} INFO - [2024-04-03T08:53:12.508+0000] {dag.py:3834} INFO - Setting next_dagrun for example_task_group_decorator to 2024-04-02 00:00:00+00:00, run_after=2024-04-03 00:00:00+00:00
[2024-04-03T08:53:12.547+0000] {processor.py:183} INFO - Processing /home/airflow/.local/lib/python3.8/site-packages/airflow/example_dags/example_task_group_decorator.py took 0.199 seconds
[2024-04-03T08:53:43.143+0000] {processor.py:161} INFO - Started process (PID=301) to work on /home/airflow/.local/lib/python3.8/site-packages/airflow/example_dags/example_task_group_decorator.py
[2024-04-03T08:53:43.146+0000] {processor.py:830} INFO - Processing file /home/airflow/.local/lib/python3.8/site-packages/airflow/example_dags/example_task_group_decorator.py for tasks to queue
[2024-04-03T08:53:43.150+0000] {logging_mixin.py:188} INFO - [2024-04-03T08:53:43.149+0000] {dagbag.py:540} INFO - Filling up the DagBag from /home/airflow/.local/lib/python3.8/site-packages/airflow/example_dags/example_task_group_decorator.py
[2024-04-03T08:53:43.189+0000] {processor.py:840} INFO - DAG(s) 'example_task_group_decorator' retrieved from /home/airflow/.local/lib/python3.8/site-packages/airflow/example_dags/example_task_group_decorator.py
[2024-04-03T08:53:43.246+0000] {logging_mixin.py:188} INFO - [2024-04-03T08:53:43.245+0000] {dag.py:3047} INFO - Sync 1 DAGs
[2024-04-03T08:53:43.296+0000] {logging_mixin.py:188} INFO - [2024-04-03T08:53:43.295+0000] {dag.py:3834} INFO - Setting next_dagrun for example_task_group_decorator to 2024-04-02 00:00:00+00:00, run_after=2024-04-03 00:00:00+00:00
[2024-04-03T08:53:43.335+0000] {processor.py:183} INFO - Processing /home/airflow/.local/lib/python3.8/site-packages/airflow/example_dags/example_task_group_decorator.py took 0.199 seconds
[2024-04-03T08:54:13.685+0000] {processor.py:161} INFO - Started process (PID=359) to work on /home/airflow/.local/lib/python3.8/site-packages/airflow/example_dags/example_task_group_decorator.py
[2024-04-03T08:54:13.688+0000] {processor.py:830} INFO - Processing file /home/airflow/.local/lib/python3.8/site-packages/airflow/example_dags/example_task_group_decorator.py for tasks to queue
[2024-04-03T08:54:13.692+0000] {logging_mixin.py:188} INFO - [2024-04-03T08:54:13.691+0000] {dagbag.py:540} INFO - Filling up the DagBag from /home/airflow/.local/lib/python3.8/site-packages/airflow/example_dags/example_task_group_decorator.py
[2024-04-03T08:54:13.729+0000] {processor.py:840} INFO - DAG(s) 'example_task_group_decorator' retrieved from /home/airflow/.local/lib/python3.8/site-packages/airflow/example_dags/example_task_group_decorator.py
[2024-04-03T08:54:13.783+0000] {logging_mixin.py:188} INFO - [2024-04-03T08:54:13.783+0000] {dag.py:3047} INFO - Sync 1 DAGs
[2024-04-03T08:54:13.835+0000] {logging_mixin.py:188} INFO - [2024-04-03T08:54:13.835+0000] {dag.py:3834} INFO - Setting next_dagrun for example_task_group_decorator to 2024-04-02 00:00:00+00:00, run_after=2024-04-03 00:00:00+00:00
[2024-04-03T08:54:13.874+0000] {processor.py:183} INFO - Processing /home/airflow/.local/lib/python3.8/site-packages/airflow/example_dags/example_task_group_decorator.py took 0.197 seconds
[2024-04-03T08:54:44.046+0000] {processor.py:161} INFO - Started process (PID=417) to work on /home/airflow/.local/lib/python3.8/site-packages/airflow/example_dags/example_task_group_decorator.py
[2024-04-03T08:54:44.048+0000] {processor.py:830} INFO - Processing file /home/airflow/.local/lib/python3.8/site-packages/airflow/example_dags/example_task_group_decorator.py for tasks to queue
[2024-04-03T08:54:44.052+0000] {logging_mixin.py:188} INFO - [2024-04-03T08:54:44.052+0000] {dagbag.py:540} INFO - Filling up the DagBag from /home/airflow/.local/lib/python3.8/site-packages/airflow/example_dags/example_task_group_decorator.py
[2024-04-03T08:54:44.090+0000] {processor.py:840} INFO - DAG(s) 'example_task_group_decorator' retrieved from /home/airflow/.local/lib/python3.8/site-packages/airflow/example_dags/example_task_group_decorator.py
[2024-04-03T08:54:44.150+0000] {logging_mixin.py:188} INFO - [2024-04-03T08:54:44.149+0000] {dag.py:3047} INFO - Sync 1 DAGs
[2024-04-03T08:54:44.201+0000] {logging_mixin.py:188} INFO - [2024-04-03T08:54:44.201+0000] {dag.py:3834} INFO - Setting next_dagrun for example_task_group_decorator to 2024-04-02 00:00:00+00:00, run_after=2024-04-03 00:00:00+00:00
[2024-04-03T08:54:44.254+0000] {processor.py:183} INFO - Processing /home/airflow/.local/lib/python3.8/site-packages/airflow/example_dags/example_task_group_decorator.py took 0.216 seconds
[2024-04-03T08:55:14.571+0000] {processor.py:161} INFO - Started process (PID=475) to work on /home/airflow/.local/lib/python3.8/site-packages/airflow/example_dags/example_task_group_decorator.py
[2024-04-03T08:55:14.573+0000] {processor.py:830} INFO - Processing file /home/airflow/.local/lib/python3.8/site-packages/airflow/example_dags/example_task_group_decorator.py for tasks to queue
[2024-04-03T08:55:14.577+0000] {logging_mixin.py:188} INFO - [2024-04-03T08:55:14.576+0000] {dagbag.py:540} INFO - Filling up the DagBag from /home/airflow/.local/lib/python3.8/site-packages/airflow/example_dags/example_task_group_decorator.py
[2024-04-03T08:55:14.613+0000] {processor.py:840} INFO - DAG(s) 'example_task_group_decorator' retrieved from /home/airflow/.local/lib/python3.8/site-packages/airflow/example_dags/example_task_group_decorator.py
[2024-04-03T08:55:14.673+0000] {logging_mixin.py:188} INFO - [2024-04-03T08:55:14.673+0000] {dag.py:3047} INFO - Sync 1 DAGs
[2024-04-03T08:55:14.723+0000] {logging_mixin.py:188} INFO - [2024-04-03T08:55:14.723+0000] {dag.py:3834} INFO - Setting next_dagrun for example_task_group_decorator to 2024-04-02 00:00:00+00:00, run_after=2024-04-03 00:00:00+00:00
[2024-04-03T08:55:14.762+0000] {processor.py:183} INFO - Processing /home/airflow/.local/lib/python3.8/site-packages/airflow/example_dags/example_task_group_decorator.py took 0.199 seconds
[2024-04-03T08:55:45.166+0000] {processor.py:161} INFO - Started process (PID=533) to work on /home/airflow/.local/lib/python3.8/site-packages/airflow/example_dags/example_task_group_decorator.py
[2024-04-03T08:55:45.168+0000] {processor.py:830} INFO - Processing file /home/airflow/.local/lib/python3.8/site-packages/airflow/example_dags/example_task_group_decorator.py for tasks to queue
[2024-04-03T08:55:45.172+0000] {logging_mixin.py:188} INFO - [2024-04-03T08:55:45.172+0000] {dagbag.py:540} INFO - Filling up the DagBag from /home/airflow/.local/lib/python3.8/site-packages/airflow/example_dags/example_task_group_decorator.py
[2024-04-03T08:55:45.210+0000] {processor.py:840} INFO - DAG(s) 'example_task_group_decorator' retrieved from /home/airflow/.local/lib/python3.8/site-packages/airflow/example_dags/example_task_group_decorator.py
[2024-04-03T08:55:45.269+0000] {logging_mixin.py:188} INFO - [2024-04-03T08:55:45.269+0000] {dag.py:3047} INFO - Sync 1 DAGs
[2024-04-03T08:55:45.321+0000] {logging_mixin.py:188} INFO - [2024-04-03T08:55:45.320+0000] {dag.py:3834} INFO - Setting next_dagrun for example_task_group_decorator to 2024-04-02 00:00:00+00:00, run_after=2024-04-03 00:00:00+00:00
[2024-04-03T08:55:45.359+0000] {processor.py:183} INFO - Processing /home/airflow/.local/lib/python3.8/site-packages/airflow/example_dags/example_task_group_decorator.py took 0.202 seconds
[2024-04-03T08:56:15.990+0000] {processor.py:161} INFO - Started process (PID=591) to work on /home/airflow/.local/lib/python3.8/site-packages/airflow/example_dags/example_task_group_decorator.py
[2024-04-03T08:56:15.996+0000] {processor.py:830} INFO - Processing file /home/airflow/.local/lib/python3.8/site-packages/airflow/example_dags/example_task_group_decorator.py for tasks to queue
[2024-04-03T08:56:16.000+0000] {logging_mixin.py:188} INFO - [2024-04-03T08:56:15.999+0000] {dagbag.py:540} INFO - Filling up the DagBag from /home/airflow/.local/lib/python3.8/site-packages/airflow/example_dags/example_task_group_decorator.py
[2024-04-03T08:56:16.050+0000] {processor.py:840} INFO - DAG(s) 'example_task_group_decorator' retrieved from /home/airflow/.local/lib/python3.8/site-packages/airflow/example_dags/example_task_group_decorator.py
[2024-04-03T08:56:16.104+0000] {logging_mixin.py:188} INFO - [2024-04-03T08:56:16.104+0000] {dag.py:3047} INFO - Sync 1 DAGs
[2024-04-03T08:56:16.154+0000] {logging_mixin.py:188} INFO - [2024-04-03T08:56:16.153+0000] {dag.py:3834} INFO - Setting next_dagrun for example_task_group_decorator to 2024-04-02 00:00:00+00:00, run_after=2024-04-03 00:00:00+00:00
[2024-04-03T08:56:16.192+0000] {processor.py:183} INFO - Processing /home/airflow/.local/lib/python3.8/site-packages/airflow/example_dags/example_task_group_decorator.py took 0.211 seconds
[2024-04-03T08:56:47.014+0000] {processor.py:161} INFO - Started process (PID=649) to work on /home/airflow/.local/lib/python3.8/site-packages/airflow/example_dags/example_task_group_decorator.py
[2024-04-03T08:56:47.016+0000] {processor.py:830} INFO - Processing file /home/airflow/.local/lib/python3.8/site-packages/airflow/example_dags/example_task_group_decorator.py for tasks to queue
[2024-04-03T08:56:47.020+0000] {logging_mixin.py:188} INFO - [2024-04-03T08:56:47.020+0000] {dagbag.py:540} INFO - Filling up the DagBag from /home/airflow/.local/lib/python3.8/site-packages/airflow/example_dags/example_task_group_decorator.py
[2024-04-03T08:56:47.058+0000] {processor.py:840} INFO - DAG(s) 'example_task_group_decorator' retrieved from /home/airflow/.local/lib/python3.8/site-packages/airflow/example_dags/example_task_group_decorator.py
[2024-04-03T08:56:47.113+0000] {logging_mixin.py:188} INFO - [2024-04-03T08:56:47.113+0000] {dag.py:3047} INFO - Sync 1 DAGs
[2024-04-03T08:56:47.165+0000] {logging_mixin.py:188} INFO - [2024-04-03T08:56:47.164+0000] {dag.py:3834} INFO - Setting next_dagrun for example_task_group_decorator to 2024-04-02 00:00:00+00:00, run_after=2024-04-03 00:00:00+00:00
[2024-04-03T08:56:47.204+0000] {processor.py:183} INFO - Processing /home/airflow/.local/lib/python3.8/site-packages/airflow/example_dags/example_task_group_decorator.py took 0.198 seconds
[2024-04-03T08:57:17.421+0000] {processor.py:161} INFO - Started process (PID=707) to work on /home/airflow/.local/lib/python3.8/site-packages/airflow/example_dags/example_task_group_decorator.py
[2024-04-03T08:57:17.423+0000] {processor.py:830} INFO - Processing file /home/airflow/.local/lib/python3.8/site-packages/airflow/example_dags/example_task_group_decorator.py for tasks to queue
[2024-04-03T08:57:17.428+0000] {logging_mixin.py:188} INFO - [2024-04-03T08:57:17.427+0000] {dagbag.py:540} INFO - Filling up the DagBag from /home/airflow/.local/lib/python3.8/site-packages/airflow/example_dags/example_task_group_decorator.py
[2024-04-03T08:57:17.465+0000] {processor.py:840} INFO - DAG(s) 'example_task_group_decorator' retrieved from /home/airflow/.local/lib/python3.8/site-packages/airflow/example_dags/example_task_group_decorator.py
[2024-04-03T08:57:17.521+0000] {logging_mixin.py:188} INFO - [2024-04-03T08:57:17.520+0000] {dag.py:3047} INFO - Sync 1 DAGs
[2024-04-03T08:57:17.572+0000] {logging_mixin.py:188} INFO - [2024-04-03T08:57:17.572+0000] {dag.py:3834} INFO - Setting next_dagrun for example_task_group_decorator to 2024-04-02 00:00:00+00:00, run_after=2024-04-03 00:00:00+00:00
[2024-04-03T08:57:17.612+0000] {processor.py:183} INFO - Processing /home/airflow/.local/lib/python3.8/site-packages/airflow/example_dags/example_task_group_decorator.py took 0.200 seconds
