[2024-04-03T08:51:44.602+0000] {processor.py:161} INFO - Started process (PID=88) to work on /home/airflow/.local/lib/python3.8/site-packages/airflow/example_dags/example_python_operator.py
[2024-04-03T08:51:44.604+0000] {processor.py:830} INFO - Processing file /home/airflow/.local/lib/python3.8/site-packages/airflow/example_dags/example_python_operator.py for tasks to queue
[2024-04-03T08:51:44.608+0000] {logging_mixin.py:188} INFO - [2024-04-03T08:51:44.607+0000] {dagbag.py:540} INFO - Filling up the DagBag from /home/airflow/.local/lib/python3.8/site-packages/airflow/example_dags/example_python_operator.py
[2024-04-03T08:51:44.634+0000] {processor.py:840} INFO - DAG(s) 'example_python_operator' retrieved from /home/airflow/.local/lib/python3.8/site-packages/airflow/example_dags/example_python_operator.py
[2024-04-03T08:51:44.868+0000] {logging_mixin.py:188} INFO - [2024-04-03T08:51:44.868+0000] {dag.py:3047} INFO - Sync 1 DAGs
[2024-04-03T08:51:44.899+0000] {logging_mixin.py:188} INFO - [2024-04-03T08:51:44.899+0000] {dag.py:3834} INFO - Setting next_dagrun for example_python_operator to None, run_after=None
[2024-04-03T08:51:44.941+0000] {processor.py:183} INFO - Processing /home/airflow/.local/lib/python3.8/site-packages/airflow/example_dags/example_python_operator.py took 0.347 seconds
[2024-04-03T08:52:15.664+0000] {processor.py:161} INFO - Started process (PID=146) to work on /home/airflow/.local/lib/python3.8/site-packages/airflow/example_dags/example_python_operator.py
[2024-04-03T08:52:15.666+0000] {processor.py:830} INFO - Processing file /home/airflow/.local/lib/python3.8/site-packages/airflow/example_dags/example_python_operator.py for tasks to queue
[2024-04-03T08:52:15.670+0000] {logging_mixin.py:188} INFO - [2024-04-03T08:52:15.669+0000] {dagbag.py:540} INFO - Filling up the DagBag from /home/airflow/.local/lib/python3.8/site-packages/airflow/example_dags/example_python_operator.py
[2024-04-03T08:52:15.695+0000] {processor.py:840} INFO - DAG(s) 'example_python_operator' retrieved from /home/airflow/.local/lib/python3.8/site-packages/airflow/example_dags/example_python_operator.py
[2024-04-03T08:52:15.743+0000] {logging_mixin.py:188} INFO - [2024-04-03T08:52:15.743+0000] {dag.py:3047} INFO - Sync 1 DAGs
[2024-04-03T08:52:15.772+0000] {logging_mixin.py:188} INFO - [2024-04-03T08:52:15.771+0000] {dag.py:3834} INFO - Setting next_dagrun for example_python_operator to None, run_after=None
[2024-04-03T08:52:15.814+0000] {processor.py:183} INFO - Processing /home/airflow/.local/lib/python3.8/site-packages/airflow/example_dags/example_python_operator.py took 0.158 seconds
[2024-04-03T08:52:46.220+0000] {processor.py:161} INFO - Started process (PID=203) to work on /home/airflow/.local/lib/python3.8/site-packages/airflow/example_dags/example_python_operator.py
[2024-04-03T08:52:46.223+0000] {processor.py:830} INFO - Processing file /home/airflow/.local/lib/python3.8/site-packages/airflow/example_dags/example_python_operator.py for tasks to queue
[2024-04-03T08:52:46.228+0000] {logging_mixin.py:188} INFO - [2024-04-03T08:52:46.227+0000] {dagbag.py:540} INFO - Filling up the DagBag from /home/airflow/.local/lib/python3.8/site-packages/airflow/example_dags/example_python_operator.py
[2024-04-03T08:52:46.252+0000] {processor.py:840} INFO - DAG(s) 'example_python_operator' retrieved from /home/airflow/.local/lib/python3.8/site-packages/airflow/example_dags/example_python_operator.py
[2024-04-03T08:52:46.301+0000] {logging_mixin.py:188} INFO - [2024-04-03T08:52:46.301+0000] {dag.py:3047} INFO - Sync 1 DAGs
[2024-04-03T08:52:46.330+0000] {logging_mixin.py:188} INFO - [2024-04-03T08:52:46.330+0000] {dag.py:3834} INFO - Setting next_dagrun for example_python_operator to None, run_after=None
[2024-04-03T08:52:46.372+0000] {processor.py:183} INFO - Processing /home/airflow/.local/lib/python3.8/site-packages/airflow/example_dags/example_python_operator.py took 0.160 seconds
[2024-04-03T08:53:16.902+0000] {processor.py:161} INFO - Started process (PID=261) to work on /home/airflow/.local/lib/python3.8/site-packages/airflow/example_dags/example_python_operator.py
[2024-04-03T08:53:16.905+0000] {processor.py:830} INFO - Processing file /home/airflow/.local/lib/python3.8/site-packages/airflow/example_dags/example_python_operator.py for tasks to queue
[2024-04-03T08:53:16.909+0000] {logging_mixin.py:188} INFO - [2024-04-03T08:53:16.908+0000] {dagbag.py:540} INFO - Filling up the DagBag from /home/airflow/.local/lib/python3.8/site-packages/airflow/example_dags/example_python_operator.py
[2024-04-03T08:53:16.933+0000] {processor.py:840} INFO - DAG(s) 'example_python_operator' retrieved from /home/airflow/.local/lib/python3.8/site-packages/airflow/example_dags/example_python_operator.py
[2024-04-03T08:53:16.982+0000] {logging_mixin.py:188} INFO - [2024-04-03T08:53:16.981+0000] {dag.py:3047} INFO - Sync 1 DAGs
[2024-04-03T08:53:17.010+0000] {logging_mixin.py:188} INFO - [2024-04-03T08:53:17.009+0000] {dag.py:3834} INFO - Setting next_dagrun for example_python_operator to None, run_after=None
[2024-04-03T08:53:17.050+0000] {processor.py:183} INFO - Processing /home/airflow/.local/lib/python3.8/site-packages/airflow/example_dags/example_python_operator.py took 0.156 seconds
[2024-04-03T08:53:47.205+0000] {processor.py:161} INFO - Started process (PID=319) to work on /home/airflow/.local/lib/python3.8/site-packages/airflow/example_dags/example_python_operator.py
[2024-04-03T08:53:47.208+0000] {processor.py:830} INFO - Processing file /home/airflow/.local/lib/python3.8/site-packages/airflow/example_dags/example_python_operator.py for tasks to queue
[2024-04-03T08:53:47.212+0000] {logging_mixin.py:188} INFO - [2024-04-03T08:53:47.211+0000] {dagbag.py:540} INFO - Filling up the DagBag from /home/airflow/.local/lib/python3.8/site-packages/airflow/example_dags/example_python_operator.py
[2024-04-03T08:53:47.236+0000] {processor.py:840} INFO - DAG(s) 'example_python_operator' retrieved from /home/airflow/.local/lib/python3.8/site-packages/airflow/example_dags/example_python_operator.py
[2024-04-03T08:53:47.291+0000] {logging_mixin.py:188} INFO - [2024-04-03T08:53:47.291+0000] {dag.py:3047} INFO - Sync 1 DAGs
[2024-04-03T08:53:47.320+0000] {logging_mixin.py:188} INFO - [2024-04-03T08:53:47.320+0000] {dag.py:3834} INFO - Setting next_dagrun for example_python_operator to None, run_after=None
[2024-04-03T08:53:47.361+0000] {processor.py:183} INFO - Processing /home/airflow/.local/lib/python3.8/site-packages/airflow/example_dags/example_python_operator.py took 0.164 seconds
[2024-04-03T08:54:18.480+0000] {processor.py:161} INFO - Started process (PID=377) to work on /home/airflow/.local/lib/python3.8/site-packages/airflow/example_dags/example_python_operator.py
[2024-04-03T08:54:18.483+0000] {processor.py:830} INFO - Processing file /home/airflow/.local/lib/python3.8/site-packages/airflow/example_dags/example_python_operator.py for tasks to queue
[2024-04-03T08:54:18.487+0000] {logging_mixin.py:188} INFO - [2024-04-03T08:54:18.486+0000] {dagbag.py:540} INFO - Filling up the DagBag from /home/airflow/.local/lib/python3.8/site-packages/airflow/example_dags/example_python_operator.py
[2024-04-03T08:54:18.512+0000] {processor.py:840} INFO - DAG(s) 'example_python_operator' retrieved from /home/airflow/.local/lib/python3.8/site-packages/airflow/example_dags/example_python_operator.py
[2024-04-03T08:54:18.562+0000] {logging_mixin.py:188} INFO - [2024-04-03T08:54:18.562+0000] {dag.py:3047} INFO - Sync 1 DAGs
[2024-04-03T08:54:18.592+0000] {logging_mixin.py:188} INFO - [2024-04-03T08:54:18.591+0000] {dag.py:3834} INFO - Setting next_dagrun for example_python_operator to None, run_after=None
[2024-04-03T08:54:18.634+0000] {processor.py:183} INFO - Processing /home/airflow/.local/lib/python3.8/site-packages/airflow/example_dags/example_python_operator.py took 0.162 seconds
[2024-04-03T08:54:48.927+0000] {processor.py:161} INFO - Started process (PID=435) to work on /home/airflow/.local/lib/python3.8/site-packages/airflow/example_dags/example_python_operator.py
[2024-04-03T08:54:48.930+0000] {processor.py:830} INFO - Processing file /home/airflow/.local/lib/python3.8/site-packages/airflow/example_dags/example_python_operator.py for tasks to queue
[2024-04-03T08:54:48.934+0000] {logging_mixin.py:188} INFO - [2024-04-03T08:54:48.934+0000] {dagbag.py:540} INFO - Filling up the DagBag from /home/airflow/.local/lib/python3.8/site-packages/airflow/example_dags/example_python_operator.py
[2024-04-03T08:54:48.959+0000] {processor.py:840} INFO - DAG(s) 'example_python_operator' retrieved from /home/airflow/.local/lib/python3.8/site-packages/airflow/example_dags/example_python_operator.py
[2024-04-03T08:54:49.007+0000] {logging_mixin.py:188} INFO - [2024-04-03T08:54:49.007+0000] {dag.py:3047} INFO - Sync 1 DAGs
[2024-04-03T08:54:49.036+0000] {logging_mixin.py:188} INFO - [2024-04-03T08:54:49.035+0000] {dag.py:3834} INFO - Setting next_dagrun for example_python_operator to None, run_after=None
[2024-04-03T08:54:49.074+0000] {processor.py:183} INFO - Processing /home/airflow/.local/lib/python3.8/site-packages/airflow/example_dags/example_python_operator.py took 0.156 seconds
[2024-04-03T08:55:19.231+0000] {processor.py:161} INFO - Started process (PID=494) to work on /home/airflow/.local/lib/python3.8/site-packages/airflow/example_dags/example_python_operator.py
[2024-04-03T08:55:19.234+0000] {processor.py:830} INFO - Processing file /home/airflow/.local/lib/python3.8/site-packages/airflow/example_dags/example_python_operator.py for tasks to queue
[2024-04-03T08:55:19.238+0000] {logging_mixin.py:188} INFO - [2024-04-03T08:55:19.237+0000] {dagbag.py:540} INFO - Filling up the DagBag from /home/airflow/.local/lib/python3.8/site-packages/airflow/example_dags/example_python_operator.py
[2024-04-03T08:55:19.265+0000] {processor.py:840} INFO - DAG(s) 'example_python_operator' retrieved from /home/airflow/.local/lib/python3.8/site-packages/airflow/example_dags/example_python_operator.py
[2024-04-03T08:55:19.314+0000] {logging_mixin.py:188} INFO - [2024-04-03T08:55:19.314+0000] {dag.py:3047} INFO - Sync 1 DAGs
[2024-04-03T08:55:19.346+0000] {logging_mixin.py:188} INFO - [2024-04-03T08:55:19.345+0000] {dag.py:3834} INFO - Setting next_dagrun for example_python_operator to None, run_after=None
[2024-04-03T08:55:19.387+0000] {processor.py:183} INFO - Processing /home/airflow/.local/lib/python3.8/site-packages/airflow/example_dags/example_python_operator.py took 0.164 seconds
[2024-04-03T08:55:49.575+0000] {processor.py:161} INFO - Started process (PID=552) to work on /home/airflow/.local/lib/python3.8/site-packages/airflow/example_dags/example_python_operator.py
[2024-04-03T08:55:49.577+0000] {processor.py:830} INFO - Processing file /home/airflow/.local/lib/python3.8/site-packages/airflow/example_dags/example_python_operator.py for tasks to queue
[2024-04-03T08:55:49.582+0000] {logging_mixin.py:188} INFO - [2024-04-03T08:55:49.581+0000] {dagbag.py:540} INFO - Filling up the DagBag from /home/airflow/.local/lib/python3.8/site-packages/airflow/example_dags/example_python_operator.py
[2024-04-03T08:55:49.607+0000] {processor.py:840} INFO - DAG(s) 'example_python_operator' retrieved from /home/airflow/.local/lib/python3.8/site-packages/airflow/example_dags/example_python_operator.py
[2024-04-03T08:55:49.656+0000] {logging_mixin.py:188} INFO - [2024-04-03T08:55:49.656+0000] {dag.py:3047} INFO - Sync 1 DAGs
[2024-04-03T08:55:49.685+0000] {logging_mixin.py:188} INFO - [2024-04-03T08:55:49.685+0000] {dag.py:3834} INFO - Setting next_dagrun for example_python_operator to None, run_after=None
[2024-04-03T08:55:49.726+0000] {processor.py:183} INFO - Processing /home/airflow/.local/lib/python3.8/site-packages/airflow/example_dags/example_python_operator.py took 0.162 seconds
[2024-04-03T08:56:20.305+0000] {processor.py:161} INFO - Started process (PID=609) to work on /home/airflow/.local/lib/python3.8/site-packages/airflow/example_dags/example_python_operator.py
[2024-04-03T08:56:20.308+0000] {processor.py:830} INFO - Processing file /home/airflow/.local/lib/python3.8/site-packages/airflow/example_dags/example_python_operator.py for tasks to queue
[2024-04-03T08:56:20.312+0000] {logging_mixin.py:188} INFO - [2024-04-03T08:56:20.311+0000] {dagbag.py:540} INFO - Filling up the DagBag from /home/airflow/.local/lib/python3.8/site-packages/airflow/example_dags/example_python_operator.py
[2024-04-03T08:56:20.336+0000] {processor.py:840} INFO - DAG(s) 'example_python_operator' retrieved from /home/airflow/.local/lib/python3.8/site-packages/airflow/example_dags/example_python_operator.py
[2024-04-03T08:56:20.384+0000] {logging_mixin.py:188} INFO - [2024-04-03T08:56:20.384+0000] {dag.py:3047} INFO - Sync 1 DAGs
[2024-04-03T08:56:20.413+0000] {logging_mixin.py:188} INFO - [2024-04-03T08:56:20.413+0000] {dag.py:3834} INFO - Setting next_dagrun for example_python_operator to None, run_after=None
[2024-04-03T08:56:20.454+0000] {processor.py:183} INFO - Processing /home/airflow/.local/lib/python3.8/site-packages/airflow/example_dags/example_python_operator.py took 0.157 seconds
[2024-04-03T08:56:51.828+0000] {processor.py:161} INFO - Started process (PID=667) to work on /home/airflow/.local/lib/python3.8/site-packages/airflow/example_dags/example_python_operator.py
[2024-04-03T08:56:51.831+0000] {processor.py:830} INFO - Processing file /home/airflow/.local/lib/python3.8/site-packages/airflow/example_dags/example_python_operator.py for tasks to queue
[2024-04-03T08:56:51.835+0000] {logging_mixin.py:188} INFO - [2024-04-03T08:56:51.834+0000] {dagbag.py:540} INFO - Filling up the DagBag from /home/airflow/.local/lib/python3.8/site-packages/airflow/example_dags/example_python_operator.py
[2024-04-03T08:56:51.860+0000] {processor.py:840} INFO - DAG(s) 'example_python_operator' retrieved from /home/airflow/.local/lib/python3.8/site-packages/airflow/example_dags/example_python_operator.py
[2024-04-03T08:56:51.913+0000] {logging_mixin.py:188} INFO - [2024-04-03T08:56:51.913+0000] {dag.py:3047} INFO - Sync 1 DAGs
[2024-04-03T08:56:51.942+0000] {logging_mixin.py:188} INFO - [2024-04-03T08:56:51.942+0000] {dag.py:3834} INFO - Setting next_dagrun for example_python_operator to None, run_after=None
[2024-04-03T08:56:51.983+0000] {processor.py:183} INFO - Processing /home/airflow/.local/lib/python3.8/site-packages/airflow/example_dags/example_python_operator.py took 0.163 seconds
[2024-04-03T08:57:22.278+0000] {processor.py:161} INFO - Started process (PID=725) to work on /home/airflow/.local/lib/python3.8/site-packages/airflow/example_dags/example_python_operator.py
[2024-04-03T08:57:22.281+0000] {processor.py:830} INFO - Processing file /home/airflow/.local/lib/python3.8/site-packages/airflow/example_dags/example_python_operator.py for tasks to queue
[2024-04-03T08:57:22.285+0000] {logging_mixin.py:188} INFO - [2024-04-03T08:57:22.284+0000] {dagbag.py:540} INFO - Filling up the DagBag from /home/airflow/.local/lib/python3.8/site-packages/airflow/example_dags/example_python_operator.py
[2024-04-03T08:57:22.325+0000] {processor.py:840} INFO - DAG(s) 'example_python_operator' retrieved from /home/airflow/.local/lib/python3.8/site-packages/airflow/example_dags/example_python_operator.py
[2024-04-03T08:57:22.375+0000] {logging_mixin.py:188} INFO - [2024-04-03T08:57:22.375+0000] {dag.py:3047} INFO - Sync 1 DAGs
[2024-04-03T08:57:22.404+0000] {logging_mixin.py:188} INFO - [2024-04-03T08:57:22.403+0000] {dag.py:3834} INFO - Setting next_dagrun for example_python_operator to None, run_after=None
[2024-04-03T08:57:22.440+0000] {processor.py:183} INFO - Processing /home/airflow/.local/lib/python3.8/site-packages/airflow/example_dags/example_python_operator.py took 0.170 seconds
