[2024-04-03T08:51:36.190+0000] {processor.py:161} INFO - Started process (PID=52) to work on /home/airflow/.local/lib/python3.8/site-packages/airflow/example_dags/example_python_decorator.py
[2024-04-03T08:51:36.192+0000] {processor.py:830} INFO - Processing file /home/airflow/.local/lib/python3.8/site-packages/airflow/example_dags/example_python_decorator.py for tasks to queue
[2024-04-03T08:51:36.196+0000] {logging_mixin.py:188} INFO - [2024-04-03T08:51:36.196+0000] {dagbag.py:540} INFO - Filling up the DagBag from /home/airflow/.local/lib/python3.8/site-packages/airflow/example_dags/example_python_decorator.py
[2024-04-03T08:51:36.251+0000] {processor.py:840} INFO - DAG(s) 'example_python_decorator' retrieved from /home/airflow/.local/lib/python3.8/site-packages/airflow/example_dags/example_python_decorator.py
[2024-04-03T08:51:36.498+0000] {logging_mixin.py:188} INFO - [2024-04-03T08:51:36.497+0000] {dag.py:3047} INFO - Sync 1 DAGs
[2024-04-03T08:51:36.523+0000] {logging_mixin.py:188} INFO - [2024-04-03T08:51:36.522+0000] {dag.py:3834} INFO - Setting next_dagrun for example_python_decorator to None, run_after=None
[2024-04-03T08:51:36.566+0000] {processor.py:183} INFO - Processing /home/airflow/.local/lib/python3.8/site-packages/airflow/example_dags/example_python_decorator.py took 0.386 seconds
[2024-04-03T08:52:07.009+0000] {processor.py:161} INFO - Started process (PID=110) to work on /home/airflow/.local/lib/python3.8/site-packages/airflow/example_dags/example_python_decorator.py
[2024-04-03T08:52:07.011+0000] {processor.py:830} INFO - Processing file /home/airflow/.local/lib/python3.8/site-packages/airflow/example_dags/example_python_decorator.py for tasks to queue
[2024-04-03T08:52:07.013+0000] {logging_mixin.py:188} INFO - [2024-04-03T08:52:07.013+0000] {dagbag.py:540} INFO - Filling up the DagBag from /home/airflow/.local/lib/python3.8/site-packages/airflow/example_dags/example_python_decorator.py
[2024-04-03T08:52:07.031+0000] {processor.py:840} INFO - DAG(s) 'example_python_decorator' retrieved from /home/airflow/.local/lib/python3.8/site-packages/airflow/example_dags/example_python_decorator.py
[2024-04-03T08:52:07.067+0000] {logging_mixin.py:188} INFO - [2024-04-03T08:52:07.066+0000] {dag.py:3047} INFO - Sync 1 DAGs
[2024-04-03T08:52:07.083+0000] {logging_mixin.py:188} INFO - [2024-04-03T08:52:07.082+0000] {dag.py:3834} INFO - Setting next_dagrun for example_python_decorator to None, run_after=None
[2024-04-03T08:52:07.102+0000] {processor.py:183} INFO - Processing /home/airflow/.local/lib/python3.8/site-packages/airflow/example_dags/example_python_decorator.py took 0.097 seconds
[2024-04-03T08:52:37.630+0000] {processor.py:161} INFO - Started process (PID=167) to work on /home/airflow/.local/lib/python3.8/site-packages/airflow/example_dags/example_python_decorator.py
[2024-04-03T08:52:37.632+0000] {processor.py:830} INFO - Processing file /home/airflow/.local/lib/python3.8/site-packages/airflow/example_dags/example_python_decorator.py for tasks to queue
[2024-04-03T08:52:37.636+0000] {logging_mixin.py:188} INFO - [2024-04-03T08:52:37.635+0000] {dagbag.py:540} INFO - Filling up the DagBag from /home/airflow/.local/lib/python3.8/site-packages/airflow/example_dags/example_python_decorator.py
[2024-04-03T08:52:37.666+0000] {processor.py:840} INFO - DAG(s) 'example_python_decorator' retrieved from /home/airflow/.local/lib/python3.8/site-packages/airflow/example_dags/example_python_decorator.py
[2024-04-03T08:52:37.714+0000] {logging_mixin.py:188} INFO - [2024-04-03T08:52:37.713+0000] {dag.py:3047} INFO - Sync 1 DAGs
[2024-04-03T08:52:37.742+0000] {logging_mixin.py:188} INFO - [2024-04-03T08:52:37.742+0000] {dag.py:3834} INFO - Setting next_dagrun for example_python_decorator to None, run_after=None
[2024-04-03T08:52:37.780+0000] {processor.py:183} INFO - Processing /home/airflow/.local/lib/python3.8/site-packages/airflow/example_dags/example_python_decorator.py took 0.158 seconds
[2024-04-03T08:53:07.966+0000] {processor.py:161} INFO - Started process (PID=225) to work on /home/airflow/.local/lib/python3.8/site-packages/airflow/example_dags/example_python_decorator.py
[2024-04-03T08:53:07.968+0000] {processor.py:830} INFO - Processing file /home/airflow/.local/lib/python3.8/site-packages/airflow/example_dags/example_python_decorator.py for tasks to queue
[2024-04-03T08:53:07.972+0000] {logging_mixin.py:188} INFO - [2024-04-03T08:53:07.972+0000] {dagbag.py:540} INFO - Filling up the DagBag from /home/airflow/.local/lib/python3.8/site-packages/airflow/example_dags/example_python_decorator.py
[2024-04-03T08:53:08.003+0000] {processor.py:840} INFO - DAG(s) 'example_python_decorator' retrieved from /home/airflow/.local/lib/python3.8/site-packages/airflow/example_dags/example_python_decorator.py
[2024-04-03T08:53:08.050+0000] {logging_mixin.py:188} INFO - [2024-04-03T08:53:08.049+0000] {dag.py:3047} INFO - Sync 1 DAGs
[2024-04-03T08:53:08.079+0000] {logging_mixin.py:188} INFO - [2024-04-03T08:53:08.078+0000] {dag.py:3834} INFO - Setting next_dagrun for example_python_decorator to None, run_after=None
[2024-04-03T08:53:08.117+0000] {processor.py:183} INFO - Processing /home/airflow/.local/lib/python3.8/site-packages/airflow/example_dags/example_python_decorator.py took 0.158 seconds
[2024-04-03T08:53:38.918+0000] {processor.py:161} INFO - Started process (PID=283) to work on /home/airflow/.local/lib/python3.8/site-packages/airflow/example_dags/example_python_decorator.py
[2024-04-03T08:53:38.920+0000] {processor.py:830} INFO - Processing file /home/airflow/.local/lib/python3.8/site-packages/airflow/example_dags/example_python_decorator.py for tasks to queue
[2024-04-03T08:53:38.924+0000] {logging_mixin.py:188} INFO - [2024-04-03T08:53:38.924+0000] {dagbag.py:540} INFO - Filling up the DagBag from /home/airflow/.local/lib/python3.8/site-packages/airflow/example_dags/example_python_decorator.py
[2024-04-03T08:53:38.955+0000] {processor.py:840} INFO - DAG(s) 'example_python_decorator' retrieved from /home/airflow/.local/lib/python3.8/site-packages/airflow/example_dags/example_python_decorator.py
[2024-04-03T08:53:39.007+0000] {logging_mixin.py:188} INFO - [2024-04-03T08:53:39.006+0000] {dag.py:3047} INFO - Sync 1 DAGs
[2024-04-03T08:53:39.035+0000] {logging_mixin.py:188} INFO - [2024-04-03T08:53:39.035+0000] {dag.py:3834} INFO - Setting next_dagrun for example_python_decorator to None, run_after=None
[2024-04-03T08:53:39.074+0000] {processor.py:183} INFO - Processing /home/airflow/.local/lib/python3.8/site-packages/airflow/example_dags/example_python_decorator.py took 0.163 seconds
[2024-04-03T08:54:09.282+0000] {processor.py:161} INFO - Started process (PID=341) to work on /home/airflow/.local/lib/python3.8/site-packages/airflow/example_dags/example_python_decorator.py
[2024-04-03T08:54:09.284+0000] {processor.py:830} INFO - Processing file /home/airflow/.local/lib/python3.8/site-packages/airflow/example_dags/example_python_decorator.py for tasks to queue
[2024-04-03T08:54:09.288+0000] {logging_mixin.py:188} INFO - [2024-04-03T08:54:09.287+0000] {dagbag.py:540} INFO - Filling up the DagBag from /home/airflow/.local/lib/python3.8/site-packages/airflow/example_dags/example_python_decorator.py
[2024-04-03T08:54:09.321+0000] {processor.py:840} INFO - DAG(s) 'example_python_decorator' retrieved from /home/airflow/.local/lib/python3.8/site-packages/airflow/example_dags/example_python_decorator.py
[2024-04-03T08:54:09.372+0000] {logging_mixin.py:188} INFO - [2024-04-03T08:54:09.372+0000] {dag.py:3047} INFO - Sync 1 DAGs
[2024-04-03T08:54:09.401+0000] {logging_mixin.py:188} INFO - [2024-04-03T08:54:09.401+0000] {dag.py:3834} INFO - Setting next_dagrun for example_python_decorator to None, run_after=None
[2024-04-03T08:54:09.440+0000] {processor.py:183} INFO - Processing /home/airflow/.local/lib/python3.8/site-packages/airflow/example_dags/example_python_decorator.py took 0.165 seconds
[2024-04-03T08:54:39.626+0000] {processor.py:161} INFO - Started process (PID=399) to work on /home/airflow/.local/lib/python3.8/site-packages/airflow/example_dags/example_python_decorator.py
[2024-04-03T08:54:39.629+0000] {processor.py:830} INFO - Processing file /home/airflow/.local/lib/python3.8/site-packages/airflow/example_dags/example_python_decorator.py for tasks to queue
[2024-04-03T08:54:39.633+0000] {logging_mixin.py:188} INFO - [2024-04-03T08:54:39.632+0000] {dagbag.py:540} INFO - Filling up the DagBag from /home/airflow/.local/lib/python3.8/site-packages/airflow/example_dags/example_python_decorator.py
[2024-04-03T08:54:39.665+0000] {processor.py:840} INFO - DAG(s) 'example_python_decorator' retrieved from /home/airflow/.local/lib/python3.8/site-packages/airflow/example_dags/example_python_decorator.py
[2024-04-03T08:54:39.716+0000] {logging_mixin.py:188} INFO - [2024-04-03T08:54:39.716+0000] {dag.py:3047} INFO - Sync 1 DAGs
[2024-04-03T08:54:39.746+0000] {logging_mixin.py:188} INFO - [2024-04-03T08:54:39.745+0000] {dag.py:3834} INFO - Setting next_dagrun for example_python_decorator to None, run_after=None
[2024-04-03T08:54:39.787+0000] {processor.py:183} INFO - Processing /home/airflow/.local/lib/python3.8/site-packages/airflow/example_dags/example_python_decorator.py took 0.169 seconds
[2024-04-03T08:55:10.193+0000] {processor.py:161} INFO - Started process (PID=457) to work on /home/airflow/.local/lib/python3.8/site-packages/airflow/example_dags/example_python_decorator.py
[2024-04-03T08:55:10.196+0000] {processor.py:830} INFO - Processing file /home/airflow/.local/lib/python3.8/site-packages/airflow/example_dags/example_python_decorator.py for tasks to queue
[2024-04-03T08:55:10.200+0000] {logging_mixin.py:188} INFO - [2024-04-03T08:55:10.199+0000] {dagbag.py:540} INFO - Filling up the DagBag from /home/airflow/.local/lib/python3.8/site-packages/airflow/example_dags/example_python_decorator.py
[2024-04-03T08:55:10.232+0000] {processor.py:840} INFO - DAG(s) 'example_python_decorator' retrieved from /home/airflow/.local/lib/python3.8/site-packages/airflow/example_dags/example_python_decorator.py
[2024-04-03T08:55:10.281+0000] {logging_mixin.py:188} INFO - [2024-04-03T08:55:10.281+0000] {dag.py:3047} INFO - Sync 1 DAGs
[2024-04-03T08:55:10.309+0000] {logging_mixin.py:188} INFO - [2024-04-03T08:55:10.309+0000] {dag.py:3834} INFO - Setting next_dagrun for example_python_decorator to None, run_after=None
[2024-04-03T08:55:10.348+0000] {processor.py:183} INFO - Processing /home/airflow/.local/lib/python3.8/site-packages/airflow/example_dags/example_python_decorator.py took 0.162 seconds
[2024-04-03T08:55:40.605+0000] {processor.py:161} INFO - Started process (PID=515) to work on /home/airflow/.local/lib/python3.8/site-packages/airflow/example_dags/example_python_decorator.py
[2024-04-03T08:55:40.609+0000] {processor.py:830} INFO - Processing file /home/airflow/.local/lib/python3.8/site-packages/airflow/example_dags/example_python_decorator.py for tasks to queue
[2024-04-03T08:55:40.613+0000] {logging_mixin.py:188} INFO - [2024-04-03T08:55:40.612+0000] {dagbag.py:540} INFO - Filling up the DagBag from /home/airflow/.local/lib/python3.8/site-packages/airflow/example_dags/example_python_decorator.py
[2024-04-03T08:55:40.644+0000] {processor.py:840} INFO - DAG(s) 'example_python_decorator' retrieved from /home/airflow/.local/lib/python3.8/site-packages/airflow/example_dags/example_python_decorator.py
[2024-04-03T08:55:40.694+0000] {logging_mixin.py:188} INFO - [2024-04-03T08:55:40.693+0000] {dag.py:3047} INFO - Sync 1 DAGs
[2024-04-03T08:55:40.723+0000] {logging_mixin.py:188} INFO - [2024-04-03T08:55:40.723+0000] {dag.py:3834} INFO - Setting next_dagrun for example_python_decorator to None, run_after=None
[2024-04-03T08:55:40.764+0000] {processor.py:183} INFO - Processing /home/airflow/.local/lib/python3.8/site-packages/airflow/example_dags/example_python_decorator.py took 0.166 seconds
[2024-04-03T08:56:10.904+0000] {processor.py:161} INFO - Started process (PID=573) to work on /home/airflow/.local/lib/python3.8/site-packages/airflow/example_dags/example_python_decorator.py
[2024-04-03T08:56:10.906+0000] {processor.py:830} INFO - Processing file /home/airflow/.local/lib/python3.8/site-packages/airflow/example_dags/example_python_decorator.py for tasks to queue
[2024-04-03T08:56:10.910+0000] {logging_mixin.py:188} INFO - [2024-04-03T08:56:10.909+0000] {dagbag.py:540} INFO - Filling up the DagBag from /home/airflow/.local/lib/python3.8/site-packages/airflow/example_dags/example_python_decorator.py
[2024-04-03T08:56:10.941+0000] {processor.py:840} INFO - DAG(s) 'example_python_decorator' retrieved from /home/airflow/.local/lib/python3.8/site-packages/airflow/example_dags/example_python_decorator.py
[2024-04-03T08:56:10.988+0000] {logging_mixin.py:188} INFO - [2024-04-03T08:56:10.988+0000] {dag.py:3047} INFO - Sync 1 DAGs
[2024-04-03T08:56:11.018+0000] {logging_mixin.py:188} INFO - [2024-04-03T08:56:11.018+0000] {dag.py:3834} INFO - Setting next_dagrun for example_python_decorator to None, run_after=None
[2024-04-03T08:56:11.059+0000] {processor.py:183} INFO - Processing /home/airflow/.local/lib/python3.8/site-packages/airflow/example_dags/example_python_decorator.py took 0.163 seconds
[2024-04-03T08:56:41.692+0000] {processor.py:161} INFO - Started process (PID=631) to work on /home/airflow/.local/lib/python3.8/site-packages/airflow/example_dags/example_python_decorator.py
[2024-04-03T08:56:41.695+0000] {processor.py:830} INFO - Processing file /home/airflow/.local/lib/python3.8/site-packages/airflow/example_dags/example_python_decorator.py for tasks to queue
[2024-04-03T08:56:41.699+0000] {logging_mixin.py:188} INFO - [2024-04-03T08:56:41.699+0000] {dagbag.py:540} INFO - Filling up the DagBag from /home/airflow/.local/lib/python3.8/site-packages/airflow/example_dags/example_python_decorator.py
[2024-04-03T08:56:41.731+0000] {processor.py:840} INFO - DAG(s) 'example_python_decorator' retrieved from /home/airflow/.local/lib/python3.8/site-packages/airflow/example_dags/example_python_decorator.py
[2024-04-03T08:56:41.781+0000] {logging_mixin.py:188} INFO - [2024-04-03T08:56:41.780+0000] {dag.py:3047} INFO - Sync 1 DAGs
[2024-04-03T08:56:41.810+0000] {logging_mixin.py:188} INFO - [2024-04-03T08:56:41.810+0000] {dag.py:3834} INFO - Setting next_dagrun for example_python_decorator to None, run_after=None
[2024-04-03T08:56:41.853+0000] {processor.py:183} INFO - Processing /home/airflow/.local/lib/python3.8/site-packages/airflow/example_dags/example_python_decorator.py took 0.169 seconds
[2024-04-03T08:57:12.262+0000] {processor.py:161} INFO - Started process (PID=689) to work on /home/airflow/.local/lib/python3.8/site-packages/airflow/example_dags/example_python_decorator.py
[2024-04-03T08:57:12.264+0000] {processor.py:830} INFO - Processing file /home/airflow/.local/lib/python3.8/site-packages/airflow/example_dags/example_python_decorator.py for tasks to queue
[2024-04-03T08:57:12.268+0000] {logging_mixin.py:188} INFO - [2024-04-03T08:57:12.267+0000] {dagbag.py:540} INFO - Filling up the DagBag from /home/airflow/.local/lib/python3.8/site-packages/airflow/example_dags/example_python_decorator.py
[2024-04-03T08:57:12.299+0000] {processor.py:840} INFO - DAG(s) 'example_python_decorator' retrieved from /home/airflow/.local/lib/python3.8/site-packages/airflow/example_dags/example_python_decorator.py
[2024-04-03T08:57:12.344+0000] {logging_mixin.py:188} INFO - [2024-04-03T08:57:12.344+0000] {dag.py:3047} INFO - Sync 1 DAGs
[2024-04-03T08:57:12.373+0000] {logging_mixin.py:188} INFO - [2024-04-03T08:57:12.373+0000] {dag.py:3834} INFO - Setting next_dagrun for example_python_decorator to None, run_after=None
[2024-04-03T08:57:12.413+0000] {processor.py:183} INFO - Processing /home/airflow/.local/lib/python3.8/site-packages/airflow/example_dags/example_python_decorator.py took 0.158 seconds
[2024-04-03T08:57:42.635+0000] {processor.py:161} INFO - Started process (PID=747) to work on /home/airflow/.local/lib/python3.8/site-packages/airflow/example_dags/example_python_decorator.py
[2024-04-03T08:57:42.643+0000] {processor.py:830} INFO - Processing file /home/airflow/.local/lib/python3.8/site-packages/airflow/example_dags/example_python_decorator.py for tasks to queue
[2024-04-03T08:57:42.648+0000] {logging_mixin.py:188} INFO - [2024-04-03T08:57:42.647+0000] {dagbag.py:540} INFO - Filling up the DagBag from /home/airflow/.local/lib/python3.8/site-packages/airflow/example_dags/example_python_decorator.py
[2024-04-03T08:57:42.681+0000] {processor.py:840} INFO - DAG(s) 'example_python_decorator' retrieved from /home/airflow/.local/lib/python3.8/site-packages/airflow/example_dags/example_python_decorator.py
[2024-04-03T08:57:42.731+0000] {logging_mixin.py:188} INFO - [2024-04-03T08:57:42.731+0000] {dag.py:3047} INFO - Sync 1 DAGs
[2024-04-03T08:57:42.762+0000] {logging_mixin.py:188} INFO - [2024-04-03T08:57:42.762+0000] {dag.py:3834} INFO - Setting next_dagrun for example_python_decorator to None, run_after=None
[2024-04-03T08:57:42.805+0000] {processor.py:183} INFO - Processing /home/airflow/.local/lib/python3.8/site-packages/airflow/example_dags/example_python_decorator.py took 0.178 seconds
