[2024-04-03T08:51:38.932+0000] {processor.py:161} INFO - Started process (PID=64) to work on /home/airflow/.local/lib/python3.8/site-packages/airflow/example_dags/example_skip_dag.py
[2024-04-03T08:51:38.936+0000] {processor.py:830} INFO - Processing file /home/airflow/.local/lib/python3.8/site-packages/airflow/example_dags/example_skip_dag.py for tasks to queue
[2024-04-03T08:51:38.941+0000] {logging_mixin.py:188} INFO - [2024-04-03T08:51:38.940+0000] {dagbag.py:540} INFO - Filling up the DagBag from /home/airflow/.local/lib/python3.8/site-packages/airflow/example_dags/example_skip_dag.py
[2024-04-03T08:51:38.968+0000] {processor.py:840} INFO - DAG(s) 'example_skip_dag' retrieved from /home/airflow/.local/lib/python3.8/site-packages/airflow/example_dags/example_skip_dag.py
[2024-04-03T08:51:39.214+0000] {logging_mixin.py:188} INFO - [2024-04-03T08:51:39.213+0000] {dag.py:3047} INFO - Sync 1 DAGs
[2024-04-03T08:51:39.260+0000] {logging_mixin.py:188} INFO - [2024-04-03T08:51:39.260+0000] {dag.py:3834} INFO - Setting next_dagrun for example_skip_dag to 2024-04-02 00:00:00+00:00, run_after=2024-04-03 00:00:00+00:00
[2024-04-03T08:51:39.300+0000] {processor.py:183} INFO - Processing /home/airflow/.local/lib/python3.8/site-packages/airflow/example_dags/example_skip_dag.py took 0.379 seconds
[2024-04-03T08:52:09.956+0000] {processor.py:161} INFO - Started process (PID=122) to work on /home/airflow/.local/lib/python3.8/site-packages/airflow/example_dags/example_skip_dag.py
[2024-04-03T08:52:09.958+0000] {processor.py:830} INFO - Processing file /home/airflow/.local/lib/python3.8/site-packages/airflow/example_dags/example_skip_dag.py for tasks to queue
[2024-04-03T08:52:09.962+0000] {logging_mixin.py:188} INFO - [2024-04-03T08:52:09.962+0000] {dagbag.py:540} INFO - Filling up the DagBag from /home/airflow/.local/lib/python3.8/site-packages/airflow/example_dags/example_skip_dag.py
[2024-04-03T08:52:09.976+0000] {processor.py:840} INFO - DAG(s) 'example_skip_dag' retrieved from /home/airflow/.local/lib/python3.8/site-packages/airflow/example_dags/example_skip_dag.py
[2024-04-03T08:52:10.008+0000] {logging_mixin.py:188} INFO - [2024-04-03T08:52:10.008+0000] {dag.py:3047} INFO - Sync 1 DAGs
[2024-04-03T08:52:10.039+0000] {logging_mixin.py:188} INFO - [2024-04-03T08:52:10.039+0000] {dag.py:3834} INFO - Setting next_dagrun for example_skip_dag to 2024-04-02 00:00:00+00:00, run_after=2024-04-03 00:00:00+00:00
[2024-04-03T08:52:10.062+0000] {processor.py:183} INFO - Processing /home/airflow/.local/lib/python3.8/site-packages/airflow/example_dags/example_skip_dag.py took 0.113 seconds
[2024-04-03T08:52:41.051+0000] {processor.py:161} INFO - Started process (PID=179) to work on /home/airflow/.local/lib/python3.8/site-packages/airflow/example_dags/example_skip_dag.py
[2024-04-03T08:52:41.054+0000] {processor.py:830} INFO - Processing file /home/airflow/.local/lib/python3.8/site-packages/airflow/example_dags/example_skip_dag.py for tasks to queue
[2024-04-03T08:52:41.058+0000] {logging_mixin.py:188} INFO - [2024-04-03T08:52:41.058+0000] {dagbag.py:540} INFO - Filling up the DagBag from /home/airflow/.local/lib/python3.8/site-packages/airflow/example_dags/example_skip_dag.py
[2024-04-03T08:52:41.073+0000] {processor.py:840} INFO - DAG(s) 'example_skip_dag' retrieved from /home/airflow/.local/lib/python3.8/site-packages/airflow/example_dags/example_skip_dag.py
[2024-04-03T08:52:41.122+0000] {logging_mixin.py:188} INFO - [2024-04-03T08:52:41.121+0000] {dag.py:3047} INFO - Sync 1 DAGs
[2024-04-03T08:52:41.173+0000] {logging_mixin.py:188} INFO - [2024-04-03T08:52:41.172+0000] {dag.py:3834} INFO - Setting next_dagrun for example_skip_dag to 2024-04-02 00:00:00+00:00, run_after=2024-04-03 00:00:00+00:00
[2024-04-03T08:52:41.211+0000] {processor.py:183} INFO - Processing /home/airflow/.local/lib/python3.8/site-packages/airflow/example_dags/example_skip_dag.py took 0.168 seconds
[2024-04-03T08:53:11.393+0000] {processor.py:161} INFO - Started process (PID=237) to work on /home/airflow/.local/lib/python3.8/site-packages/airflow/example_dags/example_skip_dag.py
[2024-04-03T08:53:11.396+0000] {processor.py:830} INFO - Processing file /home/airflow/.local/lib/python3.8/site-packages/airflow/example_dags/example_skip_dag.py for tasks to queue
[2024-04-03T08:53:11.400+0000] {logging_mixin.py:188} INFO - [2024-04-03T08:53:11.400+0000] {dagbag.py:540} INFO - Filling up the DagBag from /home/airflow/.local/lib/python3.8/site-packages/airflow/example_dags/example_skip_dag.py
[2024-04-03T08:53:11.416+0000] {processor.py:840} INFO - DAG(s) 'example_skip_dag' retrieved from /home/airflow/.local/lib/python3.8/site-packages/airflow/example_dags/example_skip_dag.py
[2024-04-03T08:53:11.463+0000] {logging_mixin.py:188} INFO - [2024-04-03T08:53:11.463+0000] {dag.py:3047} INFO - Sync 1 DAGs
[2024-04-03T08:53:11.514+0000] {logging_mixin.py:188} INFO - [2024-04-03T08:53:11.513+0000] {dag.py:3834} INFO - Setting next_dagrun for example_skip_dag to 2024-04-02 00:00:00+00:00, run_after=2024-04-03 00:00:00+00:00
[2024-04-03T08:53:11.553+0000] {processor.py:183} INFO - Processing /home/airflow/.local/lib/python3.8/site-packages/airflow/example_dags/example_skip_dag.py took 0.168 seconds
[2024-04-03T08:53:42.160+0000] {processor.py:161} INFO - Started process (PID=295) to work on /home/airflow/.local/lib/python3.8/site-packages/airflow/example_dags/example_skip_dag.py
[2024-04-03T08:53:42.162+0000] {processor.py:830} INFO - Processing file /home/airflow/.local/lib/python3.8/site-packages/airflow/example_dags/example_skip_dag.py for tasks to queue
[2024-04-03T08:53:42.166+0000] {logging_mixin.py:188} INFO - [2024-04-03T08:53:42.166+0000] {dagbag.py:540} INFO - Filling up the DagBag from /home/airflow/.local/lib/python3.8/site-packages/airflow/example_dags/example_skip_dag.py
[2024-04-03T08:53:42.182+0000] {processor.py:840} INFO - DAG(s) 'example_skip_dag' retrieved from /home/airflow/.local/lib/python3.8/site-packages/airflow/example_dags/example_skip_dag.py
[2024-04-03T08:53:42.231+0000] {logging_mixin.py:188} INFO - [2024-04-03T08:53:42.231+0000] {dag.py:3047} INFO - Sync 1 DAGs
[2024-04-03T08:53:42.283+0000] {logging_mixin.py:188} INFO - [2024-04-03T08:53:42.282+0000] {dag.py:3834} INFO - Setting next_dagrun for example_skip_dag to 2024-04-02 00:00:00+00:00, run_after=2024-04-03 00:00:00+00:00
[2024-04-03T08:53:42.323+0000] {processor.py:183} INFO - Processing /home/airflow/.local/lib/python3.8/site-packages/airflow/example_dags/example_skip_dag.py took 0.171 seconds
[2024-04-03T08:54:12.746+0000] {processor.py:161} INFO - Started process (PID=353) to work on /home/airflow/.local/lib/python3.8/site-packages/airflow/example_dags/example_skip_dag.py
[2024-04-03T08:54:12.749+0000] {processor.py:830} INFO - Processing file /home/airflow/.local/lib/python3.8/site-packages/airflow/example_dags/example_skip_dag.py for tasks to queue
[2024-04-03T08:54:12.753+0000] {logging_mixin.py:188} INFO - [2024-04-03T08:54:12.752+0000] {dagbag.py:540} INFO - Filling up the DagBag from /home/airflow/.local/lib/python3.8/site-packages/airflow/example_dags/example_skip_dag.py
[2024-04-03T08:54:12.769+0000] {processor.py:840} INFO - DAG(s) 'example_skip_dag' retrieved from /home/airflow/.local/lib/python3.8/site-packages/airflow/example_dags/example_skip_dag.py
[2024-04-03T08:54:12.817+0000] {logging_mixin.py:188} INFO - [2024-04-03T08:54:12.816+0000] {dag.py:3047} INFO - Sync 1 DAGs
[2024-04-03T08:54:12.868+0000] {logging_mixin.py:188} INFO - [2024-04-03T08:54:12.868+0000] {dag.py:3834} INFO - Setting next_dagrun for example_skip_dag to 2024-04-02 00:00:00+00:00, run_after=2024-04-03 00:00:00+00:00
[2024-04-03T08:54:12.907+0000] {processor.py:183} INFO - Processing /home/airflow/.local/lib/python3.8/site-packages/airflow/example_dags/example_skip_dag.py took 0.169 seconds
[2024-04-03T08:54:43.096+0000] {processor.py:161} INFO - Started process (PID=411) to work on /home/airflow/.local/lib/python3.8/site-packages/airflow/example_dags/example_skip_dag.py
[2024-04-03T08:54:43.099+0000] {processor.py:830} INFO - Processing file /home/airflow/.local/lib/python3.8/site-packages/airflow/example_dags/example_skip_dag.py for tasks to queue
[2024-04-03T08:54:43.103+0000] {logging_mixin.py:188} INFO - [2024-04-03T08:54:43.103+0000] {dagbag.py:540} INFO - Filling up the DagBag from /home/airflow/.local/lib/python3.8/site-packages/airflow/example_dags/example_skip_dag.py
[2024-04-03T08:54:43.119+0000] {processor.py:840} INFO - DAG(s) 'example_skip_dag' retrieved from /home/airflow/.local/lib/python3.8/site-packages/airflow/example_dags/example_skip_dag.py
[2024-04-03T08:54:43.167+0000] {logging_mixin.py:188} INFO - [2024-04-03T08:54:43.166+0000] {dag.py:3047} INFO - Sync 1 DAGs
[2024-04-03T08:54:43.217+0000] {logging_mixin.py:188} INFO - [2024-04-03T08:54:43.217+0000] {dag.py:3834} INFO - Setting next_dagrun for example_skip_dag to 2024-04-02 00:00:00+00:00, run_after=2024-04-03 00:00:00+00:00
[2024-04-03T08:54:43.256+0000] {processor.py:183} INFO - Processing /home/airflow/.local/lib/python3.8/site-packages/airflow/example_dags/example_skip_dag.py took 0.168 seconds
[2024-04-03T08:55:13.819+0000] {processor.py:161} INFO - Started process (PID=469) to work on /home/airflow/.local/lib/python3.8/site-packages/airflow/example_dags/example_skip_dag.py
[2024-04-03T08:55:13.822+0000] {processor.py:830} INFO - Processing file /home/airflow/.local/lib/python3.8/site-packages/airflow/example_dags/example_skip_dag.py for tasks to queue
[2024-04-03T08:55:13.826+0000] {logging_mixin.py:188} INFO - [2024-04-03T08:55:13.825+0000] {dagbag.py:540} INFO - Filling up the DagBag from /home/airflow/.local/lib/python3.8/site-packages/airflow/example_dags/example_skip_dag.py
[2024-04-03T08:55:13.842+0000] {processor.py:840} INFO - DAG(s) 'example_skip_dag' retrieved from /home/airflow/.local/lib/python3.8/site-packages/airflow/example_dags/example_skip_dag.py
[2024-04-03T08:55:13.890+0000] {logging_mixin.py:188} INFO - [2024-04-03T08:55:13.889+0000] {dag.py:3047} INFO - Sync 1 DAGs
[2024-04-03T08:55:13.942+0000] {logging_mixin.py:188} INFO - [2024-04-03T08:55:13.942+0000] {dag.py:3834} INFO - Setting next_dagrun for example_skip_dag to 2024-04-02 00:00:00+00:00, run_after=2024-04-03 00:00:00+00:00
[2024-04-03T08:55:13.984+0000] {processor.py:183} INFO - Processing /home/airflow/.local/lib/python3.8/site-packages/airflow/example_dags/example_skip_dag.py took 0.173 seconds
[2024-04-03T08:55:44.171+0000] {processor.py:161} INFO - Started process (PID=527) to work on /home/airflow/.local/lib/python3.8/site-packages/airflow/example_dags/example_skip_dag.py
[2024-04-03T08:55:44.173+0000] {processor.py:830} INFO - Processing file /home/airflow/.local/lib/python3.8/site-packages/airflow/example_dags/example_skip_dag.py for tasks to queue
[2024-04-03T08:55:44.178+0000] {logging_mixin.py:188} INFO - [2024-04-03T08:55:44.177+0000] {dagbag.py:540} INFO - Filling up the DagBag from /home/airflow/.local/lib/python3.8/site-packages/airflow/example_dags/example_skip_dag.py
[2024-04-03T08:55:44.193+0000] {processor.py:840} INFO - DAG(s) 'example_skip_dag' retrieved from /home/airflow/.local/lib/python3.8/site-packages/airflow/example_dags/example_skip_dag.py
[2024-04-03T08:55:44.241+0000] {logging_mixin.py:188} INFO - [2024-04-03T08:55:44.241+0000] {dag.py:3047} INFO - Sync 1 DAGs
[2024-04-03T08:55:44.292+0000] {logging_mixin.py:188} INFO - [2024-04-03T08:55:44.291+0000] {dag.py:3834} INFO - Setting next_dagrun for example_skip_dag to 2024-04-02 00:00:00+00:00, run_after=2024-04-03 00:00:00+00:00
[2024-04-03T08:55:44.330+0000] {processor.py:183} INFO - Processing /home/airflow/.local/lib/python3.8/site-packages/airflow/example_dags/example_skip_dag.py took 0.167 seconds
[2024-04-03T08:56:14.453+0000] {processor.py:161} INFO - Started process (PID=585) to work on /home/airflow/.local/lib/python3.8/site-packages/airflow/example_dags/example_skip_dag.py
[2024-04-03T08:56:14.456+0000] {processor.py:830} INFO - Processing file /home/airflow/.local/lib/python3.8/site-packages/airflow/example_dags/example_skip_dag.py for tasks to queue
[2024-04-03T08:56:14.460+0000] {logging_mixin.py:188} INFO - [2024-04-03T08:56:14.459+0000] {dagbag.py:540} INFO - Filling up the DagBag from /home/airflow/.local/lib/python3.8/site-packages/airflow/example_dags/example_skip_dag.py
[2024-04-03T08:56:14.476+0000] {processor.py:840} INFO - DAG(s) 'example_skip_dag' retrieved from /home/airflow/.local/lib/python3.8/site-packages/airflow/example_dags/example_skip_dag.py
[2024-04-03T08:56:14.523+0000] {logging_mixin.py:188} INFO - [2024-04-03T08:56:14.522+0000] {dag.py:3047} INFO - Sync 1 DAGs
[2024-04-03T08:56:14.574+0000] {logging_mixin.py:188} INFO - [2024-04-03T08:56:14.573+0000] {dag.py:3834} INFO - Setting next_dagrun for example_skip_dag to 2024-04-02 00:00:00+00:00, run_after=2024-04-03 00:00:00+00:00
[2024-04-03T08:56:14.612+0000] {processor.py:183} INFO - Processing /home/airflow/.local/lib/python3.8/site-packages/airflow/example_dags/example_skip_dag.py took 0.167 seconds
[2024-04-03T08:56:45.241+0000] {processor.py:161} INFO - Started process (PID=643) to work on /home/airflow/.local/lib/python3.8/site-packages/airflow/example_dags/example_skip_dag.py
[2024-04-03T08:56:45.243+0000] {processor.py:830} INFO - Processing file /home/airflow/.local/lib/python3.8/site-packages/airflow/example_dags/example_skip_dag.py for tasks to queue
[2024-04-03T08:56:45.247+0000] {logging_mixin.py:188} INFO - [2024-04-03T08:56:45.247+0000] {dagbag.py:540} INFO - Filling up the DagBag from /home/airflow/.local/lib/python3.8/site-packages/airflow/example_dags/example_skip_dag.py
[2024-04-03T08:56:45.263+0000] {processor.py:840} INFO - DAG(s) 'example_skip_dag' retrieved from /home/airflow/.local/lib/python3.8/site-packages/airflow/example_dags/example_skip_dag.py
[2024-04-03T08:56:45.312+0000] {logging_mixin.py:188} INFO - [2024-04-03T08:56:45.311+0000] {dag.py:3047} INFO - Sync 1 DAGs
[2024-04-03T08:56:45.362+0000] {logging_mixin.py:188} INFO - [2024-04-03T08:56:45.362+0000] {dag.py:3834} INFO - Setting next_dagrun for example_skip_dag to 2024-04-02 00:00:00+00:00, run_after=2024-04-03 00:00:00+00:00
[2024-04-03T08:56:45.403+0000] {processor.py:183} INFO - Processing /home/airflow/.local/lib/python3.8/site-packages/airflow/example_dags/example_skip_dag.py took 0.170 seconds
[2024-04-03T08:57:15.679+0000] {processor.py:161} INFO - Started process (PID=701) to work on /home/airflow/.local/lib/python3.8/site-packages/airflow/example_dags/example_skip_dag.py
[2024-04-03T08:57:15.685+0000] {processor.py:830} INFO - Processing file /home/airflow/.local/lib/python3.8/site-packages/airflow/example_dags/example_skip_dag.py for tasks to queue
[2024-04-03T08:57:15.689+0000] {logging_mixin.py:188} INFO - [2024-04-03T08:57:15.688+0000] {dagbag.py:540} INFO - Filling up the DagBag from /home/airflow/.local/lib/python3.8/site-packages/airflow/example_dags/example_skip_dag.py
[2024-04-03T08:57:15.708+0000] {processor.py:840} INFO - DAG(s) 'example_skip_dag' retrieved from /home/airflow/.local/lib/python3.8/site-packages/airflow/example_dags/example_skip_dag.py
[2024-04-03T08:57:15.756+0000] {logging_mixin.py:188} INFO - [2024-04-03T08:57:15.756+0000] {dag.py:3047} INFO - Sync 1 DAGs
[2024-04-03T08:57:15.818+0000] {logging_mixin.py:188} INFO - [2024-04-03T08:57:15.817+0000] {dag.py:3834} INFO - Setting next_dagrun for example_skip_dag to 2024-04-02 00:00:00+00:00, run_after=2024-04-03 00:00:00+00:00
[2024-04-03T08:57:15.860+0000] {processor.py:183} INFO - Processing /home/airflow/.local/lib/python3.8/site-packages/airflow/example_dags/example_skip_dag.py took 0.189 seconds
