[2024-04-03T08:51:42.460+0000] {processor.py:161} INFO - Started process (PID=78) to work on /home/airflow/.local/lib/python3.8/site-packages/airflow/example_dags/example_branch_operator.py
[2024-04-03T08:51:42.462+0000] {processor.py:830} INFO - Processing file /home/airflow/.local/lib/python3.8/site-packages/airflow/example_dags/example_branch_operator.py for tasks to queue
[2024-04-03T08:51:42.467+0000] {logging_mixin.py:188} INFO - [2024-04-03T08:51:42.466+0000] {dagbag.py:540} INFO - Filling up the DagBag from /home/airflow/.local/lib/python3.8/site-packages/airflow/example_dags/example_branch_operator.py
[2024-04-03T08:51:42.511+0000] {processor.py:840} INFO - DAG(s) 'example_branch_operator' retrieved from /home/airflow/.local/lib/python3.8/site-packages/airflow/example_dags/example_branch_operator.py
[2024-04-03T08:51:42.759+0000] {logging_mixin.py:188} INFO - [2024-04-03T08:51:42.758+0000] {dag.py:3047} INFO - Sync 1 DAGs
[2024-04-03T08:51:42.821+0000] {logging_mixin.py:188} INFO - [2024-04-03T08:51:42.820+0000] {dag.py:3834} INFO - Setting next_dagrun for example_branch_operator to 2024-04-02 00:00:00+00:00, run_after=2024-04-03 00:00:00+00:00
[2024-04-03T08:51:42.864+0000] {processor.py:183} INFO - Processing /home/airflow/.local/lib/python3.8/site-packages/airflow/example_dags/example_branch_operator.py took 0.412 seconds
[2024-04-03T08:52:13.063+0000] {processor.py:161} INFO - Started process (PID=136) to work on /home/airflow/.local/lib/python3.8/site-packages/airflow/example_dags/example_branch_operator.py
[2024-04-03T08:52:13.065+0000] {processor.py:830} INFO - Processing file /home/airflow/.local/lib/python3.8/site-packages/airflow/example_dags/example_branch_operator.py for tasks to queue
[2024-04-03T08:52:13.069+0000] {logging_mixin.py:188} INFO - [2024-04-03T08:52:13.068+0000] {dagbag.py:540} INFO - Filling up the DagBag from /home/airflow/.local/lib/python3.8/site-packages/airflow/example_dags/example_branch_operator.py
[2024-04-03T08:52:13.111+0000] {processor.py:840} INFO - DAG(s) 'example_branch_operator' retrieved from /home/airflow/.local/lib/python3.8/site-packages/airflow/example_dags/example_branch_operator.py
[2024-04-03T08:52:13.176+0000] {logging_mixin.py:188} INFO - [2024-04-03T08:52:13.176+0000] {dag.py:3047} INFO - Sync 1 DAGs
[2024-04-03T08:52:13.232+0000] {logging_mixin.py:188} INFO - [2024-04-03T08:52:13.232+0000] {dag.py:3834} INFO - Setting next_dagrun for example_branch_operator to 2024-04-02 00:00:00+00:00, run_after=2024-04-03 00:00:00+00:00
[2024-04-03T08:52:13.272+0000] {processor.py:183} INFO - Processing /home/airflow/.local/lib/python3.8/site-packages/airflow/example_dags/example_branch_operator.py took 0.217 seconds
[2024-04-03T08:52:43.868+0000] {processor.py:161} INFO - Started process (PID=193) to work on /home/airflow/.local/lib/python3.8/site-packages/airflow/example_dags/example_branch_operator.py
[2024-04-03T08:52:43.872+0000] {processor.py:830} INFO - Processing file /home/airflow/.local/lib/python3.8/site-packages/airflow/example_dags/example_branch_operator.py for tasks to queue
[2024-04-03T08:52:43.876+0000] {logging_mixin.py:188} INFO - [2024-04-03T08:52:43.875+0000] {dagbag.py:540} INFO - Filling up the DagBag from /home/airflow/.local/lib/python3.8/site-packages/airflow/example_dags/example_branch_operator.py
[2024-04-03T08:52:43.918+0000] {processor.py:840} INFO - DAG(s) 'example_branch_operator' retrieved from /home/airflow/.local/lib/python3.8/site-packages/airflow/example_dags/example_branch_operator.py
[2024-04-03T08:52:43.980+0000] {logging_mixin.py:188} INFO - [2024-04-03T08:52:43.979+0000] {dag.py:3047} INFO - Sync 1 DAGs
[2024-04-03T08:52:44.034+0000] {logging_mixin.py:188} INFO - [2024-04-03T08:52:44.034+0000] {dag.py:3834} INFO - Setting next_dagrun for example_branch_operator to 2024-04-02 00:00:00+00:00, run_after=2024-04-03 00:00:00+00:00
[2024-04-03T08:52:44.076+0000] {processor.py:183} INFO - Processing /home/airflow/.local/lib/python3.8/site-packages/airflow/example_dags/example_branch_operator.py took 0.216 seconds
[2024-04-03T08:53:14.473+0000] {processor.py:161} INFO - Started process (PID=251) to work on /home/airflow/.local/lib/python3.8/site-packages/airflow/example_dags/example_branch_operator.py
[2024-04-03T08:53:14.476+0000] {processor.py:830} INFO - Processing file /home/airflow/.local/lib/python3.8/site-packages/airflow/example_dags/example_branch_operator.py for tasks to queue
[2024-04-03T08:53:14.480+0000] {logging_mixin.py:188} INFO - [2024-04-03T08:53:14.479+0000] {dagbag.py:540} INFO - Filling up the DagBag from /home/airflow/.local/lib/python3.8/site-packages/airflow/example_dags/example_branch_operator.py
[2024-04-03T08:53:14.523+0000] {processor.py:840} INFO - DAG(s) 'example_branch_operator' retrieved from /home/airflow/.local/lib/python3.8/site-packages/airflow/example_dags/example_branch_operator.py
[2024-04-03T08:53:14.587+0000] {logging_mixin.py:188} INFO - [2024-04-03T08:53:14.586+0000] {dag.py:3047} INFO - Sync 1 DAGs
[2024-04-03T08:53:14.643+0000] {logging_mixin.py:188} INFO - [2024-04-03T08:53:14.642+0000] {dag.py:3834} INFO - Setting next_dagrun for example_branch_operator to 2024-04-02 00:00:00+00:00, run_after=2024-04-03 00:00:00+00:00
[2024-04-03T08:53:14.685+0000] {processor.py:183} INFO - Processing /home/airflow/.local/lib/python3.8/site-packages/airflow/example_dags/example_branch_operator.py took 0.220 seconds
[2024-04-03T08:53:45.080+0000] {processor.py:161} INFO - Started process (PID=309) to work on /home/airflow/.local/lib/python3.8/site-packages/airflow/example_dags/example_branch_operator.py
[2024-04-03T08:53:45.083+0000] {processor.py:830} INFO - Processing file /home/airflow/.local/lib/python3.8/site-packages/airflow/example_dags/example_branch_operator.py for tasks to queue
[2024-04-03T08:53:45.088+0000] {logging_mixin.py:188} INFO - [2024-04-03T08:53:45.087+0000] {dagbag.py:540} INFO - Filling up the DagBag from /home/airflow/.local/lib/python3.8/site-packages/airflow/example_dags/example_branch_operator.py
[2024-04-03T08:53:45.130+0000] {processor.py:840} INFO - DAG(s) 'example_branch_operator' retrieved from /home/airflow/.local/lib/python3.8/site-packages/airflow/example_dags/example_branch_operator.py
[2024-04-03T08:53:45.192+0000] {logging_mixin.py:188} INFO - [2024-04-03T08:53:45.192+0000] {dag.py:3047} INFO - Sync 1 DAGs
[2024-04-03T08:53:45.247+0000] {logging_mixin.py:188} INFO - [2024-04-03T08:53:45.246+0000] {dag.py:3834} INFO - Setting next_dagrun for example_branch_operator to 2024-04-02 00:00:00+00:00, run_after=2024-04-03 00:00:00+00:00
[2024-04-03T08:53:45.288+0000] {processor.py:183} INFO - Processing /home/airflow/.local/lib/python3.8/site-packages/airflow/example_dags/example_branch_operator.py took 0.216 seconds
[2024-04-03T08:54:16.114+0000] {processor.py:161} INFO - Started process (PID=367) to work on /home/airflow/.local/lib/python3.8/site-packages/airflow/example_dags/example_branch_operator.py
[2024-04-03T08:54:16.117+0000] {processor.py:830} INFO - Processing file /home/airflow/.local/lib/python3.8/site-packages/airflow/example_dags/example_branch_operator.py for tasks to queue
[2024-04-03T08:54:16.121+0000] {logging_mixin.py:188} INFO - [2024-04-03T08:54:16.120+0000] {dagbag.py:540} INFO - Filling up the DagBag from /home/airflow/.local/lib/python3.8/site-packages/airflow/example_dags/example_branch_operator.py
[2024-04-03T08:54:16.164+0000] {processor.py:840} INFO - DAG(s) 'example_branch_operator' retrieved from /home/airflow/.local/lib/python3.8/site-packages/airflow/example_dags/example_branch_operator.py
[2024-04-03T08:54:16.227+0000] {logging_mixin.py:188} INFO - [2024-04-03T08:54:16.227+0000] {dag.py:3047} INFO - Sync 1 DAGs
[2024-04-03T08:54:16.284+0000] {logging_mixin.py:188} INFO - [2024-04-03T08:54:16.283+0000] {dag.py:3834} INFO - Setting next_dagrun for example_branch_operator to 2024-04-02 00:00:00+00:00, run_after=2024-04-03 00:00:00+00:00
[2024-04-03T08:54:16.325+0000] {processor.py:183} INFO - Processing /home/airflow/.local/lib/python3.8/site-packages/airflow/example_dags/example_branch_operator.py took 0.219 seconds
[2024-04-03T08:54:47.088+0000] {processor.py:161} INFO - Started process (PID=425) to work on /home/airflow/.local/lib/python3.8/site-packages/airflow/example_dags/example_branch_operator.py
[2024-04-03T08:54:47.091+0000] {processor.py:830} INFO - Processing file /home/airflow/.local/lib/python3.8/site-packages/airflow/example_dags/example_branch_operator.py for tasks to queue
[2024-04-03T08:54:47.096+0000] {logging_mixin.py:188} INFO - [2024-04-03T08:54:47.095+0000] {dagbag.py:540} INFO - Filling up the DagBag from /home/airflow/.local/lib/python3.8/site-packages/airflow/example_dags/example_branch_operator.py
[2024-04-03T08:54:47.142+0000] {processor.py:840} INFO - DAG(s) 'example_branch_operator' retrieved from /home/airflow/.local/lib/python3.8/site-packages/airflow/example_dags/example_branch_operator.py
[2024-04-03T08:54:47.204+0000] {logging_mixin.py:188} INFO - [2024-04-03T08:54:47.204+0000] {dag.py:3047} INFO - Sync 1 DAGs
[2024-04-03T08:54:47.260+0000] {logging_mixin.py:188} INFO - [2024-04-03T08:54:47.259+0000] {dag.py:3834} INFO - Setting next_dagrun for example_branch_operator to 2024-04-02 00:00:00+00:00, run_after=2024-04-03 00:00:00+00:00
[2024-04-03T08:54:47.303+0000] {processor.py:183} INFO - Processing /home/airflow/.local/lib/python3.8/site-packages/airflow/example_dags/example_branch_operator.py took 0.222 seconds
[2024-04-03T08:55:17.753+0000] {processor.py:161} INFO - Started process (PID=483) to work on /home/airflow/.local/lib/python3.8/site-packages/airflow/example_dags/example_branch_operator.py
[2024-04-03T08:55:17.755+0000] {processor.py:830} INFO - Processing file /home/airflow/.local/lib/python3.8/site-packages/airflow/example_dags/example_branch_operator.py for tasks to queue
[2024-04-03T08:55:17.759+0000] {logging_mixin.py:188} INFO - [2024-04-03T08:55:17.759+0000] {dagbag.py:540} INFO - Filling up the DagBag from /home/airflow/.local/lib/python3.8/site-packages/airflow/example_dags/example_branch_operator.py
[2024-04-03T08:55:17.800+0000] {processor.py:840} INFO - DAG(s) 'example_branch_operator' retrieved from /home/airflow/.local/lib/python3.8/site-packages/airflow/example_dags/example_branch_operator.py
[2024-04-03T08:55:17.860+0000] {logging_mixin.py:188} INFO - [2024-04-03T08:55:17.860+0000] {dag.py:3047} INFO - Sync 1 DAGs
[2024-04-03T08:55:17.913+0000] {logging_mixin.py:188} INFO - [2024-04-03T08:55:17.912+0000] {dag.py:3834} INFO - Setting next_dagrun for example_branch_operator to 2024-04-02 00:00:00+00:00, run_after=2024-04-03 00:00:00+00:00
[2024-04-03T08:55:17.951+0000] {processor.py:183} INFO - Processing /home/airflow/.local/lib/python3.8/site-packages/airflow/example_dags/example_branch_operator.py took 0.205 seconds
[2024-04-03T08:55:48.185+0000] {processor.py:161} INFO - Started process (PID=541) to work on /home/airflow/.local/lib/python3.8/site-packages/airflow/example_dags/example_branch_operator.py
[2024-04-03T08:55:48.188+0000] {processor.py:830} INFO - Processing file /home/airflow/.local/lib/python3.8/site-packages/airflow/example_dags/example_branch_operator.py for tasks to queue
[2024-04-03T08:55:48.192+0000] {logging_mixin.py:188} INFO - [2024-04-03T08:55:48.192+0000] {dagbag.py:540} INFO - Filling up the DagBag from /home/airflow/.local/lib/python3.8/site-packages/airflow/example_dags/example_branch_operator.py
[2024-04-03T08:55:48.235+0000] {processor.py:840} INFO - DAG(s) 'example_branch_operator' retrieved from /home/airflow/.local/lib/python3.8/site-packages/airflow/example_dags/example_branch_operator.py
[2024-04-03T08:55:48.302+0000] {logging_mixin.py:188} INFO - [2024-04-03T08:55:48.301+0000] {dag.py:3047} INFO - Sync 1 DAGs
[2024-04-03T08:55:48.355+0000] {logging_mixin.py:188} INFO - [2024-04-03T08:55:48.355+0000] {dag.py:3834} INFO - Setting next_dagrun for example_branch_operator to 2024-04-02 00:00:00+00:00, run_after=2024-04-03 00:00:00+00:00
[2024-04-03T08:55:48.395+0000] {processor.py:183} INFO - Processing /home/airflow/.local/lib/python3.8/site-packages/airflow/example_dags/example_branch_operator.py took 0.218 seconds
[2024-04-03T08:56:19.182+0000] {processor.py:161} INFO - Started process (PID=599) to work on /home/airflow/.local/lib/python3.8/site-packages/airflow/example_dags/example_branch_operator.py
[2024-04-03T08:56:19.185+0000] {processor.py:830} INFO - Processing file /home/airflow/.local/lib/python3.8/site-packages/airflow/example_dags/example_branch_operator.py for tasks to queue
[2024-04-03T08:56:19.189+0000] {logging_mixin.py:188} INFO - [2024-04-03T08:56:19.188+0000] {dagbag.py:540} INFO - Filling up the DagBag from /home/airflow/.local/lib/python3.8/site-packages/airflow/example_dags/example_branch_operator.py
[2024-04-03T08:56:19.230+0000] {processor.py:840} INFO - DAG(s) 'example_branch_operator' retrieved from /home/airflow/.local/lib/python3.8/site-packages/airflow/example_dags/example_branch_operator.py
[2024-04-03T08:56:19.292+0000] {logging_mixin.py:188} INFO - [2024-04-03T08:56:19.291+0000] {dag.py:3047} INFO - Sync 1 DAGs
[2024-04-03T08:56:19.348+0000] {logging_mixin.py:188} INFO - [2024-04-03T08:56:19.347+0000] {dag.py:3834} INFO - Setting next_dagrun for example_branch_operator to 2024-04-02 00:00:00+00:00, run_after=2024-04-03 00:00:00+00:00
[2024-04-03T08:56:19.386+0000] {processor.py:183} INFO - Processing /home/airflow/.local/lib/python3.8/site-packages/airflow/example_dags/example_branch_operator.py took 0.211 seconds
[2024-04-03T08:56:50.183+0000] {processor.py:161} INFO - Started process (PID=657) to work on /home/airflow/.local/lib/python3.8/site-packages/airflow/example_dags/example_branch_operator.py
[2024-04-03T08:56:50.185+0000] {processor.py:830} INFO - Processing file /home/airflow/.local/lib/python3.8/site-packages/airflow/example_dags/example_branch_operator.py for tasks to queue
[2024-04-03T08:56:50.190+0000] {logging_mixin.py:188} INFO - [2024-04-03T08:56:50.189+0000] {dagbag.py:540} INFO - Filling up the DagBag from /home/airflow/.local/lib/python3.8/site-packages/airflow/example_dags/example_branch_operator.py
[2024-04-03T08:56:50.235+0000] {processor.py:840} INFO - DAG(s) 'example_branch_operator' retrieved from /home/airflow/.local/lib/python3.8/site-packages/airflow/example_dags/example_branch_operator.py
[2024-04-03T08:56:50.299+0000] {logging_mixin.py:188} INFO - [2024-04-03T08:56:50.298+0000] {dag.py:3047} INFO - Sync 1 DAGs
[2024-04-03T08:56:50.354+0000] {logging_mixin.py:188} INFO - [2024-04-03T08:56:50.353+0000] {dag.py:3834} INFO - Setting next_dagrun for example_branch_operator to 2024-04-02 00:00:00+00:00, run_after=2024-04-03 00:00:00+00:00
[2024-04-03T08:56:50.394+0000] {processor.py:183} INFO - Processing /home/airflow/.local/lib/python3.8/site-packages/airflow/example_dags/example_branch_operator.py took 0.219 seconds
[2024-04-03T08:57:20.602+0000] {processor.py:161} INFO - Started process (PID=715) to work on /home/airflow/.local/lib/python3.8/site-packages/airflow/example_dags/example_branch_operator.py
[2024-04-03T08:57:20.605+0000] {processor.py:830} INFO - Processing file /home/airflow/.local/lib/python3.8/site-packages/airflow/example_dags/example_branch_operator.py for tasks to queue
[2024-04-03T08:57:20.609+0000] {logging_mixin.py:188} INFO - [2024-04-03T08:57:20.608+0000] {dagbag.py:540} INFO - Filling up the DagBag from /home/airflow/.local/lib/python3.8/site-packages/airflow/example_dags/example_branch_operator.py
[2024-04-03T08:57:20.651+0000] {processor.py:840} INFO - DAG(s) 'example_branch_operator' retrieved from /home/airflow/.local/lib/python3.8/site-packages/airflow/example_dags/example_branch_operator.py
[2024-04-03T08:57:20.714+0000] {logging_mixin.py:188} INFO - [2024-04-03T08:57:20.713+0000] {dag.py:3047} INFO - Sync 1 DAGs
[2024-04-03T08:57:20.768+0000] {logging_mixin.py:188} INFO - [2024-04-03T08:57:20.767+0000] {dag.py:3834} INFO - Setting next_dagrun for example_branch_operator to 2024-04-02 00:00:00+00:00, run_after=2024-04-03 00:00:00+00:00
[2024-04-03T08:57:20.807+0000] {processor.py:183} INFO - Processing /home/airflow/.local/lib/python3.8/site-packages/airflow/example_dags/example_branch_operator.py took 0.213 seconds
