[2024-04-03T08:51:44.201+0000] {processor.py:161} INFO - Started process (PID=86) to work on /home/airflow/.local/lib/python3.8/site-packages/airflow/example_dags/example_latest_only.py
[2024-04-03T08:51:44.203+0000] {processor.py:830} INFO - Processing file /home/airflow/.local/lib/python3.8/site-packages/airflow/example_dags/example_latest_only.py for tasks to queue
[2024-04-03T08:51:44.208+0000] {logging_mixin.py:188} INFO - [2024-04-03T08:51:44.207+0000] {dagbag.py:540} INFO - Filling up the DagBag from /home/airflow/.local/lib/python3.8/site-packages/airflow/example_dags/example_latest_only.py
[2024-04-03T08:51:44.220+0000] {processor.py:840} INFO - DAG(s) 'latest_only' retrieved from /home/airflow/.local/lib/python3.8/site-packages/airflow/example_dags/example_latest_only.py
[2024-04-03T08:51:44.453+0000] {logging_mixin.py:188} INFO - [2024-04-03T08:51:44.453+0000] {dag.py:3047} INFO - Sync 1 DAGs
[2024-04-03T08:51:44.502+0000] {logging_mixin.py:188} INFO - [2024-04-03T08:51:44.502+0000] {dag.py:3834} INFO - Setting next_dagrun for latest_only to 2024-04-03 04:00:00+00:00, run_after=2024-04-03 08:00:00+00:00
[2024-04-03T08:51:44.542+0000] {processor.py:183} INFO - Processing /home/airflow/.local/lib/python3.8/site-packages/airflow/example_dags/example_latest_only.py took 0.349 seconds
[2024-04-03T08:52:15.263+0000] {processor.py:161} INFO - Started process (PID=144) to work on /home/airflow/.local/lib/python3.8/site-packages/airflow/example_dags/example_latest_only.py
[2024-04-03T08:52:15.265+0000] {processor.py:830} INFO - Processing file /home/airflow/.local/lib/python3.8/site-packages/airflow/example_dags/example_latest_only.py for tasks to queue
[2024-04-03T08:52:15.269+0000] {logging_mixin.py:188} INFO - [2024-04-03T08:52:15.268+0000] {dagbag.py:540} INFO - Filling up the DagBag from /home/airflow/.local/lib/python3.8/site-packages/airflow/example_dags/example_latest_only.py
[2024-04-03T08:52:15.281+0000] {processor.py:840} INFO - DAG(s) 'latest_only' retrieved from /home/airflow/.local/lib/python3.8/site-packages/airflow/example_dags/example_latest_only.py
[2024-04-03T08:52:15.325+0000] {logging_mixin.py:188} INFO - [2024-04-03T08:52:15.324+0000] {dag.py:3047} INFO - Sync 1 DAGs
[2024-04-03T08:52:15.375+0000] {logging_mixin.py:188} INFO - [2024-04-03T08:52:15.375+0000] {dag.py:3834} INFO - Setting next_dagrun for latest_only to 2024-04-03 04:00:00+00:00, run_after=2024-04-03 08:00:00+00:00
[2024-04-03T08:52:15.416+0000] {processor.py:183} INFO - Processing /home/airflow/.local/lib/python3.8/site-packages/airflow/example_dags/example_latest_only.py took 0.161 seconds
[2024-04-03T08:52:45.988+0000] {processor.py:161} INFO - Started process (PID=201) to work on /home/airflow/.local/lib/python3.8/site-packages/airflow/example_dags/example_latest_only.py
[2024-04-03T08:52:45.991+0000] {processor.py:830} INFO - Processing file /home/airflow/.local/lib/python3.8/site-packages/airflow/example_dags/example_latest_only.py for tasks to queue
[2024-04-03T08:52:45.995+0000] {logging_mixin.py:188} INFO - [2024-04-03T08:52:45.994+0000] {dagbag.py:540} INFO - Filling up the DagBag from /home/airflow/.local/lib/python3.8/site-packages/airflow/example_dags/example_latest_only.py
[2024-04-03T08:52:46.007+0000] {processor.py:840} INFO - DAG(s) 'latest_only' retrieved from /home/airflow/.local/lib/python3.8/site-packages/airflow/example_dags/example_latest_only.py
[2024-04-03T08:52:46.052+0000] {logging_mixin.py:188} INFO - [2024-04-03T08:52:46.051+0000] {dag.py:3047} INFO - Sync 1 DAGs
[2024-04-03T08:52:46.105+0000] {logging_mixin.py:188} INFO - [2024-04-03T08:52:46.104+0000] {dag.py:3834} INFO - Setting next_dagrun for latest_only to 2024-04-03 04:00:00+00:00, run_after=2024-04-03 08:00:00+00:00
[2024-04-03T08:52:46.147+0000] {processor.py:183} INFO - Processing /home/airflow/.local/lib/python3.8/site-packages/airflow/example_dags/example_latest_only.py took 0.168 seconds
[2024-04-03T08:53:16.673+0000] {processor.py:161} INFO - Started process (PID=259) to work on /home/airflow/.local/lib/python3.8/site-packages/airflow/example_dags/example_latest_only.py
[2024-04-03T08:53:16.676+0000] {processor.py:830} INFO - Processing file /home/airflow/.local/lib/python3.8/site-packages/airflow/example_dags/example_latest_only.py for tasks to queue
[2024-04-03T08:53:16.680+0000] {logging_mixin.py:188} INFO - [2024-04-03T08:53:16.679+0000] {dagbag.py:540} INFO - Filling up the DagBag from /home/airflow/.local/lib/python3.8/site-packages/airflow/example_dags/example_latest_only.py
[2024-04-03T08:53:16.692+0000] {processor.py:840} INFO - DAG(s) 'latest_only' retrieved from /home/airflow/.local/lib/python3.8/site-packages/airflow/example_dags/example_latest_only.py
[2024-04-03T08:53:16.735+0000] {logging_mixin.py:188} INFO - [2024-04-03T08:53:16.735+0000] {dag.py:3047} INFO - Sync 1 DAGs
[2024-04-03T08:53:16.789+0000] {logging_mixin.py:188} INFO - [2024-04-03T08:53:16.788+0000] {dag.py:3834} INFO - Setting next_dagrun for latest_only to 2024-04-03 04:00:00+00:00, run_after=2024-04-03 08:00:00+00:00
[2024-04-03T08:53:16.830+0000] {processor.py:183} INFO - Processing /home/airflow/.local/lib/python3.8/site-packages/airflow/example_dags/example_latest_only.py took 0.165 seconds
[2024-04-03T08:53:46.960+0000] {processor.py:161} INFO - Started process (PID=317) to work on /home/airflow/.local/lib/python3.8/site-packages/airflow/example_dags/example_latest_only.py
[2024-04-03T08:53:46.963+0000] {processor.py:830} INFO - Processing file /home/airflow/.local/lib/python3.8/site-packages/airflow/example_dags/example_latest_only.py for tasks to queue
[2024-04-03T08:53:46.967+0000] {logging_mixin.py:188} INFO - [2024-04-03T08:53:46.966+0000] {dagbag.py:540} INFO - Filling up the DagBag from /home/airflow/.local/lib/python3.8/site-packages/airflow/example_dags/example_latest_only.py
[2024-04-03T08:53:46.979+0000] {processor.py:840} INFO - DAG(s) 'latest_only' retrieved from /home/airflow/.local/lib/python3.8/site-packages/airflow/example_dags/example_latest_only.py
[2024-04-03T08:53:47.027+0000] {logging_mixin.py:188} INFO - [2024-04-03T08:53:47.026+0000] {dag.py:3047} INFO - Sync 1 DAGs
[2024-04-03T08:53:47.095+0000] {logging_mixin.py:188} INFO - [2024-04-03T08:53:47.095+0000] {dag.py:3834} INFO - Setting next_dagrun for latest_only to 2024-04-03 04:00:00+00:00, run_after=2024-04-03 08:00:00+00:00
[2024-04-03T08:53:47.142+0000] {processor.py:183} INFO - Processing /home/airflow/.local/lib/python3.8/site-packages/airflow/example_dags/example_latest_only.py took 0.190 seconds
[2024-04-03T08:54:18.259+0000] {processor.py:161} INFO - Started process (PID=375) to work on /home/airflow/.local/lib/python3.8/site-packages/airflow/example_dags/example_latest_only.py
[2024-04-03T08:54:18.262+0000] {processor.py:830} INFO - Processing file /home/airflow/.local/lib/python3.8/site-packages/airflow/example_dags/example_latest_only.py for tasks to queue
[2024-04-03T08:54:18.266+0000] {logging_mixin.py:188} INFO - [2024-04-03T08:54:18.265+0000] {dagbag.py:540} INFO - Filling up the DagBag from /home/airflow/.local/lib/python3.8/site-packages/airflow/example_dags/example_latest_only.py
[2024-04-03T08:54:18.277+0000] {processor.py:840} INFO - DAG(s) 'latest_only' retrieved from /home/airflow/.local/lib/python3.8/site-packages/airflow/example_dags/example_latest_only.py
[2024-04-03T08:54:18.323+0000] {logging_mixin.py:188} INFO - [2024-04-03T08:54:18.322+0000] {dag.py:3047} INFO - Sync 1 DAGs
[2024-04-03T08:54:18.374+0000] {logging_mixin.py:188} INFO - [2024-04-03T08:54:18.374+0000] {dag.py:3834} INFO - Setting next_dagrun for latest_only to 2024-04-03 04:00:00+00:00, run_after=2024-04-03 08:00:00+00:00
[2024-04-03T08:54:18.416+0000] {processor.py:183} INFO - Processing /home/airflow/.local/lib/python3.8/site-packages/airflow/example_dags/example_latest_only.py took 0.165 seconds
[2024-04-03T08:54:48.507+0000] {processor.py:161} INFO - Started process (PID=433) to work on /home/airflow/.local/lib/python3.8/site-packages/airflow/example_dags/example_latest_only.py
[2024-04-03T08:54:48.510+0000] {processor.py:830} INFO - Processing file /home/airflow/.local/lib/python3.8/site-packages/airflow/example_dags/example_latest_only.py for tasks to queue
[2024-04-03T08:54:48.514+0000] {logging_mixin.py:188} INFO - [2024-04-03T08:54:48.514+0000] {dagbag.py:540} INFO - Filling up the DagBag from /home/airflow/.local/lib/python3.8/site-packages/airflow/example_dags/example_latest_only.py
[2024-04-03T08:54:48.528+0000] {processor.py:840} INFO - DAG(s) 'latest_only' retrieved from /home/airflow/.local/lib/python3.8/site-packages/airflow/example_dags/example_latest_only.py
[2024-04-03T08:54:48.574+0000] {logging_mixin.py:188} INFO - [2024-04-03T08:54:48.574+0000] {dag.py:3047} INFO - Sync 1 DAGs
[2024-04-03T08:54:48.628+0000] {logging_mixin.py:188} INFO - [2024-04-03T08:54:48.627+0000] {dag.py:3834} INFO - Setting next_dagrun for latest_only to 2024-04-03 04:00:00+00:00, run_after=2024-04-03 08:00:00+00:00
[2024-04-03T08:54:48.672+0000] {processor.py:183} INFO - Processing /home/airflow/.local/lib/python3.8/site-packages/airflow/example_dags/example_latest_only.py took 0.172 seconds
[2024-04-03T08:55:18.912+0000] {processor.py:161} INFO - Started process (PID=491) to work on /home/airflow/.local/lib/python3.8/site-packages/airflow/example_dags/example_latest_only.py
[2024-04-03T08:55:18.915+0000] {processor.py:830} INFO - Processing file /home/airflow/.local/lib/python3.8/site-packages/airflow/example_dags/example_latest_only.py for tasks to queue
[2024-04-03T08:55:18.919+0000] {logging_mixin.py:188} INFO - [2024-04-03T08:55:18.918+0000] {dagbag.py:540} INFO - Filling up the DagBag from /home/airflow/.local/lib/python3.8/site-packages/airflow/example_dags/example_latest_only.py
[2024-04-03T08:55:18.930+0000] {processor.py:840} INFO - DAG(s) 'latest_only' retrieved from /home/airflow/.local/lib/python3.8/site-packages/airflow/example_dags/example_latest_only.py
[2024-04-03T08:55:18.974+0000] {logging_mixin.py:188} INFO - [2024-04-03T08:55:18.973+0000] {dag.py:3047} INFO - Sync 1 DAGs
[2024-04-03T08:55:19.025+0000] {logging_mixin.py:188} INFO - [2024-04-03T08:55:19.025+0000] {dag.py:3834} INFO - Setting next_dagrun for latest_only to 2024-04-03 04:00:00+00:00, run_after=2024-04-03 08:00:00+00:00
[2024-04-03T08:55:19.064+0000] {processor.py:183} INFO - Processing /home/airflow/.local/lib/python3.8/site-packages/airflow/example_dags/example_latest_only.py took 0.161 seconds
[2024-04-03T08:55:49.243+0000] {processor.py:161} INFO - Started process (PID=549) to work on /home/airflow/.local/lib/python3.8/site-packages/airflow/example_dags/example_latest_only.py
[2024-04-03T08:55:49.245+0000] {processor.py:830} INFO - Processing file /home/airflow/.local/lib/python3.8/site-packages/airflow/example_dags/example_latest_only.py for tasks to queue
[2024-04-03T08:55:49.250+0000] {logging_mixin.py:188} INFO - [2024-04-03T08:55:49.249+0000] {dagbag.py:540} INFO - Filling up the DagBag from /home/airflow/.local/lib/python3.8/site-packages/airflow/example_dags/example_latest_only.py
[2024-04-03T08:55:49.261+0000] {processor.py:840} INFO - DAG(s) 'latest_only' retrieved from /home/airflow/.local/lib/python3.8/site-packages/airflow/example_dags/example_latest_only.py
[2024-04-03T08:55:49.306+0000] {logging_mixin.py:188} INFO - [2024-04-03T08:55:49.306+0000] {dag.py:3047} INFO - Sync 1 DAGs
[2024-04-03T08:55:49.361+0000] {logging_mixin.py:188} INFO - [2024-04-03T08:55:49.361+0000] {dag.py:3834} INFO - Setting next_dagrun for latest_only to 2024-04-03 04:00:00+00:00, run_after=2024-04-03 08:00:00+00:00
[2024-04-03T08:55:49.401+0000] {processor.py:183} INFO - Processing /home/airflow/.local/lib/python3.8/site-packages/airflow/example_dags/example_latest_only.py took 0.167 seconds
[2024-04-03T08:56:20.097+0000] {processor.py:161} INFO - Started process (PID=607) to work on /home/airflow/.local/lib/python3.8/site-packages/airflow/example_dags/example_latest_only.py
[2024-04-03T08:56:20.100+0000] {processor.py:830} INFO - Processing file /home/airflow/.local/lib/python3.8/site-packages/airflow/example_dags/example_latest_only.py for tasks to queue
[2024-04-03T08:56:20.104+0000] {logging_mixin.py:188} INFO - [2024-04-03T08:56:20.103+0000] {dagbag.py:540} INFO - Filling up the DagBag from /home/airflow/.local/lib/python3.8/site-packages/airflow/example_dags/example_latest_only.py
[2024-04-03T08:56:20.115+0000] {processor.py:840} INFO - DAG(s) 'latest_only' retrieved from /home/airflow/.local/lib/python3.8/site-packages/airflow/example_dags/example_latest_only.py
[2024-04-03T08:56:20.159+0000] {logging_mixin.py:188} INFO - [2024-04-03T08:56:20.159+0000] {dag.py:3047} INFO - Sync 1 DAGs
[2024-04-03T08:56:20.210+0000] {logging_mixin.py:188} INFO - [2024-04-03T08:56:20.210+0000] {dag.py:3834} INFO - Setting next_dagrun for latest_only to 2024-04-03 04:00:00+00:00, run_after=2024-04-03 08:00:00+00:00
[2024-04-03T08:56:20.250+0000] {processor.py:183} INFO - Processing /home/airflow/.local/lib/python3.8/site-packages/airflow/example_dags/example_latest_only.py took 0.160 seconds
[2024-04-03T08:56:51.620+0000] {processor.py:161} INFO - Started process (PID=665) to work on /home/airflow/.local/lib/python3.8/site-packages/airflow/example_dags/example_latest_only.py
[2024-04-03T08:56:51.624+0000] {processor.py:830} INFO - Processing file /home/airflow/.local/lib/python3.8/site-packages/airflow/example_dags/example_latest_only.py for tasks to queue
[2024-04-03T08:56:51.628+0000] {logging_mixin.py:188} INFO - [2024-04-03T08:56:51.627+0000] {dagbag.py:540} INFO - Filling up the DagBag from /home/airflow/.local/lib/python3.8/site-packages/airflow/example_dags/example_latest_only.py
[2024-04-03T08:56:51.640+0000] {processor.py:840} INFO - DAG(s) 'latest_only' retrieved from /home/airflow/.local/lib/python3.8/site-packages/airflow/example_dags/example_latest_only.py
[2024-04-03T08:56:51.686+0000] {logging_mixin.py:188} INFO - [2024-04-03T08:56:51.685+0000] {dag.py:3047} INFO - Sync 1 DAGs
[2024-04-03T08:56:51.737+0000] {logging_mixin.py:188} INFO - [2024-04-03T08:56:51.736+0000] {dag.py:3834} INFO - Setting next_dagrun for latest_only to 2024-04-03 04:00:00+00:00, run_after=2024-04-03 08:00:00+00:00
[2024-04-03T08:56:51.778+0000] {processor.py:183} INFO - Processing /home/airflow/.local/lib/python3.8/site-packages/airflow/example_dags/example_latest_only.py took 0.166 seconds
[2024-04-03T08:57:21.859+0000] {processor.py:161} INFO - Started process (PID=723) to work on /home/airflow/.local/lib/python3.8/site-packages/airflow/example_dags/example_latest_only.py
[2024-04-03T08:57:21.862+0000] {processor.py:830} INFO - Processing file /home/airflow/.local/lib/python3.8/site-packages/airflow/example_dags/example_latest_only.py for tasks to queue
[2024-04-03T08:57:21.867+0000] {logging_mixin.py:188} INFO - [2024-04-03T08:57:21.866+0000] {dagbag.py:540} INFO - Filling up the DagBag from /home/airflow/.local/lib/python3.8/site-packages/airflow/example_dags/example_latest_only.py
[2024-04-03T08:57:21.878+0000] {processor.py:840} INFO - DAG(s) 'latest_only' retrieved from /home/airflow/.local/lib/python3.8/site-packages/airflow/example_dags/example_latest_only.py
[2024-04-03T08:57:21.923+0000] {logging_mixin.py:188} INFO - [2024-04-03T08:57:21.922+0000] {dag.py:3047} INFO - Sync 1 DAGs
[2024-04-03T08:57:21.976+0000] {logging_mixin.py:188} INFO - [2024-04-03T08:57:21.976+0000] {dag.py:3834} INFO - Setting next_dagrun for latest_only to 2024-04-03 04:00:00+00:00, run_after=2024-04-03 08:00:00+00:00
[2024-04-03T08:57:22.018+0000] {processor.py:183} INFO - Processing /home/airflow/.local/lib/python3.8/site-packages/airflow/example_dags/example_latest_only.py took 0.166 seconds
