[2024-04-03T08:51:37.576+0000] {processor.py:161} INFO - Started process (PID=58) to work on /home/airflow/.local/lib/python3.8/site-packages/airflow/example_dags/example_branch_python_dop_operator_3.py
[2024-04-03T08:51:37.578+0000] {processor.py:830} INFO - Processing file /home/airflow/.local/lib/python3.8/site-packages/airflow/example_dags/example_branch_python_dop_operator_3.py for tasks to queue
[2024-04-03T08:51:37.582+0000] {logging_mixin.py:188} INFO - [2024-04-03T08:51:37.581+0000] {dagbag.py:540} INFO - Filling up the DagBag from /home/airflow/.local/lib/python3.8/site-packages/airflow/example_dags/example_branch_python_dop_operator_3.py
[2024-04-03T08:51:37.610+0000] {processor.py:840} INFO - DAG(s) 'example_branch_dop_operator_v3' retrieved from /home/airflow/.local/lib/python3.8/site-packages/airflow/example_dags/example_branch_python_dop_operator_3.py
[2024-04-03T08:51:37.856+0000] {logging_mixin.py:188} INFO - [2024-04-03T08:51:37.856+0000] {dag.py:3047} INFO - Sync 1 DAGs
[2024-04-03T08:51:37.918+0000] {logging_mixin.py:188} INFO - [2024-04-03T08:51:37.918+0000] {dag.py:3834} INFO - Setting next_dagrun for example_branch_dop_operator_v3 to 2024-04-03 08:50:00+00:00, run_after=2024-04-03 08:51:00+00:00
[2024-04-03T08:51:37.959+0000] {processor.py:183} INFO - Processing /home/airflow/.local/lib/python3.8/site-packages/airflow/example_dags/example_branch_python_dop_operator_3.py took 0.392 seconds
[2024-04-03T08:52:08.403+0000] {processor.py:161} INFO - Started process (PID=116) to work on /home/airflow/.local/lib/python3.8/site-packages/airflow/example_dags/example_branch_python_dop_operator_3.py
[2024-04-03T08:52:08.404+0000] {processor.py:830} INFO - Processing file /home/airflow/.local/lib/python3.8/site-packages/airflow/example_dags/example_branch_python_dop_operator_3.py for tasks to queue
[2024-04-03T08:52:08.406+0000] {logging_mixin.py:188} INFO - [2024-04-03T08:52:08.406+0000] {dagbag.py:540} INFO - Filling up the DagBag from /home/airflow/.local/lib/python3.8/site-packages/airflow/example_dags/example_branch_python_dop_operator_3.py
[2024-04-03T08:52:08.421+0000] {processor.py:840} INFO - DAG(s) 'example_branch_dop_operator_v3' retrieved from /home/airflow/.local/lib/python3.8/site-packages/airflow/example_dags/example_branch_python_dop_operator_3.py
[2024-04-03T08:52:08.449+0000] {logging_mixin.py:188} INFO - [2024-04-03T08:52:08.449+0000] {dag.py:3047} INFO - Sync 1 DAGs
[2024-04-03T08:52:08.531+0000] {logging_mixin.py:188} INFO - [2024-04-03T08:52:08.531+0000] {dag.py:3834} INFO - Setting next_dagrun for example_branch_dop_operator_v3 to 2024-04-03 08:51:00+00:00, run_after=2024-04-03 08:52:00+00:00
[2024-04-03T08:52:08.589+0000] {processor.py:183} INFO - Processing /home/airflow/.local/lib/python3.8/site-packages/airflow/example_dags/example_branch_python_dop_operator_3.py took 0.192 seconds
[2024-04-03T08:52:39.338+0000] {processor.py:161} INFO - Started process (PID=173) to work on /home/airflow/.local/lib/python3.8/site-packages/airflow/example_dags/example_branch_python_dop_operator_3.py
[2024-04-03T08:52:39.340+0000] {processor.py:830} INFO - Processing file /home/airflow/.local/lib/python3.8/site-packages/airflow/example_dags/example_branch_python_dop_operator_3.py for tasks to queue
[2024-04-03T08:52:39.345+0000] {logging_mixin.py:188} INFO - [2024-04-03T08:52:39.345+0000] {dagbag.py:540} INFO - Filling up the DagBag from /home/airflow/.local/lib/python3.8/site-packages/airflow/example_dags/example_branch_python_dop_operator_3.py
[2024-04-03T08:52:39.368+0000] {processor.py:840} INFO - DAG(s) 'example_branch_dop_operator_v3' retrieved from /home/airflow/.local/lib/python3.8/site-packages/airflow/example_dags/example_branch_python_dop_operator_3.py
[2024-04-03T08:52:39.415+0000] {logging_mixin.py:188} INFO - [2024-04-03T08:52:39.414+0000] {dag.py:3047} INFO - Sync 1 DAGs
[2024-04-03T08:52:39.482+0000] {logging_mixin.py:188} INFO - [2024-04-03T08:52:39.481+0000] {dag.py:3834} INFO - Setting next_dagrun for example_branch_dop_operator_v3 to 2024-04-03 08:51:00+00:00, run_after=2024-04-03 08:52:00+00:00
[2024-04-03T08:52:39.525+0000] {processor.py:183} INFO - Processing /home/airflow/.local/lib/python3.8/site-packages/airflow/example_dags/example_branch_python_dop_operator_3.py took 0.195 seconds
[2024-04-03T08:53:09.678+0000] {processor.py:161} INFO - Started process (PID=231) to work on /home/airflow/.local/lib/python3.8/site-packages/airflow/example_dags/example_branch_python_dop_operator_3.py
[2024-04-03T08:53:09.680+0000] {processor.py:830} INFO - Processing file /home/airflow/.local/lib/python3.8/site-packages/airflow/example_dags/example_branch_python_dop_operator_3.py for tasks to queue
[2024-04-03T08:53:09.684+0000] {logging_mixin.py:188} INFO - [2024-04-03T08:53:09.684+0000] {dagbag.py:540} INFO - Filling up the DagBag from /home/airflow/.local/lib/python3.8/site-packages/airflow/example_dags/example_branch_python_dop_operator_3.py
[2024-04-03T08:53:09.709+0000] {processor.py:840} INFO - DAG(s) 'example_branch_dop_operator_v3' retrieved from /home/airflow/.local/lib/python3.8/site-packages/airflow/example_dags/example_branch_python_dop_operator_3.py
[2024-04-03T08:53:09.754+0000] {logging_mixin.py:188} INFO - [2024-04-03T08:53:09.754+0000] {dag.py:3047} INFO - Sync 1 DAGs
[2024-04-03T08:53:09.821+0000] {logging_mixin.py:188} INFO - [2024-04-03T08:53:09.820+0000] {dag.py:3834} INFO - Setting next_dagrun for example_branch_dop_operator_v3 to 2024-04-03 08:52:00+00:00, run_after=2024-04-03 08:53:00+00:00
[2024-04-03T08:53:09.861+0000] {processor.py:183} INFO - Processing /home/airflow/.local/lib/python3.8/site-packages/airflow/example_dags/example_branch_python_dop_operator_3.py took 0.191 seconds
[2024-04-03T08:53:40.648+0000] {processor.py:161} INFO - Started process (PID=289) to work on /home/airflow/.local/lib/python3.8/site-packages/airflow/example_dags/example_branch_python_dop_operator_3.py
[2024-04-03T08:53:40.650+0000] {processor.py:830} INFO - Processing file /home/airflow/.local/lib/python3.8/site-packages/airflow/example_dags/example_branch_python_dop_operator_3.py for tasks to queue
[2024-04-03T08:53:40.654+0000] {logging_mixin.py:188} INFO - [2024-04-03T08:53:40.654+0000] {dagbag.py:540} INFO - Filling up the DagBag from /home/airflow/.local/lib/python3.8/site-packages/airflow/example_dags/example_branch_python_dop_operator_3.py
[2024-04-03T08:53:40.677+0000] {processor.py:840} INFO - DAG(s) 'example_branch_dop_operator_v3' retrieved from /home/airflow/.local/lib/python3.8/site-packages/airflow/example_dags/example_branch_python_dop_operator_3.py
[2024-04-03T08:53:40.718+0000] {logging_mixin.py:188} INFO - [2024-04-03T08:53:40.718+0000] {dag.py:3047} INFO - Sync 1 DAGs
[2024-04-03T08:53:40.784+0000] {logging_mixin.py:188} INFO - [2024-04-03T08:53:40.783+0000] {dag.py:3834} INFO - Setting next_dagrun for example_branch_dop_operator_v3 to 2024-04-03 08:52:00+00:00, run_after=2024-04-03 08:53:00+00:00
[2024-04-03T08:53:40.823+0000] {processor.py:183} INFO - Processing /home/airflow/.local/lib/python3.8/site-packages/airflow/example_dags/example_branch_python_dop_operator_3.py took 0.182 seconds
[2024-04-03T08:54:11.016+0000] {processor.py:161} INFO - Started process (PID=347) to work on /home/airflow/.local/lib/python3.8/site-packages/airflow/example_dags/example_branch_python_dop_operator_3.py
[2024-04-03T08:54:11.019+0000] {processor.py:830} INFO - Processing file /home/airflow/.local/lib/python3.8/site-packages/airflow/example_dags/example_branch_python_dop_operator_3.py for tasks to queue
[2024-04-03T08:54:11.023+0000] {logging_mixin.py:188} INFO - [2024-04-03T08:54:11.023+0000] {dagbag.py:540} INFO - Filling up the DagBag from /home/airflow/.local/lib/python3.8/site-packages/airflow/example_dags/example_branch_python_dop_operator_3.py
[2024-04-03T08:54:11.052+0000] {processor.py:840} INFO - DAG(s) 'example_branch_dop_operator_v3' retrieved from /home/airflow/.local/lib/python3.8/site-packages/airflow/example_dags/example_branch_python_dop_operator_3.py
[2024-04-03T08:54:11.100+0000] {logging_mixin.py:188} INFO - [2024-04-03T08:54:11.099+0000] {dag.py:3047} INFO - Sync 1 DAGs
[2024-04-03T08:54:11.167+0000] {logging_mixin.py:188} INFO - [2024-04-03T08:54:11.167+0000] {dag.py:3834} INFO - Setting next_dagrun for example_branch_dop_operator_v3 to 2024-04-03 08:53:00+00:00, run_after=2024-04-03 08:54:00+00:00
[2024-04-03T08:54:11.209+0000] {processor.py:183} INFO - Processing /home/airflow/.local/lib/python3.8/site-packages/airflow/example_dags/example_branch_python_dop_operator_3.py took 0.201 seconds
[2024-04-03T08:54:41.359+0000] {processor.py:161} INFO - Started process (PID=405) to work on /home/airflow/.local/lib/python3.8/site-packages/airflow/example_dags/example_branch_python_dop_operator_3.py
[2024-04-03T08:54:41.362+0000] {processor.py:830} INFO - Processing file /home/airflow/.local/lib/python3.8/site-packages/airflow/example_dags/example_branch_python_dop_operator_3.py for tasks to queue
[2024-04-03T08:54:41.366+0000] {logging_mixin.py:188} INFO - [2024-04-03T08:54:41.365+0000] {dagbag.py:540} INFO - Filling up the DagBag from /home/airflow/.local/lib/python3.8/site-packages/airflow/example_dags/example_branch_python_dop_operator_3.py
[2024-04-03T08:54:41.397+0000] {processor.py:840} INFO - DAG(s) 'example_branch_dop_operator_v3' retrieved from /home/airflow/.local/lib/python3.8/site-packages/airflow/example_dags/example_branch_python_dop_operator_3.py
[2024-04-03T08:54:41.445+0000] {logging_mixin.py:188} INFO - [2024-04-03T08:54:41.445+0000] {dag.py:3047} INFO - Sync 1 DAGs
[2024-04-03T08:54:41.510+0000] {logging_mixin.py:188} INFO - [2024-04-03T08:54:41.510+0000] {dag.py:3834} INFO - Setting next_dagrun for example_branch_dop_operator_v3 to 2024-04-03 08:53:00+00:00, run_after=2024-04-03 08:54:00+00:00
[2024-04-03T08:54:41.553+0000] {processor.py:183} INFO - Processing /home/airflow/.local/lib/python3.8/site-packages/airflow/example_dags/example_branch_python_dop_operator_3.py took 0.202 seconds
[2024-04-03T08:55:11.899+0000] {processor.py:161} INFO - Started process (PID=463) to work on /home/airflow/.local/lib/python3.8/site-packages/airflow/example_dags/example_branch_python_dop_operator_3.py
[2024-04-03T08:55:11.902+0000] {processor.py:830} INFO - Processing file /home/airflow/.local/lib/python3.8/site-packages/airflow/example_dags/example_branch_python_dop_operator_3.py for tasks to queue
[2024-04-03T08:55:11.906+0000] {logging_mixin.py:188} INFO - [2024-04-03T08:55:11.905+0000] {dagbag.py:540} INFO - Filling up the DagBag from /home/airflow/.local/lib/python3.8/site-packages/airflow/example_dags/example_branch_python_dop_operator_3.py
[2024-04-03T08:55:11.928+0000] {processor.py:840} INFO - DAG(s) 'example_branch_dop_operator_v3' retrieved from /home/airflow/.local/lib/python3.8/site-packages/airflow/example_dags/example_branch_python_dop_operator_3.py
[2024-04-03T08:55:11.972+0000] {logging_mixin.py:188} INFO - [2024-04-03T08:55:11.971+0000] {dag.py:3047} INFO - Sync 1 DAGs
[2024-04-03T08:55:12.036+0000] {logging_mixin.py:188} INFO - [2024-04-03T08:55:12.036+0000] {dag.py:3834} INFO - Setting next_dagrun for example_branch_dop_operator_v3 to 2024-04-03 08:54:00+00:00, run_after=2024-04-03 08:55:00+00:00
[2024-04-03T08:55:12.075+0000] {processor.py:183} INFO - Processing /home/airflow/.local/lib/python3.8/site-packages/airflow/example_dags/example_branch_python_dop_operator_3.py took 0.184 seconds
[2024-04-03T08:55:42.457+0000] {processor.py:161} INFO - Started process (PID=521) to work on /home/airflow/.local/lib/python3.8/site-packages/airflow/example_dags/example_branch_python_dop_operator_3.py
[2024-04-03T08:55:42.460+0000] {processor.py:830} INFO - Processing file /home/airflow/.local/lib/python3.8/site-packages/airflow/example_dags/example_branch_python_dop_operator_3.py for tasks to queue
[2024-04-03T08:55:42.464+0000] {logging_mixin.py:188} INFO - [2024-04-03T08:55:42.463+0000] {dagbag.py:540} INFO - Filling up the DagBag from /home/airflow/.local/lib/python3.8/site-packages/airflow/example_dags/example_branch_python_dop_operator_3.py
[2024-04-03T08:55:42.487+0000] {processor.py:840} INFO - DAG(s) 'example_branch_dop_operator_v3' retrieved from /home/airflow/.local/lib/python3.8/site-packages/airflow/example_dags/example_branch_python_dop_operator_3.py
[2024-04-03T08:55:42.534+0000] {logging_mixin.py:188} INFO - [2024-04-03T08:55:42.534+0000] {dag.py:3047} INFO - Sync 1 DAGs
[2024-04-03T08:55:42.601+0000] {logging_mixin.py:188} INFO - [2024-04-03T08:55:42.601+0000] {dag.py:3834} INFO - Setting next_dagrun for example_branch_dop_operator_v3 to 2024-04-03 08:54:00+00:00, run_after=2024-04-03 08:55:00+00:00
[2024-04-03T08:55:42.640+0000] {processor.py:183} INFO - Processing /home/airflow/.local/lib/python3.8/site-packages/airflow/example_dags/example_branch_python_dop_operator_3.py took 0.191 seconds
[2024-04-03T08:56:12.749+0000] {processor.py:161} INFO - Started process (PID=579) to work on /home/airflow/.local/lib/python3.8/site-packages/airflow/example_dags/example_branch_python_dop_operator_3.py
[2024-04-03T08:56:12.752+0000] {processor.py:830} INFO - Processing file /home/airflow/.local/lib/python3.8/site-packages/airflow/example_dags/example_branch_python_dop_operator_3.py for tasks to queue
[2024-04-03T08:56:12.756+0000] {logging_mixin.py:188} INFO - [2024-04-03T08:56:12.755+0000] {dagbag.py:540} INFO - Filling up the DagBag from /home/airflow/.local/lib/python3.8/site-packages/airflow/example_dags/example_branch_python_dop_operator_3.py
[2024-04-03T08:56:12.779+0000] {processor.py:840} INFO - DAG(s) 'example_branch_dop_operator_v3' retrieved from /home/airflow/.local/lib/python3.8/site-packages/airflow/example_dags/example_branch_python_dop_operator_3.py
[2024-04-03T08:56:12.823+0000] {logging_mixin.py:188} INFO - [2024-04-03T08:56:12.823+0000] {dag.py:3047} INFO - Sync 1 DAGs
[2024-04-03T08:56:12.892+0000] {logging_mixin.py:188} INFO - [2024-04-03T08:56:12.892+0000] {dag.py:3834} INFO - Setting next_dagrun for example_branch_dop_operator_v3 to 2024-04-03 08:55:00+00:00, run_after=2024-04-03 08:56:00+00:00
[2024-04-03T08:56:12.933+0000] {processor.py:183} INFO - Processing /home/airflow/.local/lib/python3.8/site-packages/airflow/example_dags/example_branch_python_dop_operator_3.py took 0.192 seconds
[2024-04-03T08:56:43.542+0000] {processor.py:161} INFO - Started process (PID=637) to work on /home/airflow/.local/lib/python3.8/site-packages/airflow/example_dags/example_branch_python_dop_operator_3.py
[2024-04-03T08:56:43.544+0000] {processor.py:830} INFO - Processing file /home/airflow/.local/lib/python3.8/site-packages/airflow/example_dags/example_branch_python_dop_operator_3.py for tasks to queue
[2024-04-03T08:56:43.548+0000] {logging_mixin.py:188} INFO - [2024-04-03T08:56:43.548+0000] {dagbag.py:540} INFO - Filling up the DagBag from /home/airflow/.local/lib/python3.8/site-packages/airflow/example_dags/example_branch_python_dop_operator_3.py
[2024-04-03T08:56:43.571+0000] {processor.py:840} INFO - DAG(s) 'example_branch_dop_operator_v3' retrieved from /home/airflow/.local/lib/python3.8/site-packages/airflow/example_dags/example_branch_python_dop_operator_3.py
[2024-04-03T08:56:43.615+0000] {logging_mixin.py:188} INFO - [2024-04-03T08:56:43.615+0000] {dag.py:3047} INFO - Sync 1 DAGs
[2024-04-03T08:56:43.683+0000] {logging_mixin.py:188} INFO - [2024-04-03T08:56:43.682+0000] {dag.py:3834} INFO - Setting next_dagrun for example_branch_dop_operator_v3 to 2024-04-03 08:55:00+00:00, run_after=2024-04-03 08:56:00+00:00
[2024-04-03T08:56:43.725+0000] {processor.py:183} INFO - Processing /home/airflow/.local/lib/python3.8/site-packages/airflow/example_dags/example_branch_python_dop_operator_3.py took 0.192 seconds
[2024-04-03T08:57:13.982+0000] {processor.py:161} INFO - Started process (PID=695) to work on /home/airflow/.local/lib/python3.8/site-packages/airflow/example_dags/example_branch_python_dop_operator_3.py
[2024-04-03T08:57:13.984+0000] {processor.py:830} INFO - Processing file /home/airflow/.local/lib/python3.8/site-packages/airflow/example_dags/example_branch_python_dop_operator_3.py for tasks to queue
[2024-04-03T08:57:13.988+0000] {logging_mixin.py:188} INFO - [2024-04-03T08:57:13.988+0000] {dagbag.py:540} INFO - Filling up the DagBag from /home/airflow/.local/lib/python3.8/site-packages/airflow/example_dags/example_branch_python_dop_operator_3.py
[2024-04-03T08:57:14.011+0000] {processor.py:840} INFO - DAG(s) 'example_branch_dop_operator_v3' retrieved from /home/airflow/.local/lib/python3.8/site-packages/airflow/example_dags/example_branch_python_dop_operator_3.py
[2024-04-03T08:57:14.056+0000] {logging_mixin.py:188} INFO - [2024-04-03T08:57:14.055+0000] {dag.py:3047} INFO - Sync 1 DAGs
[2024-04-03T08:57:14.123+0000] {logging_mixin.py:188} INFO - [2024-04-03T08:57:14.123+0000] {dag.py:3834} INFO - Setting next_dagrun for example_branch_dop_operator_v3 to 2024-04-03 08:56:00+00:00, run_after=2024-04-03 08:57:00+00:00
[2024-04-03T08:57:14.164+0000] {processor.py:183} INFO - Processing /home/airflow/.local/lib/python3.8/site-packages/airflow/example_dags/example_branch_python_dop_operator_3.py took 0.191 seconds
