[2024-04-03T08:51:38.014+0000] {processor.py:161} INFO - Started process (PID=59) to work on /home/airflow/.local/lib/python3.8/site-packages/airflow/example_dags/tutorial.py
[2024-04-03T08:51:38.016+0000] {processor.py:830} INFO - Processing file /home/airflow/.local/lib/python3.8/site-packages/airflow/example_dags/tutorial.py for tasks to queue
[2024-04-03T08:51:38.020+0000] {logging_mixin.py:188} INFO - [2024-04-03T08:51:38.019+0000] {dagbag.py:540} INFO - Filling up the DagBag from /home/airflow/.local/lib/python3.8/site-packages/airflow/example_dags/tutorial.py
[2024-04-03T08:51:38.039+0000] {processor.py:840} INFO - DAG(s) 'tutorial' retrieved from /home/airflow/.local/lib/python3.8/site-packages/airflow/example_dags/tutorial.py
[2024-04-03T08:51:38.276+0000] {logging_mixin.py:188} INFO - [2024-04-03T08:51:38.275+0000] {dag.py:3047} INFO - Sync 1 DAGs
[2024-04-03T08:51:38.321+0000] {logging_mixin.py:188} INFO - [2024-04-03T08:51:38.321+0000] {dag.py:3834} INFO - Setting next_dagrun for tutorial to 2024-04-02 00:00:00+00:00, run_after=2024-04-03 00:00:00+00:00
[2024-04-03T08:51:38.364+0000] {processor.py:183} INFO - Processing /home/airflow/.local/lib/python3.8/site-packages/airflow/example_dags/tutorial.py took 0.357 seconds
[2024-04-03T08:52:08.680+0000] {processor.py:161} INFO - Started process (PID=117) to work on /home/airflow/.local/lib/python3.8/site-packages/airflow/example_dags/tutorial.py
[2024-04-03T08:52:08.682+0000] {processor.py:830} INFO - Processing file /home/airflow/.local/lib/python3.8/site-packages/airflow/example_dags/tutorial.py for tasks to queue
[2024-04-03T08:52:08.692+0000] {logging_mixin.py:188} INFO - [2024-04-03T08:52:08.691+0000] {dagbag.py:540} INFO - Filling up the DagBag from /home/airflow/.local/lib/python3.8/site-packages/airflow/example_dags/tutorial.py
[2024-04-03T08:52:08.716+0000] {processor.py:840} INFO - DAG(s) 'tutorial' retrieved from /home/airflow/.local/lib/python3.8/site-packages/airflow/example_dags/tutorial.py
[2024-04-03T08:52:08.783+0000] {logging_mixin.py:188} INFO - [2024-04-03T08:52:08.782+0000] {dag.py:3047} INFO - Sync 1 DAGs
[2024-04-03T08:52:08.863+0000] {logging_mixin.py:188} INFO - [2024-04-03T08:52:08.862+0000] {dag.py:3834} INFO - Setting next_dagrun for tutorial to 2024-04-02 00:00:00+00:00, run_after=2024-04-03 00:00:00+00:00
[2024-04-03T08:52:09.107+0000] {processor.py:183} INFO - Processing /home/airflow/.local/lib/python3.8/site-packages/airflow/example_dags/tutorial.py took 0.441 seconds
[2024-04-03T08:52:39.583+0000] {processor.py:161} INFO - Started process (PID=174) to work on /home/airflow/.local/lib/python3.8/site-packages/airflow/example_dags/tutorial.py
[2024-04-03T08:52:39.586+0000] {processor.py:830} INFO - Processing file /home/airflow/.local/lib/python3.8/site-packages/airflow/example_dags/tutorial.py for tasks to queue
[2024-04-03T08:52:39.590+0000] {logging_mixin.py:188} INFO - [2024-04-03T08:52:39.589+0000] {dagbag.py:540} INFO - Filling up the DagBag from /home/airflow/.local/lib/python3.8/site-packages/airflow/example_dags/tutorial.py
[2024-04-03T08:52:39.603+0000] {processor.py:840} INFO - DAG(s) 'tutorial' retrieved from /home/airflow/.local/lib/python3.8/site-packages/airflow/example_dags/tutorial.py
[2024-04-03T08:52:39.647+0000] {logging_mixin.py:188} INFO - [2024-04-03T08:52:39.646+0000] {dag.py:3047} INFO - Sync 1 DAGs
[2024-04-03T08:52:39.699+0000] {logging_mixin.py:188} INFO - [2024-04-03T08:52:39.698+0000] {dag.py:3834} INFO - Setting next_dagrun for tutorial to 2024-04-02 00:00:00+00:00, run_after=2024-04-03 00:00:00+00:00
[2024-04-03T08:52:39.739+0000] {processor.py:183} INFO - Processing /home/airflow/.local/lib/python3.8/site-packages/airflow/example_dags/tutorial.py took 0.166 seconds
[2024-04-03T08:53:09.914+0000] {processor.py:161} INFO - Started process (PID=232) to work on /home/airflow/.local/lib/python3.8/site-packages/airflow/example_dags/tutorial.py
[2024-04-03T08:53:09.917+0000] {processor.py:830} INFO - Processing file /home/airflow/.local/lib/python3.8/site-packages/airflow/example_dags/tutorial.py for tasks to queue
[2024-04-03T08:53:09.921+0000] {logging_mixin.py:188} INFO - [2024-04-03T08:53:09.921+0000] {dagbag.py:540} INFO - Filling up the DagBag from /home/airflow/.local/lib/python3.8/site-packages/airflow/example_dags/tutorial.py
[2024-04-03T08:53:09.942+0000] {processor.py:840} INFO - DAG(s) 'tutorial' retrieved from /home/airflow/.local/lib/python3.8/site-packages/airflow/example_dags/tutorial.py
[2024-04-03T08:53:09.986+0000] {logging_mixin.py:188} INFO - [2024-04-03T08:53:09.986+0000] {dag.py:3047} INFO - Sync 1 DAGs
[2024-04-03T08:53:10.037+0000] {logging_mixin.py:188} INFO - [2024-04-03T08:53:10.037+0000] {dag.py:3834} INFO - Setting next_dagrun for tutorial to 2024-04-02 00:00:00+00:00, run_after=2024-04-03 00:00:00+00:00
[2024-04-03T08:53:10.076+0000] {processor.py:183} INFO - Processing /home/airflow/.local/lib/python3.8/site-packages/airflow/example_dags/tutorial.py took 0.170 seconds
[2024-04-03T08:53:40.680+0000] {processor.py:161} INFO - Started process (PID=290) to work on /home/airflow/.local/lib/python3.8/site-packages/airflow/example_dags/tutorial.py
[2024-04-03T08:53:40.683+0000] {processor.py:830} INFO - Processing file /home/airflow/.local/lib/python3.8/site-packages/airflow/example_dags/tutorial.py for tasks to queue
[2024-04-03T08:53:40.687+0000] {logging_mixin.py:188} INFO - [2024-04-03T08:53:40.686+0000] {dagbag.py:540} INFO - Filling up the DagBag from /home/airflow/.local/lib/python3.8/site-packages/airflow/example_dags/tutorial.py
[2024-04-03T08:53:40.701+0000] {processor.py:840} INFO - DAG(s) 'tutorial' retrieved from /home/airflow/.local/lib/python3.8/site-packages/airflow/example_dags/tutorial.py
[2024-04-03T08:53:40.746+0000] {logging_mixin.py:188} INFO - [2024-04-03T08:53:40.746+0000] {dag.py:3047} INFO - Sync 1 DAGs
[2024-04-03T08:53:40.797+0000] {logging_mixin.py:188} INFO - [2024-04-03T08:53:40.796+0000] {dag.py:3834} INFO - Setting next_dagrun for tutorial to 2024-04-02 00:00:00+00:00, run_after=2024-04-03 00:00:00+00:00
[2024-04-03T08:53:40.835+0000] {processor.py:183} INFO - Processing /home/airflow/.local/lib/python3.8/site-packages/airflow/example_dags/tutorial.py took 0.164 seconds
[2024-04-03T08:54:11.262+0000] {processor.py:161} INFO - Started process (PID=348) to work on /home/airflow/.local/lib/python3.8/site-packages/airflow/example_dags/tutorial.py
[2024-04-03T08:54:11.265+0000] {processor.py:830} INFO - Processing file /home/airflow/.local/lib/python3.8/site-packages/airflow/example_dags/tutorial.py for tasks to queue
[2024-04-03T08:54:11.269+0000] {logging_mixin.py:188} INFO - [2024-04-03T08:54:11.269+0000] {dagbag.py:540} INFO - Filling up the DagBag from /home/airflow/.local/lib/python3.8/site-packages/airflow/example_dags/tutorial.py
[2024-04-03T08:54:11.284+0000] {processor.py:840} INFO - DAG(s) 'tutorial' retrieved from /home/airflow/.local/lib/python3.8/site-packages/airflow/example_dags/tutorial.py
[2024-04-03T08:54:11.330+0000] {logging_mixin.py:188} INFO - [2024-04-03T08:54:11.329+0000] {dag.py:3047} INFO - Sync 1 DAGs
[2024-04-03T08:54:11.382+0000] {logging_mixin.py:188} INFO - [2024-04-03T08:54:11.382+0000] {dag.py:3834} INFO - Setting next_dagrun for tutorial to 2024-04-02 00:00:00+00:00, run_after=2024-04-03 00:00:00+00:00
[2024-04-03T08:54:11.423+0000] {processor.py:183} INFO - Processing /home/airflow/.local/lib/python3.8/site-packages/airflow/example_dags/tutorial.py took 0.169 seconds
[2024-04-03T08:54:41.607+0000] {processor.py:161} INFO - Started process (PID=406) to work on /home/airflow/.local/lib/python3.8/site-packages/airflow/example_dags/tutorial.py
[2024-04-03T08:54:41.610+0000] {processor.py:830} INFO - Processing file /home/airflow/.local/lib/python3.8/site-packages/airflow/example_dags/tutorial.py for tasks to queue
[2024-04-03T08:54:41.614+0000] {logging_mixin.py:188} INFO - [2024-04-03T08:54:41.613+0000] {dagbag.py:540} INFO - Filling up the DagBag from /home/airflow/.local/lib/python3.8/site-packages/airflow/example_dags/tutorial.py
[2024-04-03T08:54:41.629+0000] {processor.py:840} INFO - DAG(s) 'tutorial' retrieved from /home/airflow/.local/lib/python3.8/site-packages/airflow/example_dags/tutorial.py
[2024-04-03T08:54:41.674+0000] {logging_mixin.py:188} INFO - [2024-04-03T08:54:41.673+0000] {dag.py:3047} INFO - Sync 1 DAGs
[2024-04-03T08:54:41.729+0000] {logging_mixin.py:188} INFO - [2024-04-03T08:54:41.728+0000] {dag.py:3834} INFO - Setting next_dagrun for tutorial to 2024-04-02 00:00:00+00:00, run_after=2024-04-03 00:00:00+00:00
[2024-04-03T08:54:41.771+0000] {processor.py:183} INFO - Processing /home/airflow/.local/lib/python3.8/site-packages/airflow/example_dags/tutorial.py took 0.172 seconds
[2024-04-03T08:55:12.127+0000] {processor.py:161} INFO - Started process (PID=464) to work on /home/airflow/.local/lib/python3.8/site-packages/airflow/example_dags/tutorial.py
[2024-04-03T08:55:12.129+0000] {processor.py:830} INFO - Processing file /home/airflow/.local/lib/python3.8/site-packages/airflow/example_dags/tutorial.py for tasks to queue
[2024-04-03T08:55:12.133+0000] {logging_mixin.py:188} INFO - [2024-04-03T08:55:12.132+0000] {dagbag.py:540} INFO - Filling up the DagBag from /home/airflow/.local/lib/python3.8/site-packages/airflow/example_dags/tutorial.py
[2024-04-03T08:55:12.146+0000] {processor.py:840} INFO - DAG(s) 'tutorial' retrieved from /home/airflow/.local/lib/python3.8/site-packages/airflow/example_dags/tutorial.py
[2024-04-03T08:55:12.190+0000] {logging_mixin.py:188} INFO - [2024-04-03T08:55:12.189+0000] {dag.py:3047} INFO - Sync 1 DAGs
[2024-04-03T08:55:12.240+0000] {logging_mixin.py:188} INFO - [2024-04-03T08:55:12.240+0000] {dag.py:3834} INFO - Setting next_dagrun for tutorial to 2024-04-02 00:00:00+00:00, run_after=2024-04-03 00:00:00+00:00
[2024-04-03T08:55:12.278+0000] {processor.py:183} INFO - Processing /home/airflow/.local/lib/python3.8/site-packages/airflow/example_dags/tutorial.py took 0.158 seconds
[2024-04-03T08:55:42.693+0000] {processor.py:161} INFO - Started process (PID=522) to work on /home/airflow/.local/lib/python3.8/site-packages/airflow/example_dags/tutorial.py
[2024-04-03T08:55:42.695+0000] {processor.py:830} INFO - Processing file /home/airflow/.local/lib/python3.8/site-packages/airflow/example_dags/tutorial.py for tasks to queue
[2024-04-03T08:55:42.699+0000] {logging_mixin.py:188} INFO - [2024-04-03T08:55:42.699+0000] {dagbag.py:540} INFO - Filling up the DagBag from /home/airflow/.local/lib/python3.8/site-packages/airflow/example_dags/tutorial.py
[2024-04-03T08:55:42.712+0000] {processor.py:840} INFO - DAG(s) 'tutorial' retrieved from /home/airflow/.local/lib/python3.8/site-packages/airflow/example_dags/tutorial.py
[2024-04-03T08:55:42.765+0000] {logging_mixin.py:188} INFO - [2024-04-03T08:55:42.765+0000] {dag.py:3047} INFO - Sync 1 DAGs
[2024-04-03T08:55:42.818+0000] {logging_mixin.py:188} INFO - [2024-04-03T08:55:42.817+0000] {dag.py:3834} INFO - Setting next_dagrun for tutorial to 2024-04-02 00:00:00+00:00, run_after=2024-04-03 00:00:00+00:00
[2024-04-03T08:55:42.857+0000] {processor.py:183} INFO - Processing /home/airflow/.local/lib/python3.8/site-packages/airflow/example_dags/tutorial.py took 0.172 seconds
[2024-04-03T08:56:12.986+0000] {processor.py:161} INFO - Started process (PID=580) to work on /home/airflow/.local/lib/python3.8/site-packages/airflow/example_dags/tutorial.py
[2024-04-03T08:56:12.989+0000] {processor.py:830} INFO - Processing file /home/airflow/.local/lib/python3.8/site-packages/airflow/example_dags/tutorial.py for tasks to queue
[2024-04-03T08:56:12.993+0000] {logging_mixin.py:188} INFO - [2024-04-03T08:56:12.992+0000] {dagbag.py:540} INFO - Filling up the DagBag from /home/airflow/.local/lib/python3.8/site-packages/airflow/example_dags/tutorial.py
[2024-04-03T08:56:13.006+0000] {processor.py:840} INFO - DAG(s) 'tutorial' retrieved from /home/airflow/.local/lib/python3.8/site-packages/airflow/example_dags/tutorial.py
[2024-04-03T08:56:13.050+0000] {logging_mixin.py:188} INFO - [2024-04-03T08:56:13.049+0000] {dag.py:3047} INFO - Sync 1 DAGs
[2024-04-03T08:56:13.102+0000] {logging_mixin.py:188} INFO - [2024-04-03T08:56:13.101+0000] {dag.py:3834} INFO - Setting next_dagrun for tutorial to 2024-04-02 00:00:00+00:00, run_after=2024-04-03 00:00:00+00:00
[2024-04-03T08:56:13.141+0000] {processor.py:183} INFO - Processing /home/airflow/.local/lib/python3.8/site-packages/airflow/example_dags/tutorial.py took 0.162 seconds
[2024-04-03T08:56:43.777+0000] {processor.py:161} INFO - Started process (PID=638) to work on /home/airflow/.local/lib/python3.8/site-packages/airflow/example_dags/tutorial.py
[2024-04-03T08:56:43.780+0000] {processor.py:830} INFO - Processing file /home/airflow/.local/lib/python3.8/site-packages/airflow/example_dags/tutorial.py for tasks to queue
[2024-04-03T08:56:43.784+0000] {logging_mixin.py:188} INFO - [2024-04-03T08:56:43.783+0000] {dagbag.py:540} INFO - Filling up the DagBag from /home/airflow/.local/lib/python3.8/site-packages/airflow/example_dags/tutorial.py
[2024-04-03T08:56:43.797+0000] {processor.py:840} INFO - DAG(s) 'tutorial' retrieved from /home/airflow/.local/lib/python3.8/site-packages/airflow/example_dags/tutorial.py
[2024-04-03T08:56:43.841+0000] {logging_mixin.py:188} INFO - [2024-04-03T08:56:43.841+0000] {dag.py:3047} INFO - Sync 1 DAGs
[2024-04-03T08:56:43.893+0000] {logging_mixin.py:188} INFO - [2024-04-03T08:56:43.893+0000] {dag.py:3834} INFO - Setting next_dagrun for tutorial to 2024-04-02 00:00:00+00:00, run_after=2024-04-03 00:00:00+00:00
[2024-04-03T08:56:43.933+0000] {processor.py:183} INFO - Processing /home/airflow/.local/lib/python3.8/site-packages/airflow/example_dags/tutorial.py took 0.163 seconds
[2024-04-03T08:57:14.218+0000] {processor.py:161} INFO - Started process (PID=696) to work on /home/airflow/.local/lib/python3.8/site-packages/airflow/example_dags/tutorial.py
[2024-04-03T08:57:14.220+0000] {processor.py:830} INFO - Processing file /home/airflow/.local/lib/python3.8/site-packages/airflow/example_dags/tutorial.py for tasks to queue
[2024-04-03T08:57:14.224+0000] {logging_mixin.py:188} INFO - [2024-04-03T08:57:14.223+0000] {dagbag.py:540} INFO - Filling up the DagBag from /home/airflow/.local/lib/python3.8/site-packages/airflow/example_dags/tutorial.py
[2024-04-03T08:57:14.237+0000] {processor.py:840} INFO - DAG(s) 'tutorial' retrieved from /home/airflow/.local/lib/python3.8/site-packages/airflow/example_dags/tutorial.py
[2024-04-03T08:57:14.282+0000] {logging_mixin.py:188} INFO - [2024-04-03T08:57:14.281+0000] {dag.py:3047} INFO - Sync 1 DAGs
[2024-04-03T08:57:14.334+0000] {logging_mixin.py:188} INFO - [2024-04-03T08:57:14.334+0000] {dag.py:3834} INFO - Setting next_dagrun for tutorial to 2024-04-02 00:00:00+00:00, run_after=2024-04-03 00:00:00+00:00
[2024-04-03T08:57:14.371+0000] {processor.py:183} INFO - Processing /home/airflow/.local/lib/python3.8/site-packages/airflow/example_dags/tutorial.py took 0.161 seconds
