[2024-04-04T08:46:36.338+0000] {taskinstance.py:1979} INFO - Dependencies all met for dep_context=non-requeueable deps ti=<TaskInstance: real_estates.load_to_one_c scheduled__2024-04-03T00:00:00+00:00 [queued]>
[2024-04-04T08:46:36.359+0000] {taskinstance.py:1979} INFO - Dependencies all met for dep_context=requeueable deps ti=<TaskInstance: real_estates.load_to_one_c scheduled__2024-04-03T00:00:00+00:00 [queued]>
[2024-04-04T08:46:36.360+0000] {taskinstance.py:2193} INFO - Starting attempt 4 of 4
[2024-04-04T08:46:36.390+0000] {taskinstance.py:2217} INFO - Executing <Task(_PythonDecoratedOperator): load_to_one_c> on 2024-04-03 00:00:00+00:00
[2024-04-04T08:46:36.406+0000] {standard_task_runner.py:60} INFO - Started process 3978 to run task
[2024-04-04T08:46:36.413+0000] {standard_task_runner.py:87} INFO - Running: ['***', 'tasks', 'run', 'real_estates', 'load_to_one_c', 'scheduled__2024-04-03T00:00:00+00:00', '--job-id', '207', '--raw', '--subdir', 'DAGS_FOLDER/real_estates/__init__.py', '--cfg-path', '/tmp/tmpo316chce']
[2024-04-04T08:46:36.419+0000] {standard_task_runner.py:88} INFO - Job 207: Subtask load_to_one_c
[2024-04-04T08:46:36.849+0000] {task_command.py:423} INFO - Running <TaskInstance: real_estates.load_to_one_c scheduled__2024-04-03T00:00:00+00:00 [running]> on host 05a350db99a0
[2024-04-04T08:46:37.384+0000] {taskinstance.py:2513} INFO - Exporting env vars: AIRFLOW_CTX_DAG_OWNER='***' AIRFLOW_CTX_DAG_ID='real_estates' AIRFLOW_CTX_TASK_ID='load_to_one_c' AIRFLOW_CTX_EXECUTION_DATE='2024-04-03T00:00:00+00:00' AIRFLOW_CTX_TRY_NUMBER='4' AIRFLOW_CTX_DAG_RUN_ID='scheduled__2024-04-03T00:00:00+00:00'
[2024-04-04T08:46:37.462+0000] {one_c.py:90} INFO - Inserted data to 1C with code 201
[2024-04-04T08:46:37.532+0000] {one_c.py:90} INFO - Inserted data to 1C with code 201
[2024-04-04T08:46:37.601+0000] {one_c.py:90} INFO - Inserted data to 1C with code 201
[2024-04-04T08:46:37.669+0000] {one_c.py:90} INFO - Inserted data to 1C with code 201
[2024-04-04T08:46:37.737+0000] {one_c.py:90} INFO - Inserted data to 1C with code 201
[2024-04-04T08:46:37.813+0000] {one_c.py:90} INFO - Inserted data to 1C with code 201
[2024-04-04T08:46:37.893+0000] {one_c.py:90} INFO - Inserted data to 1C with code 201
[2024-04-04T08:46:37.963+0000] {one_c.py:90} INFO - Inserted data to 1C with code 201
[2024-04-04T08:46:38.030+0000] {one_c.py:90} INFO - Inserted data to 1C with code 201
[2024-04-04T08:46:38.111+0000] {one_c.py:90} INFO - Inserted data to 1C with code 201
[2024-04-04T08:46:38.188+0000] {one_c.py:90} INFO - Inserted data to 1C with code 201
[2024-04-04T08:46:38.253+0000] {one_c.py:90} INFO - Inserted data to 1C with code 201
[2024-04-04T08:46:38.322+0000] {one_c.py:90} INFO - Inserted data to 1C with code 201
[2024-04-04T08:46:38.390+0000] {one_c.py:90} INFO - Inserted data to 1C with code 201
[2024-04-04T08:46:38.462+0000] {one_c.py:90} INFO - Inserted data to 1C with code 201
[2024-04-04T08:46:38.528+0000] {one_c.py:90} INFO - Inserted data to 1C with code 201
[2024-04-04T08:46:38.594+0000] {one_c.py:90} INFO - Inserted data to 1C with code 201
[2024-04-04T08:46:38.661+0000] {one_c.py:90} INFO - Inserted data to 1C with code 201
[2024-04-04T08:46:38.727+0000] {one_c.py:90} INFO - Inserted data to 1C with code 201
[2024-04-04T08:46:38.801+0000] {one_c.py:90} INFO - Inserted data to 1C with code 201
[2024-04-04T08:46:38.868+0000] {one_c.py:90} INFO - Inserted data to 1C with code 201
[2024-04-04T08:46:38.936+0000] {one_c.py:90} INFO - Inserted data to 1C with code 201
[2024-04-04T08:46:39.007+0000] {one_c.py:90} INFO - Inserted data to 1C with code 201
[2024-04-04T08:46:39.074+0000] {one_c.py:90} INFO - Inserted data to 1C with code 201
[2024-04-04T08:46:39.146+0000] {one_c.py:90} INFO - Inserted data to 1C with code 201
[2024-04-04T08:46:39.213+0000] {one_c.py:90} INFO - Inserted data to 1C with code 201
[2024-04-04T08:46:39.283+0000] {one_c.py:90} INFO - Inserted data to 1C with code 201
[2024-04-04T08:46:39.354+0000] {one_c.py:90} INFO - Inserted data to 1C with code 201
[2024-04-04T08:46:39.432+0000] {one_c.py:90} INFO - Inserted data to 1C with code 201
[2024-04-04T08:46:39.510+0000] {one_c.py:90} INFO - Inserted data to 1C with code 201
[2024-04-04T08:46:39.582+0000] {one_c.py:90} INFO - Inserted data to 1C with code 201
[2024-04-04T08:46:39.661+0000] {one_c.py:90} INFO - Inserted data to 1C with code 201
[2024-04-04T08:46:39.730+0000] {one_c.py:90} INFO - Inserted data to 1C with code 201
[2024-04-04T08:46:39.797+0000] {one_c.py:90} INFO - Inserted data to 1C with code 201
[2024-04-04T08:46:39.864+0000] {one_c.py:90} INFO - Inserted data to 1C with code 201
[2024-04-04T08:46:39.899+0000] {one_c.py:90} INFO - Inserted data to 1C with code 201
[2024-04-04T08:46:39.934+0000] {one_c.py:90} INFO - Inserted data to 1C with code 201
[2024-04-04T08:46:39.970+0000] {one_c.py:90} INFO - Inserted data to 1C with code 201
[2024-04-04T08:46:40.036+0000] {one_c.py:90} INFO - Inserted data to 1C with code 201
[2024-04-04T08:46:40.104+0000] {one_c.py:90} INFO - Inserted data to 1C with code 201
[2024-04-04T08:46:40.171+0000] {one_c.py:90} INFO - Inserted data to 1C with code 201
[2024-04-04T08:46:40.237+0000] {one_c.py:90} INFO - Inserted data to 1C with code 201
[2024-04-04T08:46:40.325+0000] {one_c.py:90} INFO - Inserted data to 1C with code 201
[2024-04-04T08:46:40.398+0000] {one_c.py:90} INFO - Inserted data to 1C with code 201
[2024-04-04T08:46:40.466+0000] {one_c.py:90} INFO - Inserted data to 1C with code 201
[2024-04-04T08:46:40.533+0000] {one_c.py:90} INFO - Inserted data to 1C with code 201
[2024-04-04T08:46:40.600+0000] {one_c.py:90} INFO - Inserted data to 1C with code 201
[2024-04-04T08:46:40.667+0000] {one_c.py:90} INFO - Inserted data to 1C with code 201
[2024-04-04T08:46:40.735+0000] {one_c.py:90} INFO - Inserted data to 1C with code 201
[2024-04-04T08:46:40.801+0000] {one_c.py:90} INFO - Inserted data to 1C with code 201
[2024-04-04T08:46:40.876+0000] {one_c.py:90} INFO - Inserted data to 1C with code 201
[2024-04-04T08:46:40.948+0000] {one_c.py:90} INFO - Inserted data to 1C with code 201
[2024-04-04T08:46:41.016+0000] {one_c.py:90} INFO - Inserted data to 1C with code 201
[2024-04-04T08:46:41.087+0000] {one_c.py:90} INFO - Inserted data to 1C with code 201
[2024-04-04T08:46:41.157+0000] {one_c.py:90} INFO - Inserted data to 1C with code 201
[2024-04-04T08:46:41.224+0000] {one_c.py:90} INFO - Inserted data to 1C with code 201
[2024-04-04T08:46:41.299+0000] {one_c.py:90} INFO - Inserted data to 1C with code 201
[2024-04-04T08:46:41.370+0000] {one_c.py:90} INFO - Inserted data to 1C with code 201
[2024-04-04T08:46:41.462+0000] {one_c.py:90} INFO - Inserted data to 1C with code 201
[2024-04-04T08:46:41.544+0000] {one_c.py:90} INFO - Inserted data to 1C with code 201
[2024-04-04T08:46:41.619+0000] {one_c.py:90} INFO - Inserted data to 1C with code 201
[2024-04-04T08:46:41.688+0000] {one_c.py:90} INFO - Inserted data to 1C with code 201
[2024-04-04T08:46:41.756+0000] {one_c.py:90} INFO - Inserted data to 1C with code 201
[2024-04-04T08:46:41.826+0000] {one_c.py:90} INFO - Inserted data to 1C with code 201
[2024-04-04T08:46:41.895+0000] {one_c.py:90} INFO - Inserted data to 1C with code 201
[2024-04-04T08:46:41.961+0000] {one_c.py:90} INFO - Inserted data to 1C with code 201
[2024-04-04T08:46:42.028+0000] {one_c.py:90} INFO - Inserted data to 1C with code 201
[2024-04-04T08:46:42.096+0000] {one_c.py:90} INFO - Inserted data to 1C with code 201
[2024-04-04T08:46:42.164+0000] {one_c.py:90} INFO - Inserted data to 1C with code 201
[2024-04-04T08:46:42.232+0000] {one_c.py:90} INFO - Inserted data to 1C with code 201
[2024-04-04T08:46:42.299+0000] {one_c.py:90} INFO - Inserted data to 1C with code 201
[2024-04-04T08:46:42.364+0000] {one_c.py:90} INFO - Inserted data to 1C with code 201
[2024-04-04T08:46:42.435+0000] {one_c.py:90} INFO - Inserted data to 1C with code 201
[2024-04-04T08:46:42.501+0000] {one_c.py:90} INFO - Inserted data to 1C with code 201
[2024-04-04T08:46:42.582+0000] {one_c.py:90} INFO - Inserted data to 1C with code 201
[2024-04-04T08:46:42.675+0000] {one_c.py:90} INFO - Inserted data to 1C with code 201
[2024-04-04T08:46:42.740+0000] {one_c.py:90} INFO - Inserted data to 1C with code 201
[2024-04-04T08:46:42.805+0000] {one_c.py:90} INFO - Inserted data to 1C with code 201
[2024-04-04T08:46:42.871+0000] {one_c.py:90} INFO - Inserted data to 1C with code 201
[2024-04-04T08:46:42.939+0000] {one_c.py:90} INFO - Inserted data to 1C with code 201
[2024-04-04T08:46:43.016+0000] {one_c.py:90} INFO - Inserted data to 1C with code 201
[2024-04-04T08:46:43.095+0000] {one_c.py:90} INFO - Inserted data to 1C with code 201
[2024-04-04T08:46:43.161+0000] {one_c.py:90} INFO - Inserted data to 1C with code 201
[2024-04-04T08:46:43.249+0000] {one_c.py:90} INFO - Inserted data to 1C with code 201
[2024-04-04T08:46:43.329+0000] {one_c.py:90} INFO - Inserted data to 1C with code 201
[2024-04-04T08:46:43.408+0000] {one_c.py:90} INFO - Inserted data to 1C with code 201
[2024-04-04T08:46:43.489+0000] {one_c.py:90} INFO - Inserted data to 1C with code 201
[2024-04-04T08:46:43.560+0000] {one_c.py:90} INFO - Inserted data to 1C with code 201
[2024-04-04T08:46:43.632+0000] {one_c.py:90} INFO - Inserted data to 1C with code 201
[2024-04-04T08:46:43.697+0000] {one_c.py:90} INFO - Inserted data to 1C with code 201
[2024-04-04T08:46:43.774+0000] {one_c.py:90} INFO - Inserted data to 1C with code 201
[2024-04-04T08:46:43.842+0000] {one_c.py:90} INFO - Inserted data to 1C with code 201
[2024-04-04T08:46:43.907+0000] {one_c.py:90} INFO - Inserted data to 1C with code 201
[2024-04-04T08:46:43.978+0000] {one_c.py:90} INFO - Inserted data to 1C with code 201
[2024-04-04T08:46:44.045+0000] {one_c.py:90} INFO - Inserted data to 1C with code 201
[2024-04-04T08:46:44.110+0000] {one_c.py:90} INFO - Inserted data to 1C with code 201
[2024-04-04T08:46:44.175+0000] {one_c.py:90} INFO - Inserted data to 1C with code 201
[2024-04-04T08:46:44.261+0000] {one_c.py:90} INFO - Inserted data to 1C with code 201
[2024-04-04T08:46:44.326+0000] {one_c.py:90} INFO - Inserted data to 1C with code 201
[2024-04-04T08:46:44.398+0000] {one_c.py:90} INFO - Inserted data to 1C with code 201
[2024-04-04T08:46:44.464+0000] {one_c.py:90} INFO - Inserted data to 1C with code 201
[2024-04-04T08:46:44.533+0000] {one_c.py:90} INFO - Inserted data to 1C with code 201
[2024-04-04T08:46:44.624+0000] {one_c.py:90} INFO - Inserted data to 1C with code 201
[2024-04-04T08:46:44.691+0000] {one_c.py:90} INFO - Inserted data to 1C with code 201
[2024-04-04T08:46:44.767+0000] {one_c.py:90} INFO - Inserted data to 1C with code 201
[2024-04-04T08:46:44.849+0000] {one_c.py:90} INFO - Inserted data to 1C with code 201
[2024-04-04T08:46:44.915+0000] {one_c.py:90} INFO - Inserted data to 1C with code 201
[2024-04-04T08:46:44.981+0000] {one_c.py:90} INFO - Inserted data to 1C with code 201
[2024-04-04T08:46:45.050+0000] {one_c.py:90} INFO - Inserted data to 1C with code 201
[2024-04-04T08:46:45.126+0000] {one_c.py:90} INFO - Inserted data to 1C with code 201
[2024-04-04T08:46:45.199+0000] {one_c.py:90} INFO - Inserted data to 1C with code 201
[2024-04-04T08:46:45.265+0000] {one_c.py:90} INFO - Inserted data to 1C with code 201
[2024-04-04T08:46:45.331+0000] {one_c.py:90} INFO - Inserted data to 1C with code 201
[2024-04-04T08:46:45.395+0000] {one_c.py:90} INFO - Inserted data to 1C with code 201
[2024-04-04T08:46:45.463+0000] {one_c.py:90} INFO - Inserted data to 1C with code 201
[2024-04-04T08:46:45.525+0000] {one_c.py:90} INFO - Inserted data to 1C with code 201
[2024-04-04T08:46:45.597+0000] {one_c.py:90} INFO - Inserted data to 1C with code 201
[2024-04-04T08:46:45.670+0000] {one_c.py:90} INFO - Inserted data to 1C with code 201
[2024-04-04T08:46:45.673+0000] {python.py:204} INFO - Done. Returned value not shown
[2024-04-04T08:46:45.691+0000] {taskinstance.py:1149} INFO - Marking task as SUCCESS. dag_id=real_estates, task_id=load_to_one_c, execution_date=20240403T000000, start_date=20240404T084636, end_date=20240404T084645
[2024-04-04T08:46:45.765+0000] {local_task_job_runner.py:234} INFO - Task exited with return code 0
[2024-04-04T08:46:46.099+0000] {taskinstance.py:3312} INFO - 0 downstream tasks scheduled from follow-on schedule check
