[2024-04-08T06:59:33.477+0000] {taskinstance.py:1979} INFO - Dependencies all met for dep_context=non-requeueable deps ti=<TaskInstance: real_estates.transform_translate manual__2024-04-08T03:55:40.228975+00:00 [queued]>
[2024-04-08T06:59:33.496+0000] {taskinstance.py:1979} INFO - Dependencies all met for dep_context=requeueable deps ti=<TaskInstance: real_estates.transform_translate manual__2024-04-08T03:55:40.228975+00:00 [queued]>
[2024-04-08T06:59:33.497+0000] {taskinstance.py:2193} INFO - Starting attempt 1 of 1
[2024-04-08T06:59:33.543+0000] {taskinstance.py:2217} INFO - Executing <Task(_PythonDecoratedOperator): transform_translate> on 2024-04-08 03:55:40.228975+00:00
[2024-04-08T06:59:33.558+0000] {standard_task_runner.py:60} INFO - Started process 80781 to run task
[2024-04-08T06:59:33.565+0000] {standard_task_runner.py:87} INFO - Running: ['***', 'tasks', 'run', 'real_estates', 'transform_translate', 'manual__2024-04-08T03:55:40.228975+00:00', '--job-id', '323', '--raw', '--subdir', 'DAGS_FOLDER/real_estates/__init__.py', '--cfg-path', '/tmp/tmpdw5ru1oj']
[2024-04-08T06:59:33.571+0000] {standard_task_runner.py:88} INFO - Job 323: Subtask transform_translate
[2024-04-08T06:59:33.981+0000] {task_command.py:423} INFO - Running <TaskInstance: real_estates.transform_translate manual__2024-04-08T03:55:40.228975+00:00 [running]> on host 05a350db99a0
[2024-04-08T06:59:41.788+0000] {taskinstance.py:2513} INFO - Exporting env vars: AIRFLOW_CTX_DAG_OWNER='***' AIRFLOW_CTX_DAG_ID='real_estates' AIRFLOW_CTX_TASK_ID='transform_translate' AIRFLOW_CTX_EXECUTION_DATE='2024-04-08T03:55:40.228975+00:00' AIRFLOW_CTX_TRY_NUMBER='1' AIRFLOW_CTX_DAG_RUN_ID='manual__2024-04-08T03:55:40.228975+00:00'
[2024-04-08T07:24:32.900+0000] {taskinstance.py:2731} ERROR - Task failed with exception
  + Exception Group Traceback (most recent call last):
  |   File "/home/airflow/.local/lib/python3.8/site-packages/airflow/models/taskinstance.py", line 444, in _execute_task
  |     result = _execute_callable(context=context, **execute_callable_kwargs)
  |   File "/home/airflow/.local/lib/python3.8/site-packages/airflow/models/taskinstance.py", line 414, in _execute_callable
  |     return execute_callable(context=context, **execute_callable_kwargs)
  |   File "/home/airflow/.local/lib/python3.8/site-packages/airflow/decorators/base.py", line 241, in execute
  |     return_value = super().execute(context)
  |   File "/home/airflow/.local/lib/python3.8/site-packages/airflow/operators/python.py", line 200, in execute
  |     return_value = self.execute_callable()
  |   File "/home/airflow/.local/lib/python3.8/site-packages/airflow/operators/python.py", line 217, in execute_callable
  |     return self.python_callable(*self.op_args, **self.op_kwargs)
  |   File "/opt/airflow/dags/real_estates/homes_jp/transformers/__init__.py", line 14, in transform_translate
  |     return trio.run(_translate, data)
  |   File "/home/airflow/.local/lib/python3.8/site-packages/trio/_core/_run.py", line 2288, in run
  |     raise runner.main_task_outcome.error
  |   File "/opt/airflow/dags/real_estates/homes_jp/transformers/translate.py", line 10, in _translate
  |     nursery.start_soon(translate_item, item, translated_data)
  |   File "/home/airflow/.local/lib/python3.8/site-packages/trio/_core/_run.py", line 954, in __aexit__
  |     raise combined_error_from_nursery
  | exceptiongroup.ExceptionGroup: Exceptions from Trio nursery (3343 sub-exceptions)
  +-+---------------- 1 ----------------
    | Traceback (most recent call last):
    |   File "/opt/airflow/dags/real_estates/homes_jp/transformers/translate.py", line 18, in translate_item
    |     data = {key: translator.translate(value) for key, value in item.items()}
    |   File "/opt/airflow/dags/real_estates/homes_jp/transformers/translate.py", line 18, in <dictcomp>
    |     data = {key: translator.translate(value) for key, value in item.items()}
    |   File "/home/airflow/.local/lib/python3.8/site-packages/easygoogletranslate/easygoogletranslate.py", line 81, in translate
    |     return self.make_request(target_language, source_language, text, timeout)
    |   File "/home/airflow/.local/lib/python3.8/site-packages/easygoogletranslate/easygoogletranslate.py", line 53, in make_request
    |     escaped_text = urllib.parse.quote(text.encode('utf8'))
    | AttributeError: 'list' object has no attribute 'encode'
    +---------------- 2 ----------------
    | Traceback (most recent call last):
    |   File "/opt/airflow/dags/real_estates/homes_jp/transformers/translate.py", line 18, in translate_item
    |     data = {key: translator.translate(value) for key, value in item.items()}
    |   File "/opt/airflow/dags/real_estates/homes_jp/transformers/translate.py", line 18, in <dictcomp>
    |     data = {key: translator.translate(value) for key, value in item.items()}
    |   File "/home/airflow/.local/lib/python3.8/site-packages/easygoogletranslate/easygoogletranslate.py", line 81, in translate
    |     return self.make_request(target_language, source_language, text, timeout)
    |   File "/home/airflow/.local/lib/python3.8/site-packages/easygoogletranslate/easygoogletranslate.py", line 53, in make_request
    |     escaped_text = urllib.parse.quote(text.encode('utf8'))
    | AttributeError: 'list' object has no attribute 'encode'
    +---------------- 3 ----------------
    | Traceback (most recent call last):
    |   File "/opt/airflow/dags/real_estates/homes_jp/transformers/translate.py", line 18, in translate_item
    |     data = {key: translator.translate(value) for key, value in item.items()}
    |   File "/opt/airflow/dags/real_estates/homes_jp/transformers/translate.py", line 18, in <dictcomp>
    |     data = {key: translator.translate(value) for key, value in item.items()}
    |   File "/home/airflow/.local/lib/python3.8/site-packages/easygoogletranslate/easygoogletranslate.py", line 81, in translate
    |     return self.make_request(target_language, source_language, text, timeout)
    |   File "/home/airflow/.local/lib/python3.8/site-packages/easygoogletranslate/easygoogletranslate.py", line 53, in make_request
    |     escaped_text = urllib.parse.quote(text.encode('utf8'))
    | AttributeError: 'list' object has no attribute 'encode'
    +---------------- 4 ----------------
    | Traceback (most recent call last):
    |   File "/opt/airflow/dags/real_estates/homes_jp/transformers/translate.py", line 18, in translate_item
    |     data = {key: translator.translate(value) for key, value in item.items()}
    |   File "/opt/airflow/dags/real_estates/homes_jp/transformers/translate.py", line 18, in <dictcomp>
    |     data = {key: translator.translate(value) for key, value in item.items()}
    |   File "/home/airflow/.local/lib/python3.8/site-packages/easygoogletranslate/easygoogletranslate.py", line 81, in translate
    |     return self.make_request(target_language, source_language, text, timeout)
    |   File "/home/airflow/.local/lib/python3.8/site-packages/easygoogletranslate/easygoogletranslate.py", line 53, in make_request
    |     escaped_text = urllib.parse.quote(text.encode('utf8'))
    | AttributeError: 'list' object has no attribute 'encode'
    +---------------- 5 ----------------
    | Traceback (most recent call last):
    |   File "/opt/airflow/dags/real_estates/homes_jp/transformers/translate.py", line 18, in translate_item
    |     data = {key: translator.translate(value) for key, value in item.items()}
    |   File "/opt/airflow/dags/real_estates/homes_jp/transformers/translate.py", line 18, in <dictcomp>
    |     data = {key: translator.translate(value) for key, value in item.items()}
    |   File "/home/airflow/.local/lib/python3.8/site-packages/easygoogletranslate/easygoogletranslate.py", line 81, in translate
    |     return self.make_request(target_language, source_language, text, timeout)
    |   File "/home/airflow/.local/lib/python3.8/site-packages/easygoogletranslate/easygoogletranslate.py", line 53, in make_request
    |     escaped_text = urllib.parse.quote(text.encode('utf8'))
    | AttributeError: 'list' object has no attribute 'encode'
    +---------------- 6 ----------------
    | Traceback (most recent call last):
    |   File "/opt/airflow/dags/real_estates/homes_jp/transformers/translate.py", line 18, in translate_item
    |     data = {key: translator.translate(value) for key, value in item.items()}
    |   File "/opt/airflow/dags/real_estates/homes_jp/transformers/translate.py", line 18, in <dictcomp>
    |     data = {key: translator.translate(value) for key, value in item.items()}
    |   File "/home/airflow/.local/lib/python3.8/site-packages/easygoogletranslate/easygoogletranslate.py", line 81, in translate
    |     return self.make_request(target_language, source_language, text, timeout)
    |   File "/home/airflow/.local/lib/python3.8/site-packages/easygoogletranslate/easygoogletranslate.py", line 53, in make_request
    |     escaped_text = urllib.parse.quote(text.encode('utf8'))
    | AttributeError: 'list' object has no attribute 'encode'
    +---------------- 7 ----------------
    | Traceback (most recent call last):
    |   File "/opt/airflow/dags/real_estates/homes_jp/transformers/translate.py", line 18, in translate_item
    |     data = {key: translator.translate(value) for key, value in item.items()}
    |   File "/opt/airflow/dags/real_estates/homes_jp/transformers/translate.py", line 18, in <dictcomp>
    |     data = {key: translator.translate(value) for key, value in item.items()}
    |   File "/home/airflow/.local/lib/python3.8/site-packages/easygoogletranslate/easygoogletranslate.py", line 81, in translate
    |     return self.make_request(target_language, source_language, text, timeout)
    |   File "/home/airflow/.local/lib/python3.8/site-packages/easygoogletranslate/easygoogletranslate.py", line 53, in make_request
    |     escaped_text = urllib.parse.quote(text.encode('utf8'))
    | AttributeError: 'list' object has no attribute 'encode'
    +---------------- 8 ----------------
    | Traceback (most recent call last):
    |   File "/opt/airflow/dags/real_estates/homes_jp/transformers/translate.py", line 18, in translate_item
    |     data = {key: translator.translate(value) for key, value in item.items()}
    |   File "/opt/airflow/dags/real_estates/homes_jp/transformers/translate.py", line 18, in <dictcomp>
    |     data = {key: translator.translate(value) for key, value in item.items()}
    |   File "/home/airflow/.local/lib/python3.8/site-packages/easygoogletranslate/easygoogletranslate.py", line 81, in translate
    |     return self.make_request(target_language, source_language, text, timeout)
    |   File "/home/airflow/.local/lib/python3.8/site-packages/easygoogletranslate/easygoogletranslate.py", line 53, in make_request
    |     escaped_text = urllib.parse.quote(text.encode('utf8'))
    | AttributeError: 'list' object has no attribute 'encode'
    +---------------- 9 ----------------
    | Traceback (most recent call last):
    |   File "/opt/airflow/dags/real_estates/homes_jp/transformers/translate.py", line 18, in translate_item
    |     data = {key: translator.translate(value) for key, value in item.items()}
    |   File "/opt/airflow/dags/real_estates/homes_jp/transformers/translate.py", line 18, in <dictcomp>
    |     data = {key: translator.translate(value) for key, value in item.items()}
    |   File "/home/airflow/.local/lib/python3.8/site-packages/easygoogletranslate/easygoogletranslate.py", line 81, in translate
    |     return self.make_request(target_language, source_language, text, timeout)
    |   File "/home/airflow/.local/lib/python3.8/site-packages/easygoogletranslate/easygoogletranslate.py", line 53, in make_request
    |     escaped_text = urllib.parse.quote(text.encode('utf8'))
    | AttributeError: 'list' object has no attribute 'encode'
    +---------------- 10 ----------------
    | Traceback (most recent call last):
    |   File "/opt/airflow/dags/real_estates/homes_jp/transformers/translate.py", line 18, in translate_item
    |     data = {key: translator.translate(value) for key, value in item.items()}
    |   File "/opt/airflow/dags/real_estates/homes_jp/transformers/translate.py", line 18, in <dictcomp>
    |     data = {key: translator.translate(value) for key, value in item.items()}
    |   File "/home/airflow/.local/lib/python3.8/site-packages/easygoogletranslate/easygoogletranslate.py", line 81, in translate
    |     return self.make_request(target_language, source_language, text, timeout)
    |   File "/home/airflow/.local/lib/python3.8/site-packages/easygoogletranslate/easygoogletranslate.py", line 53, in make_request
    |     escaped_text = urllib.parse.quote(text.encode('utf8'))
    | AttributeError: 'list' object has no attribute 'encode'
    +---------------- 11 ----------------
    | Traceback (most recent call last):
    |   File "/opt/airflow/dags/real_estates/homes_jp/transformers/translate.py", line 18, in translate_item
    |     data = {key: translator.translate(value) for key, value in item.items()}
    |   File "/opt/airflow/dags/real_estates/homes_jp/transformers/translate.py", line 18, in <dictcomp>
    |     data = {key: translator.translate(value) for key, value in item.items()}
    |   File "/home/airflow/.local/lib/python3.8/site-packages/easygoogletranslate/easygoogletranslate.py", line 81, in translate
    |     return self.make_request(target_language, source_language, text, timeout)
    |   File "/home/airflow/.local/lib/python3.8/site-packages/easygoogletranslate/easygoogletranslate.py", line 53, in make_request
    |     escaped_text = urllib.parse.quote(text.encode('utf8'))
    | AttributeError: 'list' object has no attribute 'encode'
    +---------------- 12 ----------------
    | Traceback (most recent call last):
    |   File "/opt/airflow/dags/real_estates/homes_jp/transformers/translate.py", line 18, in translate_item
    |     data = {key: translator.translate(value) for key, value in item.items()}
    |   File "/opt/airflow/dags/real_estates/homes_jp/transformers/translate.py", line 18, in <dictcomp>
    |     data = {key: translator.translate(value) for key, value in item.items()}
    |   File "/home/airflow/.local/lib/python3.8/site-packages/easygoogletranslate/easygoogletranslate.py", line 81, in translate
    |     return self.make_request(target_language, source_language, text, timeout)
    |   File "/home/airflow/.local/lib/python3.8/site-packages/easygoogletranslate/easygoogletranslate.py", line 53, in make_request
    |     escaped_text = urllib.parse.quote(text.encode('utf8'))
    | AttributeError: 'list' object has no attribute 'encode'
    +---------------- 13 ----------------
    | Traceback (most recent call last):
    |   File "/opt/airflow/dags/real_estates/homes_jp/transformers/translate.py", line 18, in translate_item
    |     data = {key: translator.translate(value) for key, value in item.items()}
    |   File "/opt/airflow/dags/real_estates/homes_jp/transformers/translate.py", line 18, in <dictcomp>
    |     data = {key: translator.translate(value) for key, value in item.items()}
    |   File "/home/airflow/.local/lib/python3.8/site-packages/easygoogletranslate/easygoogletranslate.py", line 81, in translate
    |     return self.make_request(target_language, source_language, text, timeout)
    |   File "/home/airflow/.local/lib/python3.8/site-packages/easygoogletranslate/easygoogletranslate.py", line 53, in make_request
    |     escaped_text = urllib.parse.quote(text.encode('utf8'))
    | AttributeError: 'list' object has no attribute 'encode'
    +---------------- 14 ----------------
    | Traceback (most recent call last):
    |   File "/opt/airflow/dags/real_estates/homes_jp/transformers/translate.py", line 18, in translate_item
    |     data = {key: translator.translate(value) for key, value in item.items()}
    |   File "/opt/airflow/dags/real_estates/homes_jp/transformers/translate.py", line 18, in <dictcomp>
    |     data = {key: translator.translate(value) for key, value in item.items()}
    |   File "/home/airflow/.local/lib/python3.8/site-packages/easygoogletranslate/easygoogletranslate.py", line 81, in translate
    |     return self.make_request(target_language, source_language, text, timeout)
    |   File "/home/airflow/.local/lib/python3.8/site-packages/easygoogletranslate/easygoogletranslate.py", line 53, in make_request
    |     escaped_text = urllib.parse.quote(text.encode('utf8'))
    | AttributeError: 'list' object has no attribute 'encode'
    +---------------- 15 ----------------
    | Traceback (most recent call last):
    |   File "/opt/airflow/dags/real_estates/homes_jp/transformers/translate.py", line 18, in translate_item
    |     data = {key: translator.translate(value) for key, value in item.items()}
    |   File "/opt/airflow/dags/real_estates/homes_jp/transformers/translate.py", line 18, in <dictcomp>
    |     data = {key: translator.translate(value) for key, value in item.items()}
    |   File "/home/airflow/.local/lib/python3.8/site-packages/easygoogletranslate/easygoogletranslate.py", line 81, in translate
    |     return self.make_request(target_language, source_language, text, timeout)
    |   File "/home/airflow/.local/lib/python3.8/site-packages/easygoogletranslate/easygoogletranslate.py", line 53, in make_request
    |     escaped_text = urllib.parse.quote(text.encode('utf8'))
    | AttributeError: 'list' object has no attribute 'encode'
    +---------------- ... ----------------
    | and 3328 more exceptions
    +------------------------------------
[2024-04-08T07:24:33.237+0000] {taskinstance.py:1149} INFO - Marking task as FAILED. dag_id=real_estates, task_id=transform_translate, execution_date=20240408T035540, start_date=20240408T065933, end_date=20240408T072433
[2024-04-08T07:24:33.261+0000] {standard_task_runner.py:107} ERROR - Failed to execute job 323 for task transform_translate (Exceptions from Trio nursery (3343 sub-exceptions); 80781)
[2024-04-08T07:24:33.336+0000] {local_task_job_runner.py:234} INFO - Task exited with return code 1
[2024-04-08T07:24:33.381+0000] {taskinstance.py:3312} INFO - 0 downstream tasks scheduled from follow-on schedule check
