[2024-04-04T08:07:07.353+0000] {taskinstance.py:1979} INFO - Dependencies all met for dep_context=non-requeueable deps ti=<TaskInstance: real_estates.transform_to_english_keys scheduled__2024-04-03T00:00:00+00:00 [queued]>
[2024-04-04T08:07:07.374+0000] {taskinstance.py:1979} INFO - Dependencies all met for dep_context=requeueable deps ti=<TaskInstance: real_estates.transform_to_english_keys scheduled__2024-04-03T00:00:00+00:00 [queued]>
[2024-04-04T08:07:07.375+0000] {taskinstance.py:2193} INFO - Starting attempt 11 of 11
[2024-04-04T08:07:07.403+0000] {taskinstance.py:2217} INFO - Executing <Task(_PythonDecoratedOperator): transform_to_english_keys> on 2024-04-03 00:00:00+00:00
[2024-04-04T08:07:07.418+0000] {standard_task_runner.py:60} INFO - Started process 3382 to run task
[2024-04-04T08:07:07.425+0000] {standard_task_runner.py:87} INFO - Running: ['***', 'tasks', 'run', 'real_estates', 'transform_to_english_keys', 'scheduled__2024-04-03T00:00:00+00:00', '--job-id', '193', '--raw', '--subdir', 'DAGS_FOLDER/real_estates/__init__.py', '--cfg-path', '/tmp/tmph4y8whnq']
[2024-04-04T08:07:07.431+0000] {standard_task_runner.py:88} INFO - Job 193: Subtask transform_to_english_keys
[2024-04-04T08:07:07.851+0000] {task_command.py:423} INFO - Running <TaskInstance: real_estates.transform_to_english_keys scheduled__2024-04-03T00:00:00+00:00 [running]> on host 05a350db99a0
[2024-04-04T08:07:08.328+0000] {taskinstance.py:2513} INFO - Exporting env vars: AIRFLOW_CTX_DAG_OWNER='***' AIRFLOW_CTX_DAG_ID='real_estates' AIRFLOW_CTX_TASK_ID='transform_to_english_keys' AIRFLOW_CTX_EXECUTION_DATE='2024-04-03T00:00:00+00:00' AIRFLOW_CTX_TRY_NUMBER='11' AIRFLOW_CTX_DAG_RUN_ID='scheduled__2024-04-03T00:00:00+00:00'
[2024-04-04T08:07:08.336+0000] {__init__.py:98} WARNING - Town 千住宮元町 not in database
[2024-04-04T08:07:08.338+0000] {__init__.py:98} WARNING - Town 元橋本町 not in database
[2024-04-04T08:07:08.340+0000] {__init__.py:98} WARNING - Town 深大寺東町 not in database
[2024-04-04T08:07:08.343+0000] {__init__.py:98} WARNING - Town 莇生町 not in database
[2024-04-04T08:07:08.346+0000] {__init__.py:98} WARNING - Town 元総社町 not in database
[2024-04-04T08:07:08.347+0000] {__init__.py:98} WARNING - Town 中泉町 not in database
[2024-04-04T08:07:08.349+0000] {__init__.py:98} WARNING - Town 藤原光町 not in database
[2024-04-04T08:07:08.350+0000] {__init__.py:98} WARNING - Town 新井町 not in database
[2024-04-04T08:07:08.351+0000] {__init__.py:98} WARNING - Town 南町 not in database
[2024-04-04T08:07:08.351+0000] {__init__.py:98} WARNING - Town ひうみ町 not in database
[2024-04-04T08:07:08.352+0000] {__init__.py:98} WARNING - Town 並木西町 not in database
[2024-04-04T08:07:08.353+0000] {__init__.py:98} WARNING - Town 散田町 not in database
[2024-04-04T08:07:08.355+0000] {__init__.py:98} WARNING - Town 須惠町 not in database
[2024-04-04T08:07:08.356+0000] {__init__.py:98} WARNING - Town 若葉町 not in database
[2024-04-04T08:07:08.356+0000] {__init__.py:98} WARNING - Town 本木東町 not in database
[2024-04-04T08:07:08.357+0000] {__init__.py:98} WARNING - Town 出川町 not in database
[2024-04-04T08:07:08.358+0000] {__init__.py:98} WARNING - Town 菖蒲町 not in database
[2024-04-04T08:07:08.359+0000] {__init__.py:98} WARNING - Town 中町 not in database
[2024-04-04T08:07:08.360+0000] {__init__.py:98} WARNING - Town 追分町 not in database
[2024-04-04T08:07:08.361+0000] {__init__.py:98} WARNING - Town 緑町 not in database
[2024-04-04T08:07:08.361+0000] {__init__.py:98} WARNING - Town 宮本町 not in database
[2024-04-04T08:07:08.362+0000] {__init__.py:98} WARNING - Town 北町 not in database
[2024-04-04T08:07:08.363+0000] {__init__.py:98} WARNING - Town 西戸部町 not in database
[2024-04-04T08:07:08.365+0000] {python.py:204} INFO - Done. Returned value not shown
[2024-04-04T08:07:08.475+0000] {taskinstance.py:1149} INFO - Marking task as SUCCESS. dag_id=real_estates, task_id=transform_to_english_keys, execution_date=20240403T000000, start_date=20240404T080707, end_date=20240404T080708
[2024-04-04T08:07:08.561+0000] {local_task_job_runner.py:234} INFO - Task exited with return code 0
[2024-04-04T08:07:08.608+0000] {taskinstance.py:3312} INFO - 1 downstream tasks scheduled from follow-on schedule check
