[2024-04-04T04:14:57.066+0000] {taskinstance.py:1979} INFO - Dependencies all met for dep_context=non-requeueable deps ti=<TaskInstance: real_estates.transform_to_english_keys scheduled__2024-04-03T00:00:00+00:00 [queued]>
[2024-04-04T04:14:57.087+0000] {taskinstance.py:1979} INFO - Dependencies all met for dep_context=requeueable deps ti=<TaskInstance: real_estates.transform_to_english_keys scheduled__2024-04-03T00:00:00+00:00 [queued]>
[2024-04-04T04:14:57.088+0000] {taskinstance.py:2193} INFO - Starting attempt 2 of 2
[2024-04-04T04:14:57.117+0000] {taskinstance.py:2217} INFO - Executing <Task(_PythonDecoratedOperator): transform_to_english_keys> on 2024-04-03 00:00:00+00:00
[2024-04-04T04:14:57.134+0000] {standard_task_runner.py:60} INFO - Started process 84 to run task
[2024-04-04T04:14:57.142+0000] {standard_task_runner.py:87} INFO - Running: ['***', 'tasks', 'run', 'real_estates', 'transform_to_english_keys', 'scheduled__2024-04-03T00:00:00+00:00', '--job-id', '155', '--raw', '--subdir', 'DAGS_FOLDER/real_estates/__init__.py', '--cfg-path', '/tmp/tmpw0hvy3zk']
[2024-04-04T04:14:57.147+0000] {standard_task_runner.py:88} INFO - Job 155: Subtask transform_to_english_keys
[2024-04-04T04:14:57.555+0000] {task_command.py:423} INFO - Running <TaskInstance: real_estates.transform_to_english_keys scheduled__2024-04-03T00:00:00+00:00 [running]> on host 05a350db99a0
[2024-04-04T04:14:57.942+0000] {taskinstance.py:2513} INFO - Exporting env vars: AIRFLOW_CTX_DAG_OWNER='***' AIRFLOW_CTX_DAG_ID='real_estates' AIRFLOW_CTX_TASK_ID='transform_to_english_keys' AIRFLOW_CTX_EXECUTION_DATE='2024-04-03T00:00:00+00:00' AIRFLOW_CTX_TRY_NUMBER='2' AIRFLOW_CTX_DAG_RUN_ID='scheduled__2024-04-03T00:00:00+00:00'
[2024-04-04T04:15:11.162+0000] {english_keys.py:68} WARNING - Error translating Remarks - 【その他制限事項】
高度地区、第一種高度地区 川辺堀之内地区計画 日野市川辺堀之内土地区画整理事業 埋蔵文化財包蔵区

【イベント情報】
～～～新型コロナウイルスの感染予防及び～～～
～～～～～ 拡大防止に関しての取り組み ～～～～～

全てのお客様・従業員を守る為、
飯田グループHDは下記の取り組みに努めております。

◆従業員は、マスク着用の上ご接客致しますので
　ご了承願います。

◆ご来店の際、お客様同士が重ならないよう
　ご対応致します。
（重なる場合でも接客ブースを分けてご対応致します）

◆店舗に消毒用アルコールを設置し、
　お客様にもご利用をお願いしております。

◆接客ブースご利用後は随時消毒を行っております。

◆営業所内にありますキッズスペースのおもちゃは
　撤去させていただきます。

◆物件のご見学の際には、
　車にてご自宅への送迎も行っております。

◆ご案内の際、極力建物室内での説明を避け、
　室外にてご対応致します。
（室内においては、1ｍ以上離れてご対応致します）

◆従業員同士の接触を抑える為、在宅勤務の導入や
　出勤人数に制限を設けております。


○●○● 『おうちで見学会♪』も実施中！●○●○
　　・今の状況で子供を連れて外出するのが不安
　　・転勤の都合で直接現地へ行くのが難しい
　　　　　　　　　という場合は、
担当者が現地からテレビ電話や写真でご対応致します！
設備や細かい仕様など様々な角度からお伝え致します♪

ご要望の際は、お気軽にお問い合わせください。
[2024-04-04T04:15:11.163+0000] {english_keys.py:69} ERROR - HTTPSConnectionPool(host='translate.google.com', port=443): Read timed out.
[2024-04-04T04:15:26.310+0000] {english_keys.py:68} WARNING - Error translating Remarks - □■You Tube実力派経営物語　公開中！■□
超実力派情熱経営者　涙なしでは見られない感動ストーリー
大企業の経営より遥に難しいスタートアップ
映画を見るより断然面白い

■■■現地案内会のお知らせ■■■
１、現地案内会は特別時間は問いません。担当者にご相談ください。
２、合わせて物件の周辺住環境、小・中学校やスーパー、ドラックストア等もご案内致します。
３、ご希望条件等を教えていただければ、ネットに載っていない物件情報などもご紹介可能です。

■■■住宅ローン相談会■■■
住宅ローンでお悩みの方に、ビッグニュースです！転職して間もないけど…？頭金がほとんどないけど…？保証料って何のこと…？住宅の購入はまだまだ先なんだけど…？等など、どんな内容でもご相談ください。あなたにピッタリのご提案をさせていただきます！

■■■ＦＰ相談会■■■
住宅の購入のほかにも、お金がかかるイベントがたくさんあります。出産費用、教育資金、老後の生活費、介護費用、緊急資金、お子様の就職活動費、 結婚費用など、限られた資金をどのように振り分ければいいのか、専用ソフトによる『ライフプラン相談』が大人気です！もちろん無料ですので、お気軽にお問い合わせください。

※ご予約
物件によって事前に鍵の手配が必要な場合がございます。ご予約はお早めに！

※お約束当日は
１、当社の送迎車にて、ご自宅、ご自宅周辺、ご指定の駅までお迎えにあがり現地へ向かいます。（無料）
２、マイカーにて当社へご来店いただき、周辺物件検索後、現地へ向かいます。

※資料請求
左下の青色『資料をもらう』よりお問い合わせください。
[2024-04-04T04:15:26.310+0000] {english_keys.py:69} ERROR - HTTPSConnectionPool(host='translate.google.com', port=443): Read timed out.
[2024-04-04T04:15:42.146+0000] {english_keys.py:68} WARNING - Error translating Remarks - 【その他制限事項】高度地区、準防火地域、高さ最高限度有、日影制限有



～～～新型コロナウイルスの感染予防及び～～～
～～～～～ 拡大防止に関しての取り組み ～～～～～

全てのお客様・従業員を守る為、
飯田グループHDは下記の取り組みに努めております。

◆従業員は、マスク着用の上ご接客致しますので
　ご了承願います。

◆ご来店の際、お客様同士が重ならないよう
　ご対応致します。
（重なる場合でも接客ブースを分けてご対応致します）

◆店舗に消毒用アルコールを設置し、
　お客様にもご利用をお願いしております。

◆接客ブースご利用後は随時消毒を行っております。

◆営業所内にありますキッズスペースのおもちゃは
　撤去させていただきます。

◆物件のご見学の際には、
　車にてご自宅への送迎も行っております。

◆ご案内の際、極力建物室内での説明を避け、
　室外にてご対応致します。
（室内においては、1ｍ以上離れてご対応致します）

◆従業員同士の接触を抑える為、在宅勤務の導入や
　出勤人数に制限を設けております。


○●○● 『おうちで見学会♪』も実施中！●○●○
　　・今の状況で子供を連れて外出するのが不安
　　・転勤の都合で直接現地へ行くのが難しい
　　　　　　　　　という場合は、
担当者が現地からテレビ電話や写真でご対応致します！
設備や細かい仕様など様々な角度からお伝え致します♪

ご要望の際は、お気軽にお問い合わせください。
[2024-04-04T04:15:42.148+0000] {english_keys.py:69} ERROR - HTTPSConnectionPool(host='translate.google.com', port=443): Read timed out.
[2024-04-04T04:15:56.466+0000] {english_keys.py:68} WARNING - Error translating Remarks - 住まい探しをトータル的にサポート致します！
取引件数が多いME不動産東葛にお任せください♪
（2023年グループ成約数2298件の実績）

■感染防止への取り組み
飛沫防止アクリルパーテーション設置
手消毒・マスク着用・検温チェック及び体調報告の徹底
安心してご利用いただくために取り組んで参ります！

◆お客様に合わせてご見学可能です◆
お客様のご都合に合わせて対応致します
ご自宅や駅、ご指定いただいた場所に無料でお迎えに参ります
お買い物や仕事帰りでも、当日見学可能♪夜間の見学もご相談下さい♪
近隣の物件や周辺環境も合わせてご案内致します！

□選べるメニュー□
・現地/物件見学（１件１５分～）見学だけでもＯＫ
・資金計画・住宅ローン相談（約３０分～）
・ご希望条件の相談（約３０分～）
～～オンライン見学も実施中です～～

◆「住宅ローン相談」もお任せ下さい◆
転職して間もないけど…？頭金がゼロだけど大丈夫…？
住宅の購入はまだまだ先なんだけど…？など
住宅ローンでお悩みの方、まずはME不動産東葛にご相談下さい！
お客様にピッタリのご提案をさせて頂きます♪

◆～当社提携金融機関～◆
変動金利0.38～0.41％
住宅ローン残高が0円になる全疾患保障＆1/2になる
がん５０％保障団信など充実した内容も付帯！
入院中も月次返済保障対象♪
※金融機関諸条件の適用と要審査

◆お子様連れのお客様も大歓迎◆
楽しく遊べるキッズスペースや個室の授乳スペース完備♪
おむつ交換台もございますので小さなお子様連れでも安心してご利用頂けます！
ぜひご家族皆様でご来店下さいませ♪

------------------------------------------------------

建築基準法第22条区域 景観法 文化財保護法 鎌ケ谷市なし赤星病防止条例 協定部分持分：0.5平米有、通行地役権設定予定

文化財保護法:有　景観法:有
[2024-04-04T04:15:56.466+0000] {english_keys.py:69} ERROR - HTTPSConnectionPool(host='translate.google.com', port=443): Read timed out.
[2024-04-04T04:16:32.290+0000] {english_keys.py:68} WARNING - Error translating Remarks - ◆◆◆現地内覧会絶賛開催中！（事前に必ずお問い合わせください）◆◆◆

日程／ご都合に合わせていつでもご覧頂けます！
時間／朝早く～夜遅くまでオールタイムご覧頂けます！

◆◆◆私たちはお客様のご都合に合わせて全力でサポート致します！◆◆◆
『仕事帰りにちょっと見てみたいけど、時間が…』
このような時でもお任せください！夜中でも明るくご案内致します！
『家の間取りや外観は良いけど、周辺環境はどうなんだろう…』
そのような時でもお任せください！一緒に周辺環境もご案内致します！

私たちは、自分の家族・友人など大切な人が住まいを探す手伝いをするように、
お客様にも同じ想いでお手伝いさせて頂きます！
ご予約はフリーダイヤル「0120-992-885」にお電話ください！
担当スタッフが丁寧に受付致します。
また、下記の「見学予約する」からもご予約頂けます。

◆◆◆女性スタッフならではの視点で「お子様・女性にやさしい店づくり」を目指してます！◆◆◆
1.キッズスペース完備。お子様が飽きないように、おもちゃやDVDをご用意しております。
2.ベビーベッド設置。お子様をベッドで寝せながらゆっくりお話しできます。
3.ウエットティッシュ・おむつなど、ベビー用品をご用意しております。
4.オムツ台を女性専用のトイレに設置。
5.チャイルドシートをご用意しております。
他にもいろいろとご用意しておりますので、一度お店に遊びに来てください！

◆◆◆大好評！世界に１枚だけ！オリジナルイラストプレゼント！◆◆◆
当店でマイホームをご購入頂きましたお客様に、ご購入者様と新居を一枚のイラストにした、
“世界に1枚限り”のオリジナルイラストをプレゼント！
マイホーム購入の記念として、ご新居の玄関やリビングに飾ってみてはいかがでしょうか？
日程／ご都合に合わせていつでもご覧頂けます！
時間／朝早く～夜遅くまでオールタイムご覧頂けます！
フリーダイヤル「0120-992-885」にお電話ください！

設備：個別LPG　公営水道　下水　設計住宅性能評価付　都市近郊　地盤調査済　スーパーが近い(10分以内)　総合病院徒歩10分以内　小学校徒歩10分以内　システムキッチン　カウンタキッチン　対面キッチン　コンロ口数三口　浴室乾燥機　ウォシュレット　オートバス付き　トイレ2ヶ所　浴室に窓　バルコニー　2階建　LDK15畳以上　室内洗濯機置き場　フローリング　収納　床下収納　下駄箱　モニタ付きインターフォン　複層ガラス　火災警報器（報知機）　全居室複層ガラスか複層サッシ　通風良好　陽当り良好　24時間換気システム
[2024-04-04T04:16:32.290+0000] {english_keys.py:69} ERROR - HTTPSConnectionPool(host='translate.google.com', port=443): Read timed out.
[2024-04-04T04:16:48.847+0000] {local_task_job_runner.py:302} WARNING - State of this instance has been externally set to restarting. Terminating instance.
[2024-04-04T04:16:48.852+0000] {process_utils.py:131} INFO - Sending 15 to group 84. PIDs of all processes in the group: [84]
[2024-04-04T04:16:48.853+0000] {process_utils.py:86} INFO - Sending the signal 15 to group 84
[2024-04-04T04:16:48.854+0000] {taskinstance.py:2483} ERROR - Received SIGTERM. Terminating subprocesses.
[2024-04-04T04:16:48.855+0000] {english_keys.py:68} WARNING - Error translating Remarks - ◆◆◆現地内覧会絶賛開催中！（事前に必ずお問い合わせください）◆◆◆

日程／ご都合に合わせていつでもご覧頂けます！
時間／朝早く～夜遅くまでオールタイムご覧頂けます！

◆◆◆私たちはお客様のご都合に合わせて全力でサポート致します！◆◆◆
『仕事帰りにちょっと見てみたいけど、時間が…』
このような時でもお任せください！夜中でも明るくご案内致します！
『家の間取りや外観は良いけど、周辺環境はどうなんだろう…』
そのような時でもお任せください！一緒に周辺環境もご案内致します！

私たちは、自分の家族・友人など大切な人が住まいを探す手伝いをするように、
お客様にも同じ想いでお手伝いさせて頂きます！
ご予約はフリーダイヤル「0120-992-885」にお電話ください！
担当スタッフが丁寧に受付致します。
また、下記の「見学予約する」からもご予約頂けます。


設備：個別LPG　公営水道　下水　都市近郊　地盤調査済　スーパーが近い(10分以内)　コンビニ5分以内　システムキッチン　カウンタキッチン　対面キッチン　コンロ口数三口　ウォシュレット　オートバス付き　トイレ2ヶ所　浴室に窓　バルコニー　2階建　LDK15畳以上　全居室6畳以上　室内洗濯機置き場　フローリング　ウォークインクローゼット　収納　下駄箱　モニタ付きインターフォン　複層ガラス　火災警報器（報知機）　全居室複層ガラスか複層サッシ　通風良好　陽当り良好　24時間換気システム
[2024-04-04T04:16:48.856+0000] {english_keys.py:69} ERROR - Task received SIGTERM signal
[2024-04-04T04:17:06.318+0000] {english_keys.py:68} WARNING - Error translating Remarks - 【その他制限事項】
航空法による規制有、高度地区、高さ最高限度有、日影制限有、法第22条区域

【イベント情報】
～ホームトレードセンター株式会社は、飯田グループホールディングスが手掛ける、販売専門会社です～

現地案内会（事前に必ずお問い合わせください）
日程／随時
時間／10:00～19:00

■ご案内方法
ご自宅へお迎え・最寄り駅などでお待ち合わせ、弊社へのご来店などご相談くださいませ。
お客様の希望に合わせた物件、周辺の環境などもご案内をいたします。

■取扱物件
八王子市、立川市及びその周辺のエリアをメインとした新築・中古一戸建て、土地など各種不動産物件

■ご予約方法
お電話ください。【042-847-8610】
突然のご来店でも対応可能ですのでお気軽にご来店ください。
物件によっては事前に鍵の手配が必要な場合がありますので、
お早めにご連絡を頂けると、ご案内がスムーズです。

■住宅ローン、その他の各種ご相談もお気軽にどうぞ！
・繰り上げ返済は「いつ」「どのくらい」するのが効果的？
・どこの銀行で借りるとお得なの？
・適切な借入額は？　　etc…

■キッズスペースもご用意しております☆
弊社にはお子様が退屈しないようキッズスペースも充実させておりますのでご安心ください

■お車でのご来店もご安心ください
当社の目の前にコインパーキングがございます。清算は弊社でご負担させていただきます。

弊社が提供する独自の不動産仲介サービスにつきましては、
弊社のホームページをご参照くださいませ。
https://www.htcc.co.jp/
[2024-04-04T04:17:06.319+0000] {english_keys.py:69} ERROR - HTTPSConnectionPool(host='translate.google.com', port=443): Read timed out.
[2024-04-04T04:17:48.854+0000] {process_utils.py:149} WARNING - process psutil.Process(pid=84, name='airflow task ru', status='sleeping', started='04:14:56') did not respond to SIGTERM. Trying SIGKILL
[2024-04-04T04:17:48.855+0000] {process_utils.py:86} INFO - Sending the signal 9 to group 84
[2024-04-04T04:17:48.887+0000] {process_utils.py:79} INFO - Process psutil.Process(pid=84, name='airflow task ru', status='terminated', exitcode=<Negsignal.SIGKILL: -9>, started='04:14:56') (84) terminated with exit code -9
[2024-04-04T04:17:48.889+0000] {standard_task_runner.py:175} ERROR - Job 155 was killed before it finished (likely due to running out of memory)
