[2024-04-04T04:30:37.998+0000] {taskinstance.py:1979} INFO - Dependencies all met for dep_context=non-requeueable deps ti=<TaskInstance: real_estates.transform_to_english_keys scheduled__2024-04-03T00:00:00+00:00 [queued]>
[2024-04-04T04:30:38.018+0000] {taskinstance.py:1979} INFO - Dependencies all met for dep_context=requeueable deps ti=<TaskInstance: real_estates.transform_to_english_keys scheduled__2024-04-03T00:00:00+00:00 [queued]>
[2024-04-04T04:30:38.018+0000] {taskinstance.py:2193} INFO - Starting attempt 6 of 6
[2024-04-04T04:30:38.050+0000] {taskinstance.py:2217} INFO - Executing <Task(_PythonDecoratedOperator): transform_to_english_keys> on 2024-04-03 00:00:00+00:00
[2024-04-04T04:30:38.064+0000] {standard_task_runner.py:60} INFO - Started process 302 to run task
[2024-04-04T04:30:38.071+0000] {standard_task_runner.py:87} INFO - Running: ['***', 'tasks', 'run', 'real_estates', 'transform_to_english_keys', 'scheduled__2024-04-03T00:00:00+00:00', '--job-id', '159', '--raw', '--subdir', 'DAGS_FOLDER/real_estates/__init__.py', '--cfg-path', '/tmp/tmp5anparja']
[2024-04-04T04:30:38.079+0000] {standard_task_runner.py:88} INFO - Job 159: Subtask transform_to_english_keys
[2024-04-04T04:30:38.183+0000] {task_command.py:423} INFO - Running <TaskInstance: real_estates.transform_to_english_keys scheduled__2024-04-03T00:00:00+00:00 [running]> on host 05a350db99a0
[2024-04-04T04:30:38.888+0000] {taskinstance.py:2513} INFO - Exporting env vars: AIRFLOW_CTX_DAG_OWNER='***' AIRFLOW_CTX_DAG_ID='real_estates' AIRFLOW_CTX_TASK_ID='transform_to_english_keys' AIRFLOW_CTX_EXECUTION_DATE='2024-04-03T00:00:00+00:00' AIRFLOW_CTX_TRY_NUMBER='6' AIRFLOW_CTX_DAG_RUN_ID='scheduled__2024-04-03T00:00:00+00:00'
[2024-04-04T04:30:38.892+0000] {english_keys.py:59} INFO - Translating https://www.homes.co.jp/kodate/b-17068450001070/
[2024-04-04T04:30:38.892+0000] {english_keys.py:59} INFO - Translating https://www.homes.co.jp/kodate/b-17077260002244/
[2024-04-04T04:30:38.893+0000] {english_keys.py:59} INFO - Translating https://www.homes.co.jp/kodate/b-17068450001072/
[2024-04-04T04:30:38.893+0000] {english_keys.py:59} INFO - Translating https://www.homes.co.jp/kodate/b-17025820007930/
[2024-04-04T04:30:38.894+0000] {english_keys.py:59} INFO - Translating https://www.homes.co.jp/tochi/b-17000130014618/
[2024-04-04T04:30:38.894+0000] {english_keys.py:59} INFO - Translating https://www.homes.co.jp/kodate/b-17069060011354/
[2024-04-04T04:30:38.895+0000] {english_keys.py:59} INFO - Translating https://www.homes.co.jp/kodate/b-17069060011349/
[2024-04-04T04:30:38.895+0000] {english_keys.py:59} INFO - Translating https://www.homes.co.jp/kodate/b-17068450001073/
[2024-04-04T04:30:38.895+0000] {english_keys.py:59} INFO - Translating https://www.homes.co.jp/kodate/b-17020970024680/
[2024-04-04T04:30:38.896+0000] {english_keys.py:59} INFO - Translating https://www.homes.co.jp/kodate/b-17079580000132/
[2024-04-04T04:30:38.896+0000] {english_keys.py:59} INFO - Translating https://www.homes.co.jp/kodate/b-17068450001071/
[2024-04-04T04:30:38.897+0000] {english_keys.py:59} INFO - Translating https://www.homes.co.jp/kodate/b-17081730000062/
[2024-04-04T04:30:38.897+0000] {english_keys.py:59} INFO - Translating https://www.homes.co.jp/kodate/b-17069060011351/
[2024-04-04T04:30:38.898+0000] {english_keys.py:59} INFO - Translating https://www.homes.co.jp/kodate/b-17077260002255/
[2024-04-04T04:30:38.898+0000] {english_keys.py:59} INFO - Translating https://www.homes.co.jp/kodate/b-17068450001068/
[2024-04-04T04:30:38.898+0000] {english_keys.py:59} INFO - Translating https://www.homes.co.jp/kodate/b-17069060011353/
[2024-04-04T04:30:38.899+0000] {english_keys.py:59} INFO - Translating https://www.homes.co.jp/kodate/b-17069060011352/
[2024-04-04T04:30:38.899+0000] {english_keys.py:59} INFO - Translating https://www.homes.co.jp/kodate/b-17076810003270/
[2024-04-04T04:30:38.900+0000] {english_keys.py:59} INFO - Translating https://www.homes.co.jp/kodate/b-17020970024670/
[2024-04-04T04:30:38.900+0000] {english_keys.py:59} INFO - Translating https://www.homes.co.jp/kodate/b-17077260002246/
[2024-04-04T04:30:38.901+0000] {english_keys.py:59} INFO - Translating https://www.homes.co.jp/kodate/b-17081930000040/
[2024-04-04T04:30:38.901+0000] {english_keys.py:59} INFO - Translating https://www.homes.co.jp/kodate/b-17053210000248/
[2024-04-04T04:30:38.902+0000] {english_keys.py:59} INFO - Translating https://www.homes.co.jp/kodate/b-17081730000063/
[2024-04-04T04:30:38.902+0000] {english_keys.py:59} INFO - Translating https://www.homes.co.jp/kodate/b-17068450001067/
[2024-04-04T04:30:38.902+0000] {english_keys.py:59} INFO - Translating https://www.homes.co.jp/kodate/b-17063270000449/
[2024-04-04T04:30:38.903+0000] {english_keys.py:59} INFO - Translating https://www.homes.co.jp/kodate/b-17077260002245/
[2024-04-04T04:30:38.903+0000] {english_keys.py:59} INFO - Translating https://www.homes.co.jp/kodate/b-17069060011359/
[2024-04-04T04:30:38.904+0000] {english_keys.py:59} INFO - Translating https://www.homes.co.jp/kodate/b-17077260002248/
[2024-04-04T04:30:38.904+0000] {english_keys.py:59} INFO - Translating https://www.homes.co.jp/kodate/b-17077260002247/
[2024-04-04T04:30:38.904+0000] {english_keys.py:59} INFO - Translating https://www.homes.co.jp/kodate/b-17060170009099/
[2024-04-04T04:30:38.905+0000] {english_keys.py:59} INFO - Translating https://www.homes.co.jp/kodate/b-17068450001074/
[2024-04-04T04:30:38.905+0000] {english_keys.py:59} INFO - Translating https://www.homes.co.jp/kodate/b-17068450001075/
[2024-04-04T04:30:38.906+0000] {english_keys.py:59} INFO - Translating https://www.homes.co.jp/kodate/b-17076810003274/
[2024-04-04T04:30:38.906+0000] {english_keys.py:59} INFO - Translating https://www.homes.co.jp/kodate/b-17060170009098/
[2024-04-04T04:30:38.906+0000] {english_keys.py:59} INFO - Translating https://www.homes.co.jp/kodate/b-17077260002251/
[2024-04-04T04:30:38.907+0000] {english_keys.py:59} INFO - Translating https://www.homes.co.jp/kodate/b-17069060011360/
[2024-04-04T04:30:38.907+0000] {english_keys.py:59} INFO - Translating https://www.homes.co.jp/kodate/b-17069060011356/
[2024-04-04T04:30:38.908+0000] {english_keys.py:59} INFO - Translating https://www.homes.co.jp/kodate/b-17069060011362/
[2024-04-04T04:30:38.908+0000] {english_keys.py:59} INFO - Translating https://www.homes.co.jp/kodate/b-17025820007929/
[2024-04-04T04:30:38.908+0000] {english_keys.py:59} INFO - Translating https://www.homes.co.jp/kodate/b-17077260002253/
[2024-04-04T04:30:38.909+0000] {english_keys.py:59} INFO - Translating https://www.homes.co.jp/kodate/b-17020970024673/
[2024-04-04T04:30:38.909+0000] {english_keys.py:59} INFO - Translating https://www.homes.co.jp/kodate/b-17068450001076/
[2024-04-04T04:30:38.910+0000] {english_keys.py:59} INFO - Translating https://www.homes.co.jp/kodate/b-17069060011355/
[2024-04-04T04:30:38.910+0000] {english_keys.py:59} INFO - Translating https://www.homes.co.jp/kodate/b-17083320000001/
[2024-04-04T04:30:38.910+0000] {english_keys.py:59} INFO - Translating https://www.homes.co.jp/kodate/b-17076060000073/
[2024-04-04T04:30:38.911+0000] {english_keys.py:59} INFO - Translating https://www.homes.co.jp/kodate/b-17069060011357/
[2024-04-04T04:30:38.911+0000] {english_keys.py:59} INFO - Translating https://www.homes.co.jp/kodate/b-17069060011361/
[2024-04-04T04:30:38.911+0000] {english_keys.py:59} INFO - Translating https://www.homes.co.jp/kodate/b-17077260002243/
[2024-04-04T04:30:38.912+0000] {english_keys.py:59} INFO - Translating https://www.homes.co.jp/kodate/b-17077260002250/
[2024-04-04T04:30:38.912+0000] {english_keys.py:59} INFO - Translating https://www.homes.co.jp/kodate/b-17000130014616/
[2024-04-04T04:30:38.913+0000] {english_keys.py:59} INFO - Translating https://www.homes.co.jp/kodate/b-17076810003272/
[2024-04-04T04:30:38.913+0000] {english_keys.py:59} INFO - Translating https://www.homes.co.jp/kodate/b-17076810003273/
[2024-04-04T04:30:38.913+0000] {english_keys.py:59} INFO - Translating https://www.homes.co.jp/kodate/b-17000130014617/
[2024-04-04T04:30:38.914+0000] {english_keys.py:59} INFO - Translating https://www.homes.co.jp/kodate/b-17076810003267/
[2024-04-04T04:30:38.914+0000] {english_keys.py:59} INFO - Translating https://www.homes.co.jp/kodate/b-17020970024679/
[2024-04-04T04:30:38.915+0000] {english_keys.py:59} INFO - Translating https://www.homes.co.jp/kodate/b-17069060011358/
[2024-04-04T04:30:38.915+0000] {english_keys.py:59} INFO - Translating https://www.homes.co.jp/kodate/b-17077260002249/
[2024-04-04T04:30:38.915+0000] {english_keys.py:59} INFO - Translating https://www.homes.co.jp/kodate/b-17077260002252/
[2024-04-04T04:30:38.916+0000] {english_keys.py:59} INFO - Translating https://www.homes.co.jp/kodate/b-17083340000001/
[2024-04-04T04:30:38.916+0000] {english_keys.py:59} INFO - Translating https://www.homes.co.jp/kodate/b-17076060000077/
[2024-04-04T04:30:38.917+0000] {english_keys.py:59} INFO - Translating https://www.homes.co.jp/kodate/b-17069060011350/
[2024-04-04T04:30:38.917+0000] {english_keys.py:59} INFO - Translating https://www.homes.co.jp/kodate/b-17076810003269/
[2024-04-04T04:30:38.917+0000] {english_keys.py:59} INFO - Translating https://www.homes.co.jp/kodate/b-17076810003266/
[2024-04-04T04:30:38.918+0000] {english_keys.py:59} INFO - Translating https://www.homes.co.jp/kodate/b-17020970024675/
[2024-04-04T04:30:38.918+0000] {english_keys.py:59} INFO - Translating https://www.homes.co.jp/kodate/b-17020970024674/
[2024-04-04T04:30:38.918+0000] {english_keys.py:59} INFO - Translating https://www.homes.co.jp/kodate/b-17076810003268/
[2024-04-04T04:30:38.919+0000] {english_keys.py:59} INFO - Translating https://www.homes.co.jp/kodate/b-17076060000069/
[2024-04-04T04:30:38.919+0000] {english_keys.py:59} INFO - Translating https://www.homes.co.jp/kodate/b-17020970024672/
[2024-04-04T04:30:38.920+0000] {english_keys.py:59} INFO - Translating https://www.homes.co.jp/kodate/b-17020970024678/
[2024-04-04T04:30:38.920+0000] {english_keys.py:59} INFO - Translating https://www.homes.co.jp/kodate/b-17020970024677/
[2024-04-04T04:30:38.920+0000] {english_keys.py:59} INFO - Translating https://www.homes.co.jp/kodate/b-17076060000074/
[2024-04-04T04:30:38.921+0000] {english_keys.py:59} INFO - Translating https://www.homes.co.jp/kodate/b-17020970024671/
[2024-04-04T04:30:38.921+0000] {english_keys.py:59} INFO - Translating https://www.homes.co.jp/kodate/b-17077260002254/
[2024-04-04T04:30:38.922+0000] {english_keys.py:59} INFO - Translating https://www.homes.co.jp/kodate/b-17076810003271/
[2024-04-04T04:30:38.922+0000] {english_keys.py:59} INFO - Translating https://www.homes.co.jp/kodate/b-17068450001069/
[2024-04-04T04:30:38.922+0000] {english_keys.py:59} INFO - Translating https://www.homes.co.jp/kodate/b-17076060000076/
[2024-04-04T04:30:38.923+0000] {english_keys.py:59} INFO - Translating https://www.homes.co.jp/kodate/b-17076060000070/
[2024-04-04T04:30:38.923+0000] {english_keys.py:59} INFO - Translating https://www.homes.co.jp/kodate/b-17020970024676/
[2024-04-04T04:30:38.923+0000] {english_keys.py:59} INFO - Translating https://www.homes.co.jp/kodate/b-17076060000071/
[2024-04-04T04:30:38.924+0000] {english_keys.py:59} INFO - Translating https://www.homes.co.jp/kodate/b-17076060000072/
[2024-04-04T04:30:38.924+0000] {english_keys.py:59} INFO - Translating https://www.homes.co.jp/kodate/b-17076060000075/
[2024-04-04T04:30:38.925+0000] {english_keys.py:59} INFO - Translating https://www.homes.co.jp/chintai/room/00320827f5b2f118b1245381817f74bb0ad722ed/
[2024-04-04T04:30:38.925+0000] {english_keys.py:59} INFO - Translating https://www.homes.co.jp/chintai/room/9e60e4a0c803093d47029e686997bc47b124b618/
[2024-04-04T04:30:38.926+0000] {english_keys.py:59} INFO - Translating https://www.homes.co.jp/chintai/room/cb7c9080ac23ca1f06b943d4b46d2259df3cbd04/
[2024-04-04T04:30:38.926+0000] {english_keys.py:59} INFO - Translating https://www.homes.co.jp/chintai/room/83f6a332952ea0a5510fe2f0bbf583361615ffc1/
[2024-04-04T04:30:38.927+0000] {english_keys.py:59} INFO - Translating https://www.homes.co.jp/chintai/room/9f09da2d41e8173b7ca02754fc11ce864b8c6837/
[2024-04-04T04:30:38.927+0000] {english_keys.py:59} INFO - Translating https://www.homes.co.jp/chintai/room/49eba0957bd6fb15cfc5ad809cf73a3d63920511/
[2024-04-04T04:30:38.927+0000] {english_keys.py:59} INFO - Translating https://www.homes.co.jp/chintai/room/230c5c2532f8a334ab99fd36a1ccc368d71dc8d5/
[2024-04-04T04:30:38.928+0000] {english_keys.py:59} INFO - Translating https://www.homes.co.jp/chintai/room/0d81ed723108a07dc3741af4d8ef85e832b984b7/
[2024-04-04T04:30:38.928+0000] {english_keys.py:59} INFO - Translating https://www.homes.co.jp/chintai/room/a0b8c9f30e0319ae446b3a006f2b0e6925ccc40f/
[2024-04-04T04:30:38.928+0000] {english_keys.py:59} INFO - Translating https://www.homes.co.jp/chintai/room/ffd1ebaf4ba5f4e595eaea4e5f6120c72e21ef11/
[2024-04-04T04:30:38.929+0000] {english_keys.py:59} INFO - Translating https://www.homes.co.jp/kodate/b-17000130014619/
[2024-04-04T04:30:38.929+0000] {english_keys.py:59} INFO - Translating https://www.homes.co.jp/chintai/room/94da9fce90cae147029f20d7e05724435e0f2a5b/
[2024-04-04T04:30:38.930+0000] {english_keys.py:59} INFO - Translating https://www.homes.co.jp/chintai/room/49baa4cf60decaebe7d0ec54956af6db27ce4cbc/
[2024-04-04T04:30:38.930+0000] {english_keys.py:59} INFO - Translating https://www.homes.co.jp/chintai/room/7374c3087e9b63b118f1fb8474b684239c5c83fd/
[2024-04-04T04:30:38.930+0000] {english_keys.py:59} INFO - Translating https://www.homes.co.jp/chintai/room/01b12dcba4334550fd780e7a10e4e3d26f7138db/
[2024-04-04T04:30:38.931+0000] {english_keys.py:59} INFO - Translating https://www.homes.co.jp/chintai/room/bc134c0554f212a95c5a8305610dfd14d4d242f5/
[2024-04-04T04:30:38.931+0000] {english_keys.py:59} INFO - Translating https://www.homes.co.jp/chintai/room/17c2e1fc9ca444eadff9e412591851252fbfcc34/
[2024-04-04T04:30:38.932+0000] {english_keys.py:59} INFO - Translating https://www.homes.co.jp/chintai/room/2e267b6bde3bb422f7696eb2d1e6e7200146c527/
[2024-04-04T04:30:38.932+0000] {english_keys.py:59} INFO - Translating https://www.homes.co.jp/chintai/room/4d3cea978ae550de323456d0803f48bd5d1df99a/
[2024-04-04T04:30:38.932+0000] {english_keys.py:59} INFO - Translating https://www.homes.co.jp/chintai/room/f7c6465c7a74f552d0b222e48c6f0fe9a395ba54/
[2024-04-04T04:30:38.933+0000] {english_keys.py:59} INFO - Translating https://www.homes.co.jp/chintai/room/6ecdfd3945c20591dc53579263eec1f5b80a5c2c/
[2024-04-04T04:30:38.933+0000] {english_keys.py:59} INFO - Translating https://www.homes.co.jp/chintai/room/a3649cb210cbcdb4bbfa9864cb2a0cb10728032f/
[2024-04-04T04:30:38.934+0000] {english_keys.py:59} INFO - Translating https://www.homes.co.jp/chintai/room/fc8db9499f53a4a5d9cb2f07fca225c30386ab10/
[2024-04-04T04:30:38.934+0000] {english_keys.py:59} INFO - Translating https://www.homes.co.jp/chintai/room/94fa20c9057f1f6b6d90931ee402f96ba83083ab/
[2024-04-04T04:30:38.934+0000] {english_keys.py:59} INFO - Translating https://www.homes.co.jp/chintai/room/9054ffdf164da600a53c8a4ec97dd9b1450a69d6/
[2024-04-04T04:30:38.935+0000] {english_keys.py:59} INFO - Translating https://www.homes.co.jp/chintai/room/f594202ffab0d4a5d013c953c82d9b36ba35230b/
[2024-04-04T04:30:38.935+0000] {english_keys.py:59} INFO - Translating https://www.homes.co.jp/chintai/room/e97e56689ddb350e5c12295f4c887ea64be6867b/
[2024-04-04T04:30:38.935+0000] {english_keys.py:59} INFO - Translating https://www.homes.co.jp/chintai/room/094fc80a2c3de2344c6458f11702092624b28d4a/
[2024-04-04T04:30:38.936+0000] {english_keys.py:59} INFO - Translating https://www.homes.co.jp/chintai/room/3e8ca3cab306849f9c4afcac58341cfad4c4f998/
[2024-04-04T04:30:38.936+0000] {english_keys.py:59} INFO - Translating https://www.homes.co.jp/chintai/room/29c4bf6990a1cb9567ceb905feba40c618e933b6/
[2024-04-04T04:30:38.937+0000] {english_keys.py:59} INFO - Translating https://www.homes.co.jp/chintai/room/a2d46af54b9feef9be99cad44cc199de21739bda/
[2024-04-04T04:30:38.937+0000] {english_keys.py:59} INFO - Translating https://www.homes.co.jp/chintai/room/6075a3616f2debd879dcc3306296ada2ce02bdf6/
[2024-04-04T04:30:38.937+0000] {english_keys.py:59} INFO - Translating https://www.homes.co.jp/chintai/room/0dd25ab2106f5f7edff0dca9057a287945b773b2/
[2024-04-04T04:30:38.938+0000] {english_keys.py:59} INFO - Translating https://www.homes.co.jp/chintai/room/12ea3679fbf61a3af22de4ff4011643c1a48783a/
[2024-04-04T04:30:38.938+0000] {english_keys.py:59} INFO - Translating https://www.homes.co.jp/chintai/room/ea47d06613382b1c86c3c490a0127f76820d18fc/
[2024-04-04T04:30:38.938+0000] {english_keys.py:59} INFO - Translating https://www.homes.co.jp/chintai/room/7b999ea17a0e8831ad8fcd76f25a74be96af5e1e/
[2024-04-04T04:30:38.939+0000] {english_keys.py:59} INFO - Translating https://www.homes.co.jp/chintai/room/7b3c3cdd7cdcd2c420ee6872ed2b3500f625f870/
[2024-04-04T04:30:38.939+0000] {english_keys.py:59} INFO - Translating https://www.homes.co.jp/chintai/room/51576e22f28e022e24e885034a6516ae2cb35453/
[2024-04-04T04:30:38.940+0000] {english_keys.py:59} INFO - Translating https://www.homes.co.jp/chintai/room/3e543521ffe2b9c95e8e7639743fe305db34be9a/
[2024-04-04T04:30:38.940+0000] {english_keys.py:59} INFO - Translating https://www.homes.co.jp/chintai/room/f24ed45f152368d81f5041a53bef76bf34789adc/
[2024-04-04T04:30:38.940+0000] {english_keys.py:59} INFO - Translating https://www.homes.co.jp/chintai/room/7ec36fb01ffc71ced9900e90db39243f4f077156/
[2024-04-04T04:30:38.941+0000] {english_keys.py:59} INFO - Translating https://www.homes.co.jp/chintai/room/9366dc29bdc92bed37607392afa92160df48c9be/
[2024-04-04T04:30:38.941+0000] {english_keys.py:59} INFO - Translating https://www.homes.co.jp/chintai/room/9092d2a760e79fab43a5d668a9fe9576ba16e46e/
[2024-04-04T04:30:38.942+0000] {english_keys.py:59} INFO - Translating https://www.homes.co.jp/chintai/room/823fa62d2f9b155104004714a6c9d3e38eda6b29/
[2024-04-04T04:30:38.942+0000] {english_keys.py:59} INFO - Translating https://www.homes.co.jp/chintai/room/44a859b26c6f4354dadb77753cd8fa14378c25c2/
[2024-04-04T04:30:38.942+0000] {english_keys.py:59} INFO - Translating https://www.homes.co.jp/chintai/room/13f0ea2fc7017c87c686f2debc382e033f951e87/
[2024-04-04T04:30:38.943+0000] {english_keys.py:59} INFO - Translating https://www.homes.co.jp/chintai/room/ad57a02c0c26c11e47aeb056114a50f1c2447e88/
[2024-04-04T04:30:38.943+0000] {english_keys.py:59} INFO - Translating https://www.homes.co.jp/chintai/room/fcbc907413efc9d3c03a1eaf0a91f3eb4d7a1d16/
[2024-04-04T04:30:38.944+0000] {english_keys.py:59} INFO - Translating https://www.homes.co.jp/chintai/room/ab1def81adfdad4ad4bf5b6f4bc405360cf0d4ed/
[2024-04-04T04:30:38.944+0000] {english_keys.py:59} INFO - Translating https://www.homes.co.jp/chintai/room/ed138297dce13f996efc17651ef82d035b28961a/
[2024-04-04T04:30:38.945+0000] {english_keys.py:59} INFO - Translating https://www.homes.co.jp/chintai/room/3b8e2b751536d69b232c35cff5fe83188f5661de/
[2024-04-04T04:30:38.945+0000] {english_keys.py:59} INFO - Translating https://www.homes.co.jp/chintai/room/0285fa164f3b97d99940faf1857f1fcbd3785ecb/
[2024-04-04T04:30:38.945+0000] {english_keys.py:59} INFO - Translating https://www.homes.co.jp/chintai/room/e08026ff41669a755365187bb9f563a5c173409d/
[2024-04-04T04:30:38.946+0000] {english_keys.py:59} INFO - Translating https://www.homes.co.jp/chintai/room/e71eba9ab52da005e03f7babf3fb9dc737a4eaa6/
[2024-04-04T04:30:38.946+0000] {english_keys.py:59} INFO - Translating https://www.homes.co.jp/chintai/room/71b3c945605219042a254291f1858218a8d5aab4/
[2024-04-04T04:30:38.946+0000] {english_keys.py:59} INFO - Translating https://www.homes.co.jp/chintai/room/6b09afd33e8bcaf762e3ea0f0ba0cf6e8f103be5/
[2024-04-04T04:30:38.947+0000] {english_keys.py:59} INFO - Translating https://www.homes.co.jp/chintai/room/6f97e6b6d6dd0b16ef6dbb601406a26d33490687/
[2024-04-04T04:30:38.947+0000] {english_keys.py:59} INFO - Translating https://www.homes.co.jp/chintai/room/92910e4917f39de8a590c5651c01736fc82b7bfb/
[2024-04-04T04:30:38.948+0000] {english_keys.py:59} INFO - Translating https://www.homes.co.jp/chintai/room/886bc95ae9155ac456930cf944c74c5bae21f06e/
[2024-04-04T04:30:38.948+0000] {english_keys.py:59} INFO - Translating https://www.homes.co.jp/chintai/room/5435d72271be012600c69c02ea183b6232ec3886/
[2024-04-04T04:30:38.948+0000] {english_keys.py:59} INFO - Translating https://www.homes.co.jp/chintai/room/ce5572b9ca16d366fa6ca3ce1427fc788cb90628/
[2024-04-04T04:30:38.949+0000] {english_keys.py:59} INFO - Translating https://www.homes.co.jp/chintai/room/4d1debb595e747ad197d157ee8364941ddc4ceb9/
[2024-04-04T04:30:38.949+0000] {english_keys.py:59} INFO - Translating https://www.homes.co.jp/chintai/room/457eaa7de3448a64e83985f4fc3b527253d218b2/
[2024-04-04T04:30:38.950+0000] {english_keys.py:59} INFO - Translating https://www.homes.co.jp/chintai/room/e00c80c86ac30dbd9ab6a6e63c72b581cade1501/
[2024-04-04T04:30:38.950+0000] {english_keys.py:59} INFO - Translating https://www.homes.co.jp/chintai/room/a7c1b1c91616f8e7b228ea265f5507d3832010e6/
[2024-04-04T04:30:38.950+0000] {english_keys.py:59} INFO - Translating https://www.homes.co.jp/chintai/room/037849a2519600943b30566c21a2a1a8e0539245/
[2024-04-04T04:30:38.951+0000] {english_keys.py:59} INFO - Translating https://www.homes.co.jp/chintai/room/87112788fbdb332c7d0877423bb59e499dabaf56/
[2024-04-04T04:30:38.951+0000] {english_keys.py:59} INFO - Translating https://www.homes.co.jp/chintai/room/256110145be913cd5e9baf6d52e7ee01e1809b3b/
[2024-04-04T04:30:38.952+0000] {english_keys.py:59} INFO - Translating https://www.homes.co.jp/chintai/room/ed1959f93437c31d9748681615dcc7876bafc6b3/
[2024-04-04T04:30:38.952+0000] {english_keys.py:59} INFO - Translating https://www.homes.co.jp/chintai/room/9c117ca4beb7bf9d7c8e64f18c267eac418473f2/
[2024-04-04T04:30:38.952+0000] {english_keys.py:59} INFO - Translating https://www.homes.co.jp/chintai/room/b2a1a53f43d849d2f9e4b6efef820f40de1323b5/
[2024-04-04T04:30:38.953+0000] {english_keys.py:59} INFO - Translating https://www.homes.co.jp/chintai/room/cbffcc108f5448bf4add536787d88fa6a424c777/
[2024-04-04T04:30:38.953+0000] {english_keys.py:59} INFO - Translating https://www.homes.co.jp/chintai/room/32af7baf5277fd5eff391c6a25cfe616992d86cc/
[2024-04-04T04:30:38.953+0000] {english_keys.py:59} INFO - Translating https://www.homes.co.jp/chintai/room/76d146b4182ecfa60692b7d6109c242a9df632e4/
[2024-04-04T04:30:38.954+0000] {english_keys.py:59} INFO - Translating https://www.homes.co.jp/chintai/room/c5ac1632c1ad92a34c5456c32d9c3d4b8cd01a5a/
[2024-04-04T04:30:38.954+0000] {english_keys.py:59} INFO - Translating https://www.homes.co.jp/chintai/room/82a8f2adbcac0ddfbb145587b4a2caf45ea58a91/
[2024-04-04T04:30:38.955+0000] {english_keys.py:59} INFO - Translating https://www.homes.co.jp/chintai/room/483f59b0dada93a20da42d531d26fc99af2d1b4b/
[2024-04-04T04:30:38.955+0000] {english_keys.py:59} INFO - Translating https://www.homes.co.jp/chintai/room/bb20c144a997f809844aa0ea4e814cedb955dda4/
[2024-04-04T04:30:38.955+0000] {english_keys.py:59} INFO - Translating https://www.homes.co.jp/chintai/room/51927636295a40f5c5b7cd6bc932be23b25fdf31/
[2024-04-04T04:30:38.956+0000] {english_keys.py:59} INFO - Translating https://www.homes.co.jp/chintai/room/a9c3a10b6c18d5a7a7dac24ac1bc8fafa0aa3a0e/
[2024-04-04T04:30:38.956+0000] {english_keys.py:59} INFO - Translating https://www.homes.co.jp/chintai/room/df7442d5a16bd7823f31277b1dd087853ccf22b8/
[2024-04-04T04:30:38.956+0000] {english_keys.py:59} INFO - Translating https://www.homes.co.jp/chintai/room/cc4eda1dd9930767e33ff5088674879415f19327/
[2024-04-04T04:30:38.957+0000] {english_keys.py:59} INFO - Translating https://www.homes.co.jp/chintai/room/8e2162ee24c30729835f580bbe701e3e779572d4/
[2024-04-04T04:30:38.957+0000] {english_keys.py:59} INFO - Translating https://www.homes.co.jp/chintai/room/57a5f1e8e02a2b9f755d72e3116ced6c06628da0/
[2024-04-04T04:30:38.958+0000] {english_keys.py:59} INFO - Translating https://www.homes.co.jp/chintai/room/8e8a9bcc1cf4f51f87ebd45596d083b527f6e83e/
[2024-04-04T04:30:38.958+0000] {english_keys.py:59} INFO - Translating https://www.homes.co.jp/chintai/room/4a64b709204e5693f8799d951130fc00963ab550/
[2024-04-04T04:30:38.958+0000] {english_keys.py:59} INFO - Translating https://www.homes.co.jp/chintai/room/66869d36baf25e4cbe2e0ebee0b6fbcd62f28852/
[2024-04-04T04:30:38.959+0000] {english_keys.py:59} INFO - Translating https://www.homes.co.jp/chintai/room/3dd1159ca8ed48efe3cdb6f796da1c59f6d61071/
[2024-04-04T04:30:38.959+0000] {english_keys.py:59} INFO - Translating https://www.homes.co.jp/chintai/room/74aab96334608b5834ee7dc3ce7f15094b67cb76/
[2024-04-04T04:30:38.960+0000] {english_keys.py:59} INFO - Translating https://www.homes.co.jp/chintai/room/8179e79c8ab140645c5a2ae1c23776beb2c569e9/
[2024-04-04T04:30:38.960+0000] {english_keys.py:59} INFO - Translating https://www.homes.co.jp/chintai/room/ae39dfb804ee5b0fb1302d7bc9fac41e21e0923a/
[2024-04-04T04:30:38.960+0000] {english_keys.py:59} INFO - Translating https://www.homes.co.jp/chintai/room/d4f77eb744a84858e5433a2a6c524aeaacdfff2c/
[2024-04-04T04:30:38.961+0000] {english_keys.py:59} INFO - Translating https://www.homes.co.jp/chintai/room/7c15389e4e2aba0fb4d315159a36c4d610ffde83/
[2024-04-04T04:30:38.961+0000] {english_keys.py:59} INFO - Translating https://www.homes.co.jp/chintai/room/c070c299d0c4e31995a3176faec1aa383bd9c45a/
[2024-04-04T04:30:38.961+0000] {english_keys.py:59} INFO - Translating https://www.homes.co.jp/chintai/room/6481ab3e8ce03ec85629a1e4ce933fe0c40936e2/
[2024-04-04T04:30:38.962+0000] {english_keys.py:59} INFO - Translating https://www.homes.co.jp/chintai/room/a986ed1752ebc5a223a971a2e8b245663b9e7108/
[2024-04-04T04:30:38.962+0000] {english_keys.py:59} INFO - Translating https://www.homes.co.jp/chintai/room/64d5d3ca0cdfbd58cef35c40dea3900ee841797a/
[2024-04-04T04:30:38.963+0000] {english_keys.py:59} INFO - Translating https://www.homes.co.jp/chintai/room/89611d8ab1e005f4039ace4cb880a1ad133dabd3/
[2024-04-04T04:30:38.963+0000] {english_keys.py:59} INFO - Translating https://www.homes.co.jp/chintai/room/de7595549c7a542bc2dec1dcd6c28c3e4b01d49e/
[2024-04-04T04:30:38.964+0000] {english_keys.py:59} INFO - Translating https://www.homes.co.jp/chintai/room/bd171a0dc890f71dc611b03bc96fa213f254360e/
[2024-04-04T04:30:38.964+0000] {english_keys.py:59} INFO - Translating https://www.homes.co.jp/chintai/room/5e40a14e3c7a9a86d1e05b5ed9285be9666c2fdb/
[2024-04-04T04:30:38.964+0000] {english_keys.py:59} INFO - Translating https://www.homes.co.jp/chintai/room/634076a5c64ec94b96d3df3e9390cb9d808bfdeb/
[2024-04-04T04:30:38.965+0000] {english_keys.py:59} INFO - Translating https://www.homes.co.jp/chintai/room/96358c3212657910a448f2942883674244e79b17/
[2024-04-04T04:30:38.965+0000] {english_keys.py:59} INFO - Translating https://www.homes.co.jp/chintai/room/5df1d3e5e564192608a08cee69aa37df9d56a9d4/
[2024-04-04T04:30:38.966+0000] {english_keys.py:59} INFO - Translating https://www.homes.co.jp/chintai/room/a2c6650a060a0edbd63e4ba3ffd0b82e9df8fc9b/
[2024-04-04T04:30:38.966+0000] {english_keys.py:59} INFO - Translating https://www.homes.co.jp/chintai/room/e8aa0ca2712208864ef7767213bdcdaa917c890e/
[2024-04-04T04:30:38.966+0000] {english_keys.py:59} INFO - Translating https://www.homes.co.jp/chintai/room/2fff5a80358e8c71d1fb3268606295d71255b44b/
[2024-04-04T04:30:38.967+0000] {english_keys.py:59} INFO - Translating https://www.homes.co.jp/chintai/room/5778128009fa11e21296da54fe940378d2d6dc42/
[2024-04-04T04:30:38.967+0000] {english_keys.py:59} INFO - Translating https://www.homes.co.jp/chintai/room/d2e81c51f5f8ce0496df817bfb4d923548fa5e05/
[2024-04-04T04:30:38.967+0000] {english_keys.py:59} INFO - Translating https://www.homes.co.jp/chintai/room/b3b114da331da64dd1e454f4f721e96c61c44e6b/
[2024-04-04T04:30:38.968+0000] {english_keys.py:59} INFO - Translating https://www.homes.co.jp/chintai/room/d8103c90625daf761fc73de004fa310873ebcc1e/
[2024-04-04T04:30:38.968+0000] {english_keys.py:59} INFO - Translating https://www.homes.co.jp/chintai/room/3cb030056af4d4a2744b811359915a451dfcdf0d/
[2024-04-04T04:30:38.969+0000] {english_keys.py:59} INFO - Translating https://www.homes.co.jp/chintai/room/80f3fbea16c91b0f5f8a57233b895fa0ed8cef70/
[2024-04-04T04:30:38.969+0000] {english_keys.py:59} INFO - Translating https://www.homes.co.jp/chintai/room/b49525cfa57a46760c002cfec7c5646282e3002d/
[2024-04-04T04:30:38.969+0000] {english_keys.py:59} INFO - Translating https://www.homes.co.jp/chintai/room/08e8427e258a6a4b5e6c2b125ccde6fff0413722/
[2024-04-04T04:30:38.970+0000] {english_keys.py:59} INFO - Translating https://www.homes.co.jp/chintai/room/abfb057efd05b3efc2a3b8532c77ecda3a37a8d2/
[2024-04-04T04:30:38.970+0000] {english_keys.py:59} INFO - Translating https://www.homes.co.jp/chintai/room/16baecf0bebca32716a1b2ba03ba2d1e4406a2bb/
[2024-04-04T04:30:38.971+0000] {english_keys.py:59} INFO - Translating https://www.homes.co.jp/chintai/room/6253d0d84c0cf79445dba7bd3f5f7a8a6b2f0f2f/
[2024-04-04T04:30:38.971+0000] {english_keys.py:59} INFO - Translating https://www.homes.co.jp/chintai/room/74e7177c529febda40f36495849abce12d6a7018/
[2024-04-04T04:30:38.971+0000] {english_keys.py:59} INFO - Translating https://www.homes.co.jp/chintai/room/14c336e14789ac186b7e6a62b7c4b5c97bbadab9/
[2024-04-04T04:30:38.972+0000] {english_keys.py:59} INFO - Translating https://www.homes.co.jp/chintai/room/b75248d306e034e813725d31705d7bbec67cddda/
[2024-04-04T04:30:38.972+0000] {english_keys.py:59} INFO - Translating https://www.homes.co.jp/chintai/room/1c4319d027cba660d618c4a02023b131d0934e8f/
[2024-04-04T04:30:38.972+0000] {english_keys.py:59} INFO - Translating https://www.homes.co.jp/chintai/room/dd4300bc83640545a67c90c083910bff5cff8c2a/
[2024-04-04T04:30:38.973+0000] {english_keys.py:59} INFO - Translating https://www.homes.co.jp/chintai/room/e1cd9d5c1c921caab9588fc86309f56cdd250311/
[2024-04-04T04:30:38.973+0000] {english_keys.py:59} INFO - Translating https://www.homes.co.jp/chintai/room/c80f703eaf4dda27452fa73744375d4652e71142/
[2024-04-04T04:30:38.974+0000] {english_keys.py:59} INFO - Translating https://www.homes.co.jp/chintai/room/207bb0b4bb5bc58d82c874e90292e8d4ed119f1f/
[2024-04-04T04:30:38.974+0000] {english_keys.py:59} INFO - Translating https://www.homes.co.jp/chintai/room/19aa5439965c031eaa4fa05e32468909a61e6d57/
[2024-04-04T04:30:38.974+0000] {english_keys.py:59} INFO - Translating https://www.homes.co.jp/chintai/room/5be46a47c2ed339c21eb957f045c020501ba850f/
[2024-04-04T04:30:38.975+0000] {english_keys.py:59} INFO - Translating https://www.homes.co.jp/chintai/room/795a4d1c5dc223a6e8e8103b97dd4fadd61a733e/
[2024-04-04T04:30:38.975+0000] {english_keys.py:59} INFO - Translating https://www.homes.co.jp/chintai/room/207bb0b4bb5bc58d82c874e90292e8d4ed119f1f/
[2024-04-04T04:30:38.976+0000] {english_keys.py:59} INFO - Translating https://www.homes.co.jp/chintai/room/dd4300bc83640545a67c90c083910bff5cff8c2a/
[2024-04-04T04:30:38.976+0000] {english_keys.py:59} INFO - Translating https://www.homes.co.jp/chintai/room/083a3ba5b55dfbae5c2cfc2525fa4f990072c898/
[2024-04-04T04:30:38.976+0000] {english_keys.py:59} INFO - Translating https://www.homes.co.jp/chintai/room/c80f703eaf4dda27452fa73744375d4652e71142/
[2024-04-04T04:30:38.977+0000] {english_keys.py:59} INFO - Translating https://www.homes.co.jp/chintai/room/19aa5439965c031eaa4fa05e32468909a61e6d57/
[2024-04-04T04:30:38.977+0000] {english_keys.py:59} INFO - Translating https://www.homes.co.jp/chintai/room/5be46a47c2ed339c21eb957f045c020501ba850f/
[2024-04-04T04:30:38.977+0000] {english_keys.py:59} INFO - Translating https://www.homes.co.jp/chintai/room/795a4d1c5dc223a6e8e8103b97dd4fadd61a733e/
[2024-04-04T04:30:38.978+0000] {english_keys.py:59} INFO - Translating https://www.homes.co.jp/chintai/room/3f1ce839ab944774ca068afaf06466026fcbb159/
[2024-04-04T04:30:38.978+0000] {english_keys.py:59} INFO - Translating https://www.homes.co.jp/chintai/room/29a3a0b4a3dd1889c1fc9b6103fee0f197f58f86/
[2024-04-04T04:30:38.979+0000] {english_keys.py:59} INFO - Translating https://www.homes.co.jp/chintai/room/6cdfb594e4d2d47560725d5073b45d336d53e19b/
[2024-04-04T04:30:38.979+0000] {english_keys.py:59} INFO - Translating https://www.homes.co.jp/chintai/room/97672bb02aeac94421aca542886772e7b3190f22/
[2024-04-04T04:30:38.979+0000] {english_keys.py:59} INFO - Translating https://www.homes.co.jp/chintai/room/076d5b53ab42f16685715894f2f834a23ffad60b/
[2024-04-04T04:30:38.980+0000] {english_keys.py:59} INFO - Translating https://www.homes.co.jp/chintai/room/4b01cd29c3495f3ba598d1d4950d11afb802c212/
[2024-04-04T04:30:38.980+0000] {english_keys.py:59} INFO - Translating https://www.homes.co.jp/chintai/room/194a551d33a5207cb6876e0627b85911e400da76/
[2024-04-04T04:30:38.981+0000] {english_keys.py:59} INFO - Translating https://www.homes.co.jp/chintai/room/47db4713e65e56be293ad3dfd0155ec73e76de73/
[2024-04-04T04:30:38.981+0000] {english_keys.py:59} INFO - Translating https://www.homes.co.jp/chintai/room/b834f0ac947714653a5943d6eda4a3d200631719/
[2024-04-04T04:30:38.981+0000] {english_keys.py:59} INFO - Translating https://www.homes.co.jp/chintai/room/c6cbf87306cd7dfba3d11f350ae6d26af4ddfded/
[2024-04-04T04:30:38.982+0000] {english_keys.py:59} INFO - Translating https://www.homes.co.jp/chintai/room/0947dea22142070d3a5b4d6db67b026eccb7bf60/
[2024-04-04T04:30:38.982+0000] {english_keys.py:59} INFO - Translating https://www.homes.co.jp/chintai/room/e767f64fe2c81bf74a6d9b1b730e332f24003c3f/
[2024-04-04T04:30:38.982+0000] {english_keys.py:59} INFO - Translating https://www.homes.co.jp/chintai/room/b0c67a9e3f85891a360d71e088f875e3a0575d2e/
[2024-04-04T04:30:38.983+0000] {english_keys.py:59} INFO - Translating https://www.homes.co.jp/chintai/room/012bbe5f6bb0338e4da042c5dbe1eabcea26f22c/
[2024-04-04T04:30:38.983+0000] {english_keys.py:59} INFO - Translating https://www.homes.co.jp/chintai/room/8984793d781131f109adf554189ab98f79d065fa/
[2024-04-04T04:30:38.984+0000] {english_keys.py:59} INFO - Translating https://www.homes.co.jp/chintai/room/a0f2ab2c0eff38c18c0100794786108ddd41f219/
[2024-04-04T04:30:38.984+0000] {english_keys.py:59} INFO - Translating https://www.homes.co.jp/chintai/room/2fae60dc73f96a008d4447ad423347a3239186c5/
[2024-04-04T04:30:38.984+0000] {english_keys.py:59} INFO - Translating https://www.homes.co.jp/chintai/room/3b6345d73f970b222c278fe9784fbd694488d7a8/
[2024-04-04T04:30:38.985+0000] {english_keys.py:59} INFO - Translating https://www.homes.co.jp/chintai/room/95f690fdba9413476cd6b1b9b6324217b2fa4adc/
[2024-04-04T04:30:38.985+0000] {english_keys.py:59} INFO - Translating https://www.homes.co.jp/chintai/room/bbc5e01d70aa0fff5813502f6904f87e88326a38/
[2024-04-04T04:30:38.986+0000] {english_keys.py:59} INFO - Translating https://www.homes.co.jp/chintai/room/77ecbbf8785e079cba508c20b3f22767fcda59ed/
[2024-04-04T04:30:38.986+0000] {english_keys.py:59} INFO - Translating https://www.homes.co.jp/chintai/room/61ddec351be321fe4a531d71c104874d40b2a39c/
[2024-04-04T04:30:38.986+0000] {english_keys.py:59} INFO - Translating https://www.homes.co.jp/chintai/room/7bdf45512d3ef1a4591ec235d61cdfa650487d23/
[2024-04-04T04:30:38.987+0000] {english_keys.py:59} INFO - Translating https://www.homes.co.jp/chintai/room/21abc47ac120ebc74a6926648ed8f31c273e22cc/
[2024-04-04T04:30:38.987+0000] {english_keys.py:59} INFO - Translating https://www.homes.co.jp/chintai/room/bc6d51236d191feeefabaddb6b8c28c0b8448f88/
[2024-04-04T04:30:38.987+0000] {english_keys.py:59} INFO - Translating https://www.homes.co.jp/chintai/room/8fa5c15bc22c1d7e6508020f59eaa80667780eaa/
[2024-04-04T04:30:38.988+0000] {english_keys.py:59} INFO - Translating https://www.homes.co.jp/chintai/room/3a363fda9f67421e67ca67c90bf91ceb7a1089c5/
[2024-04-04T04:30:38.988+0000] {english_keys.py:59} INFO - Translating https://www.homes.co.jp/chintai/room/643d256c9aecede1108672ccc6f88d2f02c50f02/
[2024-04-04T04:30:38.989+0000] {english_keys.py:59} INFO - Translating https://www.homes.co.jp/chintai/room/afa5e11d808c90230b9e42d86cc1e1abeb175fa7/
[2024-04-04T04:30:38.989+0000] {english_keys.py:59} INFO - Translating https://www.homes.co.jp/chintai/room/b6bd37f05340c17a2b84039bae4f4a1688b8816e/
[2024-04-04T04:30:38.989+0000] {english_keys.py:59} INFO - Translating https://www.homes.co.jp/chintai/room/db42bbaf977c866cf65a86f92cb9c99dca7cd2f9/
[2024-04-04T04:30:38.990+0000] {english_keys.py:59} INFO - Translating https://www.homes.co.jp/chintai/room/695492cfed4b88b7b905e6f8e0a0b1c1f2689981/
[2024-04-04T04:30:38.990+0000] {english_keys.py:59} INFO - Translating https://www.homes.co.jp/chintai/room/e87e9c7934df346318aa0e0dba1880f81a1153da/
[2024-04-04T04:30:38.991+0000] {english_keys.py:59} INFO - Translating https://www.homes.co.jp/chintai/room/c33338a4a104f4dd246ac0199aa90234beb1f7b3/
[2024-04-04T04:30:38.991+0000] {english_keys.py:59} INFO - Translating https://www.homes.co.jp/chintai/room/fbdc7b4700d6d62394bf1372ddfc8dbdb4969a87/
[2024-04-04T04:30:38.991+0000] {english_keys.py:59} INFO - Translating https://www.homes.co.jp/chintai/room/a48ca7fb4d1cbe65f7e353255e51163a215f4c52/
[2024-04-04T04:30:38.992+0000] {english_keys.py:59} INFO - Translating https://www.homes.co.jp/chintai/room/ff9fe37c9c4576745c38b2634b1d8b7e99dc2b7d/
[2024-04-04T04:30:38.992+0000] {english_keys.py:59} INFO - Translating https://www.homes.co.jp/chintai/room/44e9f3a3cb308b814e3c3d7ef57dcd9eed2f0e98/
[2024-04-04T04:30:38.992+0000] {english_keys.py:59} INFO - Translating https://www.homes.co.jp/chintai/room/ef5bba1c27b04f1cfee44315ab42363e3eab1c9e/
[2024-04-04T04:30:38.993+0000] {english_keys.py:59} INFO - Translating https://www.homes.co.jp/chintai/room/ea44d5d89b3217b8f429f81544d474882e8a1be3/
[2024-04-04T04:30:38.993+0000] {english_keys.py:59} INFO - Translating https://www.homes.co.jp/chintai/room/551ab14b240fff46943bb1e912e0d857b8ba09fa/
[2024-04-04T04:30:38.994+0000] {english_keys.py:59} INFO - Translating https://www.homes.co.jp/chintai/room/11af8ecfcc05f63d1213a00ed285c38f925eab25/
[2024-04-04T04:30:38.994+0000] {english_keys.py:59} INFO - Translating https://www.homes.co.jp/chintai/room/4b4789ef2cd87fd40feb08171756892202806937/
[2024-04-04T04:30:38.995+0000] {english_keys.py:59} INFO - Translating https://www.homes.co.jp/chintai/room/a55ee5973d617d239c0e927f62edeff8d48a1a12/
[2024-04-04T04:30:38.995+0000] {english_keys.py:59} INFO - Translating https://www.homes.co.jp/chintai/room/21688e969e9f12bb9e3deb034cc3a2db2f60a01b/
[2024-04-04T04:30:38.995+0000] {english_keys.py:59} INFO - Translating https://www.homes.co.jp/chintai/room/741fb696ceac61af9aa4a3165ab9c1d2fa29ab75/
[2024-04-04T04:30:38.996+0000] {english_keys.py:59} INFO - Translating https://www.homes.co.jp/chintai/room/c20d4d1b6f2abc38bc3308dadffc887a5630c56f/
[2024-04-04T04:30:38.996+0000] {english_keys.py:59} INFO - Translating https://www.homes.co.jp/chintai/room/c2c1c17c1323af344bd00d52aae91e7aa98c4bfe/
[2024-04-04T04:30:38.997+0000] {english_keys.py:59} INFO - Translating https://www.homes.co.jp/chintai/room/696537888640633d88f94625ad6f2796d7bc8447/
[2024-04-04T04:30:38.997+0000] {english_keys.py:59} INFO - Translating https://www.homes.co.jp/chintai/room/1c771bcce2912bac94abf6b39647b48fa2f32c4b/
[2024-04-04T04:30:38.998+0000] {english_keys.py:59} INFO - Translating https://www.homes.co.jp/chintai/room/386267855ee9d56e6cbc1df60a11a7de0d588f5c/
[2024-04-04T04:30:38.998+0000] {english_keys.py:59} INFO - Translating https://www.homes.co.jp/chintai/room/40dcad795fe4a673211a5f3dcf68be7fd6081421/
[2024-04-04T04:30:38.998+0000] {english_keys.py:59} INFO - Translating https://www.homes.co.jp/chintai/room/1d295962e346c8d386eb2f16318cff7d8f28e808/
[2024-04-04T04:30:38.999+0000] {english_keys.py:59} INFO - Translating https://www.homes.co.jp/chintai/room/cb5d8e96e45b4ce921a6f23e5122d4e9af3b717c/
[2024-04-04T04:30:38.999+0000] {english_keys.py:59} INFO - Translating https://www.homes.co.jp/chintai/room/7fe80fc39e9e9de90807d287c27e1866feee7225/
[2024-04-04T04:30:38.999+0000] {english_keys.py:59} INFO - Translating https://www.homes.co.jp/chintai/room/fef187873aab435277a690d447011d35ee528092/
[2024-04-04T04:30:39.000+0000] {english_keys.py:59} INFO - Translating https://www.homes.co.jp/chintai/room/acff7773884d42ad33409e3be7914739a7d14ae8/
[2024-04-04T04:30:39.000+0000] {english_keys.py:59} INFO - Translating https://www.homes.co.jp/chintai/room/0dae3803c6e2ccd3bb8f26fbc5bd31aa19fbe012/
[2024-04-04T04:30:39.001+0000] {english_keys.py:59} INFO - Translating https://www.homes.co.jp/chintai/room/460006646a8974b753cdd3c05ac470200e98fbdd/
[2024-04-04T04:30:39.001+0000] {english_keys.py:59} INFO - Translating https://www.homes.co.jp/chintai/room/90ada98a238cdcf958ddc44232c9fa2fea142987/
[2024-04-04T04:30:39.001+0000] {english_keys.py:59} INFO - Translating https://www.homes.co.jp/chintai/room/ec76a96dbca52f3d8e1f24632a3f10d22f4bfc65/
[2024-04-04T04:30:39.002+0000] {english_keys.py:59} INFO - Translating https://www.homes.co.jp/chintai/room/93b03ab9c3fb77509b54992ee8cb2558d6e4a292/
[2024-04-04T04:30:39.006+0000] {english_keys.py:59} INFO - Translating https://www.homes.co.jp/chintai/room/0b232385c9fa753c26da13e61606339789cf4a0f/
[2024-04-04T04:30:39.006+0000] {english_keys.py:59} INFO - Translating https://www.homes.co.jp/chintai/room/b7e4b296b503149c2d17a6866dfffc5bf6b13429/
[2024-04-04T04:30:39.006+0000] {english_keys.py:59} INFO - Translating https://www.homes.co.jp/chintai/room/6e7ae3f96eba99951414809ab10366b84adad774/
[2024-04-04T04:30:39.007+0000] {english_keys.py:59} INFO - Translating https://www.homes.co.jp/chintai/room/ba492d32570a4bdee1489e00407eff6172f43810/
[2024-04-04T04:30:39.007+0000] {english_keys.py:59} INFO - Translating https://www.homes.co.jp/chintai/room/0f1c7157c3ee950f905b62ec3b16ca713228dc11/
[2024-04-04T04:30:39.008+0000] {english_keys.py:59} INFO - Translating https://www.homes.co.jp/chintai/room/d135dc1e51e4cf8cbf0735e7b861eaee241fd581/
[2024-04-04T04:30:39.008+0000] {english_keys.py:59} INFO - Translating https://www.homes.co.jp/chintai/room/6a3677711958ec54ebaecc34d4c36794dbda7e87/
[2024-04-04T04:30:39.008+0000] {english_keys.py:59} INFO - Translating https://www.homes.co.jp/chintai/room/935065a5a34a2106ee446598e2fa56be98c018be/
[2024-04-04T04:30:39.009+0000] {english_keys.py:59} INFO - Translating https://www.homes.co.jp/chintai/room/8b49958fa32788379938a4324772ff43f95785b1/
[2024-04-04T04:30:39.009+0000] {english_keys.py:59} INFO - Translating https://www.homes.co.jp/chintai/room/3c4387ed527bfc47f2e1eaac1121d651c93aa660/
[2024-04-04T04:30:39.010+0000] {english_keys.py:59} INFO - Translating https://www.homes.co.jp/chintai/room/436c533fa2ada28a414792b5f3dc378ed4d52a71/
[2024-04-04T04:30:39.010+0000] {english_keys.py:59} INFO - Translating https://www.homes.co.jp/chintai/room/a960f820b61ea61a355fb3cb2ca116191743d572/
[2024-04-04T04:30:39.010+0000] {english_keys.py:59} INFO - Translating https://www.homes.co.jp/chintai/room/91211863a2675859ca4ee4edb1aa435f7aa7ad4e/
[2024-04-04T04:30:39.011+0000] {english_keys.py:59} INFO - Translating https://www.homes.co.jp/chintai/room/8eeb77e126870c57b580d12d92f67040c98ae282/
[2024-04-04T04:30:39.011+0000] {english_keys.py:59} INFO - Translating https://www.homes.co.jp/chintai/room/4c4681b6ca229414f742a9f52f07f68468b03ab6/
[2024-04-04T04:30:39.012+0000] {english_keys.py:59} INFO - Translating https://www.homes.co.jp/chintai/room/a580d2e3d8bca9a12a3fab0180ad814053e91729/
[2024-04-04T04:30:39.012+0000] {english_keys.py:59} INFO - Translating https://www.homes.co.jp/chintai/room/aa3828f16cbdbea62506d36c192d84584e6416c4/
[2024-04-04T04:30:39.012+0000] {english_keys.py:59} INFO - Translating https://www.homes.co.jp/chintai/room/b93061f70939a6bc2e76944c53cabbbb6d824ee9/
[2024-04-04T04:30:39.013+0000] {english_keys.py:59} INFO - Translating https://www.homes.co.jp/chintai/room/25439b27817e615d240a83f79fdab00863436f06/
[2024-04-04T04:30:39.013+0000] {english_keys.py:59} INFO - Translating https://www.homes.co.jp/chintai/room/d7ecb6baf62b06d16e58af720e481ebf7263b017/
[2024-04-04T04:30:39.014+0000] {english_keys.py:59} INFO - Translating https://www.homes.co.jp/chintai/room/361c1557de2e94cc56430db80a1aa9b684995f09/
[2024-04-04T04:33:35.218+0000] {local_task_job_runner.py:302} WARNING - State of this instance has been externally set to restarting. Terminating instance.
[2024-04-04T04:33:35.224+0000] {process_utils.py:131} INFO - Sending 15 to group 302. PIDs of all processes in the group: [302]
[2024-04-04T04:33:35.226+0000] {process_utils.py:86} INFO - Sending the signal 15 to group 302
[2024-04-04T04:33:35.227+0000] {taskinstance.py:2483} ERROR - Received SIGTERM. Terminating subprocesses.
[2024-04-04T04:33:35.229+0000] {english_keys.py:75} WARNING - Error translating Transaction method - 飯田グループホールディングス ホームトレードセンター(株)立川営業所＜仲介＞
[2024-04-04T04:33:35.231+0000] {english_keys.py:76} ERROR - Task received SIGTERM signal
[2024-04-04T04:34:35.246+0000] {process_utils.py:149} WARNING - process psutil.Process(pid=302, name='airflow task ru', status='sleeping', started='04:30:37') did not respond to SIGTERM. Trying SIGKILL
[2024-04-04T04:34:35.248+0000] {process_utils.py:86} INFO - Sending the signal 9 to group 302
[2024-04-04T04:34:35.280+0000] {process_utils.py:79} INFO - Process psutil.Process(pid=302, name='airflow task ru', status='terminated', exitcode=<Negsignal.SIGKILL: -9>, started='04:30:37') (302) terminated with exit code -9
[2024-04-04T04:34:35.282+0000] {standard_task_runner.py:175} ERROR - Job 159 was killed before it finished (likely due to running out of memory)
