[2024-04-08T03:58:59.582+0000] {taskinstance.py:1979} INFO - Dependencies all met for dep_context=non-requeueable deps ti=<TaskInstance: real_estates.transform_parse_address manual__2024-04-08T03:55:40.228975+00:00 [queued]>
[2024-04-08T03:58:59.601+0000] {taskinstance.py:1979} INFO - Dependencies all met for dep_context=requeueable deps ti=<TaskInstance: real_estates.transform_parse_address manual__2024-04-08T03:55:40.228975+00:00 [queued]>
[2024-04-08T03:58:59.602+0000] {taskinstance.py:2193} INFO - Starting attempt 1 of 1
[2024-04-08T03:58:59.636+0000] {taskinstance.py:2217} INFO - Executing <Task(_PythonDecoratedOperator): transform_parse_address> on 2024-04-08 03:55:40.228975+00:00
[2024-04-08T03:58:59.650+0000] {standard_task_runner.py:60} INFO - Started process 78293 to run task
[2024-04-08T03:58:59.658+0000] {standard_task_runner.py:87} INFO - Running: ['***', 'tasks', 'run', 'real_estates', 'transform_parse_address', 'manual__2024-04-08T03:55:40.228975+00:00', '--job-id', '312', '--raw', '--subdir', 'DAGS_FOLDER/real_estates/__init__.py', '--cfg-path', '/tmp/tmpa9i40t0o']
[2024-04-08T03:58:59.663+0000] {standard_task_runner.py:88} INFO - Job 312: Subtask transform_parse_address
[2024-04-08T03:59:00.092+0000] {task_command.py:423} INFO - Running <TaskInstance: real_estates.transform_parse_address manual__2024-04-08T03:55:40.228975+00:00 [running]> on host 05a350db99a0
[2024-04-08T03:59:00.490+0000] {taskinstance.py:2513} INFO - Exporting env vars: AIRFLOW_CTX_DAG_OWNER='***' AIRFLOW_CTX_DAG_ID='real_estates' AIRFLOW_CTX_TASK_ID='transform_parse_address' AIRFLOW_CTX_EXECUTION_DATE='2024-04-08T03:55:40.228975+00:00' AIRFLOW_CTX_TRY_NUMBER='1' AIRFLOW_CTX_DAG_RUN_ID='manual__2024-04-08T03:55:40.228975+00:00'
[2024-04-08T03:59:00.499+0000] {parse_address.py:88} ERROR - Error parsing address: '平松本町字上り戸721番16、722番16（従前地）（宇都宮都市計画事業宇都宮大学東南部第1土地区'
[2024-04-08T03:59:00.501+0000] {__init__.py:98} WARNING - Town 東峰町 not in database
[2024-04-08T03:59:00.504+0000] {__init__.py:98} WARNING - Town 今井町 not in database
[2024-04-08T03:59:00.506+0000] {__init__.py:98} WARNING - Town 押立町 not in database
[2024-04-08T03:59:00.507+0000] {__init__.py:98} WARNING - Town 戸塚町 not in database
[2024-04-08T03:59:00.508+0000] {parse_address.py:88} ERROR - Error parsing address: '飾磨区'
[2024-04-08T03:59:00.510+0000] {__init__.py:98} WARNING - Town 甲南町 not in database
[2024-04-08T03:59:00.512+0000] {parse_address.py:88} ERROR - Error parsing address: '飾磨区'
[2024-04-08T03:59:00.514+0000] {__init__.py:98} WARNING - Town 大門町 not in database
[2024-04-08T03:59:00.515+0000] {__init__.py:98} WARNING - Town 南町 not in database
[2024-04-08T03:59:00.516+0000] {__init__.py:98} WARNING - Town 松見町 not in database
[2024-04-08T03:59:00.518+0000] {__init__.py:98} WARNING - Town 須惠町 not in database
[2024-04-08T03:59:00.521+0000] {__init__.py:98} WARNING - Town 柏町 not in database
[2024-04-08T03:59:00.522+0000] {__init__.py:98} WARNING - Town 北野町 not in database
[2024-04-08T03:59:00.525+0000] {__init__.py:98} WARNING - Town 三河安城本町 not in database
[2024-04-08T03:59:00.527+0000] {__init__.py:98} WARNING - Town 小手指元町 not in database
[2024-04-08T03:59:00.528+0000] {__init__.py:98} WARNING - Town 幸町 not in database
[2024-04-08T03:59:00.530+0000] {__init__.py:98} WARNING - Town 千歳町 not in database
[2024-04-08T03:59:00.533+0000] {__init__.py:98} WARNING - Town 飯山満町 not in database
[2024-04-08T03:59:00.534+0000] {__init__.py:98} WARNING - Town 千住緑町 not in database
[2024-04-08T03:59:00.539+0000] {python.py:204} INFO - Done. Returned value not shown
[2024-04-08T03:59:00.629+0000] {taskinstance.py:1149} INFO - Marking task as SUCCESS. dag_id=real_estates, task_id=transform_parse_address, execution_date=20240408T035540, start_date=20240408T035859, end_date=20240408T035900
[2024-04-08T03:59:00.712+0000] {local_task_job_runner.py:234} INFO - Task exited with return code 0
[2024-04-08T03:59:01.366+0000] {taskinstance.py:3312} INFO - 0 downstream tasks scheduled from follow-on schedule check
