[2024-04-08T05:04:09.339+0000] {taskinstance.py:1979} INFO - Dependencies all met for dep_context=non-requeueable deps ti=<TaskInstance: real_estates.transform_parse_address manual__2024-04-08T03:55:40.228975+00:00 [queued]>
[2024-04-08T05:04:09.358+0000] {taskinstance.py:1979} INFO - Dependencies all met for dep_context=requeueable deps ti=<TaskInstance: real_estates.transform_parse_address manual__2024-04-08T03:55:40.228975+00:00 [queued]>
[2024-04-08T05:04:09.359+0000] {taskinstance.py:2193} INFO - Starting attempt 3 of 3
[2024-04-08T05:04:09.387+0000] {taskinstance.py:2217} INFO - Executing <Task(_PythonDecoratedOperator): transform_parse_address> on 2024-04-08 03:55:40.228975+00:00
[2024-04-08T05:04:09.402+0000] {standard_task_runner.py:60} INFO - Started process 79208 to run task
[2024-04-08T05:04:09.410+0000] {standard_task_runner.py:87} INFO - Running: ['***', 'tasks', 'run', 'real_estates', 'transform_parse_address', 'manual__2024-04-08T03:55:40.228975+00:00', '--job-id', '320', '--raw', '--subdir', 'DAGS_FOLDER/real_estates/__init__.py', '--cfg-path', '/tmp/tmp71jfeypq']
[2024-04-08T05:04:09.415+0000] {standard_task_runner.py:88} INFO - Job 320: Subtask transform_parse_address
[2024-04-08T05:04:09.840+0000] {task_command.py:423} INFO - Running <TaskInstance: real_estates.transform_parse_address manual__2024-04-08T03:55:40.228975+00:00 [running]> on host 05a350db99a0
[2024-04-08T05:04:16.272+0000] {taskinstance.py:2513} INFO - Exporting env vars: AIRFLOW_CTX_DAG_OWNER='***' AIRFLOW_CTX_DAG_ID='real_estates' AIRFLOW_CTX_TASK_ID='transform_parse_address' AIRFLOW_CTX_EXECUTION_DATE='2024-04-08T03:55:40.228975+00:00' AIRFLOW_CTX_TRY_NUMBER='3' AIRFLOW_CTX_DAG_RUN_ID='manual__2024-04-08T03:55:40.228975+00:00'
[2024-04-08T05:04:16.598+0000] {__init__.py:98} WARNING - Town 千住緑町 not in database
[2024-04-08T05:04:16.599+0000] {__init__.py:98} WARNING - Town 飯山満町 not in database
[2024-04-08T05:04:16.601+0000] {__init__.py:98} WARNING - Town 千歳町 not in database
[2024-04-08T05:04:16.603+0000] {__init__.py:98} WARNING - Town 幸町 not in database
[2024-04-08T05:04:16.604+0000] {__init__.py:98} WARNING - Town 小手指元町 not in database
[2024-04-08T05:04:16.605+0000] {__init__.py:98} WARNING - Town 三河安城本町 not in database
[2024-04-08T05:04:16.607+0000] {__init__.py:98} WARNING - Town 北野町 not in database
[2024-04-08T05:04:16.608+0000] {__init__.py:98} WARNING - Town 柏町 not in database
[2024-04-08T05:04:16.610+0000] {__init__.py:98} WARNING - Town 須惠町 not in database
[2024-04-08T05:04:16.612+0000] {__init__.py:98} WARNING - Town 松見町 not in database
[2024-04-08T05:04:16.613+0000] {__init__.py:98} WARNING - Town 南町 not in database
[2024-04-08T05:04:16.614+0000] {__init__.py:98} WARNING - Town 大門町 not in database
[2024-04-08T05:04:16.615+0000] {parse_address.py:96} ERROR - Error parsing address: '飾磨区'
[2024-04-08T05:04:16.616+0000] {__init__.py:98} WARNING - Town 甲南町 not in database
[2024-04-08T05:04:16.617+0000] {parse_address.py:96} ERROR - Error parsing address: '飾磨区'
[2024-04-08T05:04:16.618+0000] {__init__.py:98} WARNING - Town 戸塚町 not in database
[2024-04-08T05:04:16.619+0000] {__init__.py:98} WARNING - Town 押立町 not in database
[2024-04-08T05:04:16.620+0000] {__init__.py:98} WARNING - Town 今井町 not in database
[2024-04-08T05:04:16.622+0000] {__init__.py:98} WARNING - Town 東峰町 not in database
[2024-04-08T05:04:16.623+0000] {parse_address.py:96} ERROR - Error parsing address: '平松本町字上り戸721番16、722番16（従前地）（宇都宮都市計画事業宇都宮大学東南部第1土地区'
[2024-04-08T05:04:16.625+0000] {python.py:204} INFO - Done. Returned value not shown
[2024-04-08T05:04:17.926+0000] {taskinstance.py:1149} INFO - Marking task as SUCCESS. dag_id=real_estates, task_id=transform_parse_address, execution_date=20240408T035540, start_date=20240408T050409, end_date=20240408T050417
[2024-04-08T05:04:18.044+0000] {local_task_job_runner.py:234} INFO - Task exited with return code 0
[2024-04-08T05:04:18.084+0000] {taskinstance.py:3312} INFO - 2 downstream tasks scheduled from follow-on schedule check
