[2024-04-08T07:35:13.177+0000] {taskinstance.py:1979} INFO - Dependencies all met for dep_context=non-requeueable deps ti=<TaskInstance: real_estates.transform_parse_address manual__2024-04-08T07:30:32.722267+00:00 [queued]>
[2024-04-08T07:35:13.196+0000] {taskinstance.py:1979} INFO - Dependencies all met for dep_context=requeueable deps ti=<TaskInstance: real_estates.transform_parse_address manual__2024-04-08T07:30:32.722267+00:00 [queued]>
[2024-04-08T07:35:13.198+0000] {taskinstance.py:2193} INFO - Starting attempt 2 of 2
[2024-04-08T07:35:13.227+0000] {taskinstance.py:2217} INFO - Executing <Task(_PythonDecoratedOperator): transform_parse_address> on 2024-04-08 07:30:32.722267+00:00
[2024-04-08T07:35:13.242+0000] {standard_task_runner.py:60} INFO - Started process 81299 to run task
[2024-04-08T07:35:13.249+0000] {standard_task_runner.py:87} INFO - Running: ['***', 'tasks', 'run', 'real_estates', 'transform_parse_address', 'manual__2024-04-08T07:30:32.722267+00:00', '--job-id', '332', '--raw', '--subdir', 'DAGS_FOLDER/real_estates/__init__.py', '--cfg-path', '/tmp/tmp1o6h6pay']
[2024-04-08T07:35:13.255+0000] {standard_task_runner.py:88} INFO - Job 332: Subtask transform_parse_address
[2024-04-08T07:35:13.666+0000] {task_command.py:423} INFO - Running <TaskInstance: real_estates.transform_parse_address manual__2024-04-08T07:30:32.722267+00:00 [running]> on host 05a350db99a0
[2024-04-08T07:35:13.868+0000] {taskinstance.py:2513} INFO - Exporting env vars: AIRFLOW_CTX_DAG_OWNER='***' AIRFLOW_CTX_DAG_ID='real_estates' AIRFLOW_CTX_TASK_ID='transform_parse_address' AIRFLOW_CTX_EXECUTION_DATE='2024-04-08T07:30:32.722267+00:00' AIRFLOW_CTX_TRY_NUMBER='2' AIRFLOW_CTX_DAG_RUN_ID='manual__2024-04-08T07:30:32.722267+00:00'
[2024-04-08T07:35:13.874+0000] {__init__.py:98} WARNING - Town 千住緑町 not in database
[2024-04-08T07:35:13.875+0000] {__init__.py:98} WARNING - Town 元町 not in database
[2024-04-08T07:35:13.876+0000] {__init__.py:98} WARNING - Town 伊勢田町 not in database
[2024-04-08T07:35:13.877+0000] {__init__.py:98} WARNING - Town 鴨居町 not in database
[2024-04-08T07:35:13.878+0000] {__init__.py:98} WARNING - Town 千歳町 not in database
[2024-04-08T07:35:13.879+0000] {__init__.py:98} WARNING - Town 三河安城本町 not in database
[2024-04-08T07:35:13.879+0000] {__init__.py:98} WARNING - Town 小手指元町 not in database
[2024-04-08T07:35:13.880+0000] {__init__.py:98} WARNING - Town 西枇杷島町 not in database
[2024-04-08T07:35:13.881+0000] {__init__.py:98} WARNING - Town 川口町 not in database
[2024-04-08T07:35:13.882+0000] {__init__.py:98} WARNING - Town 奈良津町 not in database
[2024-04-08T07:35:13.883+0000] {__init__.py:98} WARNING - Town 林島町 not in database
[2024-04-08T07:35:13.884+0000] {__init__.py:98} WARNING - Town 南町 not in database
[2024-04-08T07:35:13.886+0000] {parse_address.py:59} INFO - Parsed 35 addresses.
[2024-04-08T07:35:13.888+0000] {python.py:204} INFO - Done. Returned value not shown
[2024-04-08T07:35:13.934+0000] {taskinstance.py:1149} INFO - Marking task as SUCCESS. dag_id=real_estates, task_id=transform_parse_address, execution_date=20240408T073032, start_date=20240408T073513, end_date=20240408T073513
[2024-04-08T07:35:14.024+0000] {local_task_job_runner.py:234} INFO - Task exited with return code 0
[2024-04-08T07:35:14.376+0000] {taskinstance.py:3312} INFO - 1 downstream tasks scheduled from follow-on schedule check
