[2024-04-06T00:37:03.898+0000] {taskinstance.py:1979} INFO - Dependencies all met for dep_context=non-requeueable deps ti=<TaskInstance: real_estates.load_to_one_c scheduled__2024-04-05T00:00:00+00:00 [queued]>
[2024-04-06T00:37:03.917+0000] {taskinstance.py:1979} INFO - Dependencies all met for dep_context=requeueable deps ti=<TaskInstance: real_estates.load_to_one_c scheduled__2024-04-05T00:00:00+00:00 [queued]>
[2024-04-06T00:37:03.918+0000] {taskinstance.py:2193} INFO - Starting attempt 1 of 1
[2024-04-06T00:37:03.946+0000] {taskinstance.py:2217} INFO - Executing <Task(_PythonDecoratedOperator): load_to_one_c> on 2024-04-05 00:00:00+00:00
[2024-04-06T00:37:03.961+0000] {standard_task_runner.py:60} INFO - Started process 36464 to run task
[2024-04-06T00:37:03.969+0000] {standard_task_runner.py:87} INFO - Running: ['***', 'tasks', 'run', 'real_estates', 'load_to_one_c', 'scheduled__2024-04-05T00:00:00+00:00', '--job-id', '256', '--raw', '--subdir', 'DAGS_FOLDER/real_estates/__init__.py', '--cfg-path', '/tmp/tmpu8gzejca']
[2024-04-06T00:37:03.974+0000] {standard_task_runner.py:88} INFO - Job 256: Subtask load_to_one_c
[2024-04-06T00:37:04.082+0000] {task_command.py:423} INFO - Running <TaskInstance: real_estates.load_to_one_c scheduled__2024-04-05T00:00:00+00:00 [running]> on host 05a350db99a0
[2024-04-06T00:37:05.207+0000] {taskinstance.py:2513} INFO - Exporting env vars: AIRFLOW_CTX_DAG_OWNER='***' AIRFLOW_CTX_DAG_ID='real_estates' AIRFLOW_CTX_TASK_ID='load_to_one_c' AIRFLOW_CTX_EXECUTION_DATE='2024-04-05T00:00:00+00:00' AIRFLOW_CTX_TRY_NUMBER='1' AIRFLOW_CTX_DAG_RUN_ID='scheduled__2024-04-05T00:00:00+00:00'
[2024-04-06T00:37:06.878+0000] {one_c.py:90} INFO - Inserted data to 1C with code 201
[2024-04-06T00:37:06.949+0000] {one_c.py:90} INFO - Inserted data to 1C with code 201
[2024-04-06T00:37:07.027+0000] {one_c.py:90} INFO - Inserted data to 1C with code 201
[2024-04-06T00:37:07.094+0000] {one_c.py:90} INFO - Inserted data to 1C with code 201
[2024-04-06T00:37:07.165+0000] {one_c.py:90} INFO - Inserted data to 1C with code 201
[2024-04-06T00:37:07.232+0000] {one_c.py:90} INFO - Inserted data to 1C with code 201
[2024-04-06T00:37:07.305+0000] {one_c.py:90} INFO - Inserted data to 1C with code 201
[2024-04-06T00:37:07.370+0000] {one_c.py:90} INFO - Inserted data to 1C with code 201
[2024-04-06T00:37:07.434+0000] {one_c.py:90} INFO - Inserted data to 1C with code 201
[2024-04-06T00:37:07.503+0000] {one_c.py:90} INFO - Inserted data to 1C with code 201
[2024-04-06T00:37:07.572+0000] {one_c.py:90} INFO - Inserted data to 1C with code 201
[2024-04-06T00:37:07.642+0000] {one_c.py:90} INFO - Inserted data to 1C with code 201
[2024-04-06T00:37:07.709+0000] {one_c.py:90} INFO - Inserted data to 1C with code 201
[2024-04-06T00:37:07.786+0000] {one_c.py:90} INFO - Inserted data to 1C with code 201
[2024-04-06T00:37:07.864+0000] {one_c.py:90} INFO - Inserted data to 1C with code 201
[2024-04-06T00:37:07.946+0000] {one_c.py:90} INFO - Inserted data to 1C with code 201
[2024-04-06T00:37:08.013+0000] {one_c.py:90} INFO - Inserted data to 1C with code 201
[2024-04-06T00:37:08.078+0000] {one_c.py:90} INFO - Inserted data to 1C with code 201
[2024-04-06T00:37:08.151+0000] {one_c.py:90} INFO - Inserted data to 1C with code 201
[2024-04-06T00:37:08.228+0000] {one_c.py:90} INFO - Inserted data to 1C with code 201
[2024-04-06T00:37:08.305+0000] {one_c.py:90} INFO - Inserted data to 1C with code 201
[2024-04-06T00:37:08.383+0000] {one_c.py:90} INFO - Inserted data to 1C with code 201
[2024-04-06T00:37:08.475+0000] {one_c.py:90} INFO - Inserted data to 1C with code 201
[2024-04-06T00:37:08.547+0000] {one_c.py:90} INFO - Inserted data to 1C with code 201
[2024-04-06T00:37:08.614+0000] {one_c.py:90} INFO - Inserted data to 1C with code 201
[2024-04-06T00:37:08.688+0000] {one_c.py:90} INFO - Inserted data to 1C with code 201
[2024-04-06T00:37:08.758+0000] {one_c.py:90} INFO - Inserted data to 1C with code 201
[2024-04-06T00:37:08.838+0000] {one_c.py:90} INFO - Inserted data to 1C with code 201
[2024-04-06T00:37:08.904+0000] {one_c.py:90} INFO - Inserted data to 1C with code 201
[2024-04-06T00:37:08.972+0000] {one_c.py:90} INFO - Inserted data to 1C with code 201
[2024-04-06T00:37:09.043+0000] {one_c.py:90} INFO - Inserted data to 1C with code 201
[2024-04-06T00:37:09.118+0000] {one_c.py:90} INFO - Inserted data to 1C with code 201
[2024-04-06T00:37:09.197+0000] {one_c.py:90} INFO - Inserted data to 1C with code 201
[2024-04-06T00:37:09.274+0000] {one_c.py:90} INFO - Inserted data to 1C with code 201
[2024-04-06T00:37:09.338+0000] {one_c.py:90} INFO - Inserted data to 1C with code 201
[2024-04-06T00:37:09.415+0000] {one_c.py:90} INFO - Inserted data to 1C with code 201
[2024-04-06T00:37:09.482+0000] {one_c.py:90} INFO - Inserted data to 1C with code 201
[2024-04-06T00:37:09.565+0000] {one_c.py:90} INFO - Inserted data to 1C with code 201
[2024-04-06T00:37:09.629+0000] {one_c.py:90} INFO - Inserted data to 1C with code 201
[2024-04-06T00:37:09.698+0000] {one_c.py:90} INFO - Inserted data to 1C with code 201
[2024-04-06T00:37:09.791+0000] {one_c.py:90} INFO - Inserted data to 1C with code 201
[2024-04-06T00:37:09.869+0000] {one_c.py:90} INFO - Inserted data to 1C with code 201
[2024-04-06T00:37:09.948+0000] {one_c.py:90} INFO - Inserted data to 1C with code 201
[2024-04-06T00:37:10.027+0000] {one_c.py:90} INFO - Inserted data to 1C with code 201
[2024-04-06T00:37:10.116+0000] {one_c.py:90} INFO - Inserted data to 1C with code 201
[2024-04-06T00:37:10.187+0000] {one_c.py:90} INFO - Inserted data to 1C with code 201
[2024-04-06T00:37:10.270+0000] {one_c.py:90} INFO - Inserted data to 1C with code 201
[2024-04-06T00:37:10.341+0000] {one_c.py:90} INFO - Inserted data to 1C with code 201
[2024-04-06T00:37:10.408+0000] {one_c.py:90} INFO - Inserted data to 1C with code 201
[2024-04-06T00:37:10.477+0000] {one_c.py:90} INFO - Inserted data to 1C with code 201
[2024-04-06T00:37:10.540+0000] {one_c.py:90} INFO - Inserted data to 1C with code 201
[2024-04-06T00:37:10.612+0000] {one_c.py:90} INFO - Inserted data to 1C with code 201
[2024-04-06T00:37:10.678+0000] {one_c.py:90} INFO - Inserted data to 1C with code 201
[2024-04-06T00:37:10.762+0000] {one_c.py:90} INFO - Inserted data to 1C with code 201
[2024-04-06T00:37:10.834+0000] {one_c.py:90} INFO - Inserted data to 1C with code 201
[2024-04-06T00:37:10.929+0000] {one_c.py:90} INFO - Inserted data to 1C with code 201
[2024-04-06T00:37:11.001+0000] {one_c.py:90} INFO - Inserted data to 1C with code 201
[2024-04-06T00:37:11.085+0000] {one_c.py:90} INFO - Inserted data to 1C with code 201
[2024-04-06T00:37:11.159+0000] {one_c.py:90} INFO - Inserted data to 1C with code 201
[2024-04-06T00:37:11.232+0000] {one_c.py:90} INFO - Inserted data to 1C with code 201
[2024-04-06T00:37:11.304+0000] {one_c.py:90} INFO - Inserted data to 1C with code 201
[2024-04-06T00:37:11.377+0000] {one_c.py:90} INFO - Inserted data to 1C with code 201
[2024-04-06T00:37:11.453+0000] {one_c.py:90} INFO - Inserted data to 1C with code 201
[2024-04-06T00:37:11.546+0000] {one_c.py:90} INFO - Inserted data to 1C with code 201
[2024-04-06T00:37:11.639+0000] {one_c.py:90} INFO - Inserted data to 1C with code 201
[2024-04-06T00:37:11.719+0000] {one_c.py:90} INFO - Inserted data to 1C with code 201
[2024-04-06T00:37:11.809+0000] {one_c.py:90} INFO - Inserted data to 1C with code 201
[2024-04-06T00:37:11.878+0000] {one_c.py:90} INFO - Inserted data to 1C with code 201
[2024-04-06T00:37:11.947+0000] {one_c.py:90} INFO - Inserted data to 1C with code 201
[2024-04-06T00:37:12.016+0000] {one_c.py:90} INFO - Inserted data to 1C with code 201
[2024-04-06T00:37:12.120+0000] {one_c.py:90} INFO - Inserted data to 1C with code 201
[2024-04-06T00:37:12.187+0000] {one_c.py:90} INFO - Inserted data to 1C with code 201
[2024-04-06T00:37:12.277+0000] {one_c.py:90} INFO - Inserted data to 1C with code 201
[2024-04-06T00:37:12.348+0000] {one_c.py:90} INFO - Inserted data to 1C with code 201
[2024-04-06T00:37:12.418+0000] {one_c.py:90} INFO - Inserted data to 1C with code 201
[2024-04-06T00:37:12.491+0000] {one_c.py:90} INFO - Inserted data to 1C with code 201
[2024-04-06T00:37:12.570+0000] {one_c.py:90} INFO - Inserted data to 1C with code 201
[2024-04-06T00:37:12.639+0000] {one_c.py:90} INFO - Inserted data to 1C with code 201
[2024-04-06T00:37:12.713+0000] {one_c.py:90} INFO - Inserted data to 1C with code 201
[2024-04-06T00:37:12.782+0000] {one_c.py:90} INFO - Inserted data to 1C with code 201
[2024-04-06T00:37:12.875+0000] {one_c.py:90} INFO - Inserted data to 1C with code 201
[2024-04-06T00:37:12.966+0000] {one_c.py:90} INFO - Inserted data to 1C with code 201
[2024-04-06T00:37:13.048+0000] {one_c.py:90} INFO - Inserted data to 1C with code 201
[2024-04-06T00:37:13.117+0000] {one_c.py:90} INFO - Inserted data to 1C with code 201
[2024-04-06T00:37:13.186+0000] {one_c.py:90} INFO - Inserted data to 1C with code 201
[2024-04-06T00:37:13.267+0000] {one_c.py:90} INFO - Inserted data to 1C with code 201
[2024-04-06T00:37:13.338+0000] {one_c.py:90} INFO - Inserted data to 1C with code 201
[2024-04-06T00:37:13.407+0000] {one_c.py:90} INFO - Inserted data to 1C with code 201
[2024-04-06T00:37:13.498+0000] {one_c.py:90} INFO - Inserted data to 1C with code 201
[2024-04-06T00:37:13.579+0000] {one_c.py:90} INFO - Inserted data to 1C with code 201
[2024-04-06T00:37:13.671+0000] {one_c.py:90} INFO - Inserted data to 1C with code 201
[2024-04-06T00:37:13.750+0000] {one_c.py:90} INFO - Inserted data to 1C with code 201
[2024-04-06T00:37:13.842+0000] {one_c.py:90} INFO - Inserted data to 1C with code 201
[2024-04-06T00:37:13.911+0000] {one_c.py:90} INFO - Inserted data to 1C with code 201
[2024-04-06T00:37:13.988+0000] {one_c.py:90} INFO - Inserted data to 1C with code 201
[2024-04-06T00:37:14.057+0000] {one_c.py:90} INFO - Inserted data to 1C with code 201
[2024-04-06T00:37:14.126+0000] {one_c.py:90} INFO - Inserted data to 1C with code 201
[2024-04-06T00:37:14.200+0000] {one_c.py:90} INFO - Inserted data to 1C with code 201
[2024-04-06T00:37:14.275+0000] {one_c.py:90} INFO - Inserted data to 1C with code 201
[2024-04-06T00:37:14.343+0000] {one_c.py:90} INFO - Inserted data to 1C with code 201
[2024-04-06T00:37:14.413+0000] {one_c.py:90} INFO - Inserted data to 1C with code 201
[2024-04-06T00:37:14.487+0000] {one_c.py:90} INFO - Inserted data to 1C with code 201
[2024-04-06T00:37:14.556+0000] {one_c.py:90} INFO - Inserted data to 1C with code 201
[2024-04-06T00:37:14.641+0000] {one_c.py:90} INFO - Inserted data to 1C with code 201
[2024-04-06T00:37:14.710+0000] {one_c.py:90} INFO - Inserted data to 1C with code 201
[2024-04-06T00:37:14.794+0000] {one_c.py:90} INFO - Inserted data to 1C with code 201
[2024-04-06T00:37:14.875+0000] {one_c.py:90} INFO - Inserted data to 1C with code 201
[2024-04-06T00:37:14.968+0000] {one_c.py:90} INFO - Inserted data to 1C with code 201
[2024-04-06T00:37:15.059+0000] {one_c.py:90} INFO - Inserted data to 1C with code 201
[2024-04-06T00:37:15.141+0000] {one_c.py:90} INFO - Inserted data to 1C with code 201
[2024-04-06T00:37:15.216+0000] {one_c.py:90} INFO - Inserted data to 1C with code 201
[2024-04-06T00:37:15.297+0000] {one_c.py:90} INFO - Inserted data to 1C with code 201
[2024-04-06T00:37:15.372+0000] {one_c.py:90} INFO - Inserted data to 1C with code 201
[2024-04-06T00:37:15.441+0000] {one_c.py:90} INFO - Inserted data to 1C with code 201
[2024-04-06T00:37:15.516+0000] {one_c.py:90} INFO - Inserted data to 1C with code 201
[2024-04-06T00:37:15.585+0000] {one_c.py:90} INFO - Inserted data to 1C with code 201
[2024-04-06T00:37:15.655+0000] {one_c.py:90} INFO - Inserted data to 1C with code 201
[2024-04-06T00:37:15.735+0000] {one_c.py:90} INFO - Inserted data to 1C with code 201
[2024-04-06T00:37:15.825+0000] {one_c.py:90} INFO - Inserted data to 1C with code 201
[2024-04-06T00:37:15.906+0000] {one_c.py:90} INFO - Inserted data to 1C with code 201
[2024-04-06T00:37:15.986+0000] {one_c.py:90} INFO - Inserted data to 1C with code 201
[2024-04-06T00:37:16.079+0000] {one_c.py:90} INFO - Inserted data to 1C with code 201
[2024-04-06T00:37:16.173+0000] {one_c.py:90} INFO - Inserted data to 1C with code 201
[2024-04-06T00:37:16.262+0000] {one_c.py:90} INFO - Inserted data to 1C with code 201
[2024-04-06T00:37:16.346+0000] {one_c.py:90} INFO - Inserted data to 1C with code 201
[2024-04-06T00:37:16.435+0000] {one_c.py:90} INFO - Inserted data to 1C with code 201
[2024-04-06T00:37:16.527+0000] {one_c.py:90} INFO - Inserted data to 1C with code 201
[2024-04-06T00:37:16.596+0000] {one_c.py:90} INFO - Inserted data to 1C with code 201
[2024-04-06T00:37:16.686+0000] {one_c.py:90} INFO - Inserted data to 1C with code 201
[2024-04-06T00:37:16.779+0000] {one_c.py:90} INFO - Inserted data to 1C with code 201
[2024-04-06T00:37:16.858+0000] {one_c.py:90} INFO - Inserted data to 1C with code 201
[2024-04-06T00:37:16.939+0000] {one_c.py:90} INFO - Inserted data to 1C with code 201
[2024-04-06T00:37:17.031+0000] {one_c.py:90} INFO - Inserted data to 1C with code 201
[2024-04-06T00:37:17.118+0000] {one_c.py:90} INFO - Inserted data to 1C with code 201
[2024-04-06T00:37:17.195+0000] {one_c.py:90} INFO - Inserted data to 1C with code 201
[2024-04-06T00:37:17.279+0000] {one_c.py:90} INFO - Inserted data to 1C with code 201
[2024-04-06T00:37:17.356+0000] {one_c.py:90} INFO - Inserted data to 1C with code 201
[2024-04-06T00:37:17.427+0000] {one_c.py:90} INFO - Inserted data to 1C with code 201
[2024-04-06T00:37:17.497+0000] {one_c.py:90} INFO - Inserted data to 1C with code 201
[2024-04-06T00:37:17.565+0000] {one_c.py:90} INFO - Inserted data to 1C with code 201
[2024-04-06T00:37:17.632+0000] {one_c.py:90} INFO - Inserted data to 1C with code 201
[2024-04-06T00:37:17.701+0000] {one_c.py:90} INFO - Inserted data to 1C with code 201
[2024-04-06T00:37:17.781+0000] {one_c.py:90} INFO - Inserted data to 1C with code 201
[2024-04-06T00:37:17.849+0000] {one_c.py:90} INFO - Inserted data to 1C with code 201
[2024-04-06T00:37:17.938+0000] {one_c.py:90} INFO - Inserted data to 1C with code 201
[2024-04-06T00:37:18.020+0000] {one_c.py:90} INFO - Inserted data to 1C with code 201
[2024-04-06T00:37:18.084+0000] {one_c.py:90} INFO - Inserted data to 1C with code 201
[2024-04-06T00:37:18.156+0000] {one_c.py:90} INFO - Inserted data to 1C with code 201
[2024-04-06T00:37:18.237+0000] {one_c.py:90} INFO - Inserted data to 1C with code 201
[2024-04-06T00:37:18.327+0000] {one_c.py:90} INFO - Inserted data to 1C with code 201
[2024-04-06T00:37:18.393+0000] {one_c.py:90} INFO - Inserted data to 1C with code 201
[2024-04-06T00:37:18.457+0000] {one_c.py:90} INFO - Inserted data to 1C with code 201
[2024-04-06T00:37:18.545+0000] {one_c.py:90} INFO - Inserted data to 1C with code 201
[2024-04-06T00:37:18.582+0000] {one_c.py:90} INFO - Inserted data to 1C with code 201
[2024-04-06T00:37:18.620+0000] {one_c.py:90} INFO - Inserted data to 1C with code 201
[2024-04-06T00:37:18.657+0000] {one_c.py:90} INFO - Inserted data to 1C with code 201
[2024-04-06T00:37:18.729+0000] {one_c.py:90} INFO - Inserted data to 1C with code 201
[2024-04-06T00:37:18.806+0000] {one_c.py:90} INFO - Inserted data to 1C with code 201
[2024-04-06T00:37:18.873+0000] {one_c.py:90} INFO - Inserted data to 1C with code 201
[2024-04-06T00:37:18.939+0000] {one_c.py:90} INFO - Inserted data to 1C with code 201
[2024-04-06T00:37:19.019+0000] {one_c.py:90} INFO - Inserted data to 1C with code 201
[2024-04-06T00:37:19.097+0000] {one_c.py:90} INFO - Inserted data to 1C with code 201
[2024-04-06T00:37:19.134+0000] {one_c.py:90} INFO - Inserted data to 1C with code 201
[2024-04-06T00:37:19.173+0000] {one_c.py:90} INFO - Inserted data to 1C with code 201
[2024-04-06T00:37:19.243+0000] {one_c.py:90} INFO - Inserted data to 1C with code 201
[2024-04-06T00:37:19.290+0000] {one_c.py:90} INFO - Inserted data to 1C with code 201
[2024-04-06T00:37:19.352+0000] {one_c.py:90} INFO - Inserted data to 1C with code 201
[2024-04-06T00:37:19.390+0000] {one_c.py:90} INFO - Inserted data to 1C with code 201
[2024-04-06T00:37:19.459+0000] {one_c.py:90} INFO - Inserted data to 1C with code 201
[2024-04-06T00:37:19.528+0000] {one_c.py:90} INFO - Inserted data to 1C with code 201
[2024-04-06T00:37:19.597+0000] {one_c.py:90} INFO - Inserted data to 1C with code 201
[2024-04-06T00:37:19.661+0000] {one_c.py:90} INFO - Inserted data to 1C with code 201
[2024-04-06T00:37:19.736+0000] {one_c.py:90} INFO - Inserted data to 1C with code 201
[2024-04-06T00:37:19.814+0000] {one_c.py:90} INFO - Inserted data to 1C with code 201
[2024-04-06T00:37:19.895+0000] {one_c.py:90} INFO - Inserted data to 1C with code 201
[2024-04-06T00:37:19.985+0000] {one_c.py:90} INFO - Inserted data to 1C with code 201
[2024-04-06T00:37:20.052+0000] {one_c.py:90} INFO - Inserted data to 1C with code 201
[2024-04-06T00:37:20.123+0000] {one_c.py:90} INFO - Inserted data to 1C with code 201
[2024-04-06T00:37:20.190+0000] {one_c.py:90} INFO - Inserted data to 1C with code 201
[2024-04-06T00:37:20.269+0000] {one_c.py:90} INFO - Inserted data to 1C with code 201
[2024-04-06T00:37:20.340+0000] {one_c.py:90} INFO - Inserted data to 1C with code 201
[2024-04-06T00:37:20.406+0000] {one_c.py:90} INFO - Inserted data to 1C with code 201
[2024-04-06T00:37:20.476+0000] {one_c.py:90} INFO - Inserted data to 1C with code 201
[2024-04-06T00:37:20.542+0000] {one_c.py:90} INFO - Inserted data to 1C with code 201
[2024-04-06T00:37:20.611+0000] {one_c.py:90} INFO - Inserted data to 1C with code 201
[2024-04-06T00:37:20.680+0000] {one_c.py:90} INFO - Inserted data to 1C with code 201
[2024-04-06T00:37:20.743+0000] {one_c.py:90} INFO - Inserted data to 1C with code 201
[2024-04-06T00:37:20.819+0000] {one_c.py:90} INFO - Inserted data to 1C with code 201
[2024-04-06T00:37:20.888+0000] {one_c.py:90} INFO - Inserted data to 1C with code 201
[2024-04-06T00:37:20.958+0000] {one_c.py:90} INFO - Inserted data to 1C with code 201
[2024-04-06T00:37:21.047+0000] {one_c.py:90} INFO - Inserted data to 1C with code 201
[2024-04-06T00:37:21.114+0000] {one_c.py:90} INFO - Inserted data to 1C with code 201
[2024-04-06T00:37:21.208+0000] {one_c.py:90} INFO - Inserted data to 1C with code 201
[2024-04-06T00:37:21.287+0000] {one_c.py:90} INFO - Inserted data to 1C with code 201
[2024-04-06T00:37:21.364+0000] {one_c.py:90} INFO - Inserted data to 1C with code 201
[2024-04-06T00:37:21.431+0000] {one_c.py:90} INFO - Inserted data to 1C with code 201
[2024-04-06T00:37:21.498+0000] {one_c.py:90} INFO - Inserted data to 1C with code 201
[2024-04-06T00:37:21.567+0000] {one_c.py:90} INFO - Inserted data to 1C with code 201
[2024-04-06T00:37:21.658+0000] {one_c.py:90} INFO - Inserted data to 1C with code 201
[2024-04-06T00:37:21.730+0000] {one_c.py:90} INFO - Inserted data to 1C with code 201
[2024-04-06T00:37:21.830+0000] {one_c.py:90} INFO - Inserted data to 1C with code 201
[2024-04-06T00:37:21.911+0000] {one_c.py:90} INFO - Inserted data to 1C with code 201
[2024-04-06T00:37:21.984+0000] {one_c.py:90} INFO - Inserted data to 1C with code 201
[2024-04-06T00:37:22.055+0000] {one_c.py:90} INFO - Inserted data to 1C with code 201
[2024-04-06T00:37:22.129+0000] {one_c.py:90} INFO - Inserted data to 1C with code 201
[2024-04-06T00:37:22.217+0000] {one_c.py:90} INFO - Inserted data to 1C with code 201
[2024-04-06T00:37:22.288+0000] {one_c.py:90} INFO - Inserted data to 1C with code 201
[2024-04-06T00:37:22.411+0000] {one_c.py:90} INFO - Inserted data to 1C with code 201
[2024-04-06T00:37:22.479+0000] {one_c.py:90} INFO - Inserted data to 1C with code 201
[2024-04-06T00:37:22.567+0000] {one_c.py:90} INFO - Inserted data to 1C with code 201
[2024-04-06T00:37:22.638+0000] {one_c.py:90} INFO - Inserted data to 1C with code 201
[2024-04-06T00:37:22.704+0000] {one_c.py:90} INFO - Inserted data to 1C with code 201
[2024-04-06T00:37:22.773+0000] {one_c.py:90} INFO - Inserted data to 1C with code 201
[2024-04-06T00:37:22.859+0000] {one_c.py:90} INFO - Inserted data to 1C with code 201
[2024-04-06T00:37:22.934+0000] {one_c.py:90} INFO - Inserted data to 1C with code 201
[2024-04-06T00:37:23.005+0000] {one_c.py:90} INFO - Inserted data to 1C with code 201
[2024-04-06T00:37:23.078+0000] {one_c.py:90} INFO - Inserted data to 1C with code 201
[2024-04-06T00:37:23.145+0000] {one_c.py:90} INFO - Inserted data to 1C with code 201
[2024-04-06T00:37:23.233+0000] {one_c.py:90} INFO - Inserted data to 1C with code 201
[2024-04-06T00:37:23.309+0000] {one_c.py:90} INFO - Inserted data to 1C with code 201
[2024-04-06T00:37:23.392+0000] {one_c.py:90} INFO - Inserted data to 1C with code 201
[2024-04-06T00:37:23.462+0000] {one_c.py:90} INFO - Inserted data to 1C with code 201
[2024-04-06T00:37:23.534+0000] {one_c.py:90} INFO - Inserted data to 1C with code 201
[2024-04-06T00:37:23.611+0000] {one_c.py:90} INFO - Inserted data to 1C with code 201
[2024-04-06T00:37:23.689+0000] {one_c.py:90} INFO - Inserted data to 1C with code 201
[2024-04-06T00:37:23.780+0000] {one_c.py:90} INFO - Inserted data to 1C with code 201
[2024-04-06T00:37:23.844+0000] {one_c.py:90} INFO - Inserted data to 1C with code 201
[2024-04-06T00:37:23.919+0000] {one_c.py:90} INFO - Inserted data to 1C with code 201
[2024-04-06T00:37:23.990+0000] {one_c.py:90} INFO - Inserted data to 1C with code 201
[2024-04-06T00:37:24.057+0000] {one_c.py:90} INFO - Inserted data to 1C with code 201
[2024-04-06T00:37:24.134+0000] {one_c.py:90} INFO - Inserted data to 1C with code 201
[2024-04-06T00:37:24.210+0000] {one_c.py:90} INFO - Inserted data to 1C with code 201
[2024-04-06T00:37:24.274+0000] {one_c.py:90} INFO - Inserted data to 1C with code 201
[2024-04-06T00:37:24.344+0000] {one_c.py:90} INFO - Inserted data to 1C with code 201
[2024-04-06T00:37:24.432+0000] {one_c.py:90} INFO - Inserted data to 1C with code 201
[2024-04-06T00:37:24.499+0000] {one_c.py:90} INFO - Inserted data to 1C with code 201
[2024-04-06T00:37:24.500+0000] {python.py:204} INFO - Done. Returned value not shown
[2024-04-06T00:37:24.518+0000] {taskinstance.py:1149} INFO - Marking task as SUCCESS. dag_id=real_estates, task_id=load_to_one_c, execution_date=20240405T000000, start_date=20240406T003703, end_date=20240406T003724
[2024-04-06T00:37:24.590+0000] {local_task_job_runner.py:234} INFO - Task exited with return code 0
[2024-04-06T00:37:24.620+0000] {taskinstance.py:3312} INFO - 0 downstream tasks scheduled from follow-on schedule check
