[2024-04-04T08:58:23.252+0000] {taskinstance.py:1979} INFO - Dependencies all met for dep_context=non-requeueable deps ti=<TaskInstance: real_estates.load_to_one_c manual__2024-04-04T08:47:03.043176+00:00 [queued]>
[2024-04-04T08:58:23.270+0000] {taskinstance.py:1979} INFO - Dependencies all met for dep_context=requeueable deps ti=<TaskInstance: real_estates.load_to_one_c manual__2024-04-04T08:47:03.043176+00:00 [queued]>
[2024-04-04T08:58:23.272+0000] {taskinstance.py:2193} INFO - Starting attempt 2 of 2
[2024-04-04T08:58:23.306+0000] {taskinstance.py:2217} INFO - Executing <Task(_PythonDecoratedOperator): load_to_one_c> on 2024-04-04 08:47:03.043176+00:00
[2024-04-04T08:58:23.322+0000] {standard_task_runner.py:60} INFO - Started process 4201 to run task
[2024-04-04T08:58:23.330+0000] {standard_task_runner.py:87} INFO - Running: ['***', 'tasks', 'run', 'real_estates', 'load_to_one_c', 'manual__2024-04-04T08:47:03.043176+00:00', '--job-id', '221', '--raw', '--subdir', 'DAGS_FOLDER/real_estates/__init__.py', '--cfg-path', '/tmp/tmpr6yte3ma']
[2024-04-04T08:58:23.335+0000] {standard_task_runner.py:88} INFO - Job 221: Subtask load_to_one_c
[2024-04-04T08:58:23.749+0000] {task_command.py:423} INFO - Running <TaskInstance: real_estates.load_to_one_c manual__2024-04-04T08:47:03.043176+00:00 [running]> on host 05a350db99a0
[2024-04-04T08:58:24.283+0000] {taskinstance.py:2513} INFO - Exporting env vars: AIRFLOW_CTX_DAG_OWNER='***' AIRFLOW_CTX_DAG_ID='real_estates' AIRFLOW_CTX_TASK_ID='load_to_one_c' AIRFLOW_CTX_EXECUTION_DATE='2024-04-04T08:47:03.043176+00:00' AIRFLOW_CTX_TRY_NUMBER='2' AIRFLOW_CTX_DAG_RUN_ID='manual__2024-04-04T08:47:03.043176+00:00'
[2024-04-04T08:58:24.389+0000] {one_c.py:90} INFO - Inserted data to 1C with code 201
[2024-04-04T08:58:24.464+0000] {one_c.py:90} INFO - Inserted data to 1C with code 201
[2024-04-04T08:58:24.539+0000] {one_c.py:90} INFO - Inserted data to 1C with code 201
[2024-04-04T08:58:24.611+0000] {one_c.py:90} INFO - Inserted data to 1C with code 201
[2024-04-04T08:58:24.686+0000] {one_c.py:90} INFO - Inserted data to 1C with code 201
[2024-04-04T08:58:24.762+0000] {one_c.py:90} INFO - Inserted data to 1C with code 201
[2024-04-04T08:58:24.842+0000] {one_c.py:90} INFO - Inserted data to 1C with code 201
[2024-04-04T08:58:24.913+0000] {one_c.py:90} INFO - Inserted data to 1C with code 201
[2024-04-04T08:58:24.987+0000] {one_c.py:90} INFO - Inserted data to 1C with code 201
[2024-04-04T08:58:25.061+0000] {one_c.py:90} INFO - Inserted data to 1C with code 201
[2024-04-04T08:58:25.131+0000] {one_c.py:90} INFO - Inserted data to 1C with code 201
[2024-04-04T08:58:25.205+0000] {one_c.py:90} INFO - Inserted data to 1C with code 201
[2024-04-04T08:58:25.281+0000] {one_c.py:90} INFO - Inserted data to 1C with code 201
[2024-04-04T08:58:25.354+0000] {one_c.py:90} INFO - Inserted data to 1C with code 201
[2024-04-04T08:58:25.426+0000] {one_c.py:90} INFO - Inserted data to 1C with code 201
[2024-04-04T08:58:25.498+0000] {one_c.py:90} INFO - Inserted data to 1C with code 201
[2024-04-04T08:58:25.575+0000] {one_c.py:90} INFO - Inserted data to 1C with code 201
[2024-04-04T08:58:25.648+0000] {one_c.py:90} INFO - Inserted data to 1C with code 201
[2024-04-04T08:58:25.720+0000] {one_c.py:90} INFO - Inserted data to 1C with code 201
[2024-04-04T08:58:25.792+0000] {one_c.py:90} INFO - Inserted data to 1C with code 201
[2024-04-04T08:58:25.863+0000] {one_c.py:90} INFO - Inserted data to 1C with code 201
[2024-04-04T08:58:25.930+0000] {one_c.py:90} INFO - Inserted data to 1C with code 201
[2024-04-04T08:58:26.002+0000] {one_c.py:90} INFO - Inserted data to 1C with code 201
[2024-04-04T08:58:26.073+0000] {one_c.py:90} INFO - Inserted data to 1C with code 201
[2024-04-04T08:58:26.144+0000] {one_c.py:90} INFO - Inserted data to 1C with code 201
[2024-04-04T08:58:26.214+0000] {one_c.py:90} INFO - Inserted data to 1C with code 201
[2024-04-04T08:58:26.283+0000] {one_c.py:90} INFO - Inserted data to 1C with code 201
[2024-04-04T08:58:26.352+0000] {one_c.py:90} INFO - Inserted data to 1C with code 201
[2024-04-04T08:58:26.427+0000] {one_c.py:90} INFO - Inserted data to 1C with code 201
[2024-04-04T08:58:26.498+0000] {one_c.py:90} INFO - Inserted data to 1C with code 201
[2024-04-04T08:58:26.571+0000] {one_c.py:90} INFO - Inserted data to 1C with code 201
[2024-04-04T08:58:26.644+0000] {one_c.py:90} INFO - Inserted data to 1C with code 201
[2024-04-04T08:58:26.716+0000] {one_c.py:90} INFO - Inserted data to 1C with code 201
[2024-04-04T08:58:26.792+0000] {one_c.py:90} INFO - Inserted data to 1C with code 201
[2024-04-04T08:58:26.864+0000] {one_c.py:90} INFO - Inserted data to 1C with code 201
[2024-04-04T08:58:26.899+0000] {one_c.py:90} INFO - Inserted data to 1C with code 201
[2024-04-04T08:58:26.937+0000] {one_c.py:90} INFO - Inserted data to 1C with code 201
[2024-04-04T08:58:26.974+0000] {one_c.py:90} INFO - Inserted data to 1C with code 201
[2024-04-04T08:58:27.052+0000] {one_c.py:90} INFO - Inserted data to 1C with code 201
[2024-04-04T08:58:27.132+0000] {one_c.py:90} INFO - Inserted data to 1C with code 201
[2024-04-04T08:58:27.203+0000] {one_c.py:90} INFO - Inserted data to 1C with code 201
[2024-04-04T08:58:27.272+0000] {one_c.py:90} INFO - Inserted data to 1C with code 201
[2024-04-04T08:58:27.341+0000] {one_c.py:90} INFO - Inserted data to 1C with code 201
[2024-04-04T08:58:27.416+0000] {one_c.py:90} INFO - Inserted data to 1C with code 201
[2024-04-04T08:58:27.498+0000] {one_c.py:90} INFO - Inserted data to 1C with code 201
[2024-04-04T08:58:27.596+0000] {one_c.py:90} INFO - Inserted data to 1C with code 201
[2024-04-04T08:58:27.670+0000] {one_c.py:90} INFO - Inserted data to 1C with code 201
[2024-04-04T08:58:27.744+0000] {one_c.py:90} INFO - Inserted data to 1C with code 201
[2024-04-04T08:58:27.834+0000] {one_c.py:90} INFO - Inserted data to 1C with code 201
[2024-04-04T08:58:27.911+0000] {one_c.py:90} INFO - Inserted data to 1C with code 201
[2024-04-04T08:58:27.986+0000] {one_c.py:90} INFO - Inserted data to 1C with code 201
[2024-04-04T08:58:28.060+0000] {one_c.py:90} INFO - Inserted data to 1C with code 201
[2024-04-04T08:58:28.152+0000] {one_c.py:90} INFO - Inserted data to 1C with code 201
[2024-04-04T08:58:28.225+0000] {one_c.py:90} INFO - Inserted data to 1C with code 201
[2024-04-04T08:58:28.300+0000] {one_c.py:90} INFO - Inserted data to 1C with code 201
[2024-04-04T08:58:28.375+0000] {one_c.py:90} INFO - Inserted data to 1C with code 201
[2024-04-04T08:58:28.454+0000] {one_c.py:90} INFO - Inserted data to 1C with code 201
[2024-04-04T08:58:28.530+0000] {one_c.py:90} INFO - Inserted data to 1C with code 201
[2024-04-04T08:58:28.611+0000] {one_c.py:90} INFO - Inserted data to 1C with code 201
[2024-04-04T08:58:28.693+0000] {one_c.py:90} INFO - Inserted data to 1C with code 201
[2024-04-04T08:58:28.777+0000] {one_c.py:90} INFO - Inserted data to 1C with code 201
[2024-04-04T08:58:28.857+0000] {one_c.py:90} INFO - Inserted data to 1C with code 201
[2024-04-04T08:58:28.940+0000] {one_c.py:90} INFO - Inserted data to 1C with code 201
[2024-04-04T08:58:29.026+0000] {one_c.py:90} INFO - Inserted data to 1C with code 201
[2024-04-04T08:58:29.118+0000] {one_c.py:90} INFO - Inserted data to 1C with code 201
[2024-04-04T08:58:29.202+0000] {one_c.py:90} INFO - Inserted data to 1C with code 201
[2024-04-04T08:58:29.284+0000] {one_c.py:90} INFO - Inserted data to 1C with code 201
[2024-04-04T08:58:29.360+0000] {one_c.py:90} INFO - Inserted data to 1C with code 201
[2024-04-04T08:58:29.435+0000] {one_c.py:90} INFO - Inserted data to 1C with code 201
[2024-04-04T08:58:29.510+0000] {one_c.py:90} INFO - Inserted data to 1C with code 201
[2024-04-04T08:58:29.584+0000] {one_c.py:90} INFO - Inserted data to 1C with code 201
[2024-04-04T08:58:29.659+0000] {one_c.py:90} INFO - Inserted data to 1C with code 201
[2024-04-04T08:58:29.735+0000] {one_c.py:90} INFO - Inserted data to 1C with code 201
[2024-04-04T08:58:29.818+0000] {one_c.py:90} INFO - Inserted data to 1C with code 201
[2024-04-04T08:58:29.897+0000] {one_c.py:90} INFO - Inserted data to 1C with code 201
[2024-04-04T08:58:29.971+0000] {one_c.py:90} INFO - Inserted data to 1C with code 201
[2024-04-04T08:58:30.046+0000] {one_c.py:90} INFO - Inserted data to 1C with code 201
[2024-04-04T08:58:30.123+0000] {one_c.py:90} INFO - Inserted data to 1C with code 201
[2024-04-04T08:58:30.199+0000] {one_c.py:90} INFO - Inserted data to 1C with code 201
[2024-04-04T08:58:30.280+0000] {one_c.py:90} INFO - Inserted data to 1C with code 201
[2024-04-04T08:58:30.354+0000] {one_c.py:90} INFO - Inserted data to 1C with code 201
[2024-04-04T08:58:30.435+0000] {one_c.py:90} INFO - Inserted data to 1C with code 201
[2024-04-04T08:58:30.511+0000] {one_c.py:90} INFO - Inserted data to 1C with code 201
[2024-04-04T08:58:30.585+0000] {one_c.py:90} INFO - Inserted data to 1C with code 201
[2024-04-04T08:58:30.660+0000] {one_c.py:90} INFO - Inserted data to 1C with code 201
[2024-04-04T08:58:30.734+0000] {one_c.py:90} INFO - Inserted data to 1C with code 201
[2024-04-04T08:58:30.809+0000] {one_c.py:90} INFO - Inserted data to 1C with code 201
[2024-04-04T08:58:30.881+0000] {one_c.py:90} INFO - Inserted data to 1C with code 201
[2024-04-04T08:58:30.955+0000] {one_c.py:90} INFO - Inserted data to 1C with code 201
[2024-04-04T08:58:31.033+0000] {one_c.py:90} INFO - Inserted data to 1C with code 201
[2024-04-04T08:58:31.107+0000] {one_c.py:90} INFO - Inserted data to 1C with code 201
[2024-04-04T08:58:31.182+0000] {one_c.py:90} INFO - Inserted data to 1C with code 201
[2024-04-04T08:58:31.266+0000] {one_c.py:90} INFO - Inserted data to 1C with code 201
[2024-04-04T08:58:31.339+0000] {one_c.py:90} INFO - Inserted data to 1C with code 201
[2024-04-04T08:58:31.413+0000] {one_c.py:90} INFO - Inserted data to 1C with code 201
[2024-04-04T08:58:31.487+0000] {one_c.py:90} INFO - Inserted data to 1C with code 201
[2024-04-04T08:58:31.562+0000] {one_c.py:90} INFO - Inserted data to 1C with code 201
[2024-04-04T08:58:31.636+0000] {one_c.py:90} INFO - Inserted data to 1C with code 201
[2024-04-04T08:58:31.712+0000] {one_c.py:90} INFO - Inserted data to 1C with code 201
[2024-04-04T08:58:31.786+0000] {one_c.py:90} INFO - Inserted data to 1C with code 201
[2024-04-04T08:58:31.860+0000] {one_c.py:90} INFO - Inserted data to 1C with code 201
[2024-04-04T08:58:31.935+0000] {one_c.py:90} INFO - Inserted data to 1C with code 201
[2024-04-04T08:58:32.008+0000] {one_c.py:90} INFO - Inserted data to 1C with code 201
[2024-04-04T08:58:32.083+0000] {one_c.py:90} INFO - Inserted data to 1C with code 201
[2024-04-04T08:58:32.157+0000] {one_c.py:90} INFO - Inserted data to 1C with code 201
[2024-04-04T08:58:32.231+0000] {one_c.py:90} INFO - Inserted data to 1C with code 201
[2024-04-04T08:58:32.308+0000] {one_c.py:90} INFO - Inserted data to 1C with code 201
[2024-04-04T08:58:32.388+0000] {one_c.py:90} INFO - Inserted data to 1C with code 201
[2024-04-04T08:58:32.464+0000] {one_c.py:90} INFO - Inserted data to 1C with code 201
[2024-04-04T08:58:32.563+0000] {one_c.py:90} INFO - Inserted data to 1C with code 201
[2024-04-04T08:58:32.649+0000] {one_c.py:90} INFO - Inserted data to 1C with code 201
[2024-04-04T08:58:32.734+0000] {one_c.py:90} INFO - Inserted data to 1C with code 201
[2024-04-04T08:58:32.823+0000] {one_c.py:90} INFO - Inserted data to 1C with code 201
[2024-04-04T08:58:32.897+0000] {one_c.py:90} INFO - Inserted data to 1C with code 201
[2024-04-04T08:58:32.974+0000] {one_c.py:90} INFO - Inserted data to 1C with code 201
[2024-04-04T08:58:33.048+0000] {one_c.py:90} INFO - Inserted data to 1C with code 201
[2024-04-04T08:58:33.125+0000] {one_c.py:90} INFO - Inserted data to 1C with code 201
[2024-04-04T08:58:33.201+0000] {one_c.py:90} INFO - Inserted data to 1C with code 201
[2024-04-04T08:58:33.203+0000] {python.py:204} INFO - Done. Returned value not shown
[2024-04-04T08:58:33.223+0000] {taskinstance.py:1149} INFO - Marking task as SUCCESS. dag_id=real_estates, task_id=load_to_one_c, execution_date=20240404T084703, start_date=20240404T085823, end_date=20240404T085833
[2024-04-04T08:58:33.293+0000] {local_task_job_runner.py:234} INFO - Task exited with return code 0
[2024-04-04T08:58:33.324+0000] {taskinstance.py:3312} INFO - 0 downstream tasks scheduled from follow-on schedule check
