[2024-04-04T10:58:44.561+0000] {taskinstance.py:1979} INFO - Dependencies all met for dep_context=non-requeueable deps ti=<TaskInstance: real_estates.load_to_one_c manual__2024-04-04T08:47:03.043176+00:00 [queued]>
[2024-04-04T10:58:44.580+0000] {taskinstance.py:1979} INFO - Dependencies all met for dep_context=requeueable deps ti=<TaskInstance: real_estates.load_to_one_c manual__2024-04-04T08:47:03.043176+00:00 [queued]>
[2024-04-04T10:58:44.581+0000] {taskinstance.py:2193} INFO - Starting attempt 4 of 4
[2024-04-04T10:58:44.609+0000] {taskinstance.py:2217} INFO - Executing <Task(_PythonDecoratedOperator): load_to_one_c> on 2024-04-04 08:47:03.043176+00:00
[2024-04-04T10:58:44.624+0000] {standard_task_runner.py:60} INFO - Started process 5917 to run task
[2024-04-04T10:58:44.632+0000] {standard_task_runner.py:87} INFO - Running: ['***', 'tasks', 'run', 'real_estates', 'load_to_one_c', 'manual__2024-04-04T08:47:03.043176+00:00', '--job-id', '241', '--raw', '--subdir', 'DAGS_FOLDER/real_estates/__init__.py', '--cfg-path', '/tmp/tmps9hxo1my']
[2024-04-04T10:58:44.638+0000] {standard_task_runner.py:88} INFO - Job 241: Subtask load_to_one_c
[2024-04-04T10:58:45.059+0000] {task_command.py:423} INFO - Running <TaskInstance: real_estates.load_to_one_c manual__2024-04-04T08:47:03.043176+00:00 [running]> on host 05a350db99a0
[2024-04-04T10:58:45.650+0000] {taskinstance.py:2513} INFO - Exporting env vars: AIRFLOW_CTX_DAG_OWNER='***' AIRFLOW_CTX_DAG_ID='real_estates' AIRFLOW_CTX_TASK_ID='load_to_one_c' AIRFLOW_CTX_EXECUTION_DATE='2024-04-04T08:47:03.043176+00:00' AIRFLOW_CTX_TRY_NUMBER='4' AIRFLOW_CTX_DAG_RUN_ID='manual__2024-04-04T08:47:03.043176+00:00'
[2024-04-04T10:58:47.319+0000] {one_c.py:90} INFO - Inserted data to 1C with code 201
[2024-04-04T10:58:47.395+0000] {one_c.py:90} INFO - Inserted data to 1C with code 201
[2024-04-04T10:58:47.475+0000] {one_c.py:90} INFO - Inserted data to 1C with code 201
[2024-04-04T10:58:47.542+0000] {one_c.py:90} INFO - Inserted data to 1C with code 201
[2024-04-04T10:58:47.616+0000] {one_c.py:90} INFO - Inserted data to 1C with code 201
[2024-04-04T10:58:47.690+0000] {one_c.py:90} INFO - Inserted data to 1C with code 201
[2024-04-04T10:58:47.766+0000] {one_c.py:90} INFO - Inserted data to 1C with code 201
[2024-04-04T10:58:47.843+0000] {one_c.py:90} INFO - Inserted data to 1C with code 201
[2024-04-04T10:58:47.930+0000] {one_c.py:90} INFO - Inserted data to 1C with code 201
[2024-04-04T10:58:48.005+0000] {one_c.py:90} INFO - Inserted data to 1C with code 201
[2024-04-04T10:58:48.080+0000] {one_c.py:90} INFO - Inserted data to 1C with code 201
[2024-04-04T10:58:48.163+0000] {one_c.py:90} INFO - Inserted data to 1C with code 201
[2024-04-04T10:58:48.245+0000] {one_c.py:90} INFO - Inserted data to 1C with code 201
[2024-04-04T10:58:48.320+0000] {one_c.py:90} INFO - Inserted data to 1C with code 201
[2024-04-04T10:58:48.395+0000] {one_c.py:90} INFO - Inserted data to 1C with code 201
[2024-04-04T10:58:48.463+0000] {one_c.py:90} INFO - Inserted data to 1C with code 201
[2024-04-04T10:58:48.538+0000] {one_c.py:90} INFO - Inserted data to 1C with code 201
[2024-04-04T10:58:48.611+0000] {one_c.py:90} INFO - Inserted data to 1C with code 201
[2024-04-04T10:58:48.688+0000] {one_c.py:90} INFO - Inserted data to 1C with code 201
[2024-04-04T10:58:48.771+0000] {one_c.py:90} INFO - Inserted data to 1C with code 201
[2024-04-04T10:58:48.848+0000] {one_c.py:90} INFO - Inserted data to 1C with code 201
[2024-04-04T10:58:48.950+0000] {one_c.py:90} INFO - Inserted data to 1C with code 201
[2024-04-04T10:58:49.027+0000] {one_c.py:90} INFO - Inserted data to 1C with code 201
[2024-04-04T10:58:49.103+0000] {one_c.py:90} INFO - Inserted data to 1C with code 201
[2024-04-04T10:58:49.177+0000] {one_c.py:90} INFO - Inserted data to 1C with code 201
[2024-04-04T10:58:49.244+0000] {one_c.py:90} INFO - Inserted data to 1C with code 201
[2024-04-04T10:58:49.321+0000] {one_c.py:90} INFO - Inserted data to 1C with code 201
[2024-04-04T10:58:49.399+0000] {one_c.py:90} INFO - Inserted data to 1C with code 201
[2024-04-04T10:58:49.474+0000] {one_c.py:90} INFO - Inserted data to 1C with code 201
[2024-04-04T10:58:49.550+0000] {one_c.py:90} INFO - Inserted data to 1C with code 201
[2024-04-04T10:58:49.624+0000] {one_c.py:90} INFO - Inserted data to 1C with code 201
[2024-04-04T10:58:49.699+0000] {one_c.py:90} INFO - Inserted data to 1C with code 201
[2024-04-04T10:58:49.779+0000] {one_c.py:90} INFO - Inserted data to 1C with code 201
[2024-04-04T10:58:49.858+0000] {one_c.py:90} INFO - Inserted data to 1C with code 201
[2024-04-04T10:58:49.938+0000] {one_c.py:90} INFO - Inserted data to 1C with code 201
[2024-04-04T10:58:50.017+0000] {one_c.py:90} INFO - Inserted data to 1C with code 201
[2024-04-04T10:58:50.092+0000] {one_c.py:90} INFO - Inserted data to 1C with code 201
[2024-04-04T10:58:50.172+0000] {one_c.py:90} INFO - Inserted data to 1C with code 201
[2024-04-04T10:58:50.256+0000] {one_c.py:90} INFO - Inserted data to 1C with code 201
[2024-04-04T10:58:50.333+0000] {one_c.py:90} INFO - Inserted data to 1C with code 201
[2024-04-04T10:58:50.409+0000] {one_c.py:90} INFO - Inserted data to 1C with code 201
[2024-04-04T10:58:50.493+0000] {one_c.py:90} INFO - Inserted data to 1C with code 201
[2024-04-04T10:58:50.574+0000] {one_c.py:90} INFO - Inserted data to 1C with code 201
[2024-04-04T10:58:50.652+0000] {one_c.py:90} INFO - Inserted data to 1C with code 201
[2024-04-04T10:58:50.732+0000] {one_c.py:90} INFO - Inserted data to 1C with code 201
[2024-04-04T10:58:50.821+0000] {one_c.py:90} INFO - Inserted data to 1C with code 201
[2024-04-04T10:58:50.905+0000] {one_c.py:90} INFO - Inserted data to 1C with code 201
[2024-04-04T10:58:50.976+0000] {one_c.py:90} INFO - Inserted data to 1C with code 201
[2024-04-04T10:58:51.053+0000] {one_c.py:90} INFO - Inserted data to 1C with code 201
[2024-04-04T10:58:51.133+0000] {one_c.py:90} INFO - Inserted data to 1C with code 201
[2024-04-04T10:58:51.207+0000] {one_c.py:90} INFO - Inserted data to 1C with code 201
[2024-04-04T10:58:51.307+0000] {one_c.py:90} INFO - Inserted data to 1C with code 201
[2024-04-04T10:58:51.380+0000] {one_c.py:90} INFO - Inserted data to 1C with code 201
[2024-04-04T10:58:51.462+0000] {one_c.py:90} INFO - Inserted data to 1C with code 201
[2024-04-04T10:58:51.551+0000] {one_c.py:90} INFO - Inserted data to 1C with code 201
[2024-04-04T10:58:51.632+0000] {one_c.py:90} INFO - Inserted data to 1C with code 201
[2024-04-04T10:58:51.708+0000] {one_c.py:90} INFO - Inserted data to 1C with code 201
[2024-04-04T10:58:51.796+0000] {one_c.py:90} INFO - Inserted data to 1C with code 201
[2024-04-04T10:58:51.877+0000] {one_c.py:90} INFO - Inserted data to 1C with code 201
[2024-04-04T10:58:51.974+0000] {one_c.py:90} INFO - Inserted data to 1C with code 201
[2024-04-04T10:58:52.054+0000] {one_c.py:90} INFO - Inserted data to 1C with code 201
[2024-04-04T10:58:52.133+0000] {one_c.py:90} INFO - Inserted data to 1C with code 201
[2024-04-04T10:58:52.219+0000] {one_c.py:90} INFO - Inserted data to 1C with code 201
[2024-04-04T10:58:52.302+0000] {one_c.py:90} INFO - Inserted data to 1C with code 201
[2024-04-04T10:58:52.384+0000] {one_c.py:90} INFO - Inserted data to 1C with code 201
[2024-04-04T10:58:52.458+0000] {one_c.py:90} INFO - Inserted data to 1C with code 201
[2024-04-04T10:58:52.531+0000] {one_c.py:90} INFO - Inserted data to 1C with code 201
[2024-04-04T10:58:52.610+0000] {one_c.py:90} INFO - Inserted data to 1C with code 201
[2024-04-04T10:58:52.688+0000] {one_c.py:90} INFO - Inserted data to 1C with code 201
[2024-04-04T10:58:52.763+0000] {one_c.py:90} INFO - Inserted data to 1C with code 201
[2024-04-04T10:58:52.849+0000] {one_c.py:90} INFO - Inserted data to 1C with code 201
[2024-04-04T10:58:52.919+0000] {one_c.py:90} INFO - Inserted data to 1C with code 201
[2024-04-04T10:58:53.001+0000] {one_c.py:90} INFO - Inserted data to 1C with code 201
[2024-04-04T10:58:53.074+0000] {one_c.py:90} INFO - Inserted data to 1C with code 201
[2024-04-04T10:58:53.154+0000] {one_c.py:90} INFO - Inserted data to 1C with code 201
[2024-04-04T10:58:53.234+0000] {one_c.py:90} INFO - Inserted data to 1C with code 201
[2024-04-04T10:58:53.312+0000] {one_c.py:90} INFO - Inserted data to 1C with code 201
[2024-04-04T10:58:53.379+0000] {one_c.py:90} INFO - Inserted data to 1C with code 201
[2024-04-04T10:58:53.449+0000] {one_c.py:90} INFO - Inserted data to 1C with code 201
[2024-04-04T10:58:53.533+0000] {one_c.py:90} INFO - Inserted data to 1C with code 201
[2024-04-04T10:58:53.612+0000] {one_c.py:90} INFO - Inserted data to 1C with code 201
[2024-04-04T10:58:53.683+0000] {one_c.py:90} INFO - Inserted data to 1C with code 201
[2024-04-04T10:58:53.751+0000] {one_c.py:90} INFO - Inserted data to 1C with code 201
[2024-04-04T10:58:53.832+0000] {one_c.py:90} INFO - Inserted data to 1C with code 201
[2024-04-04T10:58:53.900+0000] {one_c.py:90} INFO - Inserted data to 1C with code 201
[2024-04-04T10:58:53.977+0000] {one_c.py:90} INFO - Inserted data to 1C with code 201
[2024-04-04T10:58:54.070+0000] {one_c.py:90} INFO - Inserted data to 1C with code 201
[2024-04-04T10:58:54.136+0000] {one_c.py:90} INFO - Inserted data to 1C with code 201
[2024-04-04T10:58:54.217+0000] {one_c.py:90} INFO - Inserted data to 1C with code 201
[2024-04-04T10:58:54.297+0000] {one_c.py:90} INFO - Inserted data to 1C with code 201
[2024-04-04T10:58:54.370+0000] {one_c.py:90} INFO - Inserted data to 1C with code 201
[2024-04-04T10:58:54.450+0000] {one_c.py:90} INFO - Inserted data to 1C with code 201
[2024-04-04T10:58:54.536+0000] {one_c.py:90} INFO - Inserted data to 1C with code 201
[2024-04-04T10:58:54.610+0000] {one_c.py:90} INFO - Inserted data to 1C with code 201
[2024-04-04T10:58:54.645+0000] {one_c.py:90} INFO - Inserted data to 1C with code 201
[2024-04-04T10:58:54.687+0000] {one_c.py:90} INFO - Inserted data to 1C with code 201
[2024-04-04T10:58:54.730+0000] {one_c.py:90} INFO - Inserted data to 1C with code 201
[2024-04-04T10:58:54.805+0000] {one_c.py:90} INFO - Inserted data to 1C with code 201
[2024-04-04T10:58:54.893+0000] {one_c.py:90} INFO - Inserted data to 1C with code 201
[2024-04-04T10:58:54.976+0000] {one_c.py:90} INFO - Inserted data to 1C with code 201
[2024-04-04T10:58:55.057+0000] {one_c.py:90} INFO - Inserted data to 1C with code 201
[2024-04-04T10:58:55.134+0000] {one_c.py:90} INFO - Inserted data to 1C with code 201
[2024-04-04T10:58:55.227+0000] {one_c.py:90} INFO - Inserted data to 1C with code 201
[2024-04-04T10:58:55.301+0000] {one_c.py:90} INFO - Inserted data to 1C with code 201
[2024-04-04T10:58:55.373+0000] {one_c.py:90} INFO - Inserted data to 1C with code 201
[2024-04-04T10:58:55.452+0000] {one_c.py:90} INFO - Inserted data to 1C with code 201
[2024-04-04T10:58:55.536+0000] {one_c.py:90} INFO - Inserted data to 1C with code 201
[2024-04-04T10:58:55.632+0000] {one_c.py:90} INFO - Inserted data to 1C with code 201
[2024-04-04T10:58:55.704+0000] {one_c.py:90} INFO - Inserted data to 1C with code 201
[2024-04-04T10:58:55.778+0000] {one_c.py:90} INFO - Inserted data to 1C with code 201
[2024-04-04T10:58:55.856+0000] {one_c.py:90} INFO - Inserted data to 1C with code 201
[2024-04-04T10:58:55.937+0000] {one_c.py:90} INFO - Inserted data to 1C with code 201
[2024-04-04T10:58:56.016+0000] {one_c.py:90} INFO - Inserted data to 1C with code 201
[2024-04-04T10:58:56.102+0000] {one_c.py:90} INFO - Inserted data to 1C with code 201
[2024-04-04T10:58:56.176+0000] {one_c.py:90} INFO - Inserted data to 1C with code 201
[2024-04-04T10:58:56.257+0000] {one_c.py:90} INFO - Inserted data to 1C with code 201
[2024-04-04T10:58:56.343+0000] {one_c.py:90} INFO - Inserted data to 1C with code 201
[2024-04-04T10:58:56.411+0000] {one_c.py:90} INFO - Inserted data to 1C with code 201
[2024-04-04T10:58:56.483+0000] {one_c.py:90} INFO - Inserted data to 1C with code 201
[2024-04-04T10:58:56.565+0000] {one_c.py:90} INFO - Inserted data to 1C with code 201
[2024-04-04T10:58:56.649+0000] {one_c.py:90} INFO - Inserted data to 1C with code 201
[2024-04-04T10:58:56.720+0000] {one_c.py:90} INFO - Inserted data to 1C with code 201
[2024-04-04T10:58:56.798+0000] {one_c.py:90} INFO - Inserted data to 1C with code 201
[2024-04-04T10:58:56.869+0000] {one_c.py:90} INFO - Inserted data to 1C with code 201
[2024-04-04T10:58:56.962+0000] {one_c.py:90} INFO - Inserted data to 1C with code 201
[2024-04-04T10:58:57.042+0000] {one_c.py:90} INFO - Inserted data to 1C with code 201
[2024-04-04T10:58:57.113+0000] {one_c.py:90} INFO - Inserted data to 1C with code 201
[2024-04-04T10:58:57.179+0000] {one_c.py:90} INFO - Inserted data to 1C with code 201
[2024-04-04T10:58:57.252+0000] {one_c.py:90} INFO - Inserted data to 1C with code 201
[2024-04-04T10:58:57.338+0000] {one_c.py:90} INFO - Inserted data to 1C with code 201
[2024-04-04T10:58:57.421+0000] {one_c.py:90} INFO - Inserted data to 1C with code 201
[2024-04-04T10:58:57.504+0000] {one_c.py:90} INFO - Inserted data to 1C with code 201
[2024-04-04T10:58:57.579+0000] {one_c.py:90} INFO - Inserted data to 1C with code 201
[2024-04-04T10:58:57.653+0000] {one_c.py:90} INFO - Inserted data to 1C with code 201
[2024-04-04T10:58:57.730+0000] {one_c.py:90} INFO - Inserted data to 1C with code 201
[2024-04-04T10:58:57.806+0000] {one_c.py:90} INFO - Inserted data to 1C with code 201
[2024-04-04T10:58:57.880+0000] {one_c.py:90} INFO - Inserted data to 1C with code 201
[2024-04-04T10:58:57.956+0000] {one_c.py:90} INFO - Inserted data to 1C with code 201
[2024-04-04T10:58:58.024+0000] {one_c.py:90} INFO - Inserted data to 1C with code 201
[2024-04-04T10:58:58.025+0000] {python.py:204} INFO - Done. Returned value not shown
[2024-04-04T10:58:58.043+0000] {taskinstance.py:1149} INFO - Marking task as SUCCESS. dag_id=real_estates, task_id=load_to_one_c, execution_date=20240404T084703, start_date=20240404T105844, end_date=20240404T105858
[2024-04-04T10:58:58.116+0000] {local_task_job_runner.py:234} INFO - Task exited with return code 0
[2024-04-04T10:58:58.146+0000] {taskinstance.py:3312} INFO - 0 downstream tasks scheduled from follow-on schedule check
