[2024-04-08T04:03:14.012+0000] {taskinstance.py:1979} INFO - Dependencies all met for dep_context=non-requeueable deps ti=<TaskInstance: real_estates.extract_real_estate_urls manual__2024-04-08T03:55:40.228975+00:00 [queued]>
[2024-04-08T04:03:14.031+0000] {taskinstance.py:1979} INFO - Dependencies all met for dep_context=requeueable deps ti=<TaskInstance: real_estates.extract_real_estate_urls manual__2024-04-08T03:55:40.228975+00:00 [queued]>
[2024-04-08T04:03:14.032+0000] {taskinstance.py:2193} INFO - Starting attempt 3 of 3
[2024-04-08T04:03:14.060+0000] {taskinstance.py:2217} INFO - Executing <Task(_PythonDecoratedOperator): extract_real_estate_urls> on 2024-04-08 03:55:40.228975+00:00
[2024-04-08T04:03:14.074+0000] {standard_task_runner.py:60} INFO - Started process 78364 to run task
[2024-04-08T04:03:14.082+0000] {standard_task_runner.py:87} INFO - Running: ['***', 'tasks', 'run', 'real_estates', 'extract_real_estate_urls', 'manual__2024-04-08T03:55:40.228975+00:00', '--job-id', '315', '--raw', '--subdir', 'DAGS_FOLDER/real_estates/__init__.py', '--cfg-path', '/tmp/tmpmpjkhujg']
[2024-04-08T04:03:14.087+0000] {standard_task_runner.py:88} INFO - Job 315: Subtask extract_real_estate_urls
[2024-04-08T04:03:14.506+0000] {task_command.py:423} INFO - Running <TaskInstance: real_estates.extract_real_estate_urls manual__2024-04-08T03:55:40.228975+00:00 [running]> on host 05a350db99a0
[2024-04-08T04:03:14.669+0000] {taskinstance.py:2513} INFO - Exporting env vars: AIRFLOW_CTX_DAG_OWNER='***' AIRFLOW_CTX_DAG_ID='real_estates' AIRFLOW_CTX_TASK_ID='extract_real_estate_urls' AIRFLOW_CTX_EXECUTION_DATE='2024-04-08T03:55:40.228975+00:00' AIRFLOW_CTX_TRY_NUMBER='3' AIRFLOW_CTX_DAG_RUN_ID='manual__2024-04-08T03:55:40.228975+00:00'
[2024-04-08T04:03:16.550+0000] {urls.py:36} INFO - Found 77729 real estates
[2024-04-08T04:03:16.556+0000] {urls.py:42} INFO - Found 1986 pages
[2024-04-08T04:03:45.610+0000] {urls.py:56} INFO - Batch 1/1 fetched 1986 pages
[2024-04-08T04:31:16.531+0000] {urls.py:111} WARNING - No real estate divs found on page 1981
[2024-04-08T04:31:17.226+0000] {urls.py:111} WARNING - No real estate divs found on page 1982
[2024-04-08T04:31:17.911+0000] {urls.py:111} WARNING - No real estate divs found on page 1983
[2024-04-08T04:31:19.860+0000] {urls.py:65} INFO - Extracted 3378 URLs
[2024-04-08T04:31:19.962+0000] {python.py:204} INFO - Done. Returned value not shown
[2024-04-08T04:31:20.187+0000] {taskinstance.py:1149} INFO - Marking task as SUCCESS. dag_id=real_estates, task_id=extract_real_estate_urls, execution_date=20240408T035540, start_date=20240408T040314, end_date=20240408T043120
[2024-04-08T04:31:20.389+0000] {local_task_job_runner.py:234} INFO - Task exited with return code 0
[2024-04-08T04:31:20.443+0000] {taskinstance.py:3312} INFO - 2 downstream tasks scheduled from follow-on schedule check
