[2024-04-08T07:33:55.030+0000] {taskinstance.py:1979} INFO - Dependencies all met for dep_context=non-requeueable deps ti=<TaskInstance: real_estates.extract_real_estates manual__2024-04-08T07:30:32.722267+00:00 [queued]>
[2024-04-08T07:33:55.049+0000] {taskinstance.py:1979} INFO - Dependencies all met for dep_context=requeueable deps ti=<TaskInstance: real_estates.extract_real_estates manual__2024-04-08T07:30:32.722267+00:00 [queued]>
[2024-04-08T07:33:55.050+0000] {taskinstance.py:2193} INFO - Starting attempt 2 of 2
[2024-04-08T07:33:55.078+0000] {taskinstance.py:2217} INFO - Executing <Task(_PythonDecoratedOperator): extract_real_estates> on 2024-04-08 07:30:32.722267+00:00
[2024-04-08T07:33:55.093+0000] {standard_task_runner.py:60} INFO - Started process 81277 to run task
[2024-04-08T07:33:55.100+0000] {standard_task_runner.py:87} INFO - Running: ['***', 'tasks', 'run', 'real_estates', 'extract_real_estates', 'manual__2024-04-08T07:30:32.722267+00:00', '--job-id', '331', '--raw', '--subdir', 'DAGS_FOLDER/real_estates/__init__.py', '--cfg-path', '/tmp/tmpgs5i7l9e']
[2024-04-08T07:33:55.106+0000] {standard_task_runner.py:88} INFO - Job 331: Subtask extract_real_estates
[2024-04-08T07:33:55.517+0000] {task_command.py:423} INFO - Running <TaskInstance: real_estates.extract_real_estates manual__2024-04-08T07:30:32.722267+00:00 [running]> on host 05a350db99a0
[2024-04-08T07:33:55.710+0000] {taskinstance.py:2513} INFO - Exporting env vars: AIRFLOW_CTX_DAG_OWNER='***' AIRFLOW_CTX_DAG_ID='real_estates' AIRFLOW_CTX_TASK_ID='extract_real_estates' AIRFLOW_CTX_EXECUTION_DATE='2024-04-08T07:30:32.722267+00:00' AIRFLOW_CTX_TRY_NUMBER='2' AIRFLOW_CTX_DAG_RUN_ID='manual__2024-04-08T07:30:32.722267+00:00'
[2024-04-08T07:33:58.802+0000] {real_estates.py:37} INFO - Batch 1/1 fetched 155 pages
[2024-04-08T07:33:59.645+0000] {real_estates.py:97} ERROR - Error extracting data from https://www.homes.co.jp/kodate/b-17076860000091/: could not convert string to float: '107.44～107.45ｍ2'
[2024-04-08T07:34:00.537+0000] {real_estates.py:97} ERROR - Error extracting data from https://www.homes.co.jp/kodate/b-17077500000408/: could not convert string to float: '84.90ｍ2～99.60ｍ2'
[2024-04-08T07:34:01.366+0000] {real_estates.py:97} ERROR - Error extracting data from https://www.homes.co.jp/kodate/b-17079580000134/: could not convert string to float: '100.00ｍ2～104.21ｍ2'
[2024-04-08T07:34:01.843+0000] {real_estates.py:97} ERROR - Error extracting data from https://www.homes.co.jp/tochi/b-17017190000317/: could not convert string to float: '191.71（57.99坪）'
[2024-04-08T07:34:02.729+0000] {real_estates.py:97} ERROR - Error extracting data from https://www.homes.co.jp/kodate/b-17063270000453/: could not convert string to float: '141.55ｍ2'
[2024-04-08T07:34:03.113+0000] {real_estates.py:97} ERROR - Error extracting data from https://www.homes.co.jp/tochi/b-17007820000100/: could not convert string to float: '152.5～167.96'
[2024-04-08T07:34:03.538+0000] {real_estates.py:97} ERROR - Error extracting data from https://www.homes.co.jp/tochi/b-17007820000099/: could not convert string to float: '163.51～163.53'
[2024-04-08T07:34:04.688+0000] {real_estates.py:97} ERROR - Error extracting data from https://www.homes.co.jp/kodate/b-17010140001216/: could not convert string to float: '174.90ｍ2'
[2024-04-08T07:34:05.114+0000] {real_estates.py:97} ERROR - Error extracting data from https://www.homes.co.jp/kodate/b-17069080002412/: could not convert string to float: '101.46~101.46'
[2024-04-08T07:34:05.399+0000] {real_estates.py:97} ERROR - Error extracting data from https://www.homes.co.jp/kodate/b-17077370000849/: could not convert string to float: '111.19～119.60'
[2024-04-08T07:34:05.868+0000] {real_estates.py:97} ERROR - Error extracting data from https://www.homes.co.jp/kodate/b-17059460000390/: could not convert string to float: '79.19～98.03'
[2024-04-08T07:34:07.976+0000] {real_estates.py:97} ERROR - Error extracting data from https://www.homes.co.jp/kodate/b-17079330002436/: could not convert string to float: '143.53～149.03ｍ2'
[2024-04-08T07:34:08.783+0000] {real_estates.py:97} ERROR - Error extracting data from https://www.homes.co.jp/tochi/b-17002970000583/: could not convert string to float: '2区画\n                                        /\n                                            2区画'
[2024-04-08T07:34:09.173+0000] {real_estates.py:97} ERROR - Error extracting data from https://www.homes.co.jp/kodate/b-17059390000320/: could not convert string to float: '70.13(実測)'
[2024-04-08T07:34:10.387+0000] {real_estates.py:97} ERROR - Error extracting data from https://www.homes.co.jp/kodate/b-17059460000395/: could not convert string to float: '83.06・83.11'
[2024-04-08T07:34:10.721+0000] {real_estates.py:97} ERROR - Error extracting data from https://www.homes.co.jp/tochi/b-17020970024727/: could not convert string to float: '47.73～57.42'
[2024-04-08T07:34:11.065+0000] {real_estates.py:97} ERROR - Error extracting data from https://www.homes.co.jp/kodate/b-17020970024733/: could not convert string to float: '71.37～77.04'
[2024-04-08T07:34:11.538+0000] {real_estates.py:97} ERROR - Error extracting data from https://www.homes.co.jp/kodate/b-17059460000392/: could not convert string to float: '70.04～71.71'
[2024-04-08T07:34:12.019+0000] {real_estates.py:97} ERROR - Error extracting data from https://www.homes.co.jp/tochi/b-17017190000318/: could not convert string to float: '143.16～147.13（43.30坪～44.50坪）'
[2024-04-08T07:34:13.165+0000] {real_estates.py:97} ERROR - Error extracting data from https://www.homes.co.jp/tochi/b-17012640000071/: could not convert string to float: '1区画\n                                        /\n                                            22区画'
[2024-04-08T07:34:13.502+0000] {real_estates.py:97} ERROR - Error extracting data from https://www.homes.co.jp/tochi/b-17020970024734/: could not convert string to float: '1区画\n                                        /\n                                            6区画'
[2024-04-08T07:34:13.905+0000] {real_estates.py:97} ERROR - Error extracting data from https://www.homes.co.jp/kodate/b-17080960000166/: could not convert string to float: '101.43・101.85'
[2024-04-08T07:34:14.325+0000] {real_estates.py:97} ERROR - Error extracting data from https://www.homes.co.jp/kodate/b-17059460000396/: could not convert string to float: '47.54・49.83'
[2024-04-08T07:34:14.746+0000] {real_estates.py:97} ERROR - Error extracting data from https://www.homes.co.jp/kodate/b-17080960000169/: could not convert string to float: '116.28・126.02'
[2024-04-08T07:34:15.211+0000] {real_estates.py:97} ERROR - Error extracting data from https://www.homes.co.jp/tochi/b-17017190000319/: could not convert string to float: '133.90～160.01（40.50坪～48.40坪）'
[2024-04-08T07:34:15.547+0000] {real_estates.py:97} ERROR - Error extracting data from https://www.homes.co.jp/kodate/b-17073850001707/: could not convert string to float: '205.87～207.64'
[2024-04-08T07:34:16.170+0000] {real_estates.py:97} ERROR - Error extracting data from https://www.homes.co.jp/kodate/b-17073810001472/: could not convert string to float: '150.94～153.40'
[2024-04-08T07:34:16.575+0000] {real_estates.py:97} ERROR - Error extracting data from https://www.homes.co.jp/kodate/b-17054070000231/: could not convert string to float: '113.83～121.84'
[2024-04-08T07:34:16.907+0000] {real_estates.py:97} ERROR - Error extracting data from https://www.homes.co.jp/kodate/b-17073790001375/: could not convert string to float: '91.35～93.12'
[2024-04-08T07:34:17.317+0000] {real_estates.py:97} ERROR - Error extracting data from https://www.homes.co.jp/kodate/b-17076860000094/: could not convert string to float: '207.43ｍ2'
[2024-04-08T07:34:18.255+0000] {real_estates.py:97} ERROR - Error extracting data from https://www.homes.co.jp/kodate/b-17059990000230/: could not convert string to float: '46.16～48.02'
[2024-04-08T07:34:18.637+0000] {real_estates.py:97} ERROR - Error extracting data from https://www.homes.co.jp/tochi/b-17072500000139/: could not convert string to float: '158.00～167.34'
[2024-04-08T07:34:19.645+0000] {real_estates.py:97} ERROR - Error extracting data from https://www.homes.co.jp/kodate/b-17020970024729/: could not convert string to float: '43.97～48.66'
[2024-04-08T07:34:20.042+0000] {real_estates.py:97} ERROR - Error extracting data from https://www.homes.co.jp/kodate/b-17059460000393/: could not convert string to float: '76.25・76.29'
[2024-04-08T07:34:20.447+0000] {real_estates.py:97} ERROR - Error extracting data from https://www.homes.co.jp/kodate/b-17079380000027/: could not convert string to float: '139.18ｍ2・146.03ｍ2'
[2024-04-08T07:34:21.743+0000] {real_estates.py:97} ERROR - Error extracting data from https://www.homes.co.jp/kodate/b-17080960000168/: could not convert string to float: '104.66・123.51'
[2024-04-08T07:34:22.483+0000] {real_estates.py:97} ERROR - Error extracting data from https://www.homes.co.jp/kodate/b-17080960000167/: could not convert string to float: '232.72～242.29'
[2024-04-08T07:34:23.390+0000] {real_estates.py:97} ERROR - Error extracting data from https://www.homes.co.jp/kodate/b-17079330002435/: could not convert string to float: '70.48～76.48ｍ2'
[2024-04-08T07:34:24.110+0000] {real_estates.py:97} ERROR - Error extracting data from https://www.homes.co.jp/kodate/b-17024410000026/: could not convert string to float: '61.03ｍ2'
[2024-04-08T07:34:24.579+0000] {real_estates.py:97} ERROR - Error extracting data from https://www.homes.co.jp/kodate/b-17078020001233/: could not convert string to float: '143.00～146.83'
[2024-04-08T07:34:25.314+0000] {real_estates.py:97} ERROR - Error extracting data from https://www.homes.co.jp/kodate/b-17060170009105/: could not convert string to float: '76.77～86.07＜私道負担面積2.14＞'
[2024-04-08T07:34:25.708+0000] {real_estates.py:97} ERROR - Error extracting data from https://www.homes.co.jp/kodate/b-17010140001217/: could not convert string to float: '388.50ｍ2'
[2024-04-08T07:34:26.151+0000] {real_estates.py:97} ERROR - Error extracting data from https://www.homes.co.jp/kodate/b-17082230000429/: could not convert string to float: '100.13・110.54'
[2024-04-08T07:34:26.557+0000] {real_estates.py:97} ERROR - Error extracting data from https://www.homes.co.jp/kodate/b-17054070000229/: could not convert string to float: '199.66・199.67'
[2024-04-08T07:34:27.043+0000] {real_estates.py:97} ERROR - Error extracting data from https://www.homes.co.jp/kodate/b-17079330002437/: could not convert string to float: '96.66ｍ2'
[2024-04-08T07:34:27.463+0000] {real_estates.py:97} ERROR - Error extracting data from https://www.homes.co.jp/kodate/b-17080960000165/: could not convert string to float: '201.05・201.90'
[2024-04-08T07:34:29.437+0000] {real_estates.py:97} ERROR - Error extracting data from https://www.homes.co.jp/kodate/b-17069060011405/: could not convert string to float: '101.08＜私道負担面積144\u3000私道負担割合1/7＞'
[2024-04-08T07:34:30.124+0000] {real_estates.py:97} ERROR - Error extracting data from https://www.homes.co.jp/kodate/b-17020970024732/: could not convert string to float: '79.89～97.90'
[2024-04-08T07:34:30.598+0000] {real_estates.py:97} ERROR - Error extracting data from https://www.homes.co.jp/tochi/b-17002970000584/: could not convert string to float: '6区画\n                                        /\n                                            6区画'
[2024-04-08T07:34:31.440+0000] {real_estates.py:97} ERROR - Error extracting data from https://www.homes.co.jp/kodate/b-17006290000260/: could not convert string to float: '106.32～122.88'
[2024-04-08T07:34:31.875+0000] {real_estates.py:97} ERROR - Error extracting data from https://www.homes.co.jp/kodate/b-17005120000529/: could not convert string to float: '124.54（約37.67坪）'
[2024-04-08T07:34:32.236+0000] {real_estates.py:97} ERROR - Error extracting data from https://www.homes.co.jp/kodate/b-17069080002413/: could not convert string to float: '140.79~155.31'
[2024-04-08T07:34:32.690+0000] {real_estates.py:97} ERROR - Error extracting data from https://www.homes.co.jp/kodate/b-17077500000409/: could not convert string to float: '94.27～96.05'
[2024-04-08T07:34:33.097+0000] {real_estates.py:97} ERROR - Error extracting data from https://www.homes.co.jp/kodate/b-17080960000170/: could not convert string to float: '139.98～165.08'
[2024-04-08T07:34:33.557+0000] {real_estates.py:97} ERROR - Error extracting data from https://www.homes.co.jp/kodate/b-17076860000090/: could not convert string to float: '127.59～127.77ｍ2'
[2024-04-08T07:34:34.179+0000] {real_estates.py:97} ERROR - Error extracting data from https://www.homes.co.jp/kodate/b-17077370000850/: could not convert string to float: '171.39～176.23'
[2024-04-08T07:34:34.528+0000] {real_estates.py:97} ERROR - Error extracting data from https://www.homes.co.jp/kodate/b-17020970024730/: could not convert string to float: '71.77～72.96'
[2024-04-08T07:34:35.411+0000] {real_estates.py:97} ERROR - Error extracting data from https://www.homes.co.jp/kodate/b-17069060011403/: could not convert string to float: '120.33～153.39'
[2024-04-08T07:34:35.898+0000] {real_estates.py:97} ERROR - Error extracting data from https://www.homes.co.jp/kodate/b-17069060011397/: could not convert string to float: '106.08～110.85'
[2024-04-08T07:34:36.343+0000] {real_estates.py:97} ERROR - Error extracting data from https://www.homes.co.jp/kodate/b-17078020001234/: could not convert string to float: '118.71～123.15'
[2024-04-08T07:34:37.080+0000] {real_estates.py:97} ERROR - Error extracting data from https://www.homes.co.jp/kodate/b-17018090001065/: could not convert string to float: '200.99～201.32'
[2024-04-08T07:34:38.363+0000] {real_estates.py:97} ERROR - Error extracting data from https://www.homes.co.jp/kodate/b-17080960000164/: could not convert string to float: '168.26～186.95'
[2024-04-08T07:34:38.810+0000] {real_estates.py:97} ERROR - Error extracting data from https://www.homes.co.jp/kodate/b-17054070000230/: could not convert string to float: '132.22～144.66'
[2024-04-08T07:34:39.231+0000] {real_estates.py:97} ERROR - Error extracting data from https://www.homes.co.jp/kodate/b-17069060011402/: could not convert string to float: '142.97～202.01'
[2024-04-08T07:34:41.219+0000] {real_estates.py:97} ERROR - Error extracting data from https://www.homes.co.jp/kodate/b-17077870000047/: could not convert string to float: '53.95ｍ2'
[2024-04-08T07:34:41.632+0000] {real_estates.py:97} ERROR - Error extracting data from https://www.homes.co.jp/kodate/b-17082230000426/: could not convert string to float: '165・177.71'
[2024-04-08T07:34:42.031+0000] {real_estates.py:97} ERROR - Error extracting data from https://www.homes.co.jp/kodate/b-17021890000233/: could not convert string to float: '74.41ｍ2'
[2024-04-08T07:34:43.548+0000] {real_estates.py:97} ERROR - Error extracting data from https://www.homes.co.jp/tochi/b-17020970024728/: could not convert string to float: '1区画\n                                        /\n                                            1区画'
[2024-04-08T07:34:44.497+0000] {real_estates.py:97} ERROR - Error extracting data from https://www.homes.co.jp/kodate/b-17059460000391/: could not convert string to float: '126.00～150.00'
[2024-04-08T07:34:44.931+0000] {real_estates.py:97} ERROR - Error extracting data from https://www.homes.co.jp/kodate/b-17080950000188/: could not convert string to float: '110.22～128.00'
[2024-04-08T07:34:45.326+0000] {real_estates.py:97} ERROR - Error extracting data from https://www.homes.co.jp/tochi/b-17015760000074/: could not convert string to float: '204.24～275.03'
[2024-04-08T07:34:46.072+0000] {real_estates.py:97} ERROR - Error extracting data from https://www.homes.co.jp/tochi/b-17002970000582/: could not convert string to float: '1区画\n                                        /\n                                            1区画'
[2024-04-08T07:34:46.417+0000] {real_estates.py:97} ERROR - Error extracting data from https://www.homes.co.jp/tochi/b-17068930000037/: could not convert string to float: '177.52～249.79'
[2024-04-08T07:34:46.837+0000] {real_estates.py:97} ERROR - Error extracting data from https://www.homes.co.jp/kodate/b-17005120000531/: could not convert string to float: '159.59（約48.27坪）'
[2024-04-08T07:34:47.231+0000] {real_estates.py:97} ERROR - Error extracting data from https://www.homes.co.jp/kodate/b-17018090001064/: could not convert string to float: '180.66ｍ2・185.25ｍ2'
[2024-04-08T07:34:47.632+0000] {real_estates.py:97} ERROR - Error extracting data from https://www.homes.co.jp/kodate/b-17053680000140/: could not convert string to float: '165.89ｍ2'
[2024-04-08T07:34:47.943+0000] {real_estates.py:97} ERROR - Error extracting data from https://www.homes.co.jp/kodate/b-17073850001705/: could not convert string to float: '121.19～137.88'
[2024-04-08T07:34:48.337+0000] {real_estates.py:97} ERROR - Error extracting data from https://www.homes.co.jp/kodate/b-17080950000189/: could not convert string to float: '160.21・161.49'
[2024-04-08T07:34:49.541+0000] {real_estates.py:97} ERROR - Error extracting data from https://www.homes.co.jp/kodate/b-17080950000186/: could not convert string to float: '110.93・111.23'
[2024-04-08T07:34:49.966+0000] {real_estates.py:97} ERROR - Error extracting data from https://www.homes.co.jp/kodate/b-17069060011404/: could not convert string to float: '78.85～79.97'
[2024-04-08T07:34:50.424+0000] {real_estates.py:97} ERROR - Error extracting data from https://www.homes.co.jp/kodate/b-17076860000093/: could not convert string to float: '110.46～114.87ｍ2'
[2024-04-08T07:34:50.795+0000] {real_estates.py:97} ERROR - Error extracting data from https://www.homes.co.jp/kodate/b-17082070000118/: could not convert string to float: '109.82～121.25'
[2024-04-08T07:34:51.361+0000] {real_estates.py:97} ERROR - Error extracting data from https://www.homes.co.jp/kodate/b-17079330002434/: could not convert string to float: '147.02～148.76'
[2024-04-08T07:34:52.137+0000] {real_estates.py:97} ERROR - Error extracting data from https://www.homes.co.jp/kodate/b-17005120000530/: could not convert string to float: '120.22（約36.36坪）'
[2024-04-08T07:34:52.670+0000] {real_estates.py:97} ERROR - Error extracting data from https://www.homes.co.jp/kodate/b-17069060011401/: could not convert string to float: '114.87～156.63'
[2024-04-08T07:34:53.874+0000] {real_estates.py:97} ERROR - Error extracting data from https://www.homes.co.jp/kodate/b-17020970024737/: could not convert string to float: '84.88～85.64'
[2024-04-08T07:34:54.303+0000] {real_estates.py:97} ERROR - Error extracting data from https://www.homes.co.jp/kodate/b-17080950000185/: could not convert string to float: '131.45・132.57'
[2024-04-08T07:34:54.730+0000] {real_estates.py:97} ERROR - Error extracting data from https://www.homes.co.jp/kodate/b-17080950000187/: could not convert string to float: '100.84～116.42'
[2024-04-08T07:34:55.497+0000] {real_estates.py:97} ERROR - Error extracting data from https://www.homes.co.jp/kodate/b-17076860000092/: could not convert string to float: '152.42～166.78ｍ2'
[2024-04-08T07:34:56.026+0000] {real_estates.py:97} ERROR - Error extracting data from https://www.homes.co.jp/kodate/b-17019460001075/: could not convert string to float: '120.5～134.34'
[2024-04-08T07:34:56.883+0000] {real_estates.py:97} ERROR - Error extracting data from https://www.homes.co.jp/kodate/b-17053900000079/: could not convert string to float: '149.18平米'
[2024-04-08T07:34:57.748+0000] {real_estates.py:97} ERROR - Error extracting data from https://www.homes.co.jp/kodate/b-17005120000532/: could not convert string to float: '188.12（約56.90坪）'
[2024-04-08T07:34:58.951+0000] {real_estates.py:97} ERROR - Error extracting data from https://www.homes.co.jp/kodate/b-17063310000303/: could not convert string to float: '101.35ｍ2～121.43ｍ2'
[2024-04-08T07:34:59.283+0000] {real_estates.py:89} WARNING - https://www.homes.co.jp/kodate/b-32175980000907/ doesn't match any type of format. Skipping...
[2024-04-08T07:34:59.668+0000] {real_estates.py:89} WARNING - https://www.homes.co.jp/kodate/b-1507730000108/ doesn't match any type of format. Skipping...
[2024-04-08T07:35:00.010+0000] {real_estates.py:89} WARNING - https://www.homes.co.jp/kodate/b-1358110006664/ doesn't match any type of format. Skipping...
[2024-04-08T07:35:00.345+0000] {real_estates.py:89} WARNING - https://www.homes.co.jp/kodate/b-1358110006658/ doesn't match any type of format. Skipping...
[2024-04-08T07:35:01.008+0000] {real_estates.py:89} WARNING - https://www.homes.co.jp/kodate/b-1358110006589/ doesn't match any type of format. Skipping...
[2024-04-08T07:35:01.340+0000] {real_estates.py:89} WARNING - https://www.homes.co.jp/kodate/b-1358110006636/ doesn't match any type of format. Skipping...
[2024-04-08T07:35:01.637+0000] {real_estates.py:89} WARNING - https://www.homes.co.jp/kodate/b-32176740000015/ doesn't match any type of format. Skipping...
[2024-04-08T07:35:01.987+0000] {real_estates.py:89} WARNING - https://www.homes.co.jp/kodate/b-32174520000445/ doesn't match any type of format. Skipping...
[2024-04-08T07:35:02.417+0000] {real_estates.py:89} WARNING - https://www.homes.co.jp/kodate/b-1124400015832/ doesn't match any type of format. Skipping...
[2024-04-08T07:35:02.759+0000] {real_estates.py:89} WARNING - https://www.homes.co.jp/kodate/b-1102210024618/ doesn't match any type of format. Skipping...
[2024-04-08T07:35:03.485+0000] {real_estates.py:89} WARNING - https://www.homes.co.jp/kodate/b-1496700003581/ doesn't match any type of format. Skipping...
[2024-04-08T07:35:03.863+0000] {real_estates.py:89} WARNING - https://www.homes.co.jp/kodate/b-1472370004660/ doesn't match any type of format. Skipping...
[2024-04-08T07:35:04.266+0000] {real_estates.py:89} WARNING - https://www.homes.co.jp/kodate/b-1472370004513/ doesn't match any type of format. Skipping...
[2024-04-08T07:35:04.654+0000] {real_estates.py:89} WARNING - https://www.homes.co.jp/kodate/b-1364410009352/ doesn't match any type of format. Skipping...
[2024-04-08T07:35:05.071+0000] {real_estates.py:89} WARNING - https://www.homes.co.jp/kodate/b-1418240004126/ doesn't match any type of format. Skipping...
[2024-04-08T07:35:05.811+0000] {real_estates.py:89} WARNING - https://www.homes.co.jp/kodate/b-1020740082062/ doesn't match any type of format. Skipping...
[2024-04-08T07:35:06.163+0000] {real_estates.py:89} WARNING - https://www.homes.co.jp/kodate/b-1512540001828/ doesn't match any type of format. Skipping...
[2024-04-08T07:35:06.567+0000] {real_estates.py:89} WARNING - https://www.homes.co.jp/kodate/b-1252630010131/ doesn't match any type of format. Skipping...
[2024-04-08T07:35:06.919+0000] {real_estates.py:89} WARNING - https://www.homes.co.jp/kodate/b-1498690000305/ doesn't match any type of format. Skipping...
[2024-04-08T07:35:07.340+0000] {real_estates.py:89} WARNING - https://www.homes.co.jp/kodate/b-1124550022345/ doesn't match any type of format. Skipping...
[2024-04-08T07:35:07.761+0000] {real_estates.py:89} WARNING - https://www.homes.co.jp/kodate/b-1124550022978/ doesn't match any type of format. Skipping...
[2024-04-08T07:35:08.459+0000] {real_estates.py:89} WARNING - https://www.homes.co.jp/kodate/b-93070000083/ doesn't match any type of format. Skipping...
[2024-04-08T07:35:08.797+0000] {real_estates.py:89} WARNING - https://www.homes.co.jp/kodate/b-93070000088/ doesn't match any type of format. Skipping...
[2024-04-08T07:35:09.098+0000] {real_estates.py:89} WARNING - https://www.homes.co.jp/kodate/b-93070000090/ doesn't match any type of format. Skipping...
[2024-04-08T07:35:09.497+0000] {real_estates.py:89} WARNING - https://www.homes.co.jp/kodate/b-93070000098/ doesn't match any type of format. Skipping...
[2024-04-08T07:35:09.895+0000] {real_estates.py:89} WARNING - https://www.homes.co.jp/kodate/b-93070000096/ doesn't match any type of format. Skipping...
[2024-04-08T07:35:10.625+0000] {real_estates.py:89} WARNING - https://www.homes.co.jp/kodate/b-93070000089/ doesn't match any type of format. Skipping...
[2024-04-08T07:35:10.638+0000] {real_estates.py:46} INFO - Extracted 35 real estates
[2024-04-08T07:35:10.671+0000] {python.py:204} INFO - Done. Returned value not shown
[2024-04-08T07:35:10.718+0000] {taskinstance.py:1149} INFO - Marking task as SUCCESS. dag_id=real_estates, task_id=extract_real_estates, execution_date=20240408T073032, start_date=20240408T073355, end_date=20240408T073510
[2024-04-08T07:35:10.810+0000] {local_task_job_runner.py:234} INFO - Task exited with return code 0
[2024-04-08T07:35:10.861+0000] {taskinstance.py:3312} INFO - 2 downstream tasks scheduled from follow-on schedule check
