[2024-04-08T08:05:33.773+0000] {taskinstance.py:1979} INFO - Dependencies all met for dep_context=non-requeueable deps ti=<TaskInstance: real_estates.extract_real_estates manual__2024-04-08T07:30:32.722267+00:00 [queued]>
[2024-04-08T08:05:33.791+0000] {taskinstance.py:1979} INFO - Dependencies all met for dep_context=requeueable deps ti=<TaskInstance: real_estates.extract_real_estates manual__2024-04-08T07:30:32.722267+00:00 [queued]>
[2024-04-08T08:05:33.792+0000] {taskinstance.py:2193} INFO - Starting attempt 3 of 3
[2024-04-08T08:05:33.817+0000] {taskinstance.py:2217} INFO - Executing <Task(_PythonDecoratedOperator): extract_real_estates> on 2024-04-08 07:30:32.722267+00:00
[2024-04-08T08:05:33.831+0000] {standard_task_runner.py:60} INFO - Started process 153 to run task
[2024-04-08T08:05:33.838+0000] {standard_task_runner.py:87} INFO - Running: ['***', 'tasks', 'run', 'real_estates', 'extract_real_estates', 'manual__2024-04-08T07:30:32.722267+00:00', '--job-id', '338', '--raw', '--subdir', 'DAGS_FOLDER/real_estates/__init__.py', '--cfg-path', '/tmp/tmpu2vfycjo']
[2024-04-08T08:05:33.844+0000] {standard_task_runner.py:88} INFO - Job 338: Subtask extract_real_estates
[2024-04-08T08:05:33.940+0000] {task_command.py:423} INFO - Running <TaskInstance: real_estates.extract_real_estates manual__2024-04-08T07:30:32.722267+00:00 [running]> on host 0a1174cdb8a2
[2024-04-08T08:05:34.455+0000] {taskinstance.py:2513} INFO - Exporting env vars: AIRFLOW_CTX_DAG_OWNER='***' AIRFLOW_CTX_DAG_ID='real_estates' AIRFLOW_CTX_TASK_ID='extract_real_estates' AIRFLOW_CTX_EXECUTION_DATE='2024-04-08T07:30:32.722267+00:00' AIRFLOW_CTX_TRY_NUMBER='3' AIRFLOW_CTX_DAG_RUN_ID='manual__2024-04-08T07:30:32.722267+00:00'
[2024-04-08T08:05:37.724+0000] {real_estates.py:37} INFO - Batch 1/1 fetched 156 pages
[2024-04-08T08:06:38.524+0000] {real_estates.py:89} WARNING - https://www.homes.co.jp/kodate/b-32175980000907/ doesn't match any type of format. Skipping...
[2024-04-08T08:06:38.906+0000] {real_estates.py:89} WARNING - https://www.homes.co.jp/kodate/b-1507730000108/ doesn't match any type of format. Skipping...
[2024-04-08T08:06:39.232+0000] {real_estates.py:89} WARNING - https://www.homes.co.jp/kodate/b-1358110006658/ doesn't match any type of format. Skipping...
[2024-04-08T08:06:39.554+0000] {real_estates.py:89} WARNING - https://www.homes.co.jp/kodate/b-1358110006589/ doesn't match any type of format. Skipping...
[2024-04-08T08:06:40.219+0000] {real_estates.py:89} WARNING - https://www.homes.co.jp/kodate/b-1358110006663/ doesn't match any type of format. Skipping...
[2024-04-08T08:06:40.549+0000] {real_estates.py:89} WARNING - https://www.homes.co.jp/kodate/b-1358110006636/ doesn't match any type of format. Skipping...
[2024-04-08T08:06:40.840+0000] {real_estates.py:89} WARNING - https://www.homes.co.jp/kodate/b-32176740000015/ doesn't match any type of format. Skipping...
[2024-04-08T08:06:41.224+0000] {real_estates.py:89} WARNING - https://www.homes.co.jp/kodate/b-1489590006079/ doesn't match any type of format. Skipping...
[2024-04-08T08:06:41.632+0000] {real_estates.py:89} WARNING - https://www.homes.co.jp/kodate/b-1462810000843/ doesn't match any type of format. Skipping...
[2024-04-08T08:06:42.058+0000] {real_estates.py:89} WARNING - https://www.homes.co.jp/kodate/b-1124400015832/ doesn't match any type of format. Skipping...
[2024-04-08T08:06:42.730+0000] {real_estates.py:89} WARNING - https://www.homes.co.jp/kodate/b-1102210024618/ doesn't match any type of format. Skipping...
[2024-04-08T08:06:43.108+0000] {real_estates.py:89} WARNING - https://www.homes.co.jp/kodate/b-1472370004660/ doesn't match any type of format. Skipping...
[2024-04-08T08:06:43.497+0000] {real_estates.py:89} WARNING - https://www.homes.co.jp/kodate/b-1472370004513/ doesn't match any type of format. Skipping...
[2024-04-08T08:06:43.877+0000] {real_estates.py:89} WARNING - https://www.homes.co.jp/kodate/b-1364410009352/ doesn't match any type of format. Skipping...
[2024-04-08T08:06:44.228+0000] {real_estates.py:89} WARNING - https://www.homes.co.jp/kodate/b-1020740082063/ doesn't match any type of format. Skipping...
[2024-04-08T08:06:44.895+0000] {real_estates.py:89} WARNING - https://www.homes.co.jp/kodate/b-1512540001828/ doesn't match any type of format. Skipping...
[2024-04-08T08:06:45.239+0000] {real_estates.py:89} WARNING - https://www.homes.co.jp/kodate/b-1498690000305/ doesn't match any type of format. Skipping...
[2024-04-08T08:06:45.650+0000] {real_estates.py:89} WARNING - https://www.homes.co.jp/kodate/b-1418240004126/ doesn't match any type of format. Skipping...
[2024-04-08T08:06:46.061+0000] {real_estates.py:89} WARNING - https://www.homes.co.jp/kodate/b-1124550022345/ doesn't match any type of format. Skipping...
[2024-04-08T08:06:46.467+0000] {real_estates.py:89} WARNING - https://www.homes.co.jp/kodate/b-1124550022978/ doesn't match any type of format. Skipping...
[2024-04-08T08:06:46.862+0000] {real_estates.py:89} WARNING - https://www.homes.co.jp/kodate/b-1496700003581/ doesn't match any type of format. Skipping...
[2024-04-08T08:06:47.619+0000] {real_estates.py:89} WARNING - https://www.homes.co.jp/kodate/b-1252630010131/ doesn't match any type of format. Skipping...
[2024-04-08T08:06:47.948+0000] {real_estates.py:89} WARNING - https://www.homes.co.jp/kodate/b-93070000087/ doesn't match any type of format. Skipping...
[2024-04-08T08:06:48.287+0000] {real_estates.py:89} WARNING - https://www.homes.co.jp/kodate/b-93070000088/ doesn't match any type of format. Skipping...
[2024-04-08T08:06:48.592+0000] {real_estates.py:89} WARNING - https://www.homes.co.jp/kodate/b-93070000090/ doesn't match any type of format. Skipping...
[2024-04-08T08:06:48.991+0000] {real_estates.py:89} WARNING - https://www.homes.co.jp/kodate/b-93070000098/ doesn't match any type of format. Skipping...
[2024-04-08T08:06:49.722+0000] {real_estates.py:89} WARNING - https://www.homes.co.jp/kodate/b-93070000096/ doesn't match any type of format. Skipping...
[2024-04-08T08:06:50.119+0000] {real_estates.py:89} WARNING - https://www.homes.co.jp/kodate/b-93070000089/ doesn't match any type of format. Skipping...
[2024-04-08T08:06:50.132+0000] {real_estates.py:46} INFO - Extracted 128 real estates
[2024-04-08T08:06:50.167+0000] {python.py:204} INFO - Done. Returned value not shown
[2024-04-08T08:06:50.222+0000] {taskinstance.py:1149} INFO - Marking task as SUCCESS. dag_id=real_estates, task_id=extract_real_estates, execution_date=20240408T073032, start_date=20240408T080533, end_date=20240408T080650
[2024-04-08T08:06:50.322+0000] {local_task_job_runner.py:234} INFO - Task exited with return code 0
[2024-04-08T08:06:50.368+0000] {taskinstance.py:3312} INFO - 0 downstream tasks scheduled from follow-on schedule check
