[2024-04-05T00:00:02.252+0000] {taskinstance.py:1979} INFO - Dependencies all met for dep_context=non-requeueable deps ti=<TaskInstance: real_estates.extract_real_estate_urls scheduled__2024-04-04T00:00:00+00:00 [queued]>
[2024-04-05T00:00:02.272+0000] {taskinstance.py:1979} INFO - Dependencies all met for dep_context=requeueable deps ti=<TaskInstance: real_estates.extract_real_estate_urls scheduled__2024-04-04T00:00:00+00:00 [queued]>
[2024-04-05T00:00:02.273+0000] {taskinstance.py:2193} INFO - Starting attempt 1 of 1
[2024-04-05T00:00:02.307+0000] {taskinstance.py:2217} INFO - Executing <Task(_PythonDecoratedOperator): extract_real_estate_urls> on 2024-04-04 00:00:00+00:00
[2024-04-05T00:00:02.322+0000] {standard_task_runner.py:60} INFO - Started process 16468 to run task
[2024-04-05T00:00:02.329+0000] {standard_task_runner.py:87} INFO - Running: ['***', 'tasks', 'run', 'real_estates', 'extract_real_estate_urls', 'scheduled__2024-04-04T00:00:00+00:00', '--job-id', '243', '--raw', '--subdir', 'DAGS_FOLDER/real_estates/__init__.py', '--cfg-path', '/tmp/tmpynu8vaee']
[2024-04-05T00:00:02.335+0000] {standard_task_runner.py:88} INFO - Job 243: Subtask extract_real_estate_urls
[2024-04-05T00:00:02.759+0000] {task_command.py:423} INFO - Running <TaskInstance: real_estates.extract_real_estate_urls scheduled__2024-04-04T00:00:00+00:00 [running]> on host 05a350db99a0
[2024-04-05T00:00:02.922+0000] {taskinstance.py:2513} INFO - Exporting env vars: AIRFLOW_CTX_DAG_OWNER='***' AIRFLOW_CTX_DAG_ID='real_estates' AIRFLOW_CTX_TASK_ID='extract_real_estate_urls' AIRFLOW_CTX_EXECUTION_DATE='2024-04-04T00:00:00+00:00' AIRFLOW_CTX_TRY_NUMBER='1' AIRFLOW_CTX_DAG_RUN_ID='scheduled__2024-04-04T00:00:00+00:00'
[2024-04-05T00:00:04.702+0000] {urls.py:36} INFO - Found 78043 real estates
[2024-04-05T00:00:04.708+0000] {urls.py:41} INFO - Found 2002 pages
[2024-04-05T00:00:34.414+0000] {urls.py:55} INFO - Batch 1/1 fetched 2002 pages
[2024-04-05T00:27:53.777+0000] {urls.py:106} WARNING - No real estate divs found on page 1996
[2024-04-05T00:27:54.827+0000] {urls.py:106} WARNING - No real estate divs found on page 1997
[2024-04-05T00:27:57.557+0000] {urls.py:106} WARNING - No real estate divs found on page 2001
[2024-04-05T00:27:58.106+0000] {urls.py:106} WARNING - No real estate divs found on page 2002
[2024-04-05T00:27:58.360+0000] {python.py:204} INFO - Done. Returned value not shown
[2024-04-05T00:27:58.641+0000] {taskinstance.py:1149} INFO - Marking task as SUCCESS. dag_id=real_estates, task_id=extract_real_estate_urls, execution_date=20240404T000000, start_date=20240405T000002, end_date=20240405T002758
[2024-04-05T00:27:58.847+0000] {local_task_job_runner.py:234} INFO - Task exited with return code 0
[2024-04-05T00:27:58.905+0000] {taskinstance.py:3312} INFO - 2 downstream tasks scheduled from follow-on schedule check
