[2024-04-06T00:00:02.426+0000] {taskinstance.py:1979} INFO - Dependencies all met for dep_context=non-requeueable deps ti=<TaskInstance: real_estates.extract_real_estate_urls scheduled__2024-04-05T00:00:00+00:00 [queued]>
[2024-04-06T00:00:02.445+0000] {taskinstance.py:1979} INFO - Dependencies all met for dep_context=requeueable deps ti=<TaskInstance: real_estates.extract_real_estate_urls scheduled__2024-04-05T00:00:00+00:00 [queued]>
[2024-04-06T00:00:02.446+0000] {taskinstance.py:2193} INFO - Starting attempt 1 of 1
[2024-04-06T00:00:02.472+0000] {taskinstance.py:2217} INFO - Executing <Task(_PythonDecoratedOperator): extract_real_estate_urls> on 2024-04-05 00:00:00+00:00
[2024-04-06T00:00:02.487+0000] {standard_task_runner.py:60} INFO - Started process 35935 to run task
[2024-04-06T00:00:02.494+0000] {standard_task_runner.py:87} INFO - Running: ['***', 'tasks', 'run', 'real_estates', 'extract_real_estate_urls', 'scheduled__2024-04-05T00:00:00+00:00', '--job-id', '250', '--raw', '--subdir', 'DAGS_FOLDER/real_estates/__init__.py', '--cfg-path', '/tmp/tmpes5in_hp']
[2024-04-06T00:00:02.500+0000] {standard_task_runner.py:88} INFO - Job 250: Subtask extract_real_estate_urls
[2024-04-06T00:00:02.603+0000] {task_command.py:423} INFO - Running <TaskInstance: real_estates.extract_real_estate_urls scheduled__2024-04-05T00:00:00+00:00 [running]> on host 05a350db99a0
[2024-04-06T00:00:03.083+0000] {taskinstance.py:2513} INFO - Exporting env vars: AIRFLOW_CTX_DAG_OWNER='***' AIRFLOW_CTX_DAG_ID='real_estates' AIRFLOW_CTX_TASK_ID='extract_real_estate_urls' AIRFLOW_CTX_EXECUTION_DATE='2024-04-05T00:00:00+00:00' AIRFLOW_CTX_TRY_NUMBER='1' AIRFLOW_CTX_DAG_RUN_ID='scheduled__2024-04-05T00:00:00+00:00'
[2024-04-06T00:00:04.858+0000] {urls.py:36} INFO - Found 82474 real estates
[2024-04-06T00:00:04.864+0000] {urls.py:41} INFO - Found 2115 pages
[2024-04-06T00:00:36.699+0000] {urls.py:55} INFO - Batch 1/1 fetched 2115 pages
[2024-04-06T00:29:34.348+0000] {urls.py:106} WARNING - No real estate divs found on page 2101
[2024-04-06T00:29:38.703+0000] {urls.py:106} WARNING - No real estate divs found on page 2108
[2024-04-06T00:29:39.779+0000] {urls.py:106} WARNING - No real estate divs found on page 2109
[2024-04-06T00:29:40.486+0000] {urls.py:106} WARNING - No real estate divs found on page 2110
[2024-04-06T00:29:41.207+0000] {urls.py:106} WARNING - No real estate divs found on page 2111
[2024-04-06T00:29:43.659+0000] {urls.py:106} WARNING - No real estate divs found on page 2115
[2024-04-06T00:29:43.998+0000] {python.py:204} INFO - Done. Returned value not shown
[2024-04-06T00:29:44.287+0000] {taskinstance.py:1149} INFO - Marking task as SUCCESS. dag_id=real_estates, task_id=extract_real_estate_urls, execution_date=20240405T000000, start_date=20240406T000002, end_date=20240406T002944
[2024-04-06T00:29:44.389+0000] {local_task_job_runner.py:234} INFO - Task exited with return code 0
[2024-04-06T00:29:44.444+0000] {taskinstance.py:3312} INFO - 2 downstream tasks scheduled from follow-on schedule check
