[2024-04-05T00:34:31.044+0000] {taskinstance.py:1979} INFO - Dependencies all met for dep_context=non-requeueable deps ti=<TaskInstance: real_estates.transform_parse_address scheduled__2024-04-04T00:00:00+00:00 [queued]>
[2024-04-05T00:34:31.062+0000] {taskinstance.py:1979} INFO - Dependencies all met for dep_context=requeueable deps ti=<TaskInstance: real_estates.transform_parse_address scheduled__2024-04-04T00:00:00+00:00 [queued]>
[2024-04-05T00:34:31.063+0000] {taskinstance.py:2193} INFO - Starting attempt 1 of 1
[2024-04-05T00:34:31.088+0000] {taskinstance.py:2217} INFO - Executing <Task(_PythonDecoratedOperator): transform_parse_address> on 2024-04-04 00:00:00+00:00
[2024-04-05T00:34:31.103+0000] {standard_task_runner.py:60} INFO - Started process 16950 to run task
[2024-04-05T00:34:31.110+0000] {standard_task_runner.py:87} INFO - Running: ['***', 'tasks', 'run', 'real_estates', 'transform_parse_address', 'scheduled__2024-04-04T00:00:00+00:00', '--job-id', '246', '--raw', '--subdir', 'DAGS_FOLDER/real_estates/__init__.py', '--cfg-path', '/tmp/tmp6pm9fb6b']
[2024-04-05T00:34:31.115+0000] {standard_task_runner.py:88} INFO - Job 246: Subtask transform_parse_address
[2024-04-05T00:34:31.539+0000] {task_command.py:423} INFO - Running <TaskInstance: real_estates.transform_parse_address scheduled__2024-04-04T00:00:00+00:00 [running]> on host 05a350db99a0
[2024-04-05T00:34:32.004+0000] {taskinstance.py:2513} INFO - Exporting env vars: AIRFLOW_CTX_DAG_OWNER='***' AIRFLOW_CTX_DAG_ID='real_estates' AIRFLOW_CTX_TASK_ID='transform_parse_address' AIRFLOW_CTX_EXECUTION_DATE='2024-04-04T00:00:00+00:00' AIRFLOW_CTX_TRY_NUMBER='1' AIRFLOW_CTX_DAG_RUN_ID='scheduled__2024-04-04T00:00:00+00:00'
[2024-04-05T00:34:32.014+0000] {__init__.py:98} WARNING - Town 千住宮元町 not in database
[2024-04-05T00:34:32.015+0000] {__init__.py:98} WARNING - Town 元橋本町 not in database
[2024-04-05T00:34:32.017+0000] {__init__.py:98} WARNING - Town 東町 not in database
[2024-04-05T00:34:32.019+0000] {__init__.py:98} WARNING - Town 西新井本町 not in database
[2024-04-05T00:34:32.020+0000] {__init__.py:98} WARNING - Town 藤原光町 not in database
[2024-04-05T00:34:32.022+0000] {__init__.py:98} WARNING - Town 南町 not in database
[2024-04-05T00:34:32.023+0000] {__init__.py:98} WARNING - Town ひうみ町 not in database
[2024-04-05T00:34:32.023+0000] {__init__.py:98} WARNING - Town 南八幡町 not in database
[2024-04-05T00:34:32.024+0000] {__init__.py:98} WARNING - Town 散田町 not in database
[2024-04-05T00:34:32.025+0000] {__init__.py:98} WARNING - Town 並木西町 not in database
[2024-04-05T00:34:32.027+0000] {__init__.py:98} WARNING - Town 須惠町 not in database
[2024-04-05T00:34:32.028+0000] {__init__.py:98} WARNING - Town 若葉町 not in database
[2024-04-05T00:34:32.029+0000] {__init__.py:98} WARNING - Town 東金町 not in database
[2024-04-05T00:34:32.032+0000] {__init__.py:98} WARNING - Town 若松町 not in database
[2024-04-05T00:34:32.033+0000] {__init__.py:98} WARNING - Town 中町 not in database
[2024-04-05T00:34:32.033+0000] {__init__.py:98} WARNING - Town 大地町 not in database
[2024-04-05T00:34:32.034+0000] {__init__.py:98} WARNING - Town 追分町 not in database
[2024-04-05T00:34:32.035+0000] {__init__.py:98} WARNING - Town 若松町 not in database
[2024-04-05T00:34:32.036+0000] {__init__.py:98} WARNING - Town 幸町 not in database
[2024-04-05T00:34:32.036+0000] {__init__.py:98} WARNING - Town 新町 not in database
[2024-04-05T00:34:32.037+0000] {__init__.py:98} WARNING - Town 宮本町 not in database
[2024-04-05T00:34:32.038+0000] {__init__.py:98} WARNING - Town 中央本町 not in database
[2024-04-05T00:34:32.039+0000] {__init__.py:98} WARNING - Town 藤原西町 not in database
[2024-04-05T00:34:32.040+0000] {__init__.py:98} WARNING - Town 西戸部町 not in database
[2024-04-05T00:34:32.041+0000] {__init__.py:98} WARNING - Town 東元町 not in database
[2024-04-05T00:34:32.042+0000] {python.py:204} INFO - Done. Returned value not shown
[2024-04-05T00:34:32.155+0000] {taskinstance.py:1149} INFO - Marking task as SUCCESS. dag_id=real_estates, task_id=transform_parse_address, execution_date=20240404T000000, start_date=20240405T003431, end_date=20240405T003432
[2024-04-05T00:34:32.244+0000] {local_task_job_runner.py:234} INFO - Task exited with return code 0
[2024-04-05T00:34:32.593+0000] {taskinstance.py:3312} INFO - 2 downstream tasks scheduled from follow-on schedule check
