[2024-04-07T00:00:01.627+0000] {taskinstance.py:1979} INFO - Dependencies all met for dep_context=non-requeueable deps ti=<TaskInstance: real_estates.extract_real_estate_urls scheduled__2024-04-06T00:00:00+00:00 [queued]>
[2024-04-07T00:00:01.645+0000] {taskinstance.py:1979} INFO - Dependencies all met for dep_context=requeueable deps ti=<TaskInstance: real_estates.extract_real_estate_urls scheduled__2024-04-06T00:00:00+00:00 [queued]>
[2024-04-07T00:00:01.645+0000] {taskinstance.py:2193} INFO - Starting attempt 1 of 1
[2024-04-07T00:00:01.673+0000] {taskinstance.py:2217} INFO - Executing <Task(_PythonDecoratedOperator): extract_real_estate_urls> on 2024-04-06 00:00:00+00:00
[2024-04-07T00:00:01.687+0000] {standard_task_runner.py:60} INFO - Started process 55393 to run task
[2024-04-07T00:00:01.695+0000] {standard_task_runner.py:87} INFO - Running: ['***', 'tasks', 'run', 'real_estates', 'extract_real_estate_urls', 'scheduled__2024-04-06T00:00:00+00:00', '--job-id', '257', '--raw', '--subdir', 'DAGS_FOLDER/real_estates/__init__.py', '--cfg-path', '/tmp/tmpq9o1l_23']
[2024-04-07T00:00:01.700+0000] {standard_task_runner.py:88} INFO - Job 257: Subtask extract_real_estate_urls
[2024-04-07T00:00:02.119+0000] {task_command.py:423} INFO - Running <TaskInstance: real_estates.extract_real_estate_urls scheduled__2024-04-06T00:00:00+00:00 [running]> on host 05a350db99a0
[2024-04-07T00:00:02.283+0000] {taskinstance.py:2513} INFO - Exporting env vars: AIRFLOW_CTX_DAG_OWNER='***' AIRFLOW_CTX_DAG_ID='real_estates' AIRFLOW_CTX_TASK_ID='extract_real_estate_urls' AIRFLOW_CTX_EXECUTION_DATE='2024-04-06T00:00:00+00:00' AIRFLOW_CTX_TRY_NUMBER='1' AIRFLOW_CTX_DAG_RUN_ID='scheduled__2024-04-06T00:00:00+00:00'
[2024-04-07T00:00:04.191+0000] {urls.py:36} INFO - Found 85547 real estates
[2024-04-07T00:00:04.196+0000] {urls.py:41} INFO - Found 2185 pages
[2024-04-07T00:00:37.011+0000] {urls.py:55} INFO - Batch 1/1 fetched 2185 pages
[2024-04-07T00:30:35.990+0000] {urls.py:106} WARNING - No real estate divs found on page 2179
[2024-04-07T00:30:36.709+0000] {urls.py:106} WARNING - No real estate divs found on page 2180
[2024-04-07T00:30:37.388+0000] {urls.py:106} WARNING - No real estate divs found on page 2181
[2024-04-07T00:30:39.786+0000] {urls.py:106} WARNING - No real estate divs found on page 2185
[2024-04-07T00:30:40.133+0000] {python.py:204} INFO - Done. Returned value not shown
[2024-04-07T00:30:40.368+0000] {taskinstance.py:1149} INFO - Marking task as SUCCESS. dag_id=real_estates, task_id=extract_real_estate_urls, execution_date=20240406T000000, start_date=20240407T000001, end_date=20240407T003040
[2024-04-07T00:30:40.500+0000] {local_task_job_runner.py:234} INFO - Task exited with return code 0
[2024-04-07T00:30:40.553+0000] {taskinstance.py:3312} INFO - 2 downstream tasks scheduled from follow-on schedule check
