[2024-04-08T03:12:26.889+0000] {taskinstance.py:1979} INFO - Dependencies all met for dep_context=non-requeueable deps ti=<TaskInstance: real_estates.load_to_one_c scheduled__2024-04-06T00:00:00+00:00 [queued]>
[2024-04-08T03:12:26.907+0000] {taskinstance.py:1979} INFO - Dependencies all met for dep_context=requeueable deps ti=<TaskInstance: real_estates.load_to_one_c scheduled__2024-04-06T00:00:00+00:00 [queued]>
[2024-04-08T03:12:26.909+0000] {taskinstance.py:2193} INFO - Starting attempt 3 of 3
[2024-04-08T03:12:26.934+0000] {taskinstance.py:2217} INFO - Executing <Task(_PythonDecoratedOperator): load_to_one_c> on 2024-04-06 00:00:00+00:00
[2024-04-08T03:12:26.946+0000] {standard_task_runner.py:60} INFO - Started process 77530 to run task
[2024-04-08T03:12:26.955+0000] {standard_task_runner.py:87} INFO - Running: ['***', 'tasks', 'run', 'real_estates', 'load_to_one_c', 'scheduled__2024-04-06T00:00:00+00:00', '--job-id', '282', '--raw', '--subdir', 'DAGS_FOLDER/real_estates/__init__.py', '--cfg-path', '/tmp/tmpd1elsnos']
[2024-04-08T03:12:26.962+0000] {standard_task_runner.py:88} INFO - Job 282: Subtask load_to_one_c
[2024-04-08T03:12:27.370+0000] {task_command.py:423} INFO - Running <TaskInstance: real_estates.load_to_one_c scheduled__2024-04-06T00:00:00+00:00 [running]> on host 05a350db99a0
[2024-04-08T03:12:27.964+0000] {taskinstance.py:2513} INFO - Exporting env vars: AIRFLOW_CTX_DAG_OWNER='***' AIRFLOW_CTX_DAG_ID='real_estates' AIRFLOW_CTX_TASK_ID='load_to_one_c' AIRFLOW_CTX_EXECUTION_DATE='2024-04-06T00:00:00+00:00' AIRFLOW_CTX_TRY_NUMBER='3' AIRFLOW_CTX_DAG_RUN_ID='scheduled__2024-04-06T00:00:00+00:00'
[2024-04-08T03:12:29.578+0000] {one_c.py:90} INFO - Inserted data to 1C with code 201
[2024-04-08T03:12:29.651+0000] {one_c.py:90} INFO - Inserted data to 1C with code 201
[2024-04-08T03:12:29.722+0000] {one_c.py:90} INFO - Inserted data to 1C with code 201
[2024-04-08T03:12:29.797+0000] {one_c.py:90} INFO - Inserted data to 1C with code 201
[2024-04-08T03:12:29.884+0000] {one_c.py:90} INFO - Inserted data to 1C with code 201
[2024-04-08T03:12:29.958+0000] {one_c.py:90} INFO - Inserted data to 1C with code 201
[2024-04-08T03:12:30.038+0000] {one_c.py:90} INFO - Inserted data to 1C with code 201
[2024-04-08T03:12:30.110+0000] {one_c.py:90} INFO - Inserted data to 1C with code 201
[2024-04-08T03:12:30.184+0000] {one_c.py:90} INFO - Inserted data to 1C with code 201
[2024-04-08T03:12:30.259+0000] {one_c.py:90} INFO - Inserted data to 1C with code 201
[2024-04-08T03:12:30.333+0000] {one_c.py:90} INFO - Inserted data to 1C with code 201
[2024-04-08T03:12:30.408+0000] {one_c.py:90} INFO - Inserted data to 1C with code 201
[2024-04-08T03:12:30.484+0000] {one_c.py:90} INFO - Inserted data to 1C with code 201
[2024-04-08T03:12:30.558+0000] {one_c.py:90} INFO - Inserted data to 1C with code 201
[2024-04-08T03:12:30.632+0000] {one_c.py:90} INFO - Inserted data to 1C with code 201
[2024-04-08T03:12:30.703+0000] {one_c.py:90} INFO - Inserted data to 1C with code 201
[2024-04-08T03:12:30.776+0000] {one_c.py:90} INFO - Inserted data to 1C with code 201
[2024-04-08T03:12:30.850+0000] {one_c.py:90} INFO - Inserted data to 1C with code 201
[2024-04-08T03:12:30.928+0000] {one_c.py:90} INFO - Inserted data to 1C with code 201
[2024-04-08T03:12:31.014+0000] {one_c.py:90} INFO - Inserted data to 1C with code 201
[2024-04-08T03:12:31.087+0000] {one_c.py:90} INFO - Inserted data to 1C with code 201
[2024-04-08T03:12:31.160+0000] {one_c.py:90} INFO - Inserted data to 1C with code 201
[2024-04-08T03:12:31.236+0000] {one_c.py:90} INFO - Inserted data to 1C with code 201
[2024-04-08T03:12:31.309+0000] {one_c.py:90} INFO - Inserted data to 1C with code 201
[2024-04-08T03:12:31.382+0000] {one_c.py:90} INFO - Inserted data to 1C with code 201
[2024-04-08T03:12:31.458+0000] {one_c.py:90} INFO - Inserted data to 1C with code 201
[2024-04-08T03:12:31.533+0000] {one_c.py:90} INFO - Inserted data to 1C with code 201
[2024-04-08T03:12:31.610+0000] {one_c.py:90} INFO - Inserted data to 1C with code 201
[2024-04-08T03:12:31.686+0000] {one_c.py:90} INFO - Inserted data to 1C with code 201
[2024-04-08T03:12:31.759+0000] {one_c.py:90} INFO - Inserted data to 1C with code 201
[2024-04-08T03:12:31.845+0000] {one_c.py:90} INFO - Inserted data to 1C with code 201
[2024-04-08T03:12:31.921+0000] {one_c.py:90} INFO - Inserted data to 1C with code 201
[2024-04-08T03:12:31.996+0000] {one_c.py:90} INFO - Inserted data to 1C with code 201
[2024-04-08T03:12:32.081+0000] {one_c.py:90} INFO - Inserted data to 1C with code 201
[2024-04-08T03:12:32.154+0000] {one_c.py:90} INFO - Inserted data to 1C with code 201
[2024-04-08T03:12:32.230+0000] {one_c.py:90} INFO - Inserted data to 1C with code 201
[2024-04-08T03:12:32.305+0000] {one_c.py:90} INFO - Inserted data to 1C with code 201
[2024-04-08T03:12:32.381+0000] {one_c.py:90} INFO - Inserted data to 1C with code 201
[2024-04-08T03:12:32.419+0000] {one_c.py:90} INFO - Inserted data to 1C with code 201
[2024-04-08T03:12:32.494+0000] {one_c.py:90} INFO - Inserted data to 1C with code 201
[2024-04-08T03:12:32.570+0000] {one_c.py:90} INFO - Inserted data to 1C with code 201
[2024-04-08T03:12:32.644+0000] {one_c.py:90} INFO - Inserted data to 1C with code 201
[2024-04-08T03:12:32.727+0000] {one_c.py:90} INFO - Inserted data to 1C with code 201
[2024-04-08T03:12:32.802+0000] {one_c.py:90} INFO - Inserted data to 1C with code 201
[2024-04-08T03:12:32.876+0000] {one_c.py:90} INFO - Inserted data to 1C with code 201
[2024-04-08T03:12:32.955+0000] {one_c.py:90} INFO - Inserted data to 1C with code 201
[2024-04-08T03:12:32.993+0000] {one_c.py:90} INFO - Inserted data to 1C with code 201
[2024-04-08T03:12:33.032+0000] {one_c.py:90} INFO - Inserted data to 1C with code 201
[2024-04-08T03:12:33.110+0000] {one_c.py:90} INFO - Inserted data to 1C with code 201
[2024-04-08T03:12:33.187+0000] {one_c.py:90} INFO - Inserted data to 1C with code 201
[2024-04-08T03:12:33.264+0000] {one_c.py:90} INFO - Inserted data to 1C with code 201
[2024-04-08T03:12:33.339+0000] {one_c.py:90} INFO - Inserted data to 1C with code 201
[2024-04-08T03:12:33.413+0000] {one_c.py:90} INFO - Inserted data to 1C with code 201
[2024-04-08T03:12:33.451+0000] {one_c.py:90} INFO - Inserted data to 1C with code 201
[2024-04-08T03:12:33.528+0000] {one_c.py:90} INFO - Inserted data to 1C with code 201
[2024-04-08T03:12:33.605+0000] {one_c.py:90} INFO - Inserted data to 1C with code 201
[2024-04-08T03:12:33.682+0000] {one_c.py:90} INFO - Inserted data to 1C with code 201
[2024-04-08T03:12:33.755+0000] {one_c.py:90} INFO - Inserted data to 1C with code 201
[2024-04-08T03:12:33.836+0000] {one_c.py:90} INFO - Inserted data to 1C with code 201
[2024-04-08T03:12:33.909+0000] {one_c.py:90} INFO - Inserted data to 1C with code 201
[2024-04-08T03:12:33.987+0000] {one_c.py:90} INFO - Inserted data to 1C with code 201
[2024-04-08T03:12:34.063+0000] {one_c.py:90} INFO - Inserted data to 1C with code 201
[2024-04-08T03:12:34.151+0000] {one_c.py:90} INFO - Inserted data to 1C with code 201
[2024-04-08T03:12:34.229+0000] {one_c.py:90} INFO - Inserted data to 1C with code 201
[2024-04-08T03:12:34.305+0000] {one_c.py:90} INFO - Inserted data to 1C with code 201
[2024-04-08T03:12:34.380+0000] {one_c.py:90} INFO - Inserted data to 1C with code 201
[2024-04-08T03:12:34.454+0000] {one_c.py:90} INFO - Inserted data to 1C with code 201
[2024-04-08T03:12:34.530+0000] {one_c.py:90} INFO - Inserted data to 1C with code 201
[2024-04-08T03:12:34.605+0000] {one_c.py:90} INFO - Inserted data to 1C with code 201
[2024-04-08T03:12:34.680+0000] {one_c.py:90} INFO - Inserted data to 1C with code 201
[2024-04-08T03:12:34.757+0000] {one_c.py:90} INFO - Inserted data to 1C with code 201
[2024-04-08T03:12:34.833+0000] {one_c.py:90} INFO - Inserted data to 1C with code 201
[2024-04-08T03:12:34.908+0000] {one_c.py:90} INFO - Inserted data to 1C with code 201
[2024-04-08T03:12:34.986+0000] {one_c.py:90} INFO - Inserted data to 1C with code 201
[2024-04-08T03:12:35.061+0000] {one_c.py:90} INFO - Inserted data to 1C with code 201
[2024-04-08T03:12:35.138+0000] {one_c.py:90} INFO - Inserted data to 1C with code 201
[2024-04-08T03:12:35.217+0000] {one_c.py:90} INFO - Inserted data to 1C with code 201
[2024-04-08T03:12:35.291+0000] {one_c.py:90} INFO - Inserted data to 1C with code 201
[2024-04-08T03:12:35.366+0000] {one_c.py:90} INFO - Inserted data to 1C with code 201
[2024-04-08T03:12:35.440+0000] {one_c.py:90} INFO - Inserted data to 1C with code 201
[2024-04-08T03:12:35.519+0000] {one_c.py:90} INFO - Inserted data to 1C with code 201
[2024-04-08T03:12:35.594+0000] {one_c.py:90} INFO - Inserted data to 1C with code 201
[2024-04-08T03:12:35.669+0000] {one_c.py:90} INFO - Inserted data to 1C with code 201
[2024-04-08T03:12:35.745+0000] {one_c.py:90} INFO - Inserted data to 1C with code 201
[2024-04-08T03:12:35.818+0000] {one_c.py:90} INFO - Inserted data to 1C with code 201
[2024-04-08T03:12:35.893+0000] {one_c.py:90} INFO - Inserted data to 1C with code 201
[2024-04-08T03:12:35.971+0000] {one_c.py:90} INFO - Inserted data to 1C with code 201
[2024-04-08T03:12:36.048+0000] {one_c.py:90} INFO - Inserted data to 1C with code 201
[2024-04-08T03:12:36.121+0000] {one_c.py:90} INFO - Inserted data to 1C with code 201
[2024-04-08T03:12:36.196+0000] {one_c.py:90} INFO - Inserted data to 1C with code 201
[2024-04-08T03:12:36.270+0000] {one_c.py:90} INFO - Inserted data to 1C with code 201
[2024-04-08T03:12:36.344+0000] {one_c.py:90} INFO - Inserted data to 1C with code 201
[2024-04-08T03:12:36.419+0000] {one_c.py:90} INFO - Inserted data to 1C with code 201
[2024-04-08T03:12:36.493+0000] {one_c.py:90} INFO - Inserted data to 1C with code 201
[2024-04-08T03:12:36.568+0000] {one_c.py:90} INFO - Inserted data to 1C with code 201
[2024-04-08T03:12:36.658+0000] {one_c.py:90} INFO - Inserted data to 1C with code 201
[2024-04-08T03:12:36.730+0000] {one_c.py:90} INFO - Inserted data to 1C with code 201
[2024-04-08T03:12:36.804+0000] {one_c.py:90} INFO - Inserted data to 1C with code 201
[2024-04-08T03:12:36.878+0000] {one_c.py:90} INFO - Inserted data to 1C with code 201
[2024-04-08T03:12:36.956+0000] {one_c.py:90} INFO - Inserted data to 1C with code 201
[2024-04-08T03:12:37.030+0000] {one_c.py:90} INFO - Inserted data to 1C with code 201
[2024-04-08T03:12:37.106+0000] {one_c.py:90} INFO - Inserted data to 1C with code 201
[2024-04-08T03:12:37.178+0000] {one_c.py:90} INFO - Inserted data to 1C with code 201
[2024-04-08T03:12:37.251+0000] {one_c.py:90} INFO - Inserted data to 1C with code 201
[2024-04-08T03:12:37.327+0000] {one_c.py:90} INFO - Inserted data to 1C with code 201
[2024-04-08T03:12:37.405+0000] {one_c.py:90} INFO - Inserted data to 1C with code 201
[2024-04-08T03:12:37.479+0000] {one_c.py:90} INFO - Inserted data to 1C with code 201
[2024-04-08T03:12:37.556+0000] {one_c.py:90} INFO - Inserted data to 1C with code 201
[2024-04-08T03:12:37.629+0000] {one_c.py:90} INFO - Inserted data to 1C with code 201
[2024-04-08T03:12:37.739+0000] {one_c.py:90} INFO - Inserted data to 1C with code 201
[2024-04-08T03:12:37.824+0000] {one_c.py:90} INFO - Inserted data to 1C with code 201
[2024-04-08T03:12:37.898+0000] {one_c.py:90} INFO - Inserted data to 1C with code 201
[2024-04-08T03:12:37.976+0000] {one_c.py:90} INFO - Inserted data to 1C with code 201
[2024-04-08T03:12:38.054+0000] {one_c.py:90} INFO - Inserted data to 1C with code 201
[2024-04-08T03:12:38.131+0000] {one_c.py:90} INFO - Inserted data to 1C with code 201
[2024-04-08T03:12:38.206+0000] {one_c.py:90} INFO - Inserted data to 1C with code 201
[2024-04-08T03:12:38.286+0000] {one_c.py:90} INFO - Inserted data to 1C with code 201
[2024-04-08T03:12:38.361+0000] {one_c.py:90} INFO - Inserted data to 1C with code 201
[2024-04-08T03:12:38.442+0000] {one_c.py:90} INFO - Inserted data to 1C with code 201
[2024-04-08T03:12:38.520+0000] {one_c.py:90} INFO - Inserted data to 1C with code 201
[2024-04-08T03:12:38.592+0000] {one_c.py:90} INFO - Inserted data to 1C with code 201
[2024-04-08T03:12:38.665+0000] {one_c.py:90} INFO - Inserted data to 1C with code 201
[2024-04-08T03:12:38.744+0000] {one_c.py:90} INFO - Inserted data to 1C with code 201
[2024-04-08T03:12:38.814+0000] {one_c.py:90} INFO - Inserted data to 1C with code 201
[2024-04-08T03:12:38.883+0000] {one_c.py:90} INFO - Inserted data to 1C with code 201
[2024-04-08T03:12:38.980+0000] {one_c.py:90} INFO - Inserted data to 1C with code 201
[2024-04-08T03:12:39.056+0000] {one_c.py:90} INFO - Inserted data to 1C with code 201
[2024-04-08T03:12:39.125+0000] {one_c.py:90} INFO - Inserted data to 1C with code 201
[2024-04-08T03:12:39.197+0000] {one_c.py:90} INFO - Inserted data to 1C with code 201
[2024-04-08T03:12:39.265+0000] {one_c.py:90} INFO - Inserted data to 1C with code 201
[2024-04-08T03:12:39.336+0000] {one_c.py:90} INFO - Inserted data to 1C with code 201
[2024-04-08T03:12:39.411+0000] {one_c.py:90} INFO - Inserted data to 1C with code 201
[2024-04-08T03:12:39.485+0000] {one_c.py:90} INFO - Inserted data to 1C with code 201
[2024-04-08T03:12:39.560+0000] {one_c.py:90} INFO - Inserted data to 1C with code 201
[2024-04-08T03:12:39.633+0000] {one_c.py:90} INFO - Inserted data to 1C with code 201
[2024-04-08T03:12:39.706+0000] {one_c.py:90} INFO - Inserted data to 1C with code 201
[2024-04-08T03:12:39.776+0000] {one_c.py:90} INFO - Inserted data to 1C with code 201
[2024-04-08T03:12:39.848+0000] {one_c.py:90} INFO - Inserted data to 1C with code 201
[2024-04-08T03:12:39.920+0000] {one_c.py:90} INFO - Inserted data to 1C with code 201
[2024-04-08T03:12:40.000+0000] {one_c.py:90} INFO - Inserted data to 1C with code 201
[2024-04-08T03:12:40.072+0000] {one_c.py:90} INFO - Inserted data to 1C with code 201
[2024-04-08T03:12:40.142+0000] {one_c.py:90} INFO - Inserted data to 1C with code 201
[2024-04-08T03:12:40.223+0000] {one_c.py:90} INFO - Inserted data to 1C with code 201
[2024-04-08T03:12:40.294+0000] {one_c.py:90} INFO - Inserted data to 1C with code 201
[2024-04-08T03:12:40.366+0000] {one_c.py:90} INFO - Inserted data to 1C with code 201
[2024-04-08T03:12:40.438+0000] {one_c.py:90} INFO - Inserted data to 1C with code 201
[2024-04-08T03:12:40.510+0000] {one_c.py:90} INFO - Inserted data to 1C with code 201
[2024-04-08T03:12:40.592+0000] {one_c.py:90} INFO - Inserted data to 1C with code 201
[2024-04-08T03:12:40.667+0000] {one_c.py:90} INFO - Inserted data to 1C with code 201
[2024-04-08T03:12:40.738+0000] {one_c.py:90} INFO - Inserted data to 1C with code 201
[2024-04-08T03:12:40.809+0000] {one_c.py:90} INFO - Inserted data to 1C with code 201
[2024-04-08T03:12:40.882+0000] {one_c.py:90} INFO - Inserted data to 1C with code 201
[2024-04-08T03:12:40.960+0000] {one_c.py:90} INFO - Inserted data to 1C with code 201
[2024-04-08T03:12:41.031+0000] {one_c.py:90} INFO - Inserted data to 1C with code 201
[2024-04-08T03:12:41.113+0000] {one_c.py:90} INFO - Inserted data to 1C with code 201
[2024-04-08T03:12:41.183+0000] {one_c.py:90} INFO - Inserted data to 1C with code 201
[2024-04-08T03:12:41.261+0000] {one_c.py:90} INFO - Inserted data to 1C with code 201
[2024-04-08T03:12:41.335+0000] {one_c.py:90} INFO - Inserted data to 1C with code 201
[2024-04-08T03:12:41.410+0000] {one_c.py:90} INFO - Inserted data to 1C with code 201
[2024-04-08T03:12:41.486+0000] {one_c.py:90} INFO - Inserted data to 1C with code 201
[2024-04-08T03:12:41.567+0000] {one_c.py:90} INFO - Inserted data to 1C with code 201
[2024-04-08T03:12:41.642+0000] {one_c.py:90} INFO - Inserted data to 1C with code 201
[2024-04-08T03:12:41.644+0000] {python.py:204} INFO - Done. Returned value not shown
[2024-04-08T03:12:41.662+0000] {taskinstance.py:1149} INFO - Marking task as SUCCESS. dag_id=real_estates, task_id=load_to_one_c, execution_date=20240406T000000, start_date=20240408T031226, end_date=20240408T031241
[2024-04-08T03:12:41.741+0000] {local_task_job_runner.py:234} INFO - Task exited with return code 0
[2024-04-08T03:12:41.772+0000] {taskinstance.py:3312} INFO - 0 downstream tasks scheduled from follow-on schedule check
