[2024-04-08T02:42:45.346+0000] {taskinstance.py:1979} INFO - Dependencies all met for dep_context=non-requeueable deps ti=<TaskInstance: real_estates.load_to_one_c scheduled__2024-04-06T00:00:00+00:00 [queued]>
[2024-04-08T02:42:45.365+0000] {taskinstance.py:1979} INFO - Dependencies all met for dep_context=requeueable deps ti=<TaskInstance: real_estates.load_to_one_c scheduled__2024-04-06T00:00:00+00:00 [queued]>
[2024-04-08T02:42:45.366+0000] {taskinstance.py:2193} INFO - Starting attempt 1 of 1
[2024-04-08T02:42:45.401+0000] {taskinstance.py:2217} INFO - Executing <Task(_PythonDecoratedOperator): load_to_one_c> on 2024-04-06 00:00:00+00:00
[2024-04-08T02:42:45.413+0000] {standard_task_runner.py:60} INFO - Started process 77075 to run task
[2024-04-08T02:42:45.420+0000] {standard_task_runner.py:87} INFO - Running: ['***', 'tasks', 'run', 'real_estates', 'load_to_one_c', 'scheduled__2024-04-06T00:00:00+00:00', '--job-id', '268', '--raw', '--subdir', 'DAGS_FOLDER/real_estates/__init__.py', '--cfg-path', '/tmp/tmp8w73vsl7']
[2024-04-08T02:42:45.425+0000] {standard_task_runner.py:88} INFO - Job 268: Subtask load_to_one_c
[2024-04-08T02:42:45.835+0000] {task_command.py:423} INFO - Running <TaskInstance: real_estates.load_to_one_c scheduled__2024-04-06T00:00:00+00:00 [running]> on host 05a350db99a0
[2024-04-08T02:42:46.433+0000] {taskinstance.py:2513} INFO - Exporting env vars: AIRFLOW_CTX_DAG_OWNER='***' AIRFLOW_CTX_DAG_ID='real_estates' AIRFLOW_CTX_TASK_ID='load_to_one_c' AIRFLOW_CTX_EXECUTION_DATE='2024-04-06T00:00:00+00:00' AIRFLOW_CTX_TRY_NUMBER='1' AIRFLOW_CTX_DAG_RUN_ID='scheduled__2024-04-06T00:00:00+00:00'
[2024-04-08T02:42:48.070+0000] {one_c.py:90} INFO - Inserted data to 1C with code 201
[2024-04-08T02:42:48.150+0000] {one_c.py:90} INFO - Inserted data to 1C with code 201
[2024-04-08T02:42:48.227+0000] {one_c.py:90} INFO - Inserted data to 1C with code 201
[2024-04-08T02:42:48.302+0000] {one_c.py:90} INFO - Inserted data to 1C with code 201
[2024-04-08T02:42:48.378+0000] {one_c.py:90} INFO - Inserted data to 1C with code 201
[2024-04-08T02:42:48.456+0000] {one_c.py:90} INFO - Inserted data to 1C with code 201
[2024-04-08T02:42:48.527+0000] {one_c.py:90} INFO - Inserted data to 1C with code 201
[2024-04-08T02:42:48.598+0000] {one_c.py:90} INFO - Inserted data to 1C with code 201
[2024-04-08T02:42:48.668+0000] {one_c.py:90} INFO - Inserted data to 1C with code 201
[2024-04-08T02:42:48.740+0000] {one_c.py:90} INFO - Inserted data to 1C with code 201
[2024-04-08T02:42:48.820+0000] {one_c.py:90} INFO - Inserted data to 1C with code 201
[2024-04-08T02:42:48.889+0000] {one_c.py:90} INFO - Inserted data to 1C with code 201
[2024-04-08T02:42:48.977+0000] {one_c.py:90} INFO - Inserted data to 1C with code 201
[2024-04-08T02:42:49.046+0000] {one_c.py:90} INFO - Inserted data to 1C with code 201
[2024-04-08T02:42:49.149+0000] {one_c.py:90} INFO - Inserted data to 1C with code 201
[2024-04-08T02:42:49.225+0000] {one_c.py:90} INFO - Inserted data to 1C with code 201
[2024-04-08T02:42:49.303+0000] {one_c.py:90} INFO - Inserted data to 1C with code 201
[2024-04-08T02:42:49.374+0000] {one_c.py:90} INFO - Inserted data to 1C with code 201
[2024-04-08T02:42:49.444+0000] {one_c.py:90} INFO - Inserted data to 1C with code 201
[2024-04-08T02:42:49.550+0000] {one_c.py:90} INFO - Inserted data to 1C with code 201
[2024-04-08T02:42:49.619+0000] {one_c.py:90} INFO - Inserted data to 1C with code 201
[2024-04-08T02:42:49.695+0000] {one_c.py:90} INFO - Inserted data to 1C with code 201
[2024-04-08T02:42:49.772+0000] {one_c.py:90} INFO - Inserted data to 1C with code 201
[2024-04-08T02:42:49.837+0000] {one_c.py:90} INFO - Inserted data to 1C with code 201
[2024-04-08T02:42:49.906+0000] {one_c.py:90} INFO - Inserted data to 1C with code 201
[2024-04-08T02:42:49.975+0000] {one_c.py:90} INFO - Inserted data to 1C with code 201
[2024-04-08T02:42:50.045+0000] {one_c.py:90} INFO - Inserted data to 1C with code 201
[2024-04-08T02:42:50.117+0000] {one_c.py:90} INFO - Inserted data to 1C with code 201
[2024-04-08T02:42:50.194+0000] {one_c.py:90} INFO - Inserted data to 1C with code 201
[2024-04-08T02:42:50.257+0000] {one_c.py:90} INFO - Inserted data to 1C with code 201
[2024-04-08T02:42:50.322+0000] {one_c.py:90} INFO - Inserted data to 1C with code 201
[2024-04-08T02:42:50.389+0000] {one_c.py:90} INFO - Inserted data to 1C with code 201
[2024-04-08T02:42:50.462+0000] {one_c.py:90} INFO - Inserted data to 1C with code 201
[2024-04-08T02:42:50.530+0000] {one_c.py:90} INFO - Inserted data to 1C with code 201
[2024-04-08T02:42:50.597+0000] {one_c.py:90} INFO - Inserted data to 1C with code 201
[2024-04-08T02:42:50.666+0000] {one_c.py:90} INFO - Inserted data to 1C with code 201
[2024-04-08T02:42:50.744+0000] {one_c.py:90} INFO - Inserted data to 1C with code 201
[2024-04-08T02:42:50.830+0000] {one_c.py:90} INFO - Inserted data to 1C with code 201
[2024-04-08T02:42:50.902+0000] {one_c.py:90} INFO - Inserted data to 1C with code 201
[2024-04-08T02:42:50.949+0000] {one_c.py:90} INFO - Inserted data to 1C with code 201
[2024-04-08T02:42:51.019+0000] {one_c.py:90} INFO - Inserted data to 1C with code 201
[2024-04-08T02:42:51.084+0000] {one_c.py:90} INFO - Inserted data to 1C with code 201
[2024-04-08T02:42:51.150+0000] {one_c.py:90} INFO - Inserted data to 1C with code 201
[2024-04-08T02:42:51.221+0000] {one_c.py:90} INFO - Inserted data to 1C with code 201
[2024-04-08T02:42:51.287+0000] {one_c.py:90} INFO - Inserted data to 1C with code 201
[2024-04-08T02:42:51.353+0000] {one_c.py:90} INFO - Inserted data to 1C with code 201
[2024-04-08T02:42:51.418+0000] {one_c.py:90} INFO - Inserted data to 1C with code 201
[2024-04-08T02:42:51.454+0000] {one_c.py:90} INFO - Inserted data to 1C with code 201
[2024-04-08T02:42:51.490+0000] {one_c.py:90} INFO - Inserted data to 1C with code 201
[2024-04-08T02:42:51.552+0000] {one_c.py:90} INFO - Inserted data to 1C with code 201
[2024-04-08T02:42:51.618+0000] {one_c.py:90} INFO - Inserted data to 1C with code 201
[2024-04-08T02:42:51.681+0000] {one_c.py:90} INFO - Inserted data to 1C with code 201
[2024-04-08T02:42:51.743+0000] {one_c.py:90} INFO - Inserted data to 1C with code 201
[2024-04-08T02:42:51.807+0000] {one_c.py:90} INFO - Inserted data to 1C with code 201
[2024-04-08T02:42:51.843+0000] {one_c.py:90} INFO - Inserted data to 1C with code 201
[2024-04-08T02:42:51.914+0000] {one_c.py:90} INFO - Inserted data to 1C with code 201
[2024-04-08T02:42:51.985+0000] {one_c.py:90} INFO - Inserted data to 1C with code 201
[2024-04-08T02:42:52.064+0000] {one_c.py:90} INFO - Inserted data to 1C with code 201
[2024-04-08T02:42:52.132+0000] {one_c.py:90} INFO - Inserted data to 1C with code 201
[2024-04-08T02:42:52.206+0000] {one_c.py:90} INFO - Inserted data to 1C with code 201
[2024-04-08T02:42:52.274+0000] {one_c.py:90} INFO - Inserted data to 1C with code 201
[2024-04-08T02:42:52.342+0000] {one_c.py:90} INFO - Inserted data to 1C with code 201
[2024-04-08T02:42:52.408+0000] {one_c.py:90} INFO - Inserted data to 1C with code 201
[2024-04-08T02:42:52.475+0000] {one_c.py:90} INFO - Inserted data to 1C with code 201
[2024-04-08T02:42:52.541+0000] {one_c.py:90} INFO - Inserted data to 1C with code 201
[2024-04-08T02:42:52.607+0000] {one_c.py:90} INFO - Inserted data to 1C with code 201
[2024-04-08T02:42:52.675+0000] {one_c.py:90} INFO - Inserted data to 1C with code 201
[2024-04-08T02:42:52.743+0000] {one_c.py:90} INFO - Inserted data to 1C with code 201
[2024-04-08T02:42:52.810+0000] {one_c.py:90} INFO - Inserted data to 1C with code 201
[2024-04-08T02:42:52.874+0000] {one_c.py:90} INFO - Inserted data to 1C with code 201
[2024-04-08T02:42:52.945+0000] {one_c.py:90} INFO - Inserted data to 1C with code 201
[2024-04-08T02:42:53.029+0000] {one_c.py:90} INFO - Inserted data to 1C with code 201
[2024-04-08T02:42:53.100+0000] {one_c.py:90} INFO - Inserted data to 1C with code 201
[2024-04-08T02:42:53.168+0000] {one_c.py:90} INFO - Inserted data to 1C with code 201
[2024-04-08T02:42:53.234+0000] {one_c.py:90} INFO - Inserted data to 1C with code 201
[2024-04-08T02:42:53.303+0000] {one_c.py:90} INFO - Inserted data to 1C with code 201
[2024-04-08T02:42:53.387+0000] {one_c.py:90} INFO - Inserted data to 1C with code 201
[2024-04-08T02:42:53.465+0000] {one_c.py:90} INFO - Inserted data to 1C with code 201
[2024-04-08T02:42:53.543+0000] {one_c.py:90} INFO - Inserted data to 1C with code 201
[2024-04-08T02:42:53.604+0000] {one_c.py:90} INFO - Inserted data to 1C with code 201
[2024-04-08T02:42:53.670+0000] {one_c.py:90} INFO - Inserted data to 1C with code 201
[2024-04-08T02:42:53.737+0000] {one_c.py:90} INFO - Inserted data to 1C with code 201
[2024-04-08T02:42:53.804+0000] {one_c.py:90} INFO - Inserted data to 1C with code 201
[2024-04-08T02:42:53.873+0000] {one_c.py:90} INFO - Inserted data to 1C with code 201
[2024-04-08T02:42:53.939+0000] {one_c.py:90} INFO - Inserted data to 1C with code 201
[2024-04-08T02:42:54.009+0000] {one_c.py:90} INFO - Inserted data to 1C with code 201
[2024-04-08T02:42:54.086+0000] {one_c.py:90} INFO - Inserted data to 1C with code 201
[2024-04-08T02:42:54.156+0000] {one_c.py:90} INFO - Inserted data to 1C with code 201
[2024-04-08T02:42:54.227+0000] {one_c.py:90} INFO - Inserted data to 1C with code 201
[2024-04-08T02:42:54.300+0000] {one_c.py:90} INFO - Inserted data to 1C with code 201
[2024-04-08T02:42:54.368+0000] {one_c.py:90} INFO - Inserted data to 1C with code 201
[2024-04-08T02:42:54.431+0000] {one_c.py:90} INFO - Inserted data to 1C with code 201
[2024-04-08T02:42:54.508+0000] {one_c.py:90} INFO - Inserted data to 1C with code 201
[2024-04-08T02:42:54.582+0000] {one_c.py:90} INFO - Inserted data to 1C with code 201
[2024-04-08T02:42:54.646+0000] {one_c.py:90} INFO - Inserted data to 1C with code 201
[2024-04-08T02:42:54.708+0000] {one_c.py:90} INFO - Inserted data to 1C with code 201
[2024-04-08T02:42:54.782+0000] {one_c.py:90} INFO - Inserted data to 1C with code 201
[2024-04-08T02:42:54.849+0000] {one_c.py:90} INFO - Inserted data to 1C with code 201
[2024-04-08T02:42:54.919+0000] {one_c.py:90} INFO - Inserted data to 1C with code 201
[2024-04-08T02:42:54.983+0000] {one_c.py:90} INFO - Inserted data to 1C with code 201
[2024-04-08T02:42:55.047+0000] {one_c.py:90} INFO - Inserted data to 1C with code 201
[2024-04-08T02:42:55.115+0000] {one_c.py:90} INFO - Inserted data to 1C with code 201
[2024-04-08T02:42:55.194+0000] {one_c.py:90} INFO - Inserted data to 1C with code 201
[2024-04-08T02:42:55.291+0000] {one_c.py:90} INFO - Inserted data to 1C with code 201
[2024-04-08T02:42:55.364+0000] {one_c.py:90} INFO - Inserted data to 1C with code 201
[2024-04-08T02:42:55.430+0000] {one_c.py:90} INFO - Inserted data to 1C with code 201
[2024-04-08T02:42:55.511+0000] {one_c.py:90} INFO - Inserted data to 1C with code 201
[2024-04-08T02:42:55.579+0000] {one_c.py:90} INFO - Inserted data to 1C with code 201
[2024-04-08T02:42:55.646+0000] {one_c.py:90} INFO - Inserted data to 1C with code 201
[2024-04-08T02:42:55.714+0000] {one_c.py:90} INFO - Inserted data to 1C with code 201
[2024-04-08T02:42:55.794+0000] {one_c.py:90} INFO - Inserted data to 1C with code 201
[2024-04-08T02:42:55.865+0000] {one_c.py:90} INFO - Inserted data to 1C with code 201
[2024-04-08T02:42:55.945+0000] {one_c.py:90} INFO - Inserted data to 1C with code 201
[2024-04-08T02:42:56.036+0000] {one_c.py:90} INFO - Inserted data to 1C with code 201
[2024-04-08T02:42:56.103+0000] {one_c.py:90} INFO - Inserted data to 1C with code 201
[2024-04-08T02:42:56.206+0000] {one_c.py:90} INFO - Inserted data to 1C with code 201
[2024-04-08T02:42:56.274+0000] {one_c.py:90} INFO - Inserted data to 1C with code 201
[2024-04-08T02:42:56.344+0000] {one_c.py:90} INFO - Inserted data to 1C with code 201
[2024-04-08T02:42:56.415+0000] {one_c.py:90} INFO - Inserted data to 1C with code 201
[2024-04-08T02:42:56.494+0000] {one_c.py:90} INFO - Inserted data to 1C with code 201
[2024-04-08T02:42:56.592+0000] {one_c.py:90} INFO - Inserted data to 1C with code 201
[2024-04-08T02:42:56.665+0000] {one_c.py:90} INFO - Inserted data to 1C with code 201
[2024-04-08T02:42:56.736+0000] {one_c.py:90} INFO - Inserted data to 1C with code 201
[2024-04-08T02:42:56.820+0000] {one_c.py:90} INFO - Inserted data to 1C with code 201
[2024-04-08T02:42:56.903+0000] {one_c.py:90} INFO - Inserted data to 1C with code 201
[2024-04-08T02:42:56.996+0000] {one_c.py:90} INFO - Inserted data to 1C with code 201
[2024-04-08T02:42:57.087+0000] {one_c.py:90} INFO - Inserted data to 1C with code 201
[2024-04-08T02:42:57.166+0000] {one_c.py:90} INFO - Inserted data to 1C with code 201
[2024-04-08T02:42:57.238+0000] {one_c.py:90} INFO - Inserted data to 1C with code 201
[2024-04-08T02:42:57.311+0000] {one_c.py:90} INFO - Inserted data to 1C with code 201
[2024-04-08T02:42:57.402+0000] {one_c.py:90} INFO - Inserted data to 1C with code 201
[2024-04-08T02:42:57.481+0000] {one_c.py:90} INFO - Inserted data to 1C with code 201
[2024-04-08T02:42:57.571+0000] {one_c.py:90} INFO - Inserted data to 1C with code 201
[2024-04-08T02:42:57.673+0000] {one_c.py:90} INFO - Inserted data to 1C with code 201
[2024-04-08T02:42:57.738+0000] {one_c.py:90} INFO - Inserted data to 1C with code 201
[2024-04-08T02:42:57.822+0000] {one_c.py:90} INFO - Inserted data to 1C with code 201
[2024-04-08T02:42:57.887+0000] {one_c.py:90} INFO - Inserted data to 1C with code 201
[2024-04-08T02:42:57.981+0000] {one_c.py:90} INFO - Inserted data to 1C with code 201
[2024-04-08T02:42:58.050+0000] {one_c.py:90} INFO - Inserted data to 1C with code 201
[2024-04-08T02:42:58.137+0000] {one_c.py:90} INFO - Inserted data to 1C with code 201
[2024-04-08T02:42:58.200+0000] {one_c.py:90} INFO - Inserted data to 1C with code 201
[2024-04-08T02:42:58.271+0000] {one_c.py:90} INFO - Inserted data to 1C with code 201
[2024-04-08T02:42:58.345+0000] {one_c.py:90} INFO - Inserted data to 1C with code 201
[2024-04-08T02:42:58.415+0000] {one_c.py:90} INFO - Inserted data to 1C with code 201
[2024-04-08T02:42:58.494+0000] {one_c.py:90} INFO - Inserted data to 1C with code 201
[2024-04-08T02:42:58.561+0000] {one_c.py:90} INFO - Inserted data to 1C with code 201
[2024-04-08T02:42:58.648+0000] {one_c.py:90} INFO - Inserted data to 1C with code 201
[2024-04-08T02:42:58.715+0000] {one_c.py:90} INFO - Inserted data to 1C with code 201
[2024-04-08T02:42:58.790+0000] {one_c.py:90} INFO - Inserted data to 1C with code 201
[2024-04-08T02:42:58.865+0000] {one_c.py:90} INFO - Inserted data to 1C with code 201
[2024-04-08T02:42:58.936+0000] {one_c.py:90} INFO - Inserted data to 1C with code 201
[2024-04-08T02:42:59.012+0000] {one_c.py:90} INFO - Inserted data to 1C with code 201
[2024-04-08T02:42:59.075+0000] {one_c.py:90} INFO - Inserted data to 1C with code 201
[2024-04-08T02:42:59.151+0000] {one_c.py:90} INFO - Inserted data to 1C with code 201
[2024-04-08T02:42:59.219+0000] {one_c.py:90} INFO - Inserted data to 1C with code 201
[2024-04-08T02:42:59.290+0000] {one_c.py:90} INFO - Inserted data to 1C with code 201
[2024-04-08T02:42:59.370+0000] {one_c.py:90} INFO - Inserted data to 1C with code 201
[2024-04-08T02:42:59.439+0000] {one_c.py:90} INFO - Inserted data to 1C with code 201
[2024-04-08T02:42:59.507+0000] {one_c.py:90} INFO - Inserted data to 1C with code 201
[2024-04-08T02:42:59.590+0000] {one_c.py:90} INFO - Inserted data to 1C with code 201
[2024-04-08T02:42:59.681+0000] {one_c.py:90} INFO - Inserted data to 1C with code 201
[2024-04-08T02:42:59.759+0000] {one_c.py:90} INFO - Inserted data to 1C with code 201
[2024-04-08T02:42:59.837+0000] {one_c.py:90} INFO - Inserted data to 1C with code 201
[2024-04-08T02:42:59.914+0000] {one_c.py:90} INFO - Inserted data to 1C with code 201
[2024-04-08T02:42:59.992+0000] {one_c.py:90} INFO - Inserted data to 1C with code 201
[2024-04-08T02:43:00.077+0000] {one_c.py:90} INFO - Inserted data to 1C with code 201
[2024-04-08T02:43:00.150+0000] {one_c.py:90} INFO - Inserted data to 1C with code 201
[2024-04-08T02:43:00.152+0000] {python.py:204} INFO - Done. Returned value not shown
[2024-04-08T02:43:00.172+0000] {taskinstance.py:1149} INFO - Marking task as SUCCESS. dag_id=real_estates, task_id=load_to_one_c, execution_date=20240406T000000, start_date=20240408T024245, end_date=20240408T024300
[2024-04-08T02:43:00.246+0000] {local_task_job_runner.py:234} INFO - Task exited with return code 0
[2024-04-08T02:43:00.276+0000] {taskinstance.py:3312} INFO - 0 downstream tasks scheduled from follow-on schedule check
