[2024-04-08T03:20:58.793+0000] {taskinstance.py:1979} INFO - Dependencies all met for dep_context=non-requeueable deps ti=<TaskInstance: real_estates.load_to_one_c scheduled__2024-04-06T00:00:00+00:00 [queued]>
[2024-04-08T03:20:58.811+0000] {taskinstance.py:1979} INFO - Dependencies all met for dep_context=requeueable deps ti=<TaskInstance: real_estates.load_to_one_c scheduled__2024-04-06T00:00:00+00:00 [queued]>
[2024-04-08T03:20:58.812+0000] {taskinstance.py:2193} INFO - Starting attempt 4 of 4
[2024-04-08T03:20:58.841+0000] {taskinstance.py:2217} INFO - Executing <Task(_PythonDecoratedOperator): load_to_one_c> on 2024-04-06 00:00:00+00:00
[2024-04-08T03:20:58.855+0000] {standard_task_runner.py:60} INFO - Started process 77678 to run task
[2024-04-08T03:20:58.863+0000] {standard_task_runner.py:87} INFO - Running: ['***', 'tasks', 'run', 'real_estates', 'load_to_one_c', 'scheduled__2024-04-06T00:00:00+00:00', '--job-id', '288', '--raw', '--subdir', 'DAGS_FOLDER/real_estates/__init__.py', '--cfg-path', '/tmp/tmpm0mt2xl3']
[2024-04-08T03:20:58.868+0000] {standard_task_runner.py:88} INFO - Job 288: Subtask load_to_one_c
[2024-04-08T03:20:59.290+0000] {task_command.py:423} INFO - Running <TaskInstance: real_estates.load_to_one_c scheduled__2024-04-06T00:00:00+00:00 [running]> on host 05a350db99a0
[2024-04-08T03:20:59.958+0000] {taskinstance.py:2513} INFO - Exporting env vars: AIRFLOW_CTX_DAG_OWNER='***' AIRFLOW_CTX_DAG_ID='real_estates' AIRFLOW_CTX_TASK_ID='load_to_one_c' AIRFLOW_CTX_EXECUTION_DATE='2024-04-06T00:00:00+00:00' AIRFLOW_CTX_TRY_NUMBER='4' AIRFLOW_CTX_DAG_RUN_ID='scheduled__2024-04-06T00:00:00+00:00'
[2024-04-08T03:21:00.071+0000] {one_c.py:90} INFO - Inserted data to 1C with code 201
[2024-04-08T03:21:00.164+0000] {one_c.py:90} INFO - Inserted data to 1C with code 201
[2024-04-08T03:21:00.255+0000] {one_c.py:90} INFO - Inserted data to 1C with code 201
[2024-04-08T03:21:00.336+0000] {one_c.py:90} INFO - Inserted data to 1C with code 201
[2024-04-08T03:21:00.413+0000] {one_c.py:90} INFO - Inserted data to 1C with code 201
[2024-04-08T03:21:00.489+0000] {one_c.py:90} INFO - Inserted data to 1C with code 201
[2024-04-08T03:21:00.565+0000] {one_c.py:90} INFO - Inserted data to 1C with code 201
[2024-04-08T03:21:00.636+0000] {one_c.py:90} INFO - Inserted data to 1C with code 201
[2024-04-08T03:21:00.708+0000] {one_c.py:90} INFO - Inserted data to 1C with code 201
[2024-04-08T03:21:00.782+0000] {one_c.py:90} INFO - Inserted data to 1C with code 201
[2024-04-08T03:21:00.856+0000] {one_c.py:90} INFO - Inserted data to 1C with code 201
[2024-04-08T03:21:00.931+0000] {one_c.py:90} INFO - Inserted data to 1C with code 201
[2024-04-08T03:21:01.001+0000] {one_c.py:90} INFO - Inserted data to 1C with code 201
[2024-04-08T03:21:01.082+0000] {one_c.py:90} INFO - Inserted data to 1C with code 201
[2024-04-08T03:21:01.151+0000] {one_c.py:90} INFO - Inserted data to 1C with code 201
[2024-04-08T03:21:01.236+0000] {one_c.py:90} INFO - Inserted data to 1C with code 201
[2024-04-08T03:21:01.312+0000] {one_c.py:90} INFO - Inserted data to 1C with code 201
[2024-04-08T03:21:01.389+0000] {one_c.py:90} INFO - Inserted data to 1C with code 201
[2024-04-08T03:21:01.487+0000] {one_c.py:90} INFO - Inserted data to 1C with code 201
[2024-04-08T03:21:01.567+0000] {one_c.py:90} INFO - Inserted data to 1C with code 201
[2024-04-08T03:21:01.641+0000] {one_c.py:90} INFO - Inserted data to 1C with code 201
[2024-04-08T03:21:01.714+0000] {one_c.py:90} INFO - Inserted data to 1C with code 201
[2024-04-08T03:21:01.788+0000] {one_c.py:90} INFO - Inserted data to 1C with code 201
[2024-04-08T03:21:01.859+0000] {one_c.py:90} INFO - Inserted data to 1C with code 201
[2024-04-08T03:21:01.945+0000] {one_c.py:90} INFO - Inserted data to 1C with code 201
[2024-04-08T03:21:02.032+0000] {one_c.py:90} INFO - Inserted data to 1C with code 201
[2024-04-08T03:21:02.110+0000] {one_c.py:90} INFO - Inserted data to 1C with code 201
[2024-04-08T03:21:02.185+0000] {one_c.py:90} INFO - Inserted data to 1C with code 201
[2024-04-08T03:21:02.266+0000] {one_c.py:90} INFO - Inserted data to 1C with code 201
[2024-04-08T03:21:02.357+0000] {one_c.py:90} INFO - Inserted data to 1C with code 201
[2024-04-08T03:21:02.434+0000] {one_c.py:90} INFO - Inserted data to 1C with code 201
[2024-04-08T03:21:02.509+0000] {one_c.py:90} INFO - Inserted data to 1C with code 201
[2024-04-08T03:21:02.596+0000] {one_c.py:90} INFO - Inserted data to 1C with code 201
[2024-04-08T03:21:02.673+0000] {one_c.py:90} INFO - Inserted data to 1C with code 201
[2024-04-08T03:21:02.746+0000] {one_c.py:90} INFO - Inserted data to 1C with code 201
[2024-04-08T03:21:02.821+0000] {one_c.py:90} INFO - Inserted data to 1C with code 201
[2024-04-08T03:21:02.908+0000] {one_c.py:90} INFO - Inserted data to 1C with code 201
[2024-04-08T03:21:03.000+0000] {one_c.py:90} INFO - Inserted data to 1C with code 201
[2024-04-08T03:21:03.090+0000] {one_c.py:90} INFO - Inserted data to 1C with code 201
[2024-04-08T03:21:03.166+0000] {one_c.py:90} INFO - Inserted data to 1C with code 201
[2024-04-08T03:21:03.247+0000] {one_c.py:90} INFO - Inserted data to 1C with code 201
[2024-04-08T03:21:03.322+0000] {one_c.py:90} INFO - Inserted data to 1C with code 201
[2024-04-08T03:21:03.404+0000] {one_c.py:90} INFO - Inserted data to 1C with code 201
[2024-04-08T03:21:03.499+0000] {one_c.py:90} INFO - Inserted data to 1C with code 201
[2024-04-08T03:21:03.576+0000] {one_c.py:90} INFO - Inserted data to 1C with code 201
[2024-04-08T03:21:03.656+0000] {one_c.py:90} INFO - Inserted data to 1C with code 201
[2024-04-08T03:21:03.739+0000] {one_c.py:90} INFO - Inserted data to 1C with code 201
[2024-04-08T03:21:03.817+0000] {one_c.py:90} INFO - Inserted data to 1C with code 201
[2024-04-08T03:21:03.896+0000] {one_c.py:90} INFO - Inserted data to 1C with code 201
[2024-04-08T03:21:03.977+0000] {one_c.py:90} INFO - Inserted data to 1C with code 201
[2024-04-08T03:21:04.057+0000] {one_c.py:90} INFO - Inserted data to 1C with code 201
[2024-04-08T03:21:04.145+0000] {one_c.py:90} INFO - Inserted data to 1C with code 201
[2024-04-08T03:21:04.222+0000] {one_c.py:90} INFO - Inserted data to 1C with code 201
[2024-04-08T03:21:04.304+0000] {one_c.py:90} INFO - Inserted data to 1C with code 201
[2024-04-08T03:21:04.385+0000] {one_c.py:90} INFO - Inserted data to 1C with code 201
[2024-04-08T03:21:04.466+0000] {one_c.py:90} INFO - Inserted data to 1C with code 201
[2024-04-08T03:21:04.549+0000] {one_c.py:90} INFO - Inserted data to 1C with code 201
[2024-04-08T03:21:04.624+0000] {one_c.py:90} INFO - Inserted data to 1C with code 201
[2024-04-08T03:21:04.715+0000] {one_c.py:90} INFO - Inserted data to 1C with code 201
[2024-04-08T03:21:04.793+0000] {one_c.py:90} INFO - Inserted data to 1C with code 201
[2024-04-08T03:21:04.870+0000] {one_c.py:90} INFO - Inserted data to 1C with code 201
[2024-04-08T03:21:04.945+0000] {one_c.py:90} INFO - Inserted data to 1C with code 201
[2024-04-08T03:21:05.020+0000] {one_c.py:90} INFO - Inserted data to 1C with code 201
[2024-04-08T03:21:05.095+0000] {one_c.py:90} INFO - Inserted data to 1C with code 201
[2024-04-08T03:21:05.169+0000] {one_c.py:90} INFO - Inserted data to 1C with code 201
[2024-04-08T03:21:05.251+0000] {one_c.py:90} INFO - Inserted data to 1C with code 201
[2024-04-08T03:21:05.329+0000] {one_c.py:90} INFO - Inserted data to 1C with code 201
[2024-04-08T03:21:05.411+0000] {one_c.py:90} INFO - Inserted data to 1C with code 201
[2024-04-08T03:21:05.489+0000] {one_c.py:90} INFO - Inserted data to 1C with code 201
[2024-04-08T03:21:05.569+0000] {one_c.py:90} INFO - Inserted data to 1C with code 201
[2024-04-08T03:21:05.646+0000] {one_c.py:90} INFO - Inserted data to 1C with code 201
[2024-04-08T03:21:05.721+0000] {one_c.py:90} INFO - Inserted data to 1C with code 201
[2024-04-08T03:21:05.798+0000] {one_c.py:90} INFO - Inserted data to 1C with code 201
[2024-04-08T03:21:05.874+0000] {one_c.py:90} INFO - Inserted data to 1C with code 201
[2024-04-08T03:21:05.949+0000] {one_c.py:90} INFO - Inserted data to 1C with code 201
[2024-04-08T03:21:06.030+0000] {one_c.py:90} INFO - Inserted data to 1C with code 201
[2024-04-08T03:21:06.106+0000] {one_c.py:90} INFO - Inserted data to 1C with code 201
[2024-04-08T03:21:06.183+0000] {one_c.py:90} INFO - Inserted data to 1C with code 201
[2024-04-08T03:21:06.260+0000] {one_c.py:90} INFO - Inserted data to 1C with code 201
[2024-04-08T03:21:06.337+0000] {one_c.py:90} INFO - Inserted data to 1C with code 201
[2024-04-08T03:21:06.411+0000] {one_c.py:90} INFO - Inserted data to 1C with code 201
[2024-04-08T03:21:06.501+0000] {one_c.py:90} INFO - Inserted data to 1C with code 201
[2024-04-08T03:21:06.593+0000] {one_c.py:90} INFO - Inserted data to 1C with code 201
[2024-04-08T03:21:06.682+0000] {one_c.py:90} INFO - Inserted data to 1C with code 201
[2024-04-08T03:21:06.758+0000] {one_c.py:90} INFO - Inserted data to 1C with code 201
[2024-04-08T03:21:06.837+0000] {one_c.py:90} INFO - Inserted data to 1C with code 201
[2024-04-08T03:21:06.914+0000] {one_c.py:90} INFO - Inserted data to 1C with code 201
[2024-04-08T03:21:06.990+0000] {one_c.py:90} INFO - Inserted data to 1C with code 201
[2024-04-08T03:21:07.065+0000] {one_c.py:90} INFO - Inserted data to 1C with code 201
[2024-04-08T03:21:07.145+0000] {one_c.py:90} INFO - Inserted data to 1C with code 201
[2024-04-08T03:21:07.223+0000] {one_c.py:90} INFO - Inserted data to 1C with code 201
[2024-04-08T03:21:07.301+0000] {one_c.py:90} INFO - Inserted data to 1C with code 201
[2024-04-08T03:21:07.384+0000] {one_c.py:90} INFO - Inserted data to 1C with code 201
[2024-04-08T03:21:07.460+0000] {one_c.py:90} INFO - Inserted data to 1C with code 201
[2024-04-08T03:21:07.536+0000] {one_c.py:90} INFO - Inserted data to 1C with code 201
[2024-04-08T03:21:07.612+0000] {one_c.py:90} INFO - Inserted data to 1C with code 201
[2024-04-08T03:21:07.691+0000] {one_c.py:90} INFO - Inserted data to 1C with code 201
[2024-04-08T03:21:07.768+0000] {one_c.py:90} INFO - Inserted data to 1C with code 201
[2024-04-08T03:21:07.844+0000] {one_c.py:90} INFO - Inserted data to 1C with code 201
[2024-04-08T03:21:07.920+0000] {one_c.py:90} INFO - Inserted data to 1C with code 201
[2024-04-08T03:21:07.994+0000] {one_c.py:90} INFO - Inserted data to 1C with code 201
[2024-04-08T03:21:08.070+0000] {one_c.py:90} INFO - Inserted data to 1C with code 201
[2024-04-08T03:21:08.148+0000] {one_c.py:90} INFO - Inserted data to 1C with code 201
[2024-04-08T03:21:08.228+0000] {one_c.py:90} INFO - Inserted data to 1C with code 201
[2024-04-08T03:21:08.303+0000] {one_c.py:90} INFO - Inserted data to 1C with code 201
[2024-04-08T03:21:08.382+0000] {one_c.py:90} INFO - Inserted data to 1C with code 201
[2024-04-08T03:21:08.456+0000] {one_c.py:90} INFO - Inserted data to 1C with code 201
[2024-04-08T03:21:08.533+0000] {one_c.py:90} INFO - Inserted data to 1C with code 201
[2024-04-08T03:21:08.571+0000] {one_c.py:90} INFO - Inserted data to 1C with code 201
[2024-04-08T03:21:08.645+0000] {one_c.py:90} INFO - Inserted data to 1C with code 201
[2024-04-08T03:21:08.724+0000] {one_c.py:90} INFO - Inserted data to 1C with code 201
[2024-04-08T03:21:08.800+0000] {one_c.py:90} INFO - Inserted data to 1C with code 201
[2024-04-08T03:21:08.876+0000] {one_c.py:90} INFO - Inserted data to 1C with code 201
[2024-04-08T03:21:08.951+0000] {one_c.py:90} INFO - Inserted data to 1C with code 201
[2024-04-08T03:21:08.990+0000] {one_c.py:90} INFO - Inserted data to 1C with code 201
[2024-04-08T03:21:09.028+0000] {one_c.py:90} INFO - Inserted data to 1C with code 201
[2024-04-08T03:21:09.108+0000] {one_c.py:90} INFO - Inserted data to 1C with code 201
[2024-04-08T03:21:09.181+0000] {one_c.py:90} INFO - Inserted data to 1C with code 201
[2024-04-08T03:21:09.250+0000] {one_c.py:90} INFO - Inserted data to 1C with code 201
[2024-04-08T03:21:09.327+0000] {one_c.py:90} INFO - Inserted data to 1C with code 201
[2024-04-08T03:21:09.395+0000] {one_c.py:90} INFO - Inserted data to 1C with code 201
[2024-04-08T03:21:09.470+0000] {one_c.py:90} INFO - Inserted data to 1C with code 201
[2024-04-08T03:21:09.546+0000] {one_c.py:90} INFO - Inserted data to 1C with code 201
[2024-04-08T03:21:09.583+0000] {one_c.py:90} INFO - Inserted data to 1C with code 201
[2024-04-08T03:21:09.652+0000] {one_c.py:90} INFO - Inserted data to 1C with code 201
[2024-04-08T03:21:09.723+0000] {one_c.py:90} INFO - Inserted data to 1C with code 201
[2024-04-08T03:21:09.798+0000] {one_c.py:90} INFO - Inserted data to 1C with code 201
[2024-04-08T03:21:09.875+0000] {one_c.py:90} INFO - Inserted data to 1C with code 201
[2024-04-08T03:21:09.951+0000] {one_c.py:90} INFO - Inserted data to 1C with code 201
[2024-04-08T03:21:10.028+0000] {one_c.py:90} INFO - Inserted data to 1C with code 201
[2024-04-08T03:21:10.103+0000] {one_c.py:90} INFO - Inserted data to 1C with code 201
[2024-04-08T03:21:10.183+0000] {one_c.py:90} INFO - Inserted data to 1C with code 201
[2024-04-08T03:21:10.268+0000] {one_c.py:90} INFO - Inserted data to 1C with code 201
[2024-04-08T03:21:10.342+0000] {one_c.py:90} INFO - Inserted data to 1C with code 201
[2024-04-08T03:21:10.417+0000] {one_c.py:90} INFO - Inserted data to 1C with code 201
[2024-04-08T03:21:10.490+0000] {one_c.py:90} INFO - Inserted data to 1C with code 201
[2024-04-08T03:21:10.565+0000] {one_c.py:90} INFO - Inserted data to 1C with code 201
[2024-04-08T03:21:10.635+0000] {one_c.py:90} INFO - Inserted data to 1C with code 201
[2024-04-08T03:21:10.719+0000] {one_c.py:90} INFO - Inserted data to 1C with code 201
[2024-04-08T03:21:10.804+0000] {one_c.py:90} INFO - Inserted data to 1C with code 201
[2024-04-08T03:21:10.880+0000] {one_c.py:90} INFO - Inserted data to 1C with code 201
[2024-04-08T03:21:10.955+0000] {one_c.py:90} INFO - Inserted data to 1C with code 201
[2024-04-08T03:21:11.031+0000] {one_c.py:90} INFO - Inserted data to 1C with code 201
[2024-04-08T03:21:11.109+0000] {one_c.py:90} INFO - Inserted data to 1C with code 201
[2024-04-08T03:21:11.186+0000] {one_c.py:90} INFO - Inserted data to 1C with code 201
[2024-04-08T03:21:11.261+0000] {one_c.py:90} INFO - Inserted data to 1C with code 201
[2024-04-08T03:21:11.334+0000] {one_c.py:90} INFO - Inserted data to 1C with code 201
[2024-04-08T03:21:11.410+0000] {one_c.py:90} INFO - Inserted data to 1C with code 201
[2024-04-08T03:21:11.491+0000] {one_c.py:90} INFO - Inserted data to 1C with code 201
[2024-04-08T03:21:11.567+0000] {one_c.py:90} INFO - Inserted data to 1C with code 201
[2024-04-08T03:21:11.650+0000] {one_c.py:90} INFO - Inserted data to 1C with code 201
[2024-04-08T03:21:11.726+0000] {one_c.py:90} INFO - Inserted data to 1C with code 201
[2024-04-08T03:21:11.806+0000] {one_c.py:90} INFO - Inserted data to 1C with code 201
[2024-04-08T03:21:11.880+0000] {one_c.py:90} INFO - Inserted data to 1C with code 201
[2024-04-08T03:21:11.957+0000] {one_c.py:90} INFO - Inserted data to 1C with code 201
[2024-04-08T03:21:12.035+0000] {one_c.py:90} INFO - Inserted data to 1C with code 201
[2024-04-08T03:21:12.112+0000] {one_c.py:90} INFO - Inserted data to 1C with code 201
[2024-04-08T03:21:12.190+0000] {one_c.py:90} INFO - Inserted data to 1C with code 201
[2024-04-08T03:21:12.271+0000] {one_c.py:90} INFO - Inserted data to 1C with code 201
[2024-04-08T03:21:12.349+0000] {one_c.py:90} INFO - Inserted data to 1C with code 201
[2024-04-08T03:21:12.427+0000] {one_c.py:90} INFO - Inserted data to 1C with code 201
[2024-04-08T03:21:12.429+0000] {python.py:204} INFO - Done. Returned value not shown
[2024-04-08T03:21:12.451+0000] {taskinstance.py:1149} INFO - Marking task as SUCCESS. dag_id=real_estates, task_id=load_to_one_c, execution_date=20240406T000000, start_date=20240408T032058, end_date=20240408T032112
[2024-04-08T03:21:12.518+0000] {local_task_job_runner.py:234} INFO - Task exited with return code 0
[2024-04-08T03:21:12.549+0000] {taskinstance.py:3312} INFO - 0 downstream tasks scheduled from follow-on schedule check
