[2024-04-08T00:25:31.281+0000] {taskinstance.py:1979} INFO - Dependencies all met for dep_context=non-requeueable deps ti=<TaskInstance: real_estates.extract_real_estates scheduled__2024-04-07T00:00:00+00:00 [queued]>
[2024-04-08T00:25:31.303+0000] {taskinstance.py:1979} INFO - Dependencies all met for dep_context=requeueable deps ti=<TaskInstance: real_estates.extract_real_estates scheduled__2024-04-07T00:00:00+00:00 [queued]>
[2024-04-08T00:25:31.304+0000] {taskinstance.py:2193} INFO - Starting attempt 1 of 1
[2024-04-08T00:25:31.334+0000] {taskinstance.py:2217} INFO - Executing <Task(_PythonDecoratedOperator): extract_real_estates> on 2024-04-07 00:00:00+00:00
[2024-04-08T00:25:31.348+0000] {standard_task_runner.py:60} INFO - Started process 75201 to run task
[2024-04-08T00:25:31.355+0000] {standard_task_runner.py:87} INFO - Running: ['***', 'tasks', 'run', 'real_estates', 'extract_real_estates', 'scheduled__2024-04-07T00:00:00+00:00', '--job-id', '264', '--raw', '--subdir', 'DAGS_FOLDER/real_estates/__init__.py', '--cfg-path', '/tmp/tmpqn_pgu7c']
[2024-04-08T00:25:31.360+0000] {standard_task_runner.py:88} INFO - Job 264: Subtask extract_real_estates
[2024-04-08T00:25:31.774+0000] {task_command.py:423} INFO - Running <TaskInstance: real_estates.extract_real_estates scheduled__2024-04-07T00:00:00+00:00 [running]> on host 05a350db99a0
[2024-04-08T00:25:32.285+0000] {taskinstance.py:2513} INFO - Exporting env vars: AIRFLOW_CTX_DAG_OWNER='***' AIRFLOW_CTX_DAG_ID='real_estates' AIRFLOW_CTX_TASK_ID='extract_real_estates' AIRFLOW_CTX_EXECUTION_DATE='2024-04-07T00:00:00+00:00' AIRFLOW_CTX_TRY_NUMBER='1' AIRFLOW_CTX_DAG_RUN_ID='scheduled__2024-04-07T00:00:00+00:00'
[2024-04-08T00:25:44.527+0000] {real_estates.py:29} INFO - Batch 1/1 fetched 3004 pages
[2024-04-08T00:29:43.337+0000] {real_estates.py:76} ERROR - Error extracting data from https://www.homes.co.jp/tempo/b-1293680005450/: 'NoneType' object has no attribute 'select'
[2024-04-08T00:29:43.975+0000] {real_estates.py:76} ERROR - Error extracting data from https://www.homes.co.jp/other/b-1128740002511/: 'NoneType' object has no attribute 'select'
[2024-04-08T00:29:44.251+0000] {real_estates.py:76} ERROR - Error extracting data from https://www.homes.co.jp/other/b-1054420010223/: 'NoneType' object has no attribute 'select'
[2024-04-08T00:29:44.512+0000] {real_estates.py:76} ERROR - Error extracting data from https://www.homes.co.jp/other/b-1181950008239/: 'NoneType' object has no attribute 'select'
[2024-04-08T00:29:44.812+0000] {real_estates.py:76} ERROR - Error extracting data from https://www.homes.co.jp/other/b-1054420010216/: 'NoneType' object has no attribute 'select'
[2024-04-08T00:29:45.103+0000] {real_estates.py:76} ERROR - Error extracting data from https://www.homes.co.jp/other/b-1014240010542/: 'NoneType' object has no attribute 'select'
[2024-04-08T00:29:45.402+0000] {real_estates.py:76} ERROR - Error extracting data from https://www.homes.co.jp/other/b-1014310010416/: 'NoneType' object has no attribute 'select'
[2024-04-08T00:29:45.654+0000] {real_estates.py:76} ERROR - Error extracting data from https://www.homes.co.jp/other/b-1422320000013/: 'NoneType' object has no attribute 'select'
[2024-04-08T00:29:45.961+0000] {real_estates.py:76} ERROR - Error extracting data from https://www.homes.co.jp/other/b-37091080003979/: 'NoneType' object has no attribute 'select'
[2024-04-08T00:29:46.581+0000] {real_estates.py:76} ERROR - Error extracting data from https://www.homes.co.jp/other/b-1014190013112/: 'NoneType' object has no attribute 'select'
[2024-04-08T00:29:46.890+0000] {real_estates.py:76} ERROR - Error extracting data from https://www.homes.co.jp/other/b-1135100004798/: 'NoneType' object has no attribute 'select'
[2024-04-08T00:29:47.173+0000] {real_estates.py:76} ERROR - Error extracting data from https://www.homes.co.jp/other/b-1078310013106/: 'NoneType' object has no attribute 'select'
[2024-04-08T00:29:47.436+0000] {real_estates.py:76} ERROR - Error extracting data from https://www.homes.co.jp/other/b-1202660023312/: 'NoneType' object has no attribute 'select'
[2024-04-08T00:29:47.682+0000] {real_estates.py:76} ERROR - Error extracting data from https://www.homes.co.jp/tempo/b-75150009583/: 'NoneType' object has no attribute 'select'
[2024-04-08T00:29:47.961+0000] {real_estates.py:76} ERROR - Error extracting data from https://www.homes.co.jp/other/b-37091390000104/: 'NoneType' object has no attribute 'select'
[2024-04-08T00:29:48.233+0000] {real_estates.py:76} ERROR - Error extracting data from https://www.homes.co.jp/tempo/b-1271290001394/: 'NoneType' object has no attribute 'select'
[2024-04-08T00:29:48.501+0000] {real_estates.py:76} ERROR - Error extracting data from https://www.homes.co.jp/other/b-1496670000296/: 'NoneType' object has no attribute 'select'
[2024-04-08T00:29:49.142+0000] {real_estates.py:76} ERROR - Error extracting data from https://www.homes.co.jp/other/b-1128740002508/: 'NoneType' object has no attribute 'select'
[2024-04-08T00:29:49.391+0000] {real_estates.py:76} ERROR - Error extracting data from https://www.homes.co.jp/other/b-90530000004/: 'NoneType' object has no attribute 'select'
[2024-04-08T00:29:49.695+0000] {real_estates.py:76} ERROR - Error extracting data from https://www.homes.co.jp/other/b-32172640000201/: 'NoneType' object has no attribute 'select'
[2024-04-08T00:29:49.985+0000] {real_estates.py:76} ERROR - Error extracting data from https://www.homes.co.jp/other/b-1233340000376/: 'NoneType' object has no attribute 'select'
[2024-04-08T00:29:50.269+0000] {real_estates.py:76} ERROR - Error extracting data from https://www.homes.co.jp/other/b-32173900001552/: 'NoneType' object has no attribute 'select'
[2024-04-08T00:29:50.542+0000] {real_estates.py:76} ERROR - Error extracting data from https://www.homes.co.jp/other/b-1499530000164/: 'NoneType' object has no attribute 'select'
[2024-04-08T00:29:50.854+0000] {real_estates.py:76} ERROR - Error extracting data from https://www.homes.co.jp/other/b-1303410004248/: 'NoneType' object has no attribute 'select'
[2024-04-08T00:29:51.115+0000] {real_estates.py:76} ERROR - Error extracting data from https://www.homes.co.jp/tempo/b-1357910000451/: 'NoneType' object has no attribute 'select'
[2024-04-08T00:29:51.168+0000] {python.py:204} INFO - Done. Returned value not shown
[2024-04-08T00:29:51.245+0000] {taskinstance.py:1149} INFO - Marking task as SUCCESS. dag_id=real_estates, task_id=extract_real_estates, execution_date=20240407T000000, start_date=20240408T002531, end_date=20240408T002951
[2024-04-08T00:29:51.364+0000] {local_task_job_runner.py:234} INFO - Task exited with return code 0
[2024-04-08T00:29:51.416+0000] {taskinstance.py:3312} INFO - 2 downstream tasks scheduled from follow-on schedule check
