[2024-04-04T03:15:29.648+0000] {taskinstance.py:1979} INFO - Dependencies all met for dep_context=non-requeueable deps ti=<TaskInstance: real_estates.transform_to_english_keys manual__2024-04-03T10:39:54.321446+00:00 [queued]>
[2024-04-04T03:15:29.667+0000] {taskinstance.py:1979} INFO - Dependencies all met for dep_context=requeueable deps ti=<TaskInstance: real_estates.transform_to_english_keys manual__2024-04-03T10:39:54.321446+00:00 [queued]>
[2024-04-04T03:15:29.668+0000] {taskinstance.py:2193} INFO - Starting attempt 11 of 11
[2024-04-04T03:15:29.695+0000] {taskinstance.py:2217} INFO - Executing <Task(_PythonDecoratedOperator): transform_to_english_keys> on 2024-04-03 10:39:54.321446+00:00
[2024-04-04T03:15:29.710+0000] {standard_task_runner.py:60} INFO - Started process 13803 to run task
[2024-04-04T03:15:29.717+0000] {standard_task_runner.py:87} INFO - Running: ['***', 'tasks', 'run', 'real_estates', 'transform_to_english_keys', 'manual__2024-04-03T10:39:54.321446+00:00', '--job-id', '152', '--raw', '--subdir', 'DAGS_FOLDER/real_estates/__init__.py', '--cfg-path', '/tmp/tmpw9xb9jis']
[2024-04-04T03:15:29.722+0000] {standard_task_runner.py:88} INFO - Job 152: Subtask transform_to_english_keys
[2024-04-04T03:15:30.141+0000] {task_command.py:423} INFO - Running <TaskInstance: real_estates.transform_to_english_keys manual__2024-04-03T10:39:54.321446+00:00 [running]> on host 72a42bdc0b23
[2024-04-04T03:15:30.794+0000] {taskinstance.py:2513} INFO - Exporting env vars: AIRFLOW_CTX_DAG_OWNER='***' AIRFLOW_CTX_DAG_ID='real_estates' AIRFLOW_CTX_TASK_ID='transform_to_english_keys' AIRFLOW_CTX_EXECUTION_DATE='2024-04-03T10:39:54.321446+00:00' AIRFLOW_CTX_TRY_NUMBER='11' AIRFLOW_CTX_DAG_RUN_ID='manual__2024-04-03T10:39:54.321446+00:00'
[2024-04-04T03:15:31.903+0000] {english_keys.py:68} WARNING - Error translating name - クレイドルガーデン宮崎市高岡町飯田　第６
[2024-04-04T03:15:31.904+0000] {english_keys.py:69} ERROR - {'status': 'failed', 'error': JSONDecodeError('Expecting value: line 1 column 1 (char 0)')}
[2024-04-04T03:15:32.437+0000] {english_keys.py:68} WARNING - Error translating Location - 宮崎県宮崎市高岡町飯田3-19以下未定
[2024-04-04T03:15:32.438+0000] {english_keys.py:69} ERROR - {'status': 'failed', 'error': JSONDecodeError('Expecting value: line 1 column 1 (char 0)')}
[2024-04-04T03:15:33.075+0000] {english_keys.py:68} WARNING - Error translating Transportation - JR日豊本線「宮崎神宮」駅 車で約14.1ｋｍ                    JR日豊本線「宮崎」駅 車で約14.8ｋｍ                    JR日豊本線「蓮ケ池」駅 車で約15.8ｋｍ
[2024-04-04T03:15:33.075+0000] {english_keys.py:69} ERROR - {'status': 'failed', 'error': JSONDecodeError('Expecting value: line 1 column 1 (char 0)')}
[2024-04-04T03:15:33.491+0000] {english_keys.py:68} WARNING - Error translating Selling price - 1,999万円・2,199万円
                                                                
宮崎市の価格相場ページ
[2024-04-04T03:15:33.492+0000] {english_keys.py:69} ERROR - {'status': 'failed', 'error': JSONDecodeError('Expecting value: line 1 column 1 (char 0)')}
[2024-04-04T03:15:33.881+0000] {english_keys.py:68} WARNING - Error translating Highest price range - -
[2024-04-04T03:15:33.882+0000] {english_keys.py:69} ERROR - {'status': 'failed', 'error': JSONDecodeError('Expecting value: line 1 column 1 (char 0)')}
[2024-04-04T03:15:34.462+0000] {english_keys.py:68} WARNING - Error translating Building area - 98.00ｍ2・100.43ｍ2
[2024-04-04T03:15:34.463+0000] {english_keys.py:69} ERROR - {'status': 'failed', 'error': JSONDecodeError('Expecting value: line 1 column 1 (char 0)')}
[2024-04-04T03:15:34.977+0000] {english_keys.py:68} WARNING - Error translating Land area - 140.83ｍ2・150.41ｍ2
[2024-04-04T03:15:34.978+0000] {english_keys.py:69} ERROR - {'status': 'failed', 'error': JSONDecodeError('Expecting value: line 1 column 1 (char 0)')}
[2024-04-04T03:15:35.491+0000] {english_keys.py:68} WARNING - Error translating Floor plan - 4ＬＤＫ
[2024-04-04T03:15:35.492+0000] {english_keys.py:69} ERROR - {'status': 'failed', 'error': JSONDecodeError('Expecting value: line 1 column 1 (char 0)')}
[2024-04-04T03:15:35.979+0000] {english_keys.py:68} WARNING - Error translating Building structure - 木造ストレートまたはアスファルトシングル葺2階建て
[2024-04-04T03:15:35.980+0000] {english_keys.py:69} ERROR - {'status': 'failed', 'error': JSONDecodeError('Expecting value: line 1 column 1 (char 0)')}
[2024-04-04T03:15:36.472+0000] {english_keys.py:68} WARNING - Error translating Sales schedule - 販売中
[2024-04-04T03:15:36.473+0000] {english_keys.py:69} ERROR - {'status': 'failed', 'error': JSONDecodeError('Expecting value: line 1 column 1 (char 0)')}
[2024-04-04T03:15:37.030+0000] {english_keys.py:68} WARNING - Error translating Number of units for sale / Total units - 2戸
                                        /
                                            2戸
[2024-04-04T03:15:37.031+0000] {english_keys.py:69} ERROR - {'status': 'failed', 'error': JSONDecodeError('Expecting value: line 1 column 1 (char 0)')}
[2024-04-04T03:15:37.419+0000] {english_keys.py:68} WARNING - Error translating Expected completion date - 2024年4月下旬
[2024-04-04T03:15:37.419+0000] {english_keys.py:69} ERROR - {'status': 'failed', 'error': JSONDecodeError('Expecting value: line 1 column 1 (char 0)')}
[2024-04-04T03:15:38.044+0000] {english_keys.py:68} WARNING - Error translating Delivery availability date - 2024年5月上旬
[2024-04-04T03:15:38.045+0000] {english_keys.py:69} ERROR - {'status': 'failed', 'error': JSONDecodeError('Expecting value: line 1 column 1 (char 0)')}
[2024-04-04T03:15:38.655+0000] {english_keys.py:68} WARNING - Error translating Parking lot - 2台 ~ 4台（1号棟：4台、2号棟：2台）
[2024-04-04T03:15:38.656+0000] {english_keys.py:69} ERROR - {'status': 'failed', 'error': JSONDecodeError('Expecting value: line 1 column 1 (char 0)')}
[2024-04-04T03:15:39.117+0000] {english_keys.py:68} WARNING - Error translating Road width - 西側：6m・南側：6m
[2024-04-04T03:15:39.118+0000] {english_keys.py:69} ERROR - {'status': 'failed', 'error': JSONDecodeError('Expecting value: line 1 column 1 (char 0)')}
[2024-04-04T03:15:39.613+0000] {english_keys.py:68} WARNING - Error translating Land use zone - 第一種中高層住居専用地域
[2024-04-04T03:15:39.614+0000] {english_keys.py:69} ERROR - {'status': 'failed', 'error': JSONDecodeError('Expecting value: line 1 column 1 (char 0)')}
[2024-04-04T03:15:40.096+0000] {english_keys.py:68} WARNING - Error translating Urban planning - 市街化区域
[2024-04-04T03:15:40.097+0000] {english_keys.py:69} ERROR - {'status': 'failed', 'error': JSONDecodeError('Expecting value: line 1 column 1 (char 0)')}
[2024-04-04T03:15:40.778+0000] {english_keys.py:68} WARNING - Error translating Land category - 宅地
[2024-04-04T03:15:40.778+0000] {english_keys.py:69} ERROR - {'status': 'failed', 'error': JSONDecodeError('Expecting value: line 1 column 1 (char 0)')}
[2024-04-04T03:15:41.382+0000] {english_keys.py:68} WARNING - Error translating National Land Law - -
[2024-04-04T03:15:41.383+0000] {english_keys.py:69} ERROR - {'status': 'failed', 'error': JSONDecodeError('Expecting value: line 1 column 1 (char 0)')}
[2024-04-04T03:15:41.806+0000] {english_keys.py:68} WARNING - Error translating Land rights - 所有権
[2024-04-04T03:15:41.808+0000] {english_keys.py:69} ERROR - {'status': 'failed', 'error': JSONDecodeError('Expecting value: line 1 column 1 (char 0)')}
[2024-04-04T03:15:42.322+0000] {english_keys.py:68} WARNING - Error translating Type and duration of land lease rights - -
[2024-04-04T03:15:42.323+0000] {english_keys.py:69} ERROR - {'status': 'failed', 'error': JSONDecodeError('Expecting value: line 1 column 1 (char 0)')}
[2024-04-04T03:15:42.859+0000] {english_keys.py:68} WARNING - Error translating Overview of main facilities - 公営水道・本下水・オール電化
[2024-04-04T03:15:42.860+0000] {english_keys.py:69} ERROR - {'status': 'failed', 'error': JSONDecodeError('Expecting value: line 1 column 1 (char 0)')}
[2024-04-04T03:15:43.455+0000] {english_keys.py:68} WARNING - Error translating Building confirmation number - 第R06SHC100054号・第R06SHC100055号
[2024-04-04T03:15:43.456+0000] {english_keys.py:69} ERROR - {'status': 'failed', 'error': JSONDecodeError('Expecting value: line 1 column 1 (char 0)')}
[2024-04-04T03:15:43.917+0000] {english_keys.py:68} WARNING - Error translating Construction company - 株式会社アーネストワン
[2024-04-04T03:15:43.918+0000] {english_keys.py:69} ERROR - {'status': 'failed', 'error': JSONDecodeError('Expecting value: line 1 column 1 (char 0)')}
[2024-04-04T03:15:44.463+0000] {english_keys.py:68} WARNING - Error translating Institutional financing - -
[2024-04-04T03:15:44.464+0000] {english_keys.py:69} ERROR - {'status': 'failed', 'error': JSONDecodeError('Expecting value: line 1 column 1 (char 0)')}
[2024-04-04T03:15:45.058+0000] {english_keys.py:68} WARNING - Error translating Seller - 株式会社アーネストワン
                     [国土交通大臣(5)第6157号]
[2024-04-04T03:15:45.059+0000] {english_keys.py:69} ERROR - {'status': 'failed', 'error': JSONDecodeError('Expecting value: line 1 column 1 (char 0)')}
[2024-04-04T03:15:45.505+0000] {english_keys.py:68} WARNING - Error translating Transaction method - テラスエステート宮崎営業所(一般媒介)
[2024-04-04T03:15:45.507+0000] {english_keys.py:69} ERROR - {'status': 'failed', 'error': JSONDecodeError('Expecting value: line 1 column 1 (char 0)')}
[2024-04-04T03:15:46.127+0000] {english_keys.py:68} WARNING - Error translating Remarks - 【本日モデルハウスのご内覧可能！！】
当日・土日祝・お仕事帰りなどのご内覧もご相談下さい♪
TEL：0985-41-7751
22時までお電話対応致しております。　

【お迎えをご希望の方へ】
→お車でのお迎えや最寄り駅でのお待ち合わせも可能です♪
お気軽にお申し付けください。

【現地お待ち合わせをご希望の方へ】
→カーナビ住所をお伝えいたします。
物件付近で迷われた方もお気軽にお電話下さい。


ご希望の日時や時間お気軽にお申し付けください♪
[2024-04-04T03:15:46.128+0000] {english_keys.py:69} ERROR - {'status': 'failed', 'error': JSONDecodeError('Expecting value: line 1 column 1 (char 0)')}
[2024-04-04T03:15:46.644+0000] {english_keys.py:68} WARNING - Error translating Information update date - 2024/04/02
[2024-04-04T03:15:46.645+0000] {english_keys.py:69} ERROR - {'status': 'failed', 'error': JSONDecodeError('Expecting value: line 1 column 1 (char 0)')}
[2024-04-04T03:15:47.118+0000] {english_keys.py:68} WARNING - Error translating Next update scheduled date - 2024/04/16
[2024-04-04T03:15:47.119+0000] {english_keys.py:69} ERROR - {'status': 'failed', 'error': JSONDecodeError('Expecting value: line 1 column 1 (char 0)')}
[2024-04-04T03:15:47.544+0000] {english_keys.py:68} WARNING - Error translating Validity period of transaction conditions - 2025/04/02
[2024-04-04T03:15:47.545+0000] {english_keys.py:69} ERROR - {'status': 'failed', 'error': JSONDecodeError('Expecting value: line 1 column 1 (char 0)')}
[2024-04-04T03:15:47.986+0000] {english_keys.py:68} WARNING - Error translating name - 【町田市野津田町　新築戸建】
[2024-04-04T03:15:47.986+0000] {english_keys.py:69} ERROR - {'status': 'failed', 'error': JSONDecodeError('Expecting value: line 1 column 1 (char 0)')}
[2024-04-04T03:15:48.461+0000] {english_keys.py:68} WARNING - Error translating Location - 東京都町田市野津田町
[2024-04-04T03:15:48.462+0000] {english_keys.py:69} ERROR - {'status': 'failed', 'error': JSONDecodeError('Expecting value: line 1 column 1 (char 0)')}
[2024-04-04T03:15:48.978+0000] {english_keys.py:68} WARNING - Error translating Transportation - 小田急小田原線「鶴川」駅 「薬師ヶ丘」バス乗車14分 徒歩4分                    小田急小田原線「町田」駅 「薬師ヶ丘」バス乗車16分 徒歩4分                    JR横浜線「町田」駅 「薬師ヶ丘」バス乗車16分 徒歩4分
[2024-04-04T03:15:48.979+0000] {english_keys.py:69} ERROR - {'status': 'failed', 'error': JSONDecodeError('Expecting value: line 1 column 1 (char 0)')}
[2024-04-04T03:15:49.657+0000] {english_keys.py:68} WARNING - Error translating Selling price - 3798万円
                                                                
町田市の価格相場ページ
[2024-04-04T03:15:49.658+0000] {english_keys.py:69} ERROR - {'status': 'failed', 'error': JSONDecodeError('Expecting value: line 1 column 1 (char 0)')}
[2024-04-04T03:15:50.260+0000] {english_keys.py:68} WARNING - Error translating Highest price range - 3700万円台(1戸)
[2024-04-04T03:15:50.260+0000] {english_keys.py:69} ERROR - {'status': 'failed', 'error': JSONDecodeError('Expecting value: line 1 column 1 (char 0)')}
[2024-04-04T03:15:50.706+0000] {english_keys.py:68} WARNING - Error translating Building area - 84.84m2(実測)
[2024-04-04T03:15:50.707+0000] {english_keys.py:69} ERROR - {'status': 'failed', 'error': JSONDecodeError('Expecting value: line 1 column 1 (char 0)')}
[2024-04-04T03:15:51.146+0000] {english_keys.py:68} WARNING - Error translating Land area - 107.64m2(実測)
[2024-04-04T03:15:51.146+0000] {english_keys.py:69} ERROR - {'status': 'failed', 'error': JSONDecodeError('Expecting value: line 1 column 1 (char 0)')}
[2024-04-04T03:15:51.796+0000] {english_keys.py:68} WARNING - Error translating Floor plan - 3LDK
[2024-04-04T03:15:51.796+0000] {english_keys.py:69} ERROR - {'status': 'failed', 'error': JSONDecodeError('Expecting value: line 1 column 1 (char 0)')}
[2024-04-04T03:15:52.323+0000] {english_keys.py:68} WARNING - Error translating Building structure - 木造2階建て
[2024-04-04T03:15:52.323+0000] {english_keys.py:69} ERROR - {'status': 'failed', 'error': JSONDecodeError('Expecting value: line 1 column 1 (char 0)')}
[2024-04-04T03:15:52.940+0000] {english_keys.py:68} WARNING - Error translating Sales schedule - 新規分譲
[2024-04-04T03:15:52.941+0000] {english_keys.py:69} ERROR - {'status': 'failed', 'error': JSONDecodeError('Expecting value: line 1 column 1 (char 0)')}
[2024-04-04T03:15:53.592+0000] {english_keys.py:68} WARNING - Error translating Number of units for sale / Total units - 1戸
                                        /
                                            1戸
[2024-04-04T03:15:53.593+0000] {english_keys.py:69} ERROR - {'status': 'failed', 'error': JSONDecodeError('Expecting value: line 1 column 1 (char 0)')}
[2024-04-04T03:15:54.160+0000] {english_keys.py:68} WARNING - Error translating Expected completion date - 2024年4月
[2024-04-04T03:15:54.161+0000] {english_keys.py:69} ERROR - {'status': 'failed', 'error': JSONDecodeError('Expecting value: line 1 column 1 (char 0)')}
[2024-04-04T03:15:54.794+0000] {english_keys.py:68} WARNING - Error translating Delivery availability date - 相談
[2024-04-04T03:15:54.795+0000] {english_keys.py:69} ERROR - {'status': 'failed', 'error': JSONDecodeError('Expecting value: line 1 column 1 (char 0)')}
[2024-04-04T03:15:55.427+0000] {english_keys.py:68} WARNING - Error translating Parking lot - -
[2024-04-04T03:15:55.427+0000] {english_keys.py:69} ERROR - {'status': 'failed', 'error': JSONDecodeError('Expecting value: line 1 column 1 (char 0)')}
[2024-04-04T03:15:55.843+0000] {english_keys.py:68} WARNING - Error translating Road width - 道路幅4.0m アスファルト舗装
[2024-04-04T03:15:55.843+0000] {english_keys.py:69} ERROR - {'status': 'failed', 'error': JSONDecodeError('Expecting value: line 1 column 1 (char 0)')}
[2024-04-04T03:15:56.516+0000] {english_keys.py:68} WARNING - Error translating Land use zone - 1種低層
[2024-04-04T03:15:56.516+0000] {english_keys.py:69} ERROR - {'status': 'failed', 'error': JSONDecodeError('Expecting value: line 1 column 1 (char 0)')}
[2024-04-04T03:15:57.005+0000] {english_keys.py:68} WARNING - Error translating Urban planning - 市街化区域
[2024-04-04T03:15:57.006+0000] {english_keys.py:69} ERROR - {'status': 'failed', 'error': JSONDecodeError('Expecting value: line 1 column 1 (char 0)')}
[2024-04-04T03:15:57.444+0000] {english_keys.py:68} WARNING - Error translating Land category - 宅地
[2024-04-04T03:15:57.445+0000] {english_keys.py:69} ERROR - {'status': 'failed', 'error': JSONDecodeError('Expecting value: line 1 column 1 (char 0)')}
[2024-04-04T03:15:58.026+0000] {english_keys.py:68} WARNING - Error translating National Land Law - -
[2024-04-04T03:15:58.027+0000] {english_keys.py:69} ERROR - {'status': 'failed', 'error': JSONDecodeError('Expecting value: line 1 column 1 (char 0)')}
[2024-04-04T03:15:58.616+0000] {english_keys.py:68} WARNING - Error translating Land rights - 所有権
[2024-04-04T03:15:58.616+0000] {english_keys.py:69} ERROR - {'status': 'failed', 'error': JSONDecodeError('Expecting value: line 1 column 1 (char 0)')}
[2024-04-04T03:15:59.185+0000] {english_keys.py:68} WARNING - Error translating Type and duration of land lease rights - 
[2024-04-04T03:15:59.186+0000] {english_keys.py:69} ERROR - {'status': 'failed', 'error': JSONDecodeError('Expecting value: line 1 column 1 (char 0)')}
[2024-04-04T03:15:59.600+0000] {english_keys.py:68} WARNING - Error translating Monthly land lease fee - 
[2024-04-04T03:15:59.601+0000] {english_keys.py:69} ERROR - {'status': 'failed', 'error': JSONDecodeError('Expecting value: line 1 column 1 (char 0)')}
[2024-04-04T03:16:00.079+0000] {english_keys.py:68} WARNING - Error translating Security deposit - 
[2024-04-04T03:16:00.080+0000] {english_keys.py:69} ERROR - {'status': 'failed', 'error': JSONDecodeError('Expecting value: line 1 column 1 (char 0)')}
[2024-04-04T03:16:00.405+0000] {local_task_job_runner.py:302} WARNING - State of this instance has been externally set to failed. Terminating instance.
[2024-04-04T03:16:00.409+0000] {process_utils.py:131} INFO - Sending 15 to group 13803. PIDs of all processes in the group: [13803]
[2024-04-04T03:16:00.409+0000] {process_utils.py:86} INFO - Sending the signal 15 to group 13803
[2024-04-04T03:16:00.410+0000] {taskinstance.py:2483} ERROR - Received SIGTERM. Terminating subprocesses.
[2024-04-04T03:16:00.412+0000] {english_keys.py:68} WARNING - Error translating Overview of main facilities - 公営水道/都市ガス
[2024-04-04T03:16:00.412+0000] {english_keys.py:69} ERROR - {'status': 'failed', 'error': AirflowException('Task received SIGTERM signal')}
[2024-04-04T03:16:00.973+0000] {english_keys.py:68} WARNING - Error translating Building confirmation number - 第HPA-23-12875-1号
[2024-04-04T03:16:00.974+0000] {english_keys.py:69} ERROR - {'status': 'failed', 'error': JSONDecodeError('Expecting value: line 1 column 1 (char 0)')}
[2024-04-04T03:16:01.404+0000] {english_keys.py:68} WARNING - Error translating Construction company - -
[2024-04-04T03:16:01.405+0000] {english_keys.py:69} ERROR - {'status': 'failed', 'error': JSONDecodeError('Expecting value: line 1 column 1 (char 0)')}
[2024-04-04T03:16:01.823+0000] {english_keys.py:68} WARNING - Error translating Institutional financing - -
[2024-04-04T03:16:01.824+0000] {english_keys.py:69} ERROR - {'status': 'failed', 'error': JSONDecodeError('Expecting value: line 1 column 1 (char 0)')}
[2024-04-04T03:16:02.433+0000] {english_keys.py:68} WARNING - Error translating Seller - 
[2024-04-04T03:16:02.434+0000] {english_keys.py:69} ERROR - {'status': 'failed', 'error': JSONDecodeError('Expecting value: line 1 column 1 (char 0)')}
[2024-04-04T03:16:02.860+0000] {english_keys.py:68} WARNING - Error translating Transaction method - リストインターナショナルリアルティ株式会社町田支店／仲介
[2024-04-04T03:16:02.861+0000] {english_keys.py:69} ERROR - {'status': 'failed', 'error': JSONDecodeError('Expecting value: line 1 column 1 (char 0)')}
[2024-04-04T03:16:03.494+0000] {english_keys.py:68} WARNING - Error translating Remarks - 公法制限：第１種高度地区　最低敷地面積：120m2


◆お電話いただければ当日のご見学も可能です。お気軽にお電話ください。

TEL：0800-800-3119【通話料無料】

◆土日はもちろん、平日、お仕事帰りのご見学も大歓迎

◆ご見学方法はお客様のご希望に合わせて以下のメニューからご選択ください。

○ショートプラン

【目安時間：30分～1時間】

「とりあえず物件だけ見たい」という方に最適。現地待ち合わせ、もしくはお車での送迎で物件見学のみを行うプランです。

○スタンダードプラン

【目安時間：2時間～4時間】

「ついでに他の物件も見学したい」という方に最適。お問い合わせいただいた物件の他に未公開物件のご紹介。資金計画のご相談。現地の物件見学を行っていただきます。弊社は町田駅から徒歩3分、無料駐車場、キッズスペース完備でお客様のお時間の許す限りご対応させていただきます。

○スペシャルプラン

【目安時間：4時間～8時間】

お住まい探しが初めての方に最適。弊社にご来社いただき、住宅ローンの安全な組み方のご説明。お客様のご希望地域の物件紹介。資金計画のご相談。土地・家の探し方のご相談。現地の物件見学を行っていただきます。10時から2時間程度ご相談し、お昼休憩をとっていただき実際の物件を見学いただきます。

上記プランを参考に担当営業にご相談ください。

TEL：0800-800-3119【通話料無料】
[2024-04-04T03:16:03.495+0000] {english_keys.py:69} ERROR - {'status': 'failed', 'error': JSONDecodeError('Expecting value: line 1 column 1 (char 0)')}
[2024-04-04T03:16:04.084+0000] {english_keys.py:68} WARNING - Error translating Information update date - 2024/04/02
[2024-04-04T03:16:04.085+0000] {english_keys.py:69} ERROR - {'status': 'failed', 'error': JSONDecodeError('Expecting value: line 1 column 1 (char 0)')}
[2024-04-04T03:16:04.713+0000] {english_keys.py:68} WARNING - Error translating Next update scheduled date - 2024/04/16
[2024-04-04T03:16:04.714+0000] {english_keys.py:69} ERROR - {'status': 'failed', 'error': JSONDecodeError('Expecting value: line 1 column 1 (char 0)')}
[2024-04-04T03:16:05.339+0000] {english_keys.py:68} WARNING - Error translating Validity period of transaction conditions - 2024/06/30
[2024-04-04T03:16:05.340+0000] {english_keys.py:69} ERROR - {'status': 'failed', 'error': JSONDecodeError('Expecting value: line 1 column 1 (char 0)')}
[2024-04-04T03:16:05.830+0000] {english_keys.py:68} WARNING - Error translating name - 刈谷市小垣江町地内
[2024-04-04T03:16:05.831+0000] {english_keys.py:69} ERROR - {'status': 'failed', 'error': JSONDecodeError('Expecting value: line 1 column 1 (char 0)')}
[2024-04-04T03:16:06.512+0000] {english_keys.py:68} WARNING - Error translating Location - 愛知県刈谷市小垣江町地内62
[2024-04-04T03:16:06.513+0000] {english_keys.py:69} ERROR - {'status': 'failed', 'error': JSONDecodeError('Expecting value: line 1 column 1 (char 0)')}
[2024-04-04T03:16:06.911+0000] {english_keys.py:68} WARNING - Error translating Transportation - 名鉄三河線「小垣江」駅 徒歩8分                    名鉄三河線「刈谷市」駅 徒歩27分
[2024-04-04T03:16:06.912+0000] {english_keys.py:69} ERROR - {'status': 'failed', 'error': JSONDecodeError('Expecting value: line 1 column 1 (char 0)')}
[2024-04-04T03:16:07.573+0000] {english_keys.py:68} WARNING - Error translating Selling price - 3,480万円
                                                                
刈谷市の価格相場ページ
[2024-04-04T03:16:07.574+0000] {english_keys.py:69} ERROR - {'status': 'failed', 'error': JSONDecodeError('Expecting value: line 1 column 1 (char 0)')}
[2024-04-04T03:16:07.950+0000] {english_keys.py:68} WARNING - Error translating Highest price range - -
[2024-04-04T03:16:07.951+0000] {english_keys.py:69} ERROR - {'status': 'failed', 'error': JSONDecodeError('Expecting value: line 1 column 1 (char 0)')}
[2024-04-04T03:16:08.553+0000] {english_keys.py:68} WARNING - Error translating Building area - 101.33ｍ2
[2024-04-04T03:16:08.554+0000] {english_keys.py:69} ERROR - {'status': 'failed', 'error': JSONDecodeError('Expecting value: line 1 column 1 (char 0)')}
[2024-04-04T03:16:08.987+0000] {english_keys.py:68} WARNING - Error translating Land area - 106.39ｍ2
[2024-04-04T03:16:08.988+0000] {english_keys.py:69} ERROR - {'status': 'failed', 'error': JSONDecodeError('Expecting value: line 1 column 1 (char 0)')}
[2024-04-04T03:16:09.574+0000] {english_keys.py:68} WARNING - Error translating Floor plan - 3SLDK
[2024-04-04T03:16:09.575+0000] {english_keys.py:69} ERROR - {'status': 'failed', 'error': JSONDecodeError('Expecting value: line 1 column 1 (char 0)')}
[2024-04-04T03:16:10.042+0000] {english_keys.py:68} WARNING - Error translating Building structure - 木造2階建
[2024-04-04T03:16:10.043+0000] {english_keys.py:69} ERROR - {'status': 'failed', 'error': JSONDecodeError('Expecting value: line 1 column 1 (char 0)')}
[2024-04-04T03:16:10.565+0000] {english_keys.py:68} WARNING - Error translating Sales schedule - 販売中
[2024-04-04T03:16:10.566+0000] {english_keys.py:69} ERROR - {'status': 'failed', 'error': JSONDecodeError('Expecting value: line 1 column 1 (char 0)')}
[2024-04-04T03:16:11.212+0000] {english_keys.py:68} WARNING - Error translating Number of units for sale / Total units - 1戸
                                        /
                                            3戸
[2024-04-04T03:16:11.213+0000] {english_keys.py:69} ERROR - {'status': 'failed', 'error': JSONDecodeError('Expecting value: line 1 column 1 (char 0)')}
[2024-04-04T03:16:11.621+0000] {english_keys.py:68} WARNING - Error translating Expected completion date - 2023年12月
[2024-04-04T03:16:11.622+0000] {english_keys.py:69} ERROR - {'status': 'failed', 'error': JSONDecodeError('Expecting value: line 1 column 1 (char 0)')}
[2024-04-04T03:16:12.071+0000] {english_keys.py:68} WARNING - Error translating Delivery availability date - 即引渡可
[2024-04-04T03:16:12.071+0000] {english_keys.py:69} ERROR - {'status': 'failed', 'error': JSONDecodeError('Expecting value: line 1 column 1 (char 0)')}
[2024-04-04T03:16:12.519+0000] {english_keys.py:68} WARNING - Error translating Parking lot - 1台 ~ 2台
[2024-04-04T03:16:12.520+0000] {english_keys.py:69} ERROR - {'status': 'failed', 'error': JSONDecodeError('Expecting value: line 1 column 1 (char 0)')}
[2024-04-04T03:16:12.917+0000] {english_keys.py:68} WARNING - Error translating Road width - 南西側幅員2m公道
[2024-04-04T03:16:12.920+0000] {english_keys.py:69} ERROR - {'status': 'failed', 'error': JSONDecodeError('Expecting value: line 1 column 1 (char 0)')}
[2024-04-04T03:16:13.542+0000] {english_keys.py:68} WARNING - Error translating Land use zone - 第一種住居地域
[2024-04-04T03:16:13.543+0000] {english_keys.py:69} ERROR - {'status': 'failed', 'error': JSONDecodeError('Expecting value: line 1 column 1 (char 0)')}
[2024-04-04T03:16:14.177+0000] {english_keys.py:68} WARNING - Error translating Urban planning - 市街化区域
[2024-04-04T03:16:14.178+0000] {english_keys.py:69} ERROR - {'status': 'failed', 'error': JSONDecodeError('Expecting value: line 1 column 1 (char 0)')}
[2024-04-04T03:16:14.861+0000] {english_keys.py:68} WARNING - Error translating Land category - 宅地
[2024-04-04T03:16:14.861+0000] {english_keys.py:69} ERROR - {'status': 'failed', 'error': JSONDecodeError('Expecting value: line 1 column 1 (char 0)')}
[2024-04-04T03:16:15.530+0000] {english_keys.py:68} WARNING - Error translating National Land Law - -
[2024-04-04T03:16:15.531+0000] {english_keys.py:69} ERROR - {'status': 'failed', 'error': JSONDecodeError('Expecting value: line 1 column 1 (char 0)')}
[2024-04-04T03:16:16.150+0000] {english_keys.py:68} WARNING - Error translating Land rights - 所有権
[2024-04-04T03:16:16.151+0000] {english_keys.py:69} ERROR - {'status': 'failed', 'error': JSONDecodeError('Expecting value: line 1 column 1 (char 0)')}
[2024-04-04T03:16:16.715+0000] {english_keys.py:68} WARNING - Error translating Type and duration of land lease rights - -
[2024-04-04T03:16:16.717+0000] {english_keys.py:69} ERROR - {'status': 'failed', 'error': JSONDecodeError('Expecting value: line 1 column 1 (char 0)')}
[2024-04-04T03:16:17.170+0000] {english_keys.py:68} WARNING - Error translating Overview of main facilities - 電気、公営水道、都市ガス
[2024-04-04T03:16:17.171+0000] {english_keys.py:69} ERROR - {'status': 'failed', 'error': JSONDecodeError('Expecting value: line 1 column 1 (char 0)')}
[2024-04-04T03:16:17.785+0000] {english_keys.py:68} WARNING - Error translating Building confirmation number - 完成済みのため省略
[2024-04-04T03:16:17.786+0000] {english_keys.py:69} ERROR - {'status': 'failed', 'error': JSONDecodeError('Expecting value: line 1 column 1 (char 0)')}
[2024-04-04T03:16:18.331+0000] {english_keys.py:68} WARNING - Error translating Construction company - -
[2024-04-04T03:16:18.332+0000] {english_keys.py:69} ERROR - {'status': 'failed', 'error': JSONDecodeError('Expecting value: line 1 column 1 (char 0)')}
[2024-04-04T03:16:18.940+0000] {english_keys.py:68} WARNING - Error translating Institutional financing - -
[2024-04-04T03:16:18.941+0000] {english_keys.py:69} ERROR - {'status': 'failed', 'error': JSONDecodeError('Expecting value: line 1 column 1 (char 0)')}
[2024-04-04T03:16:19.506+0000] {english_keys.py:68} WARNING - Error translating Seller - 
[2024-04-04T03:16:19.508+0000] {english_keys.py:69} ERROR - {'status': 'failed', 'error': JSONDecodeError('Expecting value: line 1 column 1 (char 0)')}
[2024-04-04T03:16:19.951+0000] {english_keys.py:68} WARNING - Error translating Transaction method - 仲介　株式会社アイデムホーム安城店
[2024-04-04T03:16:19.952+0000] {english_keys.py:69} ERROR - {'status': 'failed', 'error': JSONDecodeError('Expecting value: line 1 column 1 (char 0)')}
[2024-04-04T03:16:20.616+0000] {english_keys.py:68} WARNING - Error translating Remarks - ●○●愛知県新築戸建成約件数トップクラスの実績●○●
三河エリア全域で豊富な物件情報を取り扱い中♪
年末年始以外は年中無休で営業中！経験豊富な弊社担当者が丁寧にご対応致します。

■弊社店舗について
駐車場完備、キッズコーナーも併設しておりますのでお子様連れでもご安心下さい。
豊富な物件資料を取り揃えており、落ち着いた空間でドリンクサービスもございますので快適にお過ごし頂けます。

■ご案内について
現地でのお待ち合わせやお客様のご希望によりご自宅までの送迎や最寄り駅までの送迎も行います。
又、弊社までご来店して頂きご案内も可能です。

■住宅ローンについて
弊社では豊富な販売実績により、お客様のご希望や条件に合う最適な住宅ローン商品
のご提案をさせて頂きます。また、以下のようなご相談も是非ご相談下さい。
・勤続年数が短い方、自営業者の方
・車のローンやクレジット、キャッシングの借入がある方
・自己資金がない、支払いに不安のある方
など他にもご不安、心配な事がある方は何でもご相談下さい。

■その他各種ご相談もお気軽にご相談下さい
弊社では「ワンストップサービス」を取り入れております。
専門部署によるリフォーム、オプション工事や火災保険の販売など住宅購入に関する事はすべてアイデムホームで対応可能です。
また、安心できるファイナンシャルプランナーによる資金計画（要予約）も実施しております。

アイデムホームではお客様第一での営業を心掛けております。
スタッフ一同全力でお客様のサポートをさせて頂きますのでお気軽にお問合せ下さい。
[2024-04-04T03:16:20.617+0000] {english_keys.py:69} ERROR - {'status': 'failed', 'error': JSONDecodeError('Expecting value: line 1 column 1 (char 0)')}
[2024-04-04T03:16:21.022+0000] {english_keys.py:68} WARNING - Error translating Information update date - 2024/04/02
[2024-04-04T03:16:21.023+0000] {english_keys.py:69} ERROR - {'status': 'failed', 'error': JSONDecodeError('Expecting value: line 1 column 1 (char 0)')}
[2024-04-04T03:16:21.642+0000] {english_keys.py:68} WARNING - Error translating Next update scheduled date - 2024/04/16
[2024-04-04T03:16:21.643+0000] {english_keys.py:69} ERROR - {'status': 'failed', 'error': JSONDecodeError('Expecting value: line 1 column 1 (char 0)')}
[2024-04-04T03:16:22.124+0000] {english_keys.py:68} WARNING - Error translating Validity period of transaction conditions - 2024/12/31
[2024-04-04T03:16:22.125+0000] {english_keys.py:69} ERROR - {'status': 'failed', 'error': JSONDecodeError('Expecting value: line 1 column 1 (char 0)')}
[2024-04-04T03:16:22.571+0000] {english_keys.py:68} WARNING - Error translating name - リーブルガーデン福重4丁目第4　新築戸建　1～2号棟
[2024-04-04T03:16:22.572+0000] {english_keys.py:69} ERROR - {'status': 'failed', 'error': JSONDecodeError('Expecting value: line 1 column 1 (char 0)')}
[2024-04-04T03:16:22.994+0000] {english_keys.py:68} WARNING - Error translating Location - 福岡県福岡市西区福重４丁目
[2024-04-04T03:16:22.994+0000] {english_keys.py:69} ERROR - {'status': 'failed', 'error': JSONDecodeError('Expecting value: line 1 column 1 (char 0)')}
[2024-04-04T03:16:23.572+0000] {english_keys.py:68} WARNING - Error translating Transportation - 福岡市地下鉄空港線「姪浜」駅 徒歩24分                    福岡市地下鉄七隈線「橋本」駅 徒歩25分                    福岡市地下鉄七隈線「次郎丸」駅 徒歩32分
[2024-04-04T03:16:23.572+0000] {english_keys.py:69} ERROR - {'status': 'failed', 'error': JSONDecodeError('Expecting value: line 1 column 1 (char 0)')}
[2024-04-04T03:16:24.188+0000] {english_keys.py:68} WARNING - Error translating Selling price - 3550万円・3580万円
                                                                
福岡市西区の価格相場ページ
[2024-04-04T03:16:24.188+0000] {english_keys.py:69} ERROR - {'status': 'failed', 'error': JSONDecodeError('Expecting value: line 1 column 1 (char 0)')}
[2024-04-04T03:16:24.775+0000] {english_keys.py:68} WARNING - Error translating Highest price range - 3500万円台(2戸)
[2024-04-04T03:16:24.775+0000] {english_keys.py:69} ERROR - {'status': 'failed', 'error': JSONDecodeError('Expecting value: line 1 column 1 (char 0)')}
[2024-04-04T03:16:25.183+0000] {english_keys.py:68} WARNING - Error translating Building area - 96.58m2・98.40m2
[2024-04-04T03:16:25.183+0000] {english_keys.py:69} ERROR - {'status': 'failed', 'error': JSONDecodeError('Expecting value: line 1 column 1 (char 0)')}
[2024-04-04T03:16:25.726+0000] {english_keys.py:68} WARNING - Error translating Land area - 75.52m2・75.53m2
[2024-04-04T03:16:25.727+0000] {english_keys.py:69} ERROR - {'status': 'failed', 'error': JSONDecodeError('Expecting value: line 1 column 1 (char 0)')}
[2024-04-04T03:16:26.127+0000] {english_keys.py:68} WARNING - Error translating Floor plan - 2LDK+S・3LDK+S
[2024-04-04T03:16:26.128+0000] {english_keys.py:69} ERROR - {'status': 'failed', 'error': JSONDecodeError('Expecting value: line 1 column 1 (char 0)')}
[2024-04-04T03:16:26.537+0000] {english_keys.py:68} WARNING - Error translating Building structure - 木造3階建て
[2024-04-04T03:16:26.538+0000] {english_keys.py:69} ERROR - {'status': 'failed', 'error': JSONDecodeError('Expecting value: line 1 column 1 (char 0)')}
[2024-04-04T03:16:26.993+0000] {english_keys.py:68} WARNING - Error translating Sales schedule - 新規分譲
[2024-04-04T03:16:26.994+0000] {english_keys.py:69} ERROR - {'status': 'failed', 'error': JSONDecodeError('Expecting value: line 1 column 1 (char 0)')}
[2024-04-04T03:16:27.627+0000] {english_keys.py:68} WARNING - Error translating Number of units for sale / Total units - 2戸
                                        /
                                            2戸
[2024-04-04T03:16:27.628+0000] {english_keys.py:69} ERROR - {'status': 'failed', 'error': JSONDecodeError('Expecting value: line 1 column 1 (char 0)')}
[2024-04-04T03:16:28.152+0000] {english_keys.py:68} WARNING - Error translating Expected completion date - 2024年5月完成予定
[2024-04-04T03:16:28.152+0000] {english_keys.py:69} ERROR - {'status': 'failed', 'error': JSONDecodeError('Expecting value: line 1 column 1 (char 0)')}
[2024-04-04T03:16:28.667+0000] {english_keys.py:68} WARNING - Error translating Delivery availability date - 相談
[2024-04-04T03:16:28.667+0000] {english_keys.py:69} ERROR - {'status': 'failed', 'error': JSONDecodeError('Expecting value: line 1 column 1 (char 0)')}
[2024-04-04T03:16:29.152+0000] {english_keys.py:68} WARNING - Error translating Parking lot - カースペース有
[2024-04-04T03:16:29.152+0000] {english_keys.py:69} ERROR - {'status': 'failed', 'error': JSONDecodeError('Expecting value: line 1 column 1 (char 0)')}
[2024-04-04T03:16:29.795+0000] {english_keys.py:68} WARNING - Error translating Road width - 道路幅5.0m アスファルト舗装
[2024-04-04T03:16:29.795+0000] {english_keys.py:69} ERROR - {'status': 'failed', 'error': JSONDecodeError('Expecting value: line 1 column 1 (char 0)')}
[2024-04-04T03:16:30.450+0000] {english_keys.py:68} WARNING - Error translating Land use zone - 2種住居
[2024-04-04T03:16:30.450+0000] {english_keys.py:69} ERROR - {'status': 'failed', 'error': JSONDecodeError('Expecting value: line 1 column 1 (char 0)')}
[2024-04-04T03:16:30.869+0000] {english_keys.py:68} WARNING - Error translating Urban planning - 市街化区域
[2024-04-04T03:16:30.870+0000] {english_keys.py:69} ERROR - {'status': 'failed', 'error': JSONDecodeError('Expecting value: line 1 column 1 (char 0)')}
[2024-04-04T03:16:31.479+0000] {english_keys.py:68} WARNING - Error translating Land category - 
[2024-04-04T03:16:31.480+0000] {english_keys.py:69} ERROR - {'status': 'failed', 'error': JSONDecodeError('Expecting value: line 1 column 1 (char 0)')}
[2024-04-04T03:16:31.990+0000] {english_keys.py:68} WARNING - Error translating National Land Law - -
[2024-04-04T03:16:31.991+0000] {english_keys.py:69} ERROR - {'status': 'failed', 'error': JSONDecodeError('Expecting value: line 1 column 1 (char 0)')}
[2024-04-04T03:16:32.532+0000] {english_keys.py:68} WARNING - Error translating Land rights - 所有権
[2024-04-04T03:16:32.533+0000] {english_keys.py:69} ERROR - {'status': 'failed', 'error': JSONDecodeError('Expecting value: line 1 column 1 (char 0)')}
[2024-04-04T03:16:33.010+0000] {english_keys.py:68} WARNING - Error translating Type and duration of land lease rights - 
[2024-04-04T03:16:33.011+0000] {english_keys.py:69} ERROR - {'status': 'failed', 'error': JSONDecodeError('Expecting value: line 1 column 1 (char 0)')}
[2024-04-04T03:16:33.523+0000] {english_keys.py:68} WARNING - Error translating Monthly land lease fee - 
[2024-04-04T03:16:33.524+0000] {english_keys.py:69} ERROR - {'status': 'failed', 'error': JSONDecodeError('Expecting value: line 1 column 1 (char 0)')}
[2024-04-04T03:16:33.944+0000] {english_keys.py:68} WARNING - Error translating Security deposit - 
[2024-04-04T03:16:33.945+0000] {english_keys.py:69} ERROR - {'status': 'failed', 'error': JSONDecodeError('Expecting value: line 1 column 1 (char 0)')}
[2024-04-04T03:16:34.421+0000] {english_keys.py:68} WARNING - Error translating Overview of main facilities - 電気/公営水道/本下水/都市ガス
[2024-04-04T03:16:34.422+0000] {english_keys.py:69} ERROR - {'status': 'failed', 'error': JSONDecodeError('Expecting value: line 1 column 1 (char 0)')}
[2024-04-04T03:16:35.033+0000] {english_keys.py:68} WARNING - Error translating Building confirmation number - 第R05SHC118119号、他
[2024-04-04T03:16:35.034+0000] {english_keys.py:69} ERROR - {'status': 'failed', 'error': JSONDecodeError('Expecting value: line 1 column 1 (char 0)')}
[2024-04-04T03:16:35.502+0000] {english_keys.py:68} WARNING - Error translating Construction company - -
[2024-04-04T03:16:35.503+0000] {english_keys.py:69} ERROR - {'status': 'failed', 'error': JSONDecodeError('Expecting value: line 1 column 1 (char 0)')}
[2024-04-04T03:16:36.011+0000] {english_keys.py:68} WARNING - Error translating Institutional financing - -
[2024-04-04T03:16:36.012+0000] {english_keys.py:69} ERROR - {'status': 'failed', 'error': JSONDecodeError('Expecting value: line 1 column 1 (char 0)')}
[2024-04-04T03:16:36.523+0000] {english_keys.py:68} WARNING - Error translating Seller - 
[2024-04-04T03:16:36.524+0000] {english_keys.py:69} ERROR - {'status': 'failed', 'error': JSONDecodeError('Expecting value: line 1 column 1 (char 0)')}
[2024-04-04T03:16:36.985+0000] {english_keys.py:68} WARNING - Error translating Transaction method - 株式会社　リアルティストア福岡城南店／仲介
[2024-04-04T03:16:36.986+0000] {english_keys.py:69} ERROR - {'status': 'failed', 'error': JSONDecodeError('Expecting value: line 1 column 1 (char 0)')}
[2024-04-04T03:16:37.591+0000] {english_keys.py:68} WARNING - Error translating Remarks - -
[2024-04-04T03:16:37.592+0000] {english_keys.py:69} ERROR - {'status': 'failed', 'error': JSONDecodeError('Expecting value: line 1 column 1 (char 0)')}
[2024-04-04T03:16:38.227+0000] {english_keys.py:68} WARNING - Error translating Information update date - 2024/04/02
[2024-04-04T03:16:38.228+0000] {english_keys.py:69} ERROR - {'status': 'failed', 'error': JSONDecodeError('Expecting value: line 1 column 1 (char 0)')}
[2024-04-04T03:16:38.777+0000] {english_keys.py:68} WARNING - Error translating Next update scheduled date - 2024/04/15
[2024-04-04T03:16:38.778+0000] {english_keys.py:69} ERROR - {'status': 'failed', 'error': JSONDecodeError('Expecting value: line 1 column 1 (char 0)')}
[2024-04-04T03:16:39.187+0000] {english_keys.py:68} WARNING - Error translating Validity period of transaction conditions - 2025/11/07
[2024-04-04T03:16:39.187+0000] {english_keys.py:69} ERROR - {'status': 'failed', 'error': JSONDecodeError('Expecting value: line 1 column 1 (char 0)')}
[2024-04-04T03:16:39.763+0000] {english_keys.py:68} WARNING - Error translating name - ■見学予約キャンペーン実施中■柴田町槻木白幡第５■
[2024-04-04T03:16:39.764+0000] {english_keys.py:69} ERROR - {'status': 'failed', 'error': JSONDecodeError('Expecting value: line 1 column 1 (char 0)')}
[2024-04-04T03:16:40.308+0000] {english_keys.py:68} WARNING - Error translating Location - 宮城県柴田郡柴田町槻木白幡４丁目
[2024-04-04T03:16:40.309+0000] {english_keys.py:69} ERROR - {'status': 'failed', 'error': JSONDecodeError('Expecting value: line 1 column 1 (char 0)')}
[2024-04-04T03:16:40.694+0000] {english_keys.py:68} WARNING - Error translating Transportation - JR東北本線「槻木」駅 徒歩11分
[2024-04-04T03:16:40.695+0000] {english_keys.py:69} ERROR - {'status': 'failed', 'error': JSONDecodeError('Expecting value: line 1 column 1 (char 0)')}
[2024-04-04T03:16:41.195+0000] {english_keys.py:68} WARNING - Error translating Selling price - 2330～2380万円
                                                                
柴田郡柴田町の価格相場ページ
[2024-04-04T03:16:41.196+0000] {english_keys.py:69} ERROR - {'status': 'failed', 'error': JSONDecodeError('Expecting value: line 1 column 1 (char 0)')}
[2024-04-04T03:16:41.695+0000] {english_keys.py:68} WARNING - Error translating Highest price range - 2330万円（1戸）、2380万円（1戸）
[2024-04-04T03:16:41.695+0000] {english_keys.py:69} ERROR - {'status': 'failed', 'error': JSONDecodeError('Expecting value: line 1 column 1 (char 0)')}
[2024-04-04T03:16:42.291+0000] {english_keys.py:68} WARNING - Error translating Building area - 96.78m2～100.44m2
[2024-04-04T03:16:42.291+0000] {english_keys.py:69} ERROR - {'status': 'failed', 'error': JSONDecodeError('Expecting value: line 1 column 1 (char 0)')}
[2024-04-04T03:16:42.802+0000] {english_keys.py:68} WARNING - Error translating Land area - 239.50m2～330.34m2
[2024-04-04T03:16:42.802+0000] {english_keys.py:69} ERROR - {'status': 'failed', 'error': JSONDecodeError('Expecting value: line 1 column 1 (char 0)')}
[2024-04-04T03:16:43.234+0000] {english_keys.py:68} WARNING - Error translating Floor plan - 4ＬＤＫ+Ｓ～4ＬＤＫ+Ｓ
[2024-04-04T03:16:43.235+0000] {english_keys.py:69} ERROR - {'status': 'failed', 'error': JSONDecodeError('Expecting value: line 1 column 1 (char 0)')}
[2024-04-04T03:16:43.724+0000] {english_keys.py:68} WARNING - Error translating Building structure - 2階建て 構造：木造 工法：
[2024-04-04T03:16:43.725+0000] {english_keys.py:69} ERROR - {'status': 'failed', 'error': JSONDecodeError('Expecting value: line 1 column 1 (char 0)')}
[2024-04-04T03:16:44.231+0000] {english_keys.py:68} WARNING - Error translating Sales schedule - -
[2024-04-04T03:16:44.232+0000] {english_keys.py:69} ERROR - {'status': 'failed', 'error': JSONDecodeError('Expecting value: line 1 column 1 (char 0)')}
[2024-04-04T03:16:44.708+0000] {english_keys.py:68} WARNING - Error translating Number of units for sale / Total units - 2戸
                                        /
                                            2戸
[2024-04-04T03:16:44.709+0000] {english_keys.py:69} ERROR - {'status': 'failed', 'error': JSONDecodeError('Expecting value: line 1 column 1 (char 0)')}
[2024-04-04T03:16:45.376+0000] {english_keys.py:68} WARNING - Error translating Expected completion date - 2024/03
[2024-04-04T03:16:45.377+0000] {english_keys.py:69} ERROR - {'status': 'failed', 'error': JSONDecodeError('Expecting value: line 1 column 1 (char 0)')}
[2024-04-04T03:16:45.799+0000] {english_keys.py:68} WARNING - Error translating Delivery availability date - 相談
[2024-04-04T03:16:45.800+0000] {english_keys.py:69} ERROR - {'status': 'failed', 'error': JSONDecodeError('Expecting value: line 1 column 1 (char 0)')}
[2024-04-04T03:16:46.249+0000] {english_keys.py:68} WARNING - Error translating Parking lot - 2台
[2024-04-04T03:16:46.250+0000] {english_keys.py:69} ERROR - {'status': 'failed', 'error': JSONDecodeError('Expecting value: line 1 column 1 (char 0)')}
[2024-04-04T03:16:46.793+0000] {english_keys.py:68} WARNING - Error translating Road width - 5.20m ～ 10.00m
[2024-04-04T03:16:46.794+0000] {english_keys.py:69} ERROR - {'status': 'failed', 'error': JSONDecodeError('Expecting value: line 1 column 1 (char 0)')}
[2024-04-04T03:16:47.462+0000] {english_keys.py:68} WARNING - Error translating Land use zone - 第1種住居地域
[2024-04-04T03:16:47.462+0000] {english_keys.py:69} ERROR - {'status': 'failed', 'error': JSONDecodeError('Expecting value: line 1 column 1 (char 0)')}
[2024-04-04T03:16:48.085+0000] {english_keys.py:68} WARNING - Error translating Urban planning - 市街化区域
[2024-04-04T03:16:48.086+0000] {english_keys.py:69} ERROR - {'status': 'failed', 'error': JSONDecodeError('Expecting value: line 1 column 1 (char 0)')}
[2024-04-04T03:16:48.716+0000] {english_keys.py:68} WARNING - Error translating Land category - 地目：宅地
[2024-04-04T03:16:48.717+0000] {english_keys.py:69} ERROR - {'status': 'failed', 'error': JSONDecodeError('Expecting value: line 1 column 1 (char 0)')}
[2024-04-04T03:16:49.318+0000] {english_keys.py:68} WARNING - Error translating National Land Law - 不要
[2024-04-04T03:16:49.319+0000] {english_keys.py:69} ERROR - {'status': 'failed', 'error': JSONDecodeError('Expecting value: line 1 column 1 (char 0)')}
[2024-04-04T03:16:49.813+0000] {english_keys.py:68} WARNING - Error translating Land rights - 所有権
[2024-04-04T03:16:49.813+0000] {english_keys.py:69} ERROR - {'status': 'failed', 'error': JSONDecodeError('Expecting value: line 1 column 1 (char 0)')}
[2024-04-04T03:16:50.355+0000] {english_keys.py:68} WARNING - Error translating Type and duration of land lease rights - -
[2024-04-04T03:16:50.356+0000] {english_keys.py:69} ERROR - {'status': 'failed', 'error': JSONDecodeError('Expecting value: line 1 column 1 (char 0)')}
[2024-04-04T03:16:50.774+0000] {english_keys.py:68} WARNING - Error translating Overview of main facilities - 公営水道、公共下水、ＩＨ
[2024-04-04T03:16:50.774+0000] {english_keys.py:69} ERROR - {'status': 'failed', 'error': JSONDecodeError('Expecting value: line 1 column 1 (char 0)')}
[2024-04-04T03:16:51.277+0000] {english_keys.py:68} WARNING - Error translating Building confirmation number - 完成済み
[2024-04-04T03:16:51.277+0000] {english_keys.py:69} ERROR - {'status': 'failed', 'error': JSONDecodeError('Expecting value: line 1 column 1 (char 0)')}
[2024-04-04T03:16:51.714+0000] {english_keys.py:68} WARNING - Error translating Construction company - -
[2024-04-04T03:16:51.714+0000] {english_keys.py:69} ERROR - {'status': 'failed', 'error': JSONDecodeError('Expecting value: line 1 column 1 (char 0)')}
[2024-04-04T03:16:52.246+0000] {english_keys.py:68} WARNING - Error translating Institutional financing - -
[2024-04-04T03:16:52.247+0000] {english_keys.py:69} ERROR - {'status': 'failed', 'error': JSONDecodeError('Expecting value: line 1 column 1 (char 0)')}
[2024-04-04T03:16:52.645+0000] {english_keys.py:68} WARNING - Error translating Seller - -
[2024-04-04T03:16:52.645+0000] {english_keys.py:69} ERROR - {'status': 'failed', 'error': JSONDecodeError('Expecting value: line 1 column 1 (char 0)')}
[2024-04-04T03:16:53.151+0000] {english_keys.py:68} WARNING - Error translating Transaction method - 株式会社永大ハウス工業（媒介）
[2024-04-04T03:16:53.151+0000] {english_keys.py:69} ERROR - {'status': 'failed', 'error': JSONDecodeError('Expecting value: line 1 column 1 (char 0)')}
[2024-04-04T03:16:53.838+0000] {english_keys.py:68} WARNING - Error translating Remarks - ※詳細と異なる場合は現況優先とします。
[2024-04-04T03:16:53.838+0000] {english_keys.py:69} ERROR - {'status': 'failed', 'error': JSONDecodeError('Expecting value: line 1 column 1 (char 0)')}
[2024-04-04T03:16:54.478+0000] {english_keys.py:68} WARNING - Error translating Information update date - 2024/04/02
[2024-04-04T03:16:54.478+0000] {english_keys.py:69} ERROR - {'status': 'failed', 'error': JSONDecodeError('Expecting value: line 1 column 1 (char 0)')}
[2024-04-04T03:16:54.894+0000] {english_keys.py:68} WARNING - Error translating Next update scheduled date - 2024/04/09
[2024-04-04T03:16:54.894+0000] {english_keys.py:69} ERROR - {'status': 'failed', 'error': JSONDecodeError('Expecting value: line 1 column 1 (char 0)')}
[2024-04-04T03:16:55.285+0000] {english_keys.py:68} WARNING - Error translating Validity period of transaction conditions - 2024/04/16
[2024-04-04T03:16:55.285+0000] {english_keys.py:69} ERROR - {'status': 'failed', 'error': JSONDecodeError('Expecting value: line 1 column 1 (char 0)')}
[2024-04-04T03:16:55.752+0000] {english_keys.py:68} WARNING - Error translating name - オープンプレイス柳瀬サンシャイン
[2024-04-04T03:16:55.752+0000] {english_keys.py:69} ERROR - {'status': 'failed', 'error': JSONDecodeError('Expecting value: line 1 column 1 (char 0)')}
[2024-04-04T03:16:56.378+0000] {english_keys.py:68} WARNING - Error translating Location - 福岡県福岡市南区柳瀬１丁目
[2024-04-04T03:16:56.378+0000] {english_keys.py:69} ERROR - {'status': 'failed', 'error': JSONDecodeError('Expecting value: line 1 column 1 (char 0)')}
[2024-04-04T03:16:56.791+0000] {english_keys.py:68} WARNING - Error translating Transportation - JR博多南線「博多南」駅 徒歩25分
[2024-04-04T03:16:56.791+0000] {english_keys.py:69} ERROR - {'status': 'failed', 'error': JSONDecodeError('Expecting value: line 1 column 1 (char 0)')}
[2024-04-04T03:16:57.207+0000] {english_keys.py:68} WARNING - Error translating Selling price - 2,049万円
[2024-04-04T03:16:57.207+0000] {english_keys.py:69} ERROR - {'status': 'failed', 'error': JSONDecodeError('Expecting value: line 1 column 1 (char 0)')}
[2024-04-04T03:16:57.789+0000] {english_keys.py:68} WARNING - Error translating Highest price range - -
[2024-04-04T03:16:57.790+0000] {english_keys.py:69} ERROR - {'status': 'failed', 'error': JSONDecodeError('Expecting value: line 1 column 1 (char 0)')}
[2024-04-04T03:16:58.338+0000] {english_keys.py:68} WARNING - Error translating Building area - -
[2024-04-04T03:16:58.339+0000] {english_keys.py:69} ERROR - {'status': 'failed', 'error': JSONDecodeError('Expecting value: line 1 column 1 (char 0)')}
[2024-04-04T03:16:58.958+0000] {english_keys.py:68} WARNING - Error translating Land area - 90.53m2
[2024-04-04T03:16:58.958+0000] {english_keys.py:69} ERROR - {'status': 'failed', 'error': JSONDecodeError('Expecting value: line 1 column 1 (char 0)')}
[2024-04-04T03:16:59.590+0000] {english_keys.py:68} WARNING - Error translating Development area - -
[2024-04-04T03:16:59.590+0000] {english_keys.py:69} ERROR - {'status': 'failed', 'error': JSONDecodeError('Expecting value: line 1 column 1 (char 0)')}
[2024-04-04T03:17:00.128+0000] {english_keys.py:68} WARNING - Error translating Building coverage ratio and floor area ratio - 60%／100%
[2024-04-04T03:17:00.130+0000] {english_keys.py:69} ERROR - {'status': 'failed', 'error': JSONDecodeError('Expecting value: line 1 column 1 (char 0)')}
[2024-04-04T03:17:00.415+0000] {process_utils.py:149} WARNING - process psutil.Process(pid=13803, name='airflow task ru', status='sleeping', started='03:15:28') did not respond to SIGTERM. Trying SIGKILL
[2024-04-04T03:17:00.417+0000] {process_utils.py:86} INFO - Sending the signal 9 to group 13803
[2024-04-04T03:17:00.473+0000] {process_utils.py:79} INFO - Process psutil.Process(pid=13803, name='airflow task ru', status='terminated', exitcode=<Negsignal.SIGKILL: -9>, started='03:15:28') (13803) terminated with exit code -9
[2024-04-04T03:17:00.475+0000] {standard_task_runner.py:175} ERROR - Job 152 was killed before it finished (likely due to running out of memory)
