[2024-04-03T10:58:53.782+0000] {taskinstance.py:1979} INFO - Dependencies all met for dep_context=non-requeueable deps ti=<TaskInstance: real_estates.transform_to_english_keys manual__2024-04-03T10:39:54.321446+00:00 [queued]>
[2024-04-03T10:58:53.802+0000] {taskinstance.py:1979} INFO - Dependencies all met for dep_context=requeueable deps ti=<TaskInstance: real_estates.transform_to_english_keys manual__2024-04-03T10:39:54.321446+00:00 [queued]>
[2024-04-03T10:58:53.802+0000] {taskinstance.py:2193} INFO - Starting attempt 5 of 5
[2024-04-03T10:58:53.828+0000] {taskinstance.py:2217} INFO - Executing <Task(_PythonDecoratedOperator): transform_to_english_keys> on 2024-04-03 10:39:54.321446+00:00
[2024-04-03T10:58:53.841+0000] {standard_task_runner.py:60} INFO - Started process 532 to run task
[2024-04-03T10:58:53.848+0000] {standard_task_runner.py:87} INFO - Running: ['***', 'tasks', 'run', 'real_estates', 'transform_to_english_keys', 'manual__2024-04-03T10:39:54.321446+00:00', '--job-id', '137', '--raw', '--subdir', 'DAGS_FOLDER/real_estates/__init__.py', '--cfg-path', '/tmp/tmpmeb2rnxl']
[2024-04-03T10:58:53.853+0000] {standard_task_runner.py:88} INFO - Job 137: Subtask transform_to_english_keys
[2024-04-03T10:58:54.258+0000] {task_command.py:423} INFO - Running <TaskInstance: real_estates.transform_to_english_keys manual__2024-04-03T10:39:54.321446+00:00 [running]> on host 72a42bdc0b23
[2024-04-03T10:58:54.917+0000] {taskinstance.py:2513} INFO - Exporting env vars: AIRFLOW_CTX_DAG_OWNER='***' AIRFLOW_CTX_DAG_ID='real_estates' AIRFLOW_CTX_TASK_ID='transform_to_english_keys' AIRFLOW_CTX_EXECUTION_DATE='2024-04-03T10:39:54.321446+00:00' AIRFLOW_CTX_TRY_NUMBER='5' AIRFLOW_CTX_DAG_RUN_ID='manual__2024-04-03T10:39:54.321446+00:00'
[2024-04-03T10:58:55.805+0000] {english_keys.py:68} WARNING - Error translating url: {'status': 'failed', 'error': JSONDecodeError('Expecting value: line 1 column 1 (char 0)')}
[2024-04-03T10:58:56.199+0000] {english_keys.py:68} WARNING - Error translating url: {'status': 'failed', 'error': JSONDecodeError('Expecting value: line 1 column 1 (char 0)')}
[2024-04-03T10:58:56.692+0000] {english_keys.py:68} WARNING - Error translating url: {'status': 'failed', 'error': JSONDecodeError('Expecting value: line 1 column 1 (char 0)')}
[2024-04-03T10:58:57.325+0000] {english_keys.py:68} WARNING - Error translating url: {'status': 'failed', 'error': JSONDecodeError('Expecting value: line 1 column 1 (char 0)')}
[2024-04-03T10:58:57.781+0000] {english_keys.py:68} WARNING - Error translating url: {'status': 'failed', 'error': JSONDecodeError('Expecting value: line 1 column 1 (char 0)')}
[2024-04-03T10:58:58.169+0000] {english_keys.py:68} WARNING - Error translating url: {'status': 'failed', 'error': JSONDecodeError('Expecting value: line 1 column 1 (char 0)')}
[2024-04-03T10:58:58.588+0000] {english_keys.py:68} WARNING - Error translating url: {'status': 'failed', 'error': JSONDecodeError('Expecting value: line 1 column 1 (char 0)')}
[2024-04-03T10:58:59.028+0000] {english_keys.py:68} WARNING - Error translating url: {'status': 'failed', 'error': JSONDecodeError('Expecting value: line 1 column 1 (char 0)')}
[2024-04-03T10:58:59.529+0000] {english_keys.py:68} WARNING - Error translating url: {'status': 'failed', 'error': JSONDecodeError('Expecting value: line 1 column 1 (char 0)')}
[2024-04-03T10:59:00.074+0000] {english_keys.py:68} WARNING - Error translating url: {'status': 'failed', 'error': JSONDecodeError('Expecting value: line 1 column 1 (char 0)')}
[2024-04-03T10:59:00.522+0000] {english_keys.py:68} WARNING - Error translating url: {'status': 'failed', 'error': JSONDecodeError('Expecting value: line 1 column 1 (char 0)')}
[2024-04-03T10:59:00.991+0000] {english_keys.py:68} WARNING - Error translating url: {'status': 'failed', 'error': JSONDecodeError('Expecting value: line 1 column 1 (char 0)')}
[2024-04-03T10:59:01.497+0000] {english_keys.py:68} WARNING - Error translating url: {'status': 'failed', 'error': JSONDecodeError('Expecting value: line 1 column 1 (char 0)')}
[2024-04-03T10:59:02.059+0000] {english_keys.py:68} WARNING - Error translating url: {'status': 'failed', 'error': JSONDecodeError('Expecting value: line 1 column 1 (char 0)')}
[2024-04-03T10:59:02.574+0000] {english_keys.py:68} WARNING - Error translating url: {'status': 'failed', 'error': JSONDecodeError('Expecting value: line 1 column 1 (char 0)')}
[2024-04-03T10:59:03.234+0000] {english_keys.py:68} WARNING - Error translating url: {'status': 'failed', 'error': JSONDecodeError('Expecting value: line 1 column 1 (char 0)')}
[2024-04-03T10:59:03.666+0000] {english_keys.py:68} WARNING - Error translating url: {'status': 'failed', 'error': JSONDecodeError('Expecting value: line 1 column 1 (char 0)')}
[2024-04-03T10:59:04.239+0000] {english_keys.py:68} WARNING - Error translating url: {'status': 'failed', 'error': JSONDecodeError('Expecting value: line 1 column 1 (char 0)')}
[2024-04-03T10:59:04.645+0000] {english_keys.py:68} WARNING - Error translating url: {'status': 'failed', 'error': JSONDecodeError('Expecting value: line 1 column 1 (char 0)')}
[2024-04-03T10:59:05.180+0000] {english_keys.py:68} WARNING - Error translating url: {'status': 'failed', 'error': JSONDecodeError('Expecting value: line 1 column 1 (char 0)')}
[2024-04-03T10:59:05.610+0000] {english_keys.py:68} WARNING - Error translating url: {'status': 'failed', 'error': JSONDecodeError('Expecting value: line 1 column 1 (char 0)')}
[2024-04-03T10:59:06.157+0000] {english_keys.py:68} WARNING - Error translating url: {'status': 'failed', 'error': JSONDecodeError('Expecting value: line 1 column 1 (char 0)')}
[2024-04-03T10:59:06.574+0000] {english_keys.py:68} WARNING - Error translating url: {'status': 'failed', 'error': JSONDecodeError('Expecting value: line 1 column 1 (char 0)')}
[2024-04-03T10:59:07.222+0000] {english_keys.py:68} WARNING - Error translating url: {'status': 'failed', 'error': JSONDecodeError('Expecting value: line 1 column 1 (char 0)')}
[2024-04-03T10:59:07.866+0000] {english_keys.py:68} WARNING - Error translating url: {'status': 'failed', 'error': JSONDecodeError('Expecting value: line 1 column 1 (char 0)')}
[2024-04-03T10:59:08.439+0000] {english_keys.py:68} WARNING - Error translating url: {'status': 'failed', 'error': JSONDecodeError('Expecting value: line 1 column 1 (char 0)')}
[2024-04-03T10:59:09.018+0000] {english_keys.py:68} WARNING - Error translating url: {'status': 'failed', 'error': JSONDecodeError('Expecting value: line 1 column 1 (char 0)')}
[2024-04-03T10:59:09.571+0000] {english_keys.py:68} WARNING - Error translating url: {'status': 'failed', 'error': JSONDecodeError('Expecting value: line 1 column 1 (char 0)')}
[2024-04-03T10:59:10.048+0000] {english_keys.py:68} WARNING - Error translating url: {'status': 'failed', 'error': JSONDecodeError('Expecting value: line 1 column 1 (char 0)')}
[2024-04-03T10:59:10.620+0000] {english_keys.py:68} WARNING - Error translating url: {'status': 'failed', 'error': JSONDecodeError('Expecting value: line 1 column 1 (char 0)')}
[2024-04-03T10:59:11.070+0000] {english_keys.py:68} WARNING - Error translating url: {'status': 'failed', 'error': JSONDecodeError('Expecting value: line 1 column 1 (char 0)')}
[2024-04-03T10:59:11.606+0000] {english_keys.py:68} WARNING - Error translating url: {'status': 'failed', 'error': JSONDecodeError('Expecting value: line 1 column 1 (char 0)')}
[2024-04-03T10:59:12.223+0000] {english_keys.py:68} WARNING - Error translating url: {'status': 'failed', 'error': JSONDecodeError('Expecting value: line 1 column 1 (char 0)')}
[2024-04-03T10:59:12.895+0000] {english_keys.py:68} WARNING - Error translating url: {'status': 'failed', 'error': JSONDecodeError('Expecting value: line 1 column 1 (char 0)')}
[2024-04-03T10:59:13.491+0000] {english_keys.py:68} WARNING - Error translating url: {'status': 'failed', 'error': JSONDecodeError('Expecting value: line 1 column 1 (char 0)')}
[2024-04-03T10:59:13.961+0000] {english_keys.py:68} WARNING - Error translating url: {'status': 'failed', 'error': JSONDecodeError('Expecting value: line 1 column 1 (char 0)')}
[2024-04-03T10:59:14.431+0000] {english_keys.py:68} WARNING - Error translating url: {'status': 'failed', 'error': JSONDecodeError('Expecting value: line 1 column 1 (char 0)')}
[2024-04-03T10:59:15.103+0000] {english_keys.py:68} WARNING - Error translating url: {'status': 'failed', 'error': JSONDecodeError('Expecting value: line 1 column 1 (char 0)')}
[2024-04-03T10:59:15.756+0000] {english_keys.py:68} WARNING - Error translating url: {'status': 'failed', 'error': JSONDecodeError('Expecting value: line 1 column 1 (char 0)')}
[2024-04-03T10:59:16.309+0000] {english_keys.py:68} WARNING - Error translating url: {'status': 'failed', 'error': JSONDecodeError('Expecting value: line 1 column 1 (char 0)')}
[2024-04-03T10:59:16.797+0000] {english_keys.py:68} WARNING - Error translating url: {'status': 'failed', 'error': JSONDecodeError('Expecting value: line 1 column 1 (char 0)')}
[2024-04-03T10:59:17.307+0000] {english_keys.py:68} WARNING - Error translating url: {'status': 'failed', 'error': JSONDecodeError('Expecting value: line 1 column 1 (char 0)')}
[2024-04-03T10:59:17.752+0000] {english_keys.py:68} WARNING - Error translating url: {'status': 'failed', 'error': JSONDecodeError('Expecting value: line 1 column 1 (char 0)')}
[2024-04-03T10:59:18.284+0000] {english_keys.py:68} WARNING - Error translating url: {'status': 'failed', 'error': JSONDecodeError('Expecting value: line 1 column 1 (char 0)')}
[2024-04-03T10:59:18.879+0000] {english_keys.py:68} WARNING - Error translating url: {'status': 'failed', 'error': JSONDecodeError('Expecting value: line 1 column 1 (char 0)')}
[2024-04-03T10:59:19.498+0000] {english_keys.py:68} WARNING - Error translating url: {'status': 'failed', 'error': JSONDecodeError('Expecting value: line 1 column 1 (char 0)')}
[2024-04-03T10:59:19.971+0000] {english_keys.py:68} WARNING - Error translating url: {'status': 'failed', 'error': JSONDecodeError('Expecting value: line 1 column 1 (char 0)')}
[2024-04-03T10:59:20.612+0000] {english_keys.py:68} WARNING - Error translating url: {'status': 'failed', 'error': JSONDecodeError('Expecting value: line 1 column 1 (char 0)')}
[2024-04-03T10:59:21.189+0000] {english_keys.py:68} WARNING - Error translating url: {'status': 'failed', 'error': JSONDecodeError('Expecting value: line 1 column 1 (char 0)')}
[2024-04-03T10:59:21.603+0000] {english_keys.py:68} WARNING - Error translating url: {'status': 'failed', 'error': JSONDecodeError('Expecting value: line 1 column 1 (char 0)')}
[2024-04-03T10:59:22.102+0000] {english_keys.py:68} WARNING - Error translating url: {'status': 'failed', 'error': JSONDecodeError('Expecting value: line 1 column 1 (char 0)')}
[2024-04-03T10:59:22.688+0000] {english_keys.py:68} WARNING - Error translating url: {'status': 'failed', 'error': JSONDecodeError('Expecting value: line 1 column 1 (char 0)')}
[2024-04-03T10:59:23.107+0000] {english_keys.py:68} WARNING - Error translating url: {'status': 'failed', 'error': JSONDecodeError('Expecting value: line 1 column 1 (char 0)')}
[2024-04-03T10:59:23.607+0000] {english_keys.py:68} WARNING - Error translating url: {'status': 'failed', 'error': JSONDecodeError('Expecting value: line 1 column 1 (char 0)')}
[2024-04-03T10:59:24.228+0000] {english_keys.py:68} WARNING - Error translating url: {'status': 'failed', 'error': JSONDecodeError('Expecting value: line 1 column 1 (char 0)')}
[2024-04-03T10:59:24.759+0000] {english_keys.py:68} WARNING - Error translating url: {'status': 'failed', 'error': JSONDecodeError('Expecting value: line 1 column 1 (char 0)')}
[2024-04-03T10:59:25.207+0000] {english_keys.py:68} WARNING - Error translating url: {'status': 'failed', 'error': JSONDecodeError('Expecting value: line 1 column 1 (char 0)')}
[2024-04-03T10:59:25.726+0000] {english_keys.py:68} WARNING - Error translating url: {'status': 'failed', 'error': JSONDecodeError('Expecting value: line 1 column 1 (char 0)')}
[2024-04-03T10:59:26.251+0000] {english_keys.py:68} WARNING - Error translating url: {'status': 'failed', 'error': JSONDecodeError('Expecting value: line 1 column 1 (char 0)')}
[2024-04-03T10:59:26.782+0000] {english_keys.py:68} WARNING - Error translating url: {'status': 'failed', 'error': JSONDecodeError('Expecting value: line 1 column 1 (char 0)')}
[2024-04-03T10:59:27.197+0000] {english_keys.py:68} WARNING - Error translating url: {'status': 'failed', 'error': JSONDecodeError('Expecting value: line 1 column 1 (char 0)')}
[2024-04-03T10:59:27.654+0000] {english_keys.py:68} WARNING - Error translating url: {'status': 'failed', 'error': JSONDecodeError('Expecting value: line 1 column 1 (char 0)')}
[2024-04-03T10:59:28.101+0000] {english_keys.py:68} WARNING - Error translating url: {'status': 'failed', 'error': JSONDecodeError('Expecting value: line 1 column 1 (char 0)')}
[2024-04-03T10:59:28.540+0000] {english_keys.py:68} WARNING - Error translating url: {'status': 'failed', 'error': JSONDecodeError('Expecting value: line 1 column 1 (char 0)')}
[2024-04-03T10:59:28.977+0000] {english_keys.py:68} WARNING - Error translating url: {'status': 'failed', 'error': JSONDecodeError('Expecting value: line 1 column 1 (char 0)')}
[2024-04-03T10:59:29.449+0000] {english_keys.py:68} WARNING - Error translating url: {'status': 'failed', 'error': JSONDecodeError('Expecting value: line 1 column 1 (char 0)')}
[2024-04-03T10:59:30.081+0000] {english_keys.py:68} WARNING - Error translating url: {'status': 'failed', 'error': JSONDecodeError('Expecting value: line 1 column 1 (char 0)')}
[2024-04-03T10:59:30.530+0000] {english_keys.py:68} WARNING - Error translating url: {'status': 'failed', 'error': JSONDecodeError('Expecting value: line 1 column 1 (char 0)')}
[2024-04-03T10:59:31.130+0000] {english_keys.py:68} WARNING - Error translating url: {'status': 'failed', 'error': JSONDecodeError('Expecting value: line 1 column 1 (char 0)')}
[2024-04-03T10:59:31.532+0000] {english_keys.py:68} WARNING - Error translating url: {'status': 'failed', 'error': JSONDecodeError('Expecting value: line 1 column 1 (char 0)')}
[2024-04-03T10:59:32.014+0000] {english_keys.py:68} WARNING - Error translating url: {'status': 'failed', 'error': JSONDecodeError('Expecting value: line 1 column 1 (char 0)')}
[2024-04-03T10:59:32.661+0000] {english_keys.py:68} WARNING - Error translating url: {'status': 'failed', 'error': JSONDecodeError('Expecting value: line 1 column 1 (char 0)')}
[2024-04-03T10:59:33.318+0000] {english_keys.py:68} WARNING - Error translating url: {'status': 'failed', 'error': JSONDecodeError('Expecting value: line 1 column 1 (char 0)')}
[2024-04-03T10:59:33.876+0000] {english_keys.py:68} WARNING - Error translating url: {'status': 'failed', 'error': JSONDecodeError('Expecting value: line 1 column 1 (char 0)')}
[2024-04-03T10:59:34.267+0000] {english_keys.py:68} WARNING - Error translating url: {'status': 'failed', 'error': JSONDecodeError('Expecting value: line 1 column 1 (char 0)')}
[2024-04-03T10:59:34.718+0000] {english_keys.py:68} WARNING - Error translating url: {'status': 'failed', 'error': JSONDecodeError('Expecting value: line 1 column 1 (char 0)')}
[2024-04-03T10:59:35.326+0000] {english_keys.py:68} WARNING - Error translating url: {'status': 'failed', 'error': JSONDecodeError('Expecting value: line 1 column 1 (char 0)')}
[2024-04-03T10:59:35.891+0000] {english_keys.py:68} WARNING - Error translating url: {'status': 'failed', 'error': JSONDecodeError('Expecting value: line 1 column 1 (char 0)')}
[2024-04-03T10:59:36.526+0000] {english_keys.py:68} WARNING - Error translating url: {'status': 'failed', 'error': JSONDecodeError('Expecting value: line 1 column 1 (char 0)')}
[2024-04-03T10:59:37.059+0000] {english_keys.py:68} WARNING - Error translating url: {'status': 'failed', 'error': JSONDecodeError('Expecting value: line 1 column 1 (char 0)')}
[2024-04-03T10:59:37.513+0000] {english_keys.py:68} WARNING - Error translating url: {'status': 'failed', 'error': JSONDecodeError('Expecting value: line 1 column 1 (char 0)')}
[2024-04-03T10:59:38.171+0000] {english_keys.py:68} WARNING - Error translating url: {'status': 'failed', 'error': JSONDecodeError('Expecting value: line 1 column 1 (char 0)')}
[2024-04-03T10:59:38.571+0000] {english_keys.py:68} WARNING - Error translating url: {'status': 'failed', 'error': JSONDecodeError('Expecting value: line 1 column 1 (char 0)')}
[2024-04-03T10:59:39.132+0000] {english_keys.py:68} WARNING - Error translating url: {'status': 'failed', 'error': JSONDecodeError('Expecting value: line 1 column 1 (char 0)')}
[2024-04-03T10:59:39.783+0000] {english_keys.py:68} WARNING - Error translating url: {'status': 'failed', 'error': JSONDecodeError('Expecting value: line 1 column 1 (char 0)')}
[2024-04-03T10:59:40.205+0000] {english_keys.py:68} WARNING - Error translating url: {'status': 'failed', 'error': JSONDecodeError('Expecting value: line 1 column 1 (char 0)')}
[2024-04-03T10:59:40.756+0000] {english_keys.py:68} WARNING - Error translating url: {'status': 'failed', 'error': JSONDecodeError('Expecting value: line 1 column 1 (char 0)')}
[2024-04-03T10:59:41.365+0000] {english_keys.py:68} WARNING - Error translating url: {'status': 'failed', 'error': JSONDecodeError('Expecting value: line 1 column 1 (char 0)')}
[2024-04-03T10:59:41.812+0000] {english_keys.py:68} WARNING - Error translating url: {'status': 'failed', 'error': JSONDecodeError('Expecting value: line 1 column 1 (char 0)')}
[2024-04-03T10:59:42.454+0000] {english_keys.py:68} WARNING - Error translating url: {'status': 'failed', 'error': JSONDecodeError('Expecting value: line 1 column 1 (char 0)')}
[2024-04-03T10:59:43.097+0000] {english_keys.py:68} WARNING - Error translating url: {'status': 'failed', 'error': JSONDecodeError('Expecting value: line 1 column 1 (char 0)')}
[2024-04-03T10:59:43.759+0000] {english_keys.py:68} WARNING - Error translating url: {'status': 'failed', 'error': JSONDecodeError('Expecting value: line 1 column 1 (char 0)')}
[2024-04-03T10:59:44.149+0000] {english_keys.py:68} WARNING - Error translating url: {'status': 'failed', 'error': JSONDecodeError('Expecting value: line 1 column 1 (char 0)')}
[2024-04-03T10:59:44.665+0000] {english_keys.py:68} WARNING - Error translating url: {'status': 'failed', 'error': JSONDecodeError('Expecting value: line 1 column 1 (char 0)')}
[2024-04-03T10:59:45.092+0000] {english_keys.py:68} WARNING - Error translating url: {'status': 'failed', 'error': JSONDecodeError('Expecting value: line 1 column 1 (char 0)')}
[2024-04-03T10:59:45.602+0000] {english_keys.py:68} WARNING - Error translating url: {'status': 'failed', 'error': JSONDecodeError('Expecting value: line 1 column 1 (char 0)')}
[2024-04-03T10:59:46.134+0000] {english_keys.py:68} WARNING - Error translating url: {'status': 'failed', 'error': JSONDecodeError('Expecting value: line 1 column 1 (char 0)')}
[2024-04-03T10:59:46.600+0000] {english_keys.py:68} WARNING - Error translating url: {'status': 'failed', 'error': JSONDecodeError('Expecting value: line 1 column 1 (char 0)')}
[2024-04-03T10:59:47.157+0000] {english_keys.py:68} WARNING - Error translating url: {'status': 'failed', 'error': JSONDecodeError('Expecting value: line 1 column 1 (char 0)')}
[2024-04-03T10:59:47.808+0000] {english_keys.py:68} WARNING - Error translating url: {'status': 'failed', 'error': JSONDecodeError('Expecting value: line 1 column 1 (char 0)')}
[2024-04-03T10:59:48.419+0000] {english_keys.py:68} WARNING - Error translating url: {'status': 'failed', 'error': JSONDecodeError('Expecting value: line 1 column 1 (char 0)')}
[2024-04-03T10:59:48.884+0000] {english_keys.py:68} WARNING - Error translating url: {'status': 'failed', 'error': JSONDecodeError('Expecting value: line 1 column 1 (char 0)')}
[2024-04-03T10:59:49.399+0000] {english_keys.py:68} WARNING - Error translating url: {'status': 'failed', 'error': JSONDecodeError('Expecting value: line 1 column 1 (char 0)')}
[2024-04-03T10:59:49.957+0000] {english_keys.py:68} WARNING - Error translating url: {'status': 'failed', 'error': JSONDecodeError('Expecting value: line 1 column 1 (char 0)')}
[2024-04-03T10:59:50.566+0000] {english_keys.py:68} WARNING - Error translating url: {'status': 'failed', 'error': JSONDecodeError('Expecting value: line 1 column 1 (char 0)')}
[2024-04-03T10:59:51.185+0000] {english_keys.py:68} WARNING - Error translating url: {'status': 'failed', 'error': JSONDecodeError('Expecting value: line 1 column 1 (char 0)')}
[2024-04-03T10:59:51.693+0000] {english_keys.py:68} WARNING - Error translating url: {'status': 'failed', 'error': JSONDecodeError('Expecting value: line 1 column 1 (char 0)')}
[2024-04-03T10:59:52.127+0000] {english_keys.py:68} WARNING - Error translating url: {'status': 'failed', 'error': JSONDecodeError('Expecting value: line 1 column 1 (char 0)')}
[2024-04-03T10:59:52.719+0000] {english_keys.py:68} WARNING - Error translating url: {'status': 'failed', 'error': JSONDecodeError('Expecting value: line 1 column 1 (char 0)')}
[2024-04-03T10:59:53.301+0000] {english_keys.py:68} WARNING - Error translating url: {'status': 'failed', 'error': JSONDecodeError('Expecting value: line 1 column 1 (char 0)')}
[2024-04-03T10:59:53.708+0000] {english_keys.py:68} WARNING - Error translating url: {'status': 'failed', 'error': JSONDecodeError('Expecting value: line 1 column 1 (char 0)')}
[2024-04-03T10:59:54.119+0000] {english_keys.py:68} WARNING - Error translating url: {'status': 'failed', 'error': JSONDecodeError('Expecting value: line 1 column 1 (char 0)')}
[2024-04-03T10:59:54.575+0000] {english_keys.py:68} WARNING - Error translating url: {'status': 'failed', 'error': JSONDecodeError('Expecting value: line 1 column 1 (char 0)')}
[2024-04-03T10:59:55.098+0000] {english_keys.py:68} WARNING - Error translating url: {'status': 'failed', 'error': JSONDecodeError('Expecting value: line 1 column 1 (char 0)')}
[2024-04-03T10:59:55.539+0000] {english_keys.py:68} WARNING - Error translating url: {'status': 'failed', 'error': JSONDecodeError('Expecting value: line 1 column 1 (char 0)')}
[2024-04-03T10:59:56.024+0000] {english_keys.py:68} WARNING - Error translating url: {'status': 'failed', 'error': JSONDecodeError('Expecting value: line 1 column 1 (char 0)')}
[2024-04-03T10:59:56.410+0000] {english_keys.py:68} WARNING - Error translating url: {'status': 'failed', 'error': JSONDecodeError('Expecting value: line 1 column 1 (char 0)')}
[2024-04-03T10:59:56.882+0000] {english_keys.py:68} WARNING - Error translating url: {'status': 'failed', 'error': JSONDecodeError('Expecting value: line 1 column 1 (char 0)')}
[2024-04-03T10:59:57.275+0000] {english_keys.py:68} WARNING - Error translating url: {'status': 'failed', 'error': JSONDecodeError('Expecting value: line 1 column 1 (char 0)')}
[2024-04-03T10:59:57.793+0000] {english_keys.py:68} WARNING - Error translating url: {'status': 'failed', 'error': JSONDecodeError('Expecting value: line 1 column 1 (char 0)')}
[2024-04-03T10:59:58.443+0000] {english_keys.py:68} WARNING - Error translating url: {'status': 'failed', 'error': JSONDecodeError('Expecting value: line 1 column 1 (char 0)')}
[2024-04-03T10:59:58.956+0000] {english_keys.py:68} WARNING - Error translating url: {'status': 'failed', 'error': JSONDecodeError('Expecting value: line 1 column 1 (char 0)')}
[2024-04-03T10:59:59.345+0000] {english_keys.py:68} WARNING - Error translating url: {'status': 'failed', 'error': JSONDecodeError('Expecting value: line 1 column 1 (char 0)')}
[2024-04-03T10:59:59.820+0000] {english_keys.py:68} WARNING - Error translating url: {'status': 'failed', 'error': JSONDecodeError('Expecting value: line 1 column 1 (char 0)')}
[2024-04-03T11:00:00.471+0000] {english_keys.py:68} WARNING - Error translating url: {'status': 'failed', 'error': JSONDecodeError('Expecting value: line 1 column 1 (char 0)')}
[2024-04-03T11:00:01.087+0000] {english_keys.py:68} WARNING - Error translating url: {'status': 'failed', 'error': JSONDecodeError('Expecting value: line 1 column 1 (char 0)')}
[2024-04-03T11:00:01.664+0000] {english_keys.py:68} WARNING - Error translating url: {'status': 'failed', 'error': JSONDecodeError('Expecting value: line 1 column 1 (char 0)')}
[2024-04-03T11:00:02.251+0000] {english_keys.py:68} WARNING - Error translating url: {'status': 'failed', 'error': JSONDecodeError('Expecting value: line 1 column 1 (char 0)')}
[2024-04-03T11:00:02.686+0000] {english_keys.py:68} WARNING - Error translating url: {'status': 'failed', 'error': JSONDecodeError('Expecting value: line 1 column 1 (char 0)')}
[2024-04-03T11:00:03.287+0000] {english_keys.py:68} WARNING - Error translating url: {'status': 'failed', 'error': JSONDecodeError('Expecting value: line 1 column 1 (char 0)')}
[2024-04-03T11:00:03.812+0000] {english_keys.py:68} WARNING - Error translating url: {'status': 'failed', 'error': JSONDecodeError('Expecting value: line 1 column 1 (char 0)')}
[2024-04-03T11:00:04.370+0000] {english_keys.py:68} WARNING - Error translating url: {'status': 'failed', 'error': JSONDecodeError('Expecting value: line 1 column 1 (char 0)')}
[2024-04-03T11:00:04.862+0000] {english_keys.py:68} WARNING - Error translating url: {'status': 'failed', 'error': JSONDecodeError('Expecting value: line 1 column 1 (char 0)')}
[2024-04-03T11:00:05.536+0000] {english_keys.py:68} WARNING - Error translating url: {'status': 'failed', 'error': JSONDecodeError('Expecting value: line 1 column 1 (char 0)')}
[2024-04-03T11:00:06.058+0000] {english_keys.py:68} WARNING - Error translating url: {'status': 'failed', 'error': JSONDecodeError('Expecting value: line 1 column 1 (char 0)')}
[2024-04-03T11:00:06.592+0000] {english_keys.py:68} WARNING - Error translating url: {'status': 'failed', 'error': JSONDecodeError('Expecting value: line 1 column 1 (char 0)')}
[2024-04-03T11:00:07.243+0000] {english_keys.py:68} WARNING - Error translating url: {'status': 'failed', 'error': JSONDecodeError('Expecting value: line 1 column 1 (char 0)')}
[2024-04-03T11:00:07.834+0000] {english_keys.py:68} WARNING - Error translating url: {'status': 'failed', 'error': JSONDecodeError('Expecting value: line 1 column 1 (char 0)')}
[2024-04-03T11:00:08.219+0000] {english_keys.py:68} WARNING - Error translating url: {'status': 'failed', 'error': JSONDecodeError('Expecting value: line 1 column 1 (char 0)')}
[2024-04-03T11:00:08.739+0000] {english_keys.py:68} WARNING - Error translating url: {'status': 'failed', 'error': JSONDecodeError('Expecting value: line 1 column 1 (char 0)')}
[2024-04-03T11:00:09.371+0000] {english_keys.py:68} WARNING - Error translating url: {'status': 'failed', 'error': JSONDecodeError('Expecting value: line 1 column 1 (char 0)')}
[2024-04-03T11:00:09.837+0000] {english_keys.py:68} WARNING - Error translating url: {'status': 'failed', 'error': JSONDecodeError('Expecting value: line 1 column 1 (char 0)')}
[2024-04-03T11:00:10.327+0000] {english_keys.py:68} WARNING - Error translating url: {'status': 'failed', 'error': JSONDecodeError('Expecting value: line 1 column 1 (char 0)')}
[2024-04-03T11:00:10.977+0000] {english_keys.py:68} WARNING - Error translating url: {'status': 'failed', 'error': JSONDecodeError('Expecting value: line 1 column 1 (char 0)')}
[2024-04-03T11:00:11.597+0000] {english_keys.py:68} WARNING - Error translating url: {'status': 'failed', 'error': JSONDecodeError('Expecting value: line 1 column 1 (char 0)')}
[2024-04-03T11:00:12.051+0000] {english_keys.py:68} WARNING - Error translating url: {'status': 'failed', 'error': JSONDecodeError('Expecting value: line 1 column 1 (char 0)')}
[2024-04-03T11:00:12.520+0000] {english_keys.py:68} WARNING - Error translating url: {'status': 'failed', 'error': JSONDecodeError('Expecting value: line 1 column 1 (char 0)')}
[2024-04-03T11:00:13.190+0000] {english_keys.py:68} WARNING - Error translating url: {'status': 'failed', 'error': JSONDecodeError('Expecting value: line 1 column 1 (char 0)')}
[2024-04-03T11:00:13.647+0000] {english_keys.py:68} WARNING - Error translating url: {'status': 'failed', 'error': JSONDecodeError('Expecting value: line 1 column 1 (char 0)')}
[2024-04-03T11:00:14.148+0000] {english_keys.py:68} WARNING - Error translating url: {'status': 'failed', 'error': JSONDecodeError('Expecting value: line 1 column 1 (char 0)')}
[2024-04-03T11:00:14.608+0000] {english_keys.py:68} WARNING - Error translating url: {'status': 'failed', 'error': JSONDecodeError('Expecting value: line 1 column 1 (char 0)')}
[2024-04-03T11:00:15.050+0000] {english_keys.py:68} WARNING - Error translating url: {'status': 'failed', 'error': JSONDecodeError('Expecting value: line 1 column 1 (char 0)')}
[2024-04-03T11:00:15.142+0000] {local_task_job_runner.py:302} WARNING - State of this instance has been externally set to restarting. Terminating instance.
[2024-04-03T11:00:15.146+0000] {process_utils.py:131} INFO - Sending 15 to group 532. PIDs of all processes in the group: [532]
[2024-04-03T11:00:15.147+0000] {process_utils.py:86} INFO - Sending the signal 15 to group 532
[2024-04-03T11:00:15.159+0000] {taskinstance.py:2483} ERROR - Received SIGTERM. Terminating subprocesses.
[2024-04-03T11:00:15.160+0000] {english_keys.py:68} WARNING - Error translating url: {'status': 'failed', 'error': AirflowException('Task received SIGTERM signal')}
[2024-04-03T11:00:15.645+0000] {english_keys.py:68} WARNING - Error translating url: {'status': 'failed', 'error': JSONDecodeError('Expecting value: line 1 column 1 (char 0)')}
[2024-04-03T11:00:16.076+0000] {english_keys.py:68} WARNING - Error translating url: {'status': 'failed', 'error': JSONDecodeError('Expecting value: line 1 column 1 (char 0)')}
[2024-04-03T11:00:16.482+0000] {english_keys.py:68} WARNING - Error translating url: {'status': 'failed', 'error': JSONDecodeError('Expecting value: line 1 column 1 (char 0)')}
[2024-04-03T11:00:17.025+0000] {english_keys.py:68} WARNING - Error translating url: {'status': 'failed', 'error': JSONDecodeError('Expecting value: line 1 column 1 (char 0)')}
[2024-04-03T11:00:17.469+0000] {english_keys.py:68} WARNING - Error translating url: {'status': 'failed', 'error': JSONDecodeError('Expecting value: line 1 column 1 (char 0)')}
[2024-04-03T11:00:17.874+0000] {english_keys.py:68} WARNING - Error translating url: {'status': 'failed', 'error': JSONDecodeError('Expecting value: line 1 column 1 (char 0)')}
[2024-04-03T11:00:18.369+0000] {english_keys.py:68} WARNING - Error translating url: {'status': 'failed', 'error': JSONDecodeError('Expecting value: line 1 column 1 (char 0)')}
[2024-04-03T11:00:18.783+0000] {english_keys.py:68} WARNING - Error translating url: {'status': 'failed', 'error': JSONDecodeError('Expecting value: line 1 column 1 (char 0)')}
[2024-04-03T11:00:19.247+0000] {english_keys.py:68} WARNING - Error translating url: {'status': 'failed', 'error': JSONDecodeError('Expecting value: line 1 column 1 (char 0)')}
[2024-04-03T11:00:19.856+0000] {english_keys.py:68} WARNING - Error translating url: {'status': 'failed', 'error': JSONDecodeError('Expecting value: line 1 column 1 (char 0)')}
[2024-04-03T11:00:20.490+0000] {english_keys.py:68} WARNING - Error translating url: {'status': 'failed', 'error': JSONDecodeError('Expecting value: line 1 column 1 (char 0)')}
[2024-04-03T11:00:21.046+0000] {english_keys.py:68} WARNING - Error translating url: {'status': 'failed', 'error': JSONDecodeError('Expecting value: line 1 column 1 (char 0)')}
[2024-04-03T11:00:21.708+0000] {english_keys.py:68} WARNING - Error translating url: {'status': 'failed', 'error': JSONDecodeError('Expecting value: line 1 column 1 (char 0)')}
[2024-04-03T11:00:22.236+0000] {english_keys.py:68} WARNING - Error translating url: {'status': 'failed', 'error': JSONDecodeError('Expecting value: line 1 column 1 (char 0)')}
[2024-04-03T11:00:22.817+0000] {english_keys.py:68} WARNING - Error translating url: {'status': 'failed', 'error': JSONDecodeError('Expecting value: line 1 column 1 (char 0)')}
[2024-04-03T11:00:23.397+0000] {english_keys.py:68} WARNING - Error translating url: {'status': 'failed', 'error': JSONDecodeError('Expecting value: line 1 column 1 (char 0)')}
[2024-04-03T11:00:23.931+0000] {english_keys.py:68} WARNING - Error translating url: {'status': 'failed', 'error': JSONDecodeError('Expecting value: line 1 column 1 (char 0)')}
[2024-04-03T11:00:24.504+0000] {english_keys.py:68} WARNING - Error translating url: {'status': 'failed', 'error': JSONDecodeError('Expecting value: line 1 column 1 (char 0)')}
[2024-04-03T11:00:25.052+0000] {english_keys.py:68} WARNING - Error translating url: {'status': 'failed', 'error': JSONDecodeError('Expecting value: line 1 column 1 (char 0)')}
[2024-04-03T11:00:25.497+0000] {english_keys.py:68} WARNING - Error translating url: {'status': 'failed', 'error': JSONDecodeError('Expecting value: line 1 column 1 (char 0)')}
[2024-04-03T11:00:26.018+0000] {english_keys.py:68} WARNING - Error translating url: {'status': 'failed', 'error': JSONDecodeError('Expecting value: line 1 column 1 (char 0)')}
[2024-04-03T11:00:26.590+0000] {english_keys.py:68} WARNING - Error translating url: {'status': 'failed', 'error': JSONDecodeError('Expecting value: line 1 column 1 (char 0)')}
[2024-04-03T11:00:27.212+0000] {english_keys.py:68} WARNING - Error translating url: {'status': 'failed', 'error': JSONDecodeError('Expecting value: line 1 column 1 (char 0)')}
[2024-04-03T11:00:27.612+0000] {english_keys.py:68} WARNING - Error translating url: {'status': 'failed', 'error': JSONDecodeError('Expecting value: line 1 column 1 (char 0)')}
[2024-04-03T11:00:28.143+0000] {english_keys.py:68} WARNING - Error translating url: {'status': 'failed', 'error': JSONDecodeError('Expecting value: line 1 column 1 (char 0)')}
[2024-04-03T11:00:28.636+0000] {english_keys.py:68} WARNING - Error translating url: {'status': 'failed', 'error': JSONDecodeError('Expecting value: line 1 column 1 (char 0)')}
[2024-04-03T11:00:29.059+0000] {english_keys.py:68} WARNING - Error translating url: {'status': 'failed', 'error': JSONDecodeError('Expecting value: line 1 column 1 (char 0)')}
[2024-04-03T11:00:29.670+0000] {english_keys.py:68} WARNING - Error translating url: {'status': 'failed', 'error': JSONDecodeError('Expecting value: line 1 column 1 (char 0)')}
[2024-04-03T11:00:30.271+0000] {english_keys.py:68} WARNING - Error translating url: {'status': 'failed', 'error': JSONDecodeError('Expecting value: line 1 column 1 (char 0)')}
[2024-04-03T11:00:30.907+0000] {english_keys.py:68} WARNING - Error translating url: {'status': 'failed', 'error': JSONDecodeError('Expecting value: line 1 column 1 (char 0)')}
[2024-04-03T11:00:31.298+0000] {english_keys.py:68} WARNING - Error translating url: {'status': 'failed', 'error': JSONDecodeError('Expecting value: line 1 column 1 (char 0)')}
[2024-04-03T11:00:31.695+0000] {english_keys.py:68} WARNING - Error translating url: {'status': 'failed', 'error': JSONDecodeError('Expecting value: line 1 column 1 (char 0)')}
[2024-04-03T11:00:32.318+0000] {english_keys.py:68} WARNING - Error translating url: {'status': 'failed', 'error': JSONDecodeError('Expecting value: line 1 column 1 (char 0)')}
[2024-04-03T11:00:32.987+0000] {english_keys.py:68} WARNING - Error translating url: {'status': 'failed', 'error': JSONDecodeError('Expecting value: line 1 column 1 (char 0)')}
[2024-04-03T11:00:33.483+0000] {english_keys.py:68} WARNING - Error translating url: {'status': 'failed', 'error': JSONDecodeError('Expecting value: line 1 column 1 (char 0)')}
[2024-04-03T11:00:34.083+0000] {english_keys.py:68} WARNING - Error translating url: {'status': 'failed', 'error': JSONDecodeError('Expecting value: line 1 column 1 (char 0)')}
[2024-04-03T11:00:34.741+0000] {english_keys.py:68} WARNING - Error translating url: {'status': 'failed', 'error': JSONDecodeError('Expecting value: line 1 column 1 (char 0)')}
[2024-04-03T11:00:35.364+0000] {english_keys.py:68} WARNING - Error translating url: {'status': 'failed', 'error': JSONDecodeError('Expecting value: line 1 column 1 (char 0)')}
[2024-04-03T11:00:35.887+0000] {english_keys.py:68} WARNING - Error translating url: {'status': 'failed', 'error': JSONDecodeError('Expecting value: line 1 column 1 (char 0)')}
[2024-04-03T11:00:36.344+0000] {english_keys.py:68} WARNING - Error translating url: {'status': 'failed', 'error': JSONDecodeError('Expecting value: line 1 column 1 (char 0)')}
[2024-04-03T11:00:36.759+0000] {english_keys.py:68} WARNING - Error translating url: {'status': 'failed', 'error': JSONDecodeError('Expecting value: line 1 column 1 (char 0)')}
[2024-04-03T11:00:37.296+0000] {english_keys.py:68} WARNING - Error translating url: {'status': 'failed', 'error': JSONDecodeError('Expecting value: line 1 column 1 (char 0)')}
[2024-04-03T11:00:37.683+0000] {english_keys.py:68} WARNING - Error translating url: {'status': 'failed', 'error': JSONDecodeError('Expecting value: line 1 column 1 (char 0)')}
[2024-04-03T11:00:38.222+0000] {english_keys.py:68} WARNING - Error translating url: {'status': 'failed', 'error': JSONDecodeError('Expecting value: line 1 column 1 (char 0)')}
[2024-04-03T11:00:38.869+0000] {english_keys.py:68} WARNING - Error translating url: {'status': 'failed', 'error': JSONDecodeError('Expecting value: line 1 column 1 (char 0)')}
[2024-04-03T11:00:39.420+0000] {english_keys.py:68} WARNING - Error translating url: {'status': 'failed', 'error': JSONDecodeError('Expecting value: line 1 column 1 (char 0)')}
[2024-04-03T11:00:39.940+0000] {english_keys.py:68} WARNING - Error translating url: {'status': 'failed', 'error': JSONDecodeError('Expecting value: line 1 column 1 (char 0)')}
[2024-04-03T11:00:40.401+0000] {english_keys.py:68} WARNING - Error translating url: {'status': 'failed', 'error': JSONDecodeError('Expecting value: line 1 column 1 (char 0)')}
[2024-04-03T11:00:40.973+0000] {english_keys.py:68} WARNING - Error translating url: {'status': 'failed', 'error': JSONDecodeError('Expecting value: line 1 column 1 (char 0)')}
[2024-04-03T11:00:41.563+0000] {english_keys.py:68} WARNING - Error translating url: {'status': 'failed', 'error': JSONDecodeError('Expecting value: line 1 column 1 (char 0)')}
[2024-04-03T11:00:42.081+0000] {english_keys.py:68} WARNING - Error translating url: {'status': 'failed', 'error': JSONDecodeError('Expecting value: line 1 column 1 (char 0)')}
[2024-04-03T11:00:42.678+0000] {english_keys.py:68} WARNING - Error translating url: {'status': 'failed', 'error': JSONDecodeError('Expecting value: line 1 column 1 (char 0)')}
[2024-04-03T11:00:43.255+0000] {english_keys.py:68} WARNING - Error translating url: {'status': 'failed', 'error': JSONDecodeError('Expecting value: line 1 column 1 (char 0)')}
[2024-04-03T11:00:43.847+0000] {english_keys.py:68} WARNING - Error translating url: {'status': 'failed', 'error': JSONDecodeError('Expecting value: line 1 column 1 (char 0)')}
[2024-04-03T11:00:44.346+0000] {english_keys.py:68} WARNING - Error translating url: {'status': 'failed', 'error': JSONDecodeError('Expecting value: line 1 column 1 (char 0)')}
[2024-04-03T11:00:44.871+0000] {english_keys.py:68} WARNING - Error translating url: {'status': 'failed', 'error': JSONDecodeError('Expecting value: line 1 column 1 (char 0)')}
[2024-04-03T11:00:45.325+0000] {english_keys.py:68} WARNING - Error translating url: {'status': 'failed', 'error': JSONDecodeError('Expecting value: line 1 column 1 (char 0)')}
[2024-04-03T11:00:45.809+0000] {english_keys.py:68} WARNING - Error translating url: {'status': 'failed', 'error': JSONDecodeError('Expecting value: line 1 column 1 (char 0)')}
[2024-04-03T11:00:46.258+0000] {english_keys.py:68} WARNING - Error translating url: {'status': 'failed', 'error': JSONDecodeError('Expecting value: line 1 column 1 (char 0)')}
[2024-04-03T11:00:46.797+0000] {english_keys.py:68} WARNING - Error translating url: {'status': 'failed', 'error': JSONDecodeError('Expecting value: line 1 column 1 (char 0)')}
[2024-04-03T11:00:47.245+0000] {english_keys.py:68} WARNING - Error translating url: {'status': 'failed', 'error': JSONDecodeError('Expecting value: line 1 column 1 (char 0)')}
[2024-04-03T11:00:47.900+0000] {english_keys.py:68} WARNING - Error translating url: {'status': 'failed', 'error': JSONDecodeError('Expecting value: line 1 column 1 (char 0)')}
[2024-04-03T11:00:48.500+0000] {english_keys.py:68} WARNING - Error translating url: {'status': 'failed', 'error': JSONDecodeError('Expecting value: line 1 column 1 (char 0)')}
[2024-04-03T11:00:48.894+0000] {english_keys.py:68} WARNING - Error translating url: {'status': 'failed', 'error': JSONDecodeError('Expecting value: line 1 column 1 (char 0)')}
[2024-04-03T11:00:49.520+0000] {english_keys.py:68} WARNING - Error translating url: {'status': 'failed', 'error': JSONDecodeError('Expecting value: line 1 column 1 (char 0)')}
[2024-04-03T11:00:50.010+0000] {english_keys.py:68} WARNING - Error translating url: {'status': 'failed', 'error': JSONDecodeError('Expecting value: line 1 column 1 (char 0)')}
[2024-04-03T11:00:50.622+0000] {english_keys.py:68} WARNING - Error translating url: {'status': 'failed', 'error': JSONDecodeError('Expecting value: line 1 column 1 (char 0)')}
[2024-04-03T11:00:51.038+0000] {english_keys.py:68} WARNING - Error translating url: {'status': 'failed', 'error': JSONDecodeError('Expecting value: line 1 column 1 (char 0)')}
[2024-04-03T11:00:51.566+0000] {english_keys.py:68} WARNING - Error translating url: {'status': 'failed', 'error': JSONDecodeError('Expecting value: line 1 column 1 (char 0)')}
[2024-04-03T11:00:51.958+0000] {english_keys.py:68} WARNING - Error translating url: {'status': 'failed', 'error': JSONDecodeError('Expecting value: line 1 column 1 (char 0)')}
[2024-04-03T11:00:52.619+0000] {english_keys.py:68} WARNING - Error translating url: {'status': 'failed', 'error': JSONDecodeError('Expecting value: line 1 column 1 (char 0)')}
[2024-04-03T11:00:53.117+0000] {english_keys.py:68} WARNING - Error translating url: {'status': 'failed', 'error': JSONDecodeError('Expecting value: line 1 column 1 (char 0)')}
[2024-04-03T11:00:53.657+0000] {english_keys.py:68} WARNING - Error translating url: {'status': 'failed', 'error': JSONDecodeError('Expecting value: line 1 column 1 (char 0)')}
[2024-04-03T11:00:54.067+0000] {english_keys.py:68} WARNING - Error translating url: {'status': 'failed', 'error': JSONDecodeError('Expecting value: line 1 column 1 (char 0)')}
[2024-04-03T11:00:54.649+0000] {english_keys.py:68} WARNING - Error translating url: {'status': 'failed', 'error': JSONDecodeError('Expecting value: line 1 column 1 (char 0)')}
[2024-04-03T11:00:55.275+0000] {english_keys.py:68} WARNING - Error translating url: {'status': 'failed', 'error': JSONDecodeError('Expecting value: line 1 column 1 (char 0)')}
[2024-04-03T11:00:55.792+0000] {english_keys.py:68} WARNING - Error translating url: {'status': 'failed', 'error': JSONDecodeError('Expecting value: line 1 column 1 (char 0)')}
[2024-04-03T11:00:56.446+0000] {english_keys.py:68} WARNING - Error translating url: {'status': 'failed', 'error': JSONDecodeError('Expecting value: line 1 column 1 (char 0)')}
[2024-04-03T11:00:56.915+0000] {english_keys.py:68} WARNING - Error translating url: {'status': 'failed', 'error': JSONDecodeError('Expecting value: line 1 column 1 (char 0)')}
[2024-04-03T11:00:57.549+0000] {english_keys.py:68} WARNING - Error translating url: {'status': 'failed', 'error': JSONDecodeError('Expecting value: line 1 column 1 (char 0)')}
[2024-04-03T11:00:57.971+0000] {english_keys.py:68} WARNING - Error translating url: {'status': 'failed', 'error': JSONDecodeError('Expecting value: line 1 column 1 (char 0)')}
[2024-04-03T11:00:58.564+0000] {english_keys.py:68} WARNING - Error translating url: {'status': 'failed', 'error': JSONDecodeError('Expecting value: line 1 column 1 (char 0)')}
[2024-04-03T11:00:59.056+0000] {english_keys.py:68} WARNING - Error translating url: {'status': 'failed', 'error': JSONDecodeError('Expecting value: line 1 column 1 (char 0)')}
[2024-04-03T11:00:59.478+0000] {english_keys.py:68} WARNING - Error translating url: {'status': 'failed', 'error': JSONDecodeError('Expecting value: line 1 column 1 (char 0)')}
[2024-04-03T11:00:59.942+0000] {english_keys.py:68} WARNING - Error translating url: {'status': 'failed', 'error': JSONDecodeError('Expecting value: line 1 column 1 (char 0)')}
[2024-04-03T11:01:00.473+0000] {english_keys.py:68} WARNING - Error translating url: {'status': 'failed', 'error': JSONDecodeError('Expecting value: line 1 column 1 (char 0)')}
[2024-04-03T11:01:01.097+0000] {english_keys.py:68} WARNING - Error translating url: {'status': 'failed', 'error': JSONDecodeError('Expecting value: line 1 column 1 (char 0)')}
[2024-04-03T11:01:01.590+0000] {english_keys.py:68} WARNING - Error translating url: {'status': 'failed', 'error': JSONDecodeError('Expecting value: line 1 column 1 (char 0)')}
[2024-04-03T11:01:02.230+0000] {english_keys.py:68} WARNING - Error translating url: {'status': 'failed', 'error': JSONDecodeError('Expecting value: line 1 column 1 (char 0)')}
[2024-04-03T11:01:02.681+0000] {english_keys.py:68} WARNING - Error translating url: {'status': 'failed', 'error': JSONDecodeError('Expecting value: line 1 column 1 (char 0)')}
[2024-04-03T11:01:03.144+0000] {english_keys.py:68} WARNING - Error translating url: {'status': 'failed', 'error': JSONDecodeError('Expecting value: line 1 column 1 (char 0)')}
[2024-04-03T11:01:03.656+0000] {english_keys.py:68} WARNING - Error translating url: {'status': 'failed', 'error': JSONDecodeError('Expecting value: line 1 column 1 (char 0)')}
[2024-04-03T11:01:04.303+0000] {english_keys.py:68} WARNING - Error translating url: {'status': 'failed', 'error': JSONDecodeError('Expecting value: line 1 column 1 (char 0)')}
[2024-04-03T11:01:04.878+0000] {english_keys.py:68} WARNING - Error translating url: {'status': 'failed', 'error': JSONDecodeError('Expecting value: line 1 column 1 (char 0)')}
[2024-04-03T11:01:05.392+0000] {english_keys.py:68} WARNING - Error translating url: {'status': 'failed', 'error': JSONDecodeError('Expecting value: line 1 column 1 (char 0)')}
[2024-04-03T11:01:05.915+0000] {english_keys.py:68} WARNING - Error translating url: {'status': 'failed', 'error': JSONDecodeError('Expecting value: line 1 column 1 (char 0)')}
[2024-04-03T11:01:06.408+0000] {english_keys.py:68} WARNING - Error translating url: {'status': 'failed', 'error': JSONDecodeError('Expecting value: line 1 column 1 (char 0)')}
[2024-04-03T11:01:06.848+0000] {english_keys.py:68} WARNING - Error translating url: {'status': 'failed', 'error': JSONDecodeError('Expecting value: line 1 column 1 (char 0)')}
[2024-04-03T11:01:07.554+0000] {english_keys.py:68} WARNING - Error translating url: {'status': 'failed', 'error': JSONDecodeError('Expecting value: line 1 column 1 (char 0)')}
[2024-04-03T11:01:08.225+0000] {english_keys.py:68} WARNING - Error translating url: {'status': 'failed', 'error': JSONDecodeError('Expecting value: line 1 column 1 (char 0)')}
[2024-04-03T11:01:08.751+0000] {english_keys.py:68} WARNING - Error translating url: {'status': 'failed', 'error': JSONDecodeError('Expecting value: line 1 column 1 (char 0)')}
[2024-04-03T11:01:09.445+0000] {english_keys.py:68} WARNING - Error translating url: {'status': 'failed', 'error': JSONDecodeError('Expecting value: line 1 column 1 (char 0)')}
[2024-04-03T11:01:09.890+0000] {english_keys.py:68} WARNING - Error translating url: {'status': 'failed', 'error': JSONDecodeError('Expecting value: line 1 column 1 (char 0)')}
[2024-04-03T11:01:10.501+0000] {english_keys.py:68} WARNING - Error translating url: {'status': 'failed', 'error': JSONDecodeError('Expecting value: line 1 column 1 (char 0)')}
[2024-04-03T11:01:10.997+0000] {english_keys.py:68} WARNING - Error translating url: {'status': 'failed', 'error': JSONDecodeError('Expecting value: line 1 column 1 (char 0)')}
[2024-04-03T11:01:11.532+0000] {english_keys.py:68} WARNING - Error translating url: {'status': 'failed', 'error': JSONDecodeError('Expecting value: line 1 column 1 (char 0)')}
[2024-04-03T11:01:12.108+0000] {english_keys.py:68} WARNING - Error translating url: {'status': 'failed', 'error': JSONDecodeError('Expecting value: line 1 column 1 (char 0)')}
[2024-04-03T11:01:12.709+0000] {english_keys.py:68} WARNING - Error translating url: {'status': 'failed', 'error': JSONDecodeError('Expecting value: line 1 column 1 (char 0)')}
[2024-04-03T11:01:13.115+0000] {english_keys.py:68} WARNING - Error translating url: {'status': 'failed', 'error': JSONDecodeError('Expecting value: line 1 column 1 (char 0)')}
[2024-04-03T11:01:13.691+0000] {english_keys.py:68} WARNING - Error translating url: {'status': 'failed', 'error': JSONDecodeError('Expecting value: line 1 column 1 (char 0)')}
[2024-04-03T11:01:14.355+0000] {english_keys.py:68} WARNING - Error translating url: {'status': 'failed', 'error': JSONDecodeError('Expecting value: line 1 column 1 (char 0)')}
[2024-04-03T11:01:15.067+0000] {english_keys.py:68} WARNING - Error translating url: {'status': 'failed', 'error': JSONDecodeError('Expecting value: line 1 column 1 (char 0)')}
[2024-04-03T11:01:15.150+0000] {process_utils.py:149} WARNING - process psutil.Process(pid=532, name='airflow task ru', status='running', started='10:58:52') did not respond to SIGTERM. Trying SIGKILL
[2024-04-03T11:01:15.152+0000] {process_utils.py:86} INFO - Sending the signal 9 to group 532
[2024-04-03T11:01:15.204+0000] {process_utils.py:79} INFO - Process psutil.Process(pid=532, name='airflow task ru', status='terminated', exitcode=<Negsignal.SIGKILL: -9>, started='10:58:52') (532) terminated with exit code -9
[2024-04-03T11:01:15.205+0000] {standard_task_runner.py:175} ERROR - Job 137 was killed before it finished (likely due to running out of memory)
