[2024-04-03T11:00:17.140+0000] {taskinstance.py:1979} INFO - Dependencies all met for dep_context=non-requeueable deps ti=<TaskInstance: real_estates.transform_to_english_keys manual__2024-04-03T10:39:54.321446+00:00 [queued]>
[2024-04-03T11:00:17.160+0000] {taskinstance.py:1979} INFO - Dependencies all met for dep_context=requeueable deps ti=<TaskInstance: real_estates.transform_to_english_keys manual__2024-04-03T10:39:54.321446+00:00 [queued]>
[2024-04-03T11:00:17.160+0000] {taskinstance.py:2193} INFO - Starting attempt 6 of 6
[2024-04-03T11:00:17.189+0000] {taskinstance.py:2217} INFO - Executing <Task(_PythonDecoratedOperator): transform_to_english_keys> on 2024-04-03 10:39:54.321446+00:00
[2024-04-03T11:00:17.204+0000] {standard_task_runner.py:60} INFO - Started process 559 to run task
[2024-04-03T11:00:17.211+0000] {standard_task_runner.py:87} INFO - Running: ['***', 'tasks', 'run', 'real_estates', 'transform_to_english_keys', 'manual__2024-04-03T10:39:54.321446+00:00', '--job-id', '138', '--raw', '--subdir', 'DAGS_FOLDER/real_estates/__init__.py', '--cfg-path', '/tmp/tmptv6u8pcp']
[2024-04-03T11:00:17.218+0000] {standard_task_runner.py:88} INFO - Job 138: Subtask transform_to_english_keys
[2024-04-03T11:00:17.631+0000] {task_command.py:423} INFO - Running <TaskInstance: real_estates.transform_to_english_keys manual__2024-04-03T10:39:54.321446+00:00 [running]> on host 72a42bdc0b23
[2024-04-03T11:00:18.290+0000] {taskinstance.py:2513} INFO - Exporting env vars: AIRFLOW_CTX_DAG_OWNER='***' AIRFLOW_CTX_DAG_ID='real_estates' AIRFLOW_CTX_TASK_ID='transform_to_english_keys' AIRFLOW_CTX_EXECUTION_DATE='2024-04-03T10:39:54.321446+00:00' AIRFLOW_CTX_TRY_NUMBER='6' AIRFLOW_CTX_DAG_RUN_ID='manual__2024-04-03T10:39:54.321446+00:00'
[2024-04-03T11:00:19.074+0000] {english_keys.py:71} WARNING - Error translating name: {'status': 'failed', 'error': JSONDecodeError('Expecting value: line 1 column 1 (char 0)')}
[2024-04-03T11:00:19.681+0000] {english_keys.py:71} WARNING - Error translating name: {'status': 'failed', 'error': JSONDecodeError('Expecting value: line 1 column 1 (char 0)')}
[2024-04-03T11:00:20.219+0000] {english_keys.py:71} WARNING - Error translating name: {'status': 'failed', 'error': JSONDecodeError('Expecting value: line 1 column 1 (char 0)')}
[2024-04-03T11:00:20.824+0000] {english_keys.py:71} WARNING - Error translating name: {'status': 'failed', 'error': JSONDecodeError('Expecting value: line 1 column 1 (char 0)')}
[2024-04-03T11:00:21.362+0000] {english_keys.py:71} WARNING - Error translating name: {'status': 'failed', 'error': JSONDecodeError('Expecting value: line 1 column 1 (char 0)')}
[2024-04-03T11:00:21.974+0000] {english_keys.py:71} WARNING - Error translating name: {'status': 'failed', 'error': JSONDecodeError('Expecting value: line 1 column 1 (char 0)')}
[2024-04-03T11:00:22.580+0000] {english_keys.py:71} WARNING - Error translating name: {'status': 'failed', 'error': JSONDecodeError('Expecting value: line 1 column 1 (char 0)')}
[2024-04-03T11:00:23.253+0000] {english_keys.py:71} WARNING - Error translating name: {'status': 'failed', 'error': JSONDecodeError('Expecting value: line 1 column 1 (char 0)')}
[2024-04-03T11:00:23.890+0000] {english_keys.py:71} WARNING - Error translating name: {'status': 'failed', 'error': JSONDecodeError('Expecting value: line 1 column 1 (char 0)')}
[2024-04-03T11:00:24.509+0000] {english_keys.py:71} WARNING - Error translating name: {'status': 'failed', 'error': JSONDecodeError('Expecting value: line 1 column 1 (char 0)')}
[2024-04-03T11:00:25.188+0000] {english_keys.py:71} WARNING - Error translating name: {'status': 'failed', 'error': JSONDecodeError('Expecting value: line 1 column 1 (char 0)')}
[2024-04-03T11:00:25.581+0000] {english_keys.py:71} WARNING - Error translating name: {'status': 'failed', 'error': JSONDecodeError('Expecting value: line 1 column 1 (char 0)')}
[2024-04-03T11:00:26.097+0000] {english_keys.py:71} WARNING - Error translating name: {'status': 'failed', 'error': JSONDecodeError('Expecting value: line 1 column 1 (char 0)')}
[2024-04-03T11:00:26.693+0000] {english_keys.py:71} WARNING - Error translating name: {'status': 'failed', 'error': JSONDecodeError('Expecting value: line 1 column 1 (char 0)')}
[2024-04-03T11:00:27.265+0000] {english_keys.py:71} WARNING - Error translating name: {'status': 'failed', 'error': JSONDecodeError('Expecting value: line 1 column 1 (char 0)')}
[2024-04-03T11:00:27.704+0000] {english_keys.py:71} WARNING - Error translating name: {'status': 'failed', 'error': JSONDecodeError('Expecting value: line 1 column 1 (char 0)')}
[2024-04-03T11:00:28.194+0000] {english_keys.py:71} WARNING - Error translating name: {'status': 'failed', 'error': JSONDecodeError('Expecting value: line 1 column 1 (char 0)')}
[2024-04-03T11:00:28.789+0000] {english_keys.py:71} WARNING - Error translating name: {'status': 'failed', 'error': JSONDecodeError('Expecting value: line 1 column 1 (char 0)')}
[2024-04-03T11:00:29.207+0000] {english_keys.py:71} WARNING - Error translating name: {'status': 'failed', 'error': JSONDecodeError('Expecting value: line 1 column 1 (char 0)')}
[2024-04-03T11:00:29.873+0000] {english_keys.py:71} WARNING - Error translating name: {'status': 'failed', 'error': JSONDecodeError('Expecting value: line 1 column 1 (char 0)')}
[2024-04-03T11:00:30.447+0000] {english_keys.py:71} WARNING - Error translating name: {'status': 'failed', 'error': JSONDecodeError('Expecting value: line 1 column 1 (char 0)')}
[2024-04-03T11:00:30.975+0000] {english_keys.py:71} WARNING - Error translating name: {'status': 'failed', 'error': JSONDecodeError('Expecting value: line 1 column 1 (char 0)')}
[2024-04-03T11:00:31.531+0000] {english_keys.py:71} WARNING - Error translating name: {'status': 'failed', 'error': JSONDecodeError('Expecting value: line 1 column 1 (char 0)')}
[2024-04-03T11:00:31.992+0000] {english_keys.py:71} WARNING - Error translating name: {'status': 'failed', 'error': JSONDecodeError('Expecting value: line 1 column 1 (char 0)')}
[2024-04-03T11:00:32.565+0000] {english_keys.py:71} WARNING - Error translating name: {'status': 'failed', 'error': JSONDecodeError('Expecting value: line 1 column 1 (char 0)')}
[2024-04-03T11:00:33.245+0000] {english_keys.py:71} WARNING - Error translating name: {'status': 'failed', 'error': JSONDecodeError('Expecting value: line 1 column 1 (char 0)')}
[2024-04-03T11:00:33.815+0000] {english_keys.py:71} WARNING - Error translating name: {'status': 'failed', 'error': JSONDecodeError('Expecting value: line 1 column 1 (char 0)')}
[2024-04-03T11:00:34.494+0000] {english_keys.py:71} WARNING - Error translating name: {'status': 'failed', 'error': JSONDecodeError('Expecting value: line 1 column 1 (char 0)')}
[2024-04-03T11:00:34.966+0000] {english_keys.py:71} WARNING - Error translating name: {'status': 'failed', 'error': JSONDecodeError('Expecting value: line 1 column 1 (char 0)')}
[2024-04-03T11:00:35.570+0000] {english_keys.py:71} WARNING - Error translating name: {'status': 'failed', 'error': JSONDecodeError('Expecting value: line 1 column 1 (char 0)')}
[2024-04-03T11:00:35.972+0000] {english_keys.py:71} WARNING - Error translating name: {'status': 'failed', 'error': JSONDecodeError('Expecting value: line 1 column 1 (char 0)')}
[2024-04-03T11:00:36.404+0000] {english_keys.py:71} WARNING - Error translating name: {'status': 'failed', 'error': JSONDecodeError('Expecting value: line 1 column 1 (char 0)')}
[2024-04-03T11:00:37.063+0000] {english_keys.py:71} WARNING - Error translating name: {'status': 'failed', 'error': JSONDecodeError('Expecting value: line 1 column 1 (char 0)')}
[2024-04-03T11:00:37.578+0000] {english_keys.py:71} WARNING - Error translating name: {'status': 'failed', 'error': JSONDecodeError('Expecting value: line 1 column 1 (char 0)')}
[2024-04-03T11:00:38.134+0000] {english_keys.py:71} WARNING - Error translating name: {'status': 'failed', 'error': JSONDecodeError('Expecting value: line 1 column 1 (char 0)')}
[2024-04-03T11:00:38.807+0000] {english_keys.py:71} WARNING - Error translating name: {'status': 'failed', 'error': JSONDecodeError('Expecting value: line 1 column 1 (char 0)')}
[2024-04-03T11:00:39.394+0000] {english_keys.py:71} WARNING - Error translating name: {'status': 'failed', 'error': JSONDecodeError('Expecting value: line 1 column 1 (char 0)')}
[2024-04-03T11:00:40.010+0000] {english_keys.py:71} WARNING - Error translating name: {'status': 'failed', 'error': JSONDecodeError('Expecting value: line 1 column 1 (char 0)')}
[2024-04-03T11:00:40.405+0000] {english_keys.py:71} WARNING - Error translating name: {'status': 'failed', 'error': JSONDecodeError('Expecting value: line 1 column 1 (char 0)')}
[2024-04-03T11:00:40.868+0000] {english_keys.py:71} WARNING - Error translating name: {'status': 'failed', 'error': JSONDecodeError('Expecting value: line 1 column 1 (char 0)')}
[2024-04-03T11:00:41.519+0000] {english_keys.py:71} WARNING - Error translating name: {'status': 'failed', 'error': JSONDecodeError('Expecting value: line 1 column 1 (char 0)')}
[2024-04-03T11:00:41.903+0000] {english_keys.py:71} WARNING - Error translating name: {'status': 'failed', 'error': JSONDecodeError('Expecting value: line 1 column 1 (char 0)')}
[2024-04-03T11:00:42.315+0000] {english_keys.py:71} WARNING - Error translating name: {'status': 'failed', 'error': JSONDecodeError('Expecting value: line 1 column 1 (char 0)')}
[2024-04-03T11:00:42.928+0000] {english_keys.py:71} WARNING - Error translating name: {'status': 'failed', 'error': JSONDecodeError('Expecting value: line 1 column 1 (char 0)')}
[2024-04-03T11:00:43.459+0000] {english_keys.py:71} WARNING - Error translating name: {'status': 'failed', 'error': JSONDecodeError('Expecting value: line 1 column 1 (char 0)')}
[2024-04-03T11:00:44.110+0000] {english_keys.py:71} WARNING - Error translating name: {'status': 'failed', 'error': JSONDecodeError('Expecting value: line 1 column 1 (char 0)')}
[2024-04-03T11:00:44.505+0000] {english_keys.py:71} WARNING - Error translating name: {'status': 'failed', 'error': JSONDecodeError('Expecting value: line 1 column 1 (char 0)')}
[2024-04-03T11:00:45.023+0000] {english_keys.py:71} WARNING - Error translating name: {'status': 'failed', 'error': JSONDecodeError('Expecting value: line 1 column 1 (char 0)')}
[2024-04-03T11:00:45.650+0000] {english_keys.py:71} WARNING - Error translating name: {'status': 'failed', 'error': JSONDecodeError('Expecting value: line 1 column 1 (char 0)')}
[2024-04-03T11:00:46.056+0000] {english_keys.py:71} WARNING - Error translating name: {'status': 'failed', 'error': JSONDecodeError('Expecting value: line 1 column 1 (char 0)')}
[2024-04-03T11:00:46.467+0000] {english_keys.py:71} WARNING - Error translating name: {'status': 'failed', 'error': JSONDecodeError('Expecting value: line 1 column 1 (char 0)')}
[2024-04-03T11:00:47.130+0000] {english_keys.py:71} WARNING - Error translating name: {'status': 'failed', 'error': JSONDecodeError('Expecting value: line 1 column 1 (char 0)')}
[2024-04-03T11:00:47.694+0000] {english_keys.py:71} WARNING - Error translating name: {'status': 'failed', 'error': JSONDecodeError('Expecting value: line 1 column 1 (char 0)')}
[2024-04-03T11:00:48.309+0000] {english_keys.py:71} WARNING - Error translating name: {'status': 'failed', 'error': JSONDecodeError('Expecting value: line 1 column 1 (char 0)')}
[2024-04-03T11:00:48.810+0000] {english_keys.py:71} WARNING - Error translating name: {'status': 'failed', 'error': JSONDecodeError('Expecting value: line 1 column 1 (char 0)')}
[2024-04-03T11:00:49.296+0000] {english_keys.py:71} WARNING - Error translating name: {'status': 'failed', 'error': JSONDecodeError('Expecting value: line 1 column 1 (char 0)')}
[2024-04-03T11:00:49.938+0000] {english_keys.py:71} WARNING - Error translating name: {'status': 'failed', 'error': JSONDecodeError('Expecting value: line 1 column 1 (char 0)')}
[2024-04-03T11:00:50.343+0000] {english_keys.py:71} WARNING - Error translating name: {'status': 'failed', 'error': JSONDecodeError('Expecting value: line 1 column 1 (char 0)')}
[2024-04-03T11:00:50.768+0000] {english_keys.py:71} WARNING - Error translating name: {'status': 'failed', 'error': JSONDecodeError('Expecting value: line 1 column 1 (char 0)')}
[2024-04-03T11:00:51.387+0000] {english_keys.py:71} WARNING - Error translating name: {'status': 'failed', 'error': JSONDecodeError('Expecting value: line 1 column 1 (char 0)')}
[2024-04-03T11:00:51.780+0000] {english_keys.py:71} WARNING - Error translating name: {'status': 'failed', 'error': JSONDecodeError('Expecting value: line 1 column 1 (char 0)')}
[2024-04-03T11:00:52.374+0000] {english_keys.py:71} WARNING - Error translating name: {'status': 'failed', 'error': JSONDecodeError('Expecting value: line 1 column 1 (char 0)')}
[2024-04-03T11:00:53.048+0000] {english_keys.py:71} WARNING - Error translating name: {'status': 'failed', 'error': JSONDecodeError('Expecting value: line 1 column 1 (char 0)')}
[2024-04-03T11:00:53.440+0000] {english_keys.py:71} WARNING - Error translating name: {'status': 'failed', 'error': JSONDecodeError('Expecting value: line 1 column 1 (char 0)')}
[2024-04-03T11:00:54.006+0000] {english_keys.py:71} WARNING - Error translating name: {'status': 'failed', 'error': JSONDecodeError('Expecting value: line 1 column 1 (char 0)')}
[2024-04-03T11:00:54.419+0000] {english_keys.py:71} WARNING - Error translating name: {'status': 'failed', 'error': JSONDecodeError('Expecting value: line 1 column 1 (char 0)')}
[2024-04-03T11:00:55.089+0000] {english_keys.py:71} WARNING - Error translating name: {'status': 'failed', 'error': JSONDecodeError('Expecting value: line 1 column 1 (char 0)')}
[2024-04-03T11:00:55.703+0000] {english_keys.py:71} WARNING - Error translating name: {'status': 'failed', 'error': JSONDecodeError('Expecting value: line 1 column 1 (char 0)')}
[2024-04-03T11:00:56.183+0000] {english_keys.py:71} WARNING - Error translating name: {'status': 'failed', 'error': JSONDecodeError('Expecting value: line 1 column 1 (char 0)')}
[2024-04-03T11:00:56.595+0000] {english_keys.py:71} WARNING - Error translating name: {'status': 'failed', 'error': JSONDecodeError('Expecting value: line 1 column 1 (char 0)')}
[2024-04-03T11:00:57.022+0000] {english_keys.py:71} WARNING - Error translating name: {'status': 'failed', 'error': JSONDecodeError('Expecting value: line 1 column 1 (char 0)')}
[2024-04-03T11:00:57.548+0000] {english_keys.py:71} WARNING - Error translating name: {'status': 'failed', 'error': JSONDecodeError('Expecting value: line 1 column 1 (char 0)')}
[2024-04-03T11:00:57.966+0000] {english_keys.py:71} WARNING - Error translating name: {'status': 'failed', 'error': JSONDecodeError('Expecting value: line 1 column 1 (char 0)')}
[2024-04-03T11:00:58.486+0000] {english_keys.py:71} WARNING - Error translating name: {'status': 'failed', 'error': JSONDecodeError('Expecting value: line 1 column 1 (char 0)')}
[2024-04-03T11:00:59.039+0000] {english_keys.py:71} WARNING - Error translating name: {'status': 'failed', 'error': JSONDecodeError('Expecting value: line 1 column 1 (char 0)')}
[2024-04-03T11:00:59.502+0000] {english_keys.py:71} WARNING - Error translating name: {'status': 'failed', 'error': JSONDecodeError('Expecting value: line 1 column 1 (char 0)')}
[2024-04-03T11:01:00.040+0000] {english_keys.py:71} WARNING - Error translating name: {'status': 'failed', 'error': JSONDecodeError('Expecting value: line 1 column 1 (char 0)')}
[2024-04-03T11:01:00.751+0000] {english_keys.py:71} WARNING - Error translating name: {'status': 'failed', 'error': JSONDecodeError('Expecting value: line 1 column 1 (char 0)')}
[2024-04-03T11:01:01.300+0000] {english_keys.py:71} WARNING - Error translating name: {'status': 'failed', 'error': JSONDecodeError('Expecting value: line 1 column 1 (char 0)')}
[2024-04-03T11:01:02.031+0000] {english_keys.py:71} WARNING - Error translating name: {'status': 'failed', 'error': JSONDecodeError('Expecting value: line 1 column 1 (char 0)')}
[2024-04-03T11:01:02.757+0000] {english_keys.py:71} WARNING - Error translating name: {'status': 'failed', 'error': JSONDecodeError('Expecting value: line 1 column 1 (char 0)')}
[2024-04-03T11:01:03.312+0000] {english_keys.py:71} WARNING - Error translating name: {'status': 'failed', 'error': JSONDecodeError('Expecting value: line 1 column 1 (char 0)')}
[2024-04-03T11:01:04.019+0000] {english_keys.py:71} WARNING - Error translating name: {'status': 'failed', 'error': JSONDecodeError('Expecting value: line 1 column 1 (char 0)')}
[2024-04-03T11:01:04.615+0000] {english_keys.py:71} WARNING - Error translating name: {'status': 'failed', 'error': JSONDecodeError('Expecting value: line 1 column 1 (char 0)')}
[2024-04-03T11:01:05.142+0000] {english_keys.py:71} WARNING - Error translating name: {'status': 'failed', 'error': JSONDecodeError('Expecting value: line 1 column 1 (char 0)')}
[2024-04-03T11:01:05.607+0000] {english_keys.py:71} WARNING - Error translating name: {'status': 'failed', 'error': JSONDecodeError('Expecting value: line 1 column 1 (char 0)')}
[2024-04-03T11:01:06.313+0000] {english_keys.py:71} WARNING - Error translating name: {'status': 'failed', 'error': JSONDecodeError('Expecting value: line 1 column 1 (char 0)')}
[2024-04-03T11:01:06.801+0000] {english_keys.py:71} WARNING - Error translating name: {'status': 'failed', 'error': JSONDecodeError('Expecting value: line 1 column 1 (char 0)')}
[2024-04-03T11:01:07.353+0000] {english_keys.py:71} WARNING - Error translating name: {'status': 'failed', 'error': JSONDecodeError('Expecting value: line 1 column 1 (char 0)')}
[2024-04-03T11:01:07.991+0000] {english_keys.py:71} WARNING - Error translating name: {'status': 'failed', 'error': JSONDecodeError('Expecting value: line 1 column 1 (char 0)')}
[2024-04-03T11:01:08.549+0000] {english_keys.py:71} WARNING - Error translating name: {'status': 'failed', 'error': JSONDecodeError('Expecting value: line 1 column 1 (char 0)')}
[2024-04-03T11:01:09.216+0000] {english_keys.py:71} WARNING - Error translating name: {'status': 'failed', 'error': JSONDecodeError('Expecting value: line 1 column 1 (char 0)')}
[2024-04-03T11:01:09.959+0000] {english_keys.py:71} WARNING - Error translating name: {'status': 'failed', 'error': JSONDecodeError('Expecting value: line 1 column 1 (char 0)')}
[2024-04-03T11:01:10.470+0000] {english_keys.py:71} WARNING - Error translating name: {'status': 'failed', 'error': JSONDecodeError('Expecting value: line 1 column 1 (char 0)')}
[2024-04-03T11:01:11.151+0000] {english_keys.py:71} WARNING - Error translating name: {'status': 'failed', 'error': JSONDecodeError('Expecting value: line 1 column 1 (char 0)')}
[2024-04-03T11:01:11.818+0000] {english_keys.py:71} WARNING - Error translating name: {'status': 'failed', 'error': JSONDecodeError('Expecting value: line 1 column 1 (char 0)')}
[2024-04-03T11:01:12.408+0000] {english_keys.py:71} WARNING - Error translating name: {'status': 'failed', 'error': JSONDecodeError('Expecting value: line 1 column 1 (char 0)')}
[2024-04-03T11:01:13.111+0000] {english_keys.py:71} WARNING - Error translating name: {'status': 'failed', 'error': JSONDecodeError('Expecting value: line 1 column 1 (char 0)')}
[2024-04-03T11:01:13.795+0000] {english_keys.py:71} WARNING - Error translating name: {'status': 'failed', 'error': JSONDecodeError('Expecting value: line 1 column 1 (char 0)')}
[2024-04-03T11:01:14.348+0000] {english_keys.py:71} WARNING - Error translating name: {'status': 'failed', 'error': JSONDecodeError('Expecting value: line 1 column 1 (char 0)')}
[2024-04-03T11:01:14.878+0000] {english_keys.py:71} WARNING - Error translating name: {'status': 'failed', 'error': JSONDecodeError('Expecting value: line 1 column 1 (char 0)')}
[2024-04-03T11:01:15.405+0000] {english_keys.py:71} WARNING - Error translating name: {'status': 'failed', 'error': JSONDecodeError('Expecting value: line 1 column 1 (char 0)')}
[2024-04-03T11:01:16.094+0000] {english_keys.py:71} WARNING - Error translating name: {'status': 'failed', 'error': JSONDecodeError('Expecting value: line 1 column 1 (char 0)')}
[2024-04-03T11:01:16.609+0000] {english_keys.py:71} WARNING - Error translating name: {'status': 'failed', 'error': JSONDecodeError('Expecting value: line 1 column 1 (char 0)')}
[2024-04-03T11:01:17.224+0000] {english_keys.py:71} WARNING - Error translating name: {'status': 'failed', 'error': JSONDecodeError('Expecting value: line 1 column 1 (char 0)')}
[2024-04-03T11:01:17.814+0000] {english_keys.py:71} WARNING - Error translating name: {'status': 'failed', 'error': JSONDecodeError('Expecting value: line 1 column 1 (char 0)')}
[2024-04-03T11:01:18.198+0000] {english_keys.py:71} WARNING - Error translating name: {'status': 'failed', 'error': JSONDecodeError('Expecting value: line 1 column 1 (char 0)')}
[2024-04-03T11:01:18.296+0000] {local_task_job_runner.py:302} WARNING - State of this instance has been externally set to None. Terminating instance.
[2024-04-03T11:01:18.301+0000] {process_utils.py:131} INFO - Sending 15 to group 559. PIDs of all processes in the group: [559]
[2024-04-03T11:01:18.302+0000] {process_utils.py:86} INFO - Sending the signal 15 to group 559
[2024-04-03T11:01:18.307+0000] {taskinstance.py:2483} ERROR - Received SIGTERM. Terminating subprocesses.
[2024-04-03T11:01:18.308+0000] {english_keys.py:71} WARNING - Error translating name: {'status': 'failed', 'error': AirflowException('Task received SIGTERM signal')}
[2024-04-03T11:01:18.701+0000] {english_keys.py:71} WARNING - Error translating name: {'status': 'failed', 'error': JSONDecodeError('Expecting value: line 1 column 1 (char 0)')}
[2024-04-03T11:01:19.269+0000] {english_keys.py:71} WARNING - Error translating name: {'status': 'failed', 'error': JSONDecodeError('Expecting value: line 1 column 1 (char 0)')}
[2024-04-03T11:01:20.019+0000] {english_keys.py:71} WARNING - Error translating name: {'status': 'failed', 'error': JSONDecodeError('Expecting value: line 1 column 1 (char 0)')}
[2024-04-03T11:01:20.609+0000] {english_keys.py:71} WARNING - Error translating name: {'status': 'failed', 'error': JSONDecodeError('Expecting value: line 1 column 1 (char 0)')}
[2024-04-03T11:01:21.060+0000] {english_keys.py:71} WARNING - Error translating name: {'status': 'failed', 'error': JSONDecodeError('Expecting value: line 1 column 1 (char 0)')}
[2024-04-03T11:01:21.610+0000] {english_keys.py:71} WARNING - Error translating name: {'status': 'failed', 'error': JSONDecodeError('Expecting value: line 1 column 1 (char 0)')}
[2024-04-03T11:01:22.281+0000] {english_keys.py:71} WARNING - Error translating name: {'status': 'failed', 'error': JSONDecodeError('Expecting value: line 1 column 1 (char 0)')}
[2024-04-03T11:01:22.908+0000] {english_keys.py:71} WARNING - Error translating name: {'status': 'failed', 'error': JSONDecodeError('Expecting value: line 1 column 1 (char 0)')}
[2024-04-03T11:01:23.401+0000] {english_keys.py:71} WARNING - Error translating name: {'status': 'failed', 'error': JSONDecodeError('Expecting value: line 1 column 1 (char 0)')}
[2024-04-03T11:01:24.093+0000] {english_keys.py:71} WARNING - Error translating name: {'status': 'failed', 'error': JSONDecodeError('Expecting value: line 1 column 1 (char 0)')}
[2024-04-03T11:01:24.774+0000] {english_keys.py:71} WARNING - Error translating name: {'status': 'failed', 'error': JSONDecodeError('Expecting value: line 1 column 1 (char 0)')}
[2024-04-03T11:01:25.180+0000] {english_keys.py:71} WARNING - Error translating name: {'status': 'failed', 'error': JSONDecodeError('Expecting value: line 1 column 1 (char 0)')}
[2024-04-03T11:01:25.709+0000] {english_keys.py:71} WARNING - Error translating name: {'status': 'failed', 'error': JSONDecodeError('Expecting value: line 1 column 1 (char 0)')}
[2024-04-03T11:01:26.435+0000] {english_keys.py:71} WARNING - Error translating name: {'status': 'failed', 'error': JSONDecodeError('Expecting value: line 1 column 1 (char 0)')}
[2024-04-03T11:01:27.076+0000] {english_keys.py:71} WARNING - Error translating name: {'status': 'failed', 'error': JSONDecodeError('Expecting value: line 1 column 1 (char 0)')}
[2024-04-03T11:01:27.528+0000] {english_keys.py:71} WARNING - Error translating name: {'status': 'failed', 'error': JSONDecodeError('Expecting value: line 1 column 1 (char 0)')}
[2024-04-03T11:01:28.020+0000] {english_keys.py:71} WARNING - Error translating name: {'status': 'failed', 'error': JSONDecodeError('Expecting value: line 1 column 1 (char 0)')}
[2024-04-03T11:01:28.657+0000] {english_keys.py:71} WARNING - Error translating name: {'status': 'failed', 'error': JSONDecodeError('Expecting value: line 1 column 1 (char 0)')}
[2024-04-03T11:01:29.207+0000] {english_keys.py:71} WARNING - Error translating name: {'status': 'failed', 'error': JSONDecodeError('Expecting value: line 1 column 1 (char 0)')}
[2024-04-03T11:01:29.837+0000] {english_keys.py:71} WARNING - Error translating name: {'status': 'failed', 'error': JSONDecodeError('Expecting value: line 1 column 1 (char 0)')}
[2024-04-03T11:01:30.573+0000] {english_keys.py:71} WARNING - Error translating name: {'status': 'failed', 'error': JSONDecodeError('Expecting value: line 1 column 1 (char 0)')}
[2024-04-03T11:01:31.307+0000] {english_keys.py:71} WARNING - Error translating name: {'status': 'failed', 'error': JSONDecodeError('Expecting value: line 1 column 1 (char 0)')}
[2024-04-03T11:01:32.044+0000] {english_keys.py:71} WARNING - Error translating name: {'status': 'failed', 'error': JSONDecodeError('Expecting value: line 1 column 1 (char 0)')}
[2024-04-03T11:01:32.609+0000] {english_keys.py:71} WARNING - Error translating name: {'status': 'failed', 'error': JSONDecodeError('Expecting value: line 1 column 1 (char 0)')}
[2024-04-03T11:01:33.269+0000] {english_keys.py:71} WARNING - Error translating name: {'status': 'failed', 'error': JSONDecodeError('Expecting value: line 1 column 1 (char 0)')}
[2024-04-03T11:01:33.933+0000] {english_keys.py:71} WARNING - Error translating name: {'status': 'failed', 'error': JSONDecodeError('Expecting value: line 1 column 1 (char 0)')}
[2024-04-03T11:01:34.563+0000] {english_keys.py:71} WARNING - Error translating name: {'status': 'failed', 'error': JSONDecodeError('Expecting value: line 1 column 1 (char 0)')}
[2024-04-03T11:01:35.055+0000] {english_keys.py:71} WARNING - Error translating name: {'status': 'failed', 'error': JSONDecodeError('Expecting value: line 1 column 1 (char 0)')}
[2024-04-03T11:01:35.765+0000] {english_keys.py:71} WARNING - Error translating name: {'status': 'failed', 'error': JSONDecodeError('Expecting value: line 1 column 1 (char 0)')}
[2024-04-03T11:01:36.483+0000] {english_keys.py:71} WARNING - Error translating name: {'status': 'failed', 'error': JSONDecodeError('Expecting value: line 1 column 1 (char 0)')}
[2024-04-03T11:01:37.014+0000] {english_keys.py:71} WARNING - Error translating name: {'status': 'failed', 'error': JSONDecodeError('Expecting value: line 1 column 1 (char 0)')}
[2024-04-03T11:01:37.496+0000] {english_keys.py:71} WARNING - Error translating name: {'status': 'failed', 'error': JSONDecodeError('Expecting value: line 1 column 1 (char 0)')}
[2024-04-03T11:01:37.957+0000] {english_keys.py:71} WARNING - Error translating name: {'status': 'failed', 'error': JSONDecodeError('Expecting value: line 1 column 1 (char 0)')}
[2024-04-03T11:01:38.473+0000] {english_keys.py:71} WARNING - Error translating name: {'status': 'failed', 'error': JSONDecodeError('Expecting value: line 1 column 1 (char 0)')}
[2024-04-03T11:01:39.052+0000] {english_keys.py:71} WARNING - Error translating name: {'status': 'failed', 'error': JSONDecodeError('Expecting value: line 1 column 1 (char 0)')}
[2024-04-03T11:01:39.720+0000] {english_keys.py:71} WARNING - Error translating name: {'status': 'failed', 'error': JSONDecodeError('Expecting value: line 1 column 1 (char 0)')}
[2024-04-03T11:01:40.167+0000] {english_keys.py:71} WARNING - Error translating name: {'status': 'failed', 'error': JSONDecodeError('Expecting value: line 1 column 1 (char 0)')}
[2024-04-03T11:01:40.684+0000] {english_keys.py:71} WARNING - Error translating name: {'status': 'failed', 'error': JSONDecodeError('Expecting value: line 1 column 1 (char 0)')}
[2024-04-03T11:01:41.403+0000] {english_keys.py:71} WARNING - Error translating name: {'status': 'failed', 'error': JSONDecodeError('Expecting value: line 1 column 1 (char 0)')}
[2024-04-03T11:01:41.927+0000] {english_keys.py:71} WARNING - Error translating name: {'status': 'failed', 'error': JSONDecodeError('Expecting value: line 1 column 1 (char 0)')}
[2024-04-03T11:01:42.448+0000] {english_keys.py:71} WARNING - Error translating name: {'status': 'failed', 'error': JSONDecodeError('Expecting value: line 1 column 1 (char 0)')}
[2024-04-03T11:01:43.113+0000] {english_keys.py:71} WARNING - Error translating name: {'status': 'failed', 'error': JSONDecodeError('Expecting value: line 1 column 1 (char 0)')}
[2024-04-03T11:01:43.755+0000] {english_keys.py:71} WARNING - Error translating name: {'status': 'failed', 'error': JSONDecodeError('Expecting value: line 1 column 1 (char 0)')}
[2024-04-03T11:01:44.400+0000] {english_keys.py:71} WARNING - Error translating name: {'status': 'failed', 'error': JSONDecodeError('Expecting value: line 1 column 1 (char 0)')}
[2024-04-03T11:01:44.872+0000] {english_keys.py:71} WARNING - Error translating name: {'status': 'failed', 'error': JSONDecodeError('Expecting value: line 1 column 1 (char 0)')}
[2024-04-03T11:01:45.431+0000] {english_keys.py:71} WARNING - Error translating name: {'status': 'failed', 'error': JSONDecodeError('Expecting value: line 1 column 1 (char 0)')}
[2024-04-03T11:01:45.841+0000] {english_keys.py:71} WARNING - Error translating name: {'status': 'failed', 'error': JSONDecodeError('Expecting value: line 1 column 1 (char 0)')}
[2024-04-03T11:01:46.346+0000] {english_keys.py:71} WARNING - Error translating name: {'status': 'failed', 'error': JSONDecodeError('Expecting value: line 1 column 1 (char 0)')}
[2024-04-03T11:01:46.847+0000] {english_keys.py:71} WARNING - Error translating name: {'status': 'failed', 'error': JSONDecodeError('Expecting value: line 1 column 1 (char 0)')}
[2024-04-03T11:01:47.529+0000] {english_keys.py:71} WARNING - Error translating name: {'status': 'failed', 'error': JSONDecodeError('Expecting value: line 1 column 1 (char 0)')}
[2024-04-03T11:01:47.932+0000] {english_keys.py:71} WARNING - Error translating name: {'status': 'failed', 'error': JSONDecodeError('Expecting value: line 1 column 1 (char 0)')}
[2024-04-03T11:01:48.535+0000] {english_keys.py:71} WARNING - Error translating name: {'status': 'failed', 'error': JSONDecodeError('Expecting value: line 1 column 1 (char 0)')}
[2024-04-03T11:01:48.958+0000] {english_keys.py:71} WARNING - Error translating name: {'status': 'failed', 'error': JSONDecodeError('Expecting value: line 1 column 1 (char 0)')}
[2024-04-03T11:01:49.640+0000] {english_keys.py:71} WARNING - Error translating name: {'status': 'failed', 'error': JSONDecodeError('Expecting value: line 1 column 1 (char 0)')}
[2024-04-03T11:01:50.067+0000] {english_keys.py:71} WARNING - Error translating name: {'status': 'failed', 'error': JSONDecodeError('Expecting value: line 1 column 1 (char 0)')}
[2024-04-03T11:01:50.659+0000] {english_keys.py:71} WARNING - Error translating name: {'status': 'failed', 'error': JSONDecodeError('Expecting value: line 1 column 1 (char 0)')}
[2024-04-03T11:01:51.108+0000] {english_keys.py:71} WARNING - Error translating name: {'status': 'failed', 'error': JSONDecodeError('Expecting value: line 1 column 1 (char 0)')}
[2024-04-03T11:01:51.535+0000] {english_keys.py:71} WARNING - Error translating name: {'status': 'failed', 'error': JSONDecodeError('Expecting value: line 1 column 1 (char 0)')}
[2024-04-03T11:01:52.149+0000] {english_keys.py:71} WARNING - Error translating name: {'status': 'failed', 'error': JSONDecodeError('Expecting value: line 1 column 1 (char 0)')}
[2024-04-03T11:01:52.681+0000] {english_keys.py:71} WARNING - Error translating name: {'status': 'failed', 'error': JSONDecodeError('Expecting value: line 1 column 1 (char 0)')}
[2024-04-03T11:01:53.313+0000] {english_keys.py:71} WARNING - Error translating name: {'status': 'failed', 'error': JSONDecodeError('Expecting value: line 1 column 1 (char 0)')}
[2024-04-03T11:01:53.805+0000] {english_keys.py:71} WARNING - Error translating name: {'status': 'failed', 'error': JSONDecodeError('Expecting value: line 1 column 1 (char 0)')}
[2024-04-03T11:01:54.436+0000] {english_keys.py:71} WARNING - Error translating name: {'status': 'failed', 'error': JSONDecodeError('Expecting value: line 1 column 1 (char 0)')}
[2024-04-03T11:01:54.872+0000] {english_keys.py:71} WARNING - Error translating name: {'status': 'failed', 'error': JSONDecodeError('Expecting value: line 1 column 1 (char 0)')}
[2024-04-03T11:01:55.560+0000] {english_keys.py:71} WARNING - Error translating name: {'status': 'failed', 'error': JSONDecodeError('Expecting value: line 1 column 1 (char 0)')}
[2024-04-03T11:01:55.959+0000] {english_keys.py:71} WARNING - Error translating name: {'status': 'failed', 'error': JSONDecodeError('Expecting value: line 1 column 1 (char 0)')}
[2024-04-03T11:01:56.447+0000] {english_keys.py:71} WARNING - Error translating name: {'status': 'failed', 'error': JSONDecodeError('Expecting value: line 1 column 1 (char 0)')}
[2024-04-03T11:01:57.110+0000] {english_keys.py:71} WARNING - Error translating name: {'status': 'failed', 'error': JSONDecodeError('Expecting value: line 1 column 1 (char 0)')}
[2024-04-03T11:01:57.832+0000] {english_keys.py:71} WARNING - Error translating name: {'status': 'failed', 'error': JSONDecodeError('Expecting value: line 1 column 1 (char 0)')}
[2024-04-03T11:01:58.234+0000] {english_keys.py:71} WARNING - Error translating name: {'status': 'failed', 'error': JSONDecodeError('Expecting value: line 1 column 1 (char 0)')}
[2024-04-03T11:01:58.915+0000] {english_keys.py:71} WARNING - Error translating name: {'status': 'failed', 'error': JSONDecodeError('Expecting value: line 1 column 1 (char 0)')}
[2024-04-03T11:01:59.480+0000] {english_keys.py:71} WARNING - Error translating name: {'status': 'failed', 'error': JSONDecodeError('Expecting value: line 1 column 1 (char 0)')}
[2024-04-03T11:01:59.996+0000] {english_keys.py:71} WARNING - Error translating name: {'status': 'failed', 'error': JSONDecodeError('Expecting value: line 1 column 1 (char 0)')}
[2024-04-03T11:02:00.382+0000] {english_keys.py:71} WARNING - Error translating name: {'status': 'failed', 'error': JSONDecodeError('Expecting value: line 1 column 1 (char 0)')}
[2024-04-03T11:02:00.820+0000] {english_keys.py:71} WARNING - Error translating name: {'status': 'failed', 'error': JSONDecodeError('Expecting value: line 1 column 1 (char 0)')}
[2024-04-03T11:02:01.278+0000] {english_keys.py:71} WARNING - Error translating name: {'status': 'failed', 'error': JSONDecodeError('Expecting value: line 1 column 1 (char 0)')}
[2024-04-03T11:02:01.747+0000] {english_keys.py:71} WARNING - Error translating name: {'status': 'failed', 'error': JSONDecodeError('Expecting value: line 1 column 1 (char 0)')}
[2024-04-03T11:02:02.203+0000] {english_keys.py:71} WARNING - Error translating name: {'status': 'failed', 'error': JSONDecodeError('Expecting value: line 1 column 1 (char 0)')}
[2024-04-03T11:02:02.676+0000] {english_keys.py:71} WARNING - Error translating name: {'status': 'failed', 'error': JSONDecodeError('Expecting value: line 1 column 1 (char 0)')}
[2024-04-03T11:02:03.354+0000] {english_keys.py:71} WARNING - Error translating name: {'status': 'failed', 'error': JSONDecodeError('Expecting value: line 1 column 1 (char 0)')}
[2024-04-03T11:02:04.026+0000] {english_keys.py:71} WARNING - Error translating name: {'status': 'failed', 'error': JSONDecodeError('Expecting value: line 1 column 1 (char 0)')}
[2024-04-03T11:02:04.030+0000] {python.py:202} INFO - Done. Returned value was: [{}, {}, {}, {}, {}, {}, {}, {}, {}, {}, {}, {}, {}, {}, {}, {}, {}, {}, {}, {}, {}, {}, {}, {}, {}, {}, {}, {}, {}, {}, {}, {}, {}, {}, {}, {}, {}, {}, {}, {}, {}, {}, {}, {}, {}, {}, {}, {}, {}, {}, {}, {}, {}, {}, {}, {}, {}, {}, {}, {}, {}, {}, {}, {}, {}, {}, {}, {}, {}, {}, {}, {}, {}, {}, {}, {}, {}, {}, {}, {}, {}, {}, {}, {}, {}, {}, {}, {}, {}, {}, {}, {}, {}, {}, {}, {}, {}, {}, {}, {}, {}, {}, {}, {}, {}, {}, {}, {}, {}, {}, {}]
[2024-04-03T11:02:04.074+0000] {taskinstance.py:1149} INFO - Marking task as SUCCESS. dag_id=real_estates, task_id=transform_to_english_keys, execution_date=20240403T103954, start_date=20240403T110119, end_date=20240403T110204
[2024-04-03T11:02:04.143+0000] {process_utils.py:79} INFO - Process psutil.Process(pid=559, status='terminated', exitcode=0, started='11:00:16') (559) terminated with exit code 0
