[2024-04-03T11:01:19.827+0000] {taskinstance.py:1979} INFO - Dependencies all met for dep_context=non-requeueable deps ti=<TaskInstance: real_estates.transform_to_english_keys manual__2024-04-03T10:39:54.321446+00:00 [queued]>
[2024-04-03T11:01:19.847+0000] {taskinstance.py:1979} INFO - Dependencies all met for dep_context=requeueable deps ti=<TaskInstance: real_estates.transform_to_english_keys manual__2024-04-03T10:39:54.321446+00:00 [queued]>
[2024-04-03T11:01:19.848+0000] {taskinstance.py:2193} INFO - Starting attempt 7 of 7
[2024-04-03T11:01:19.876+0000] {taskinstance.py:2217} INFO - Executing <Task(_PythonDecoratedOperator): transform_to_english_keys> on 2024-04-03 10:39:54.321446+00:00
[2024-04-03T11:01:19.891+0000] {standard_task_runner.py:60} INFO - Started process 578 to run task
[2024-04-03T11:01:19.898+0000] {standard_task_runner.py:87} INFO - Running: ['***', 'tasks', 'run', 'real_estates', 'transform_to_english_keys', 'manual__2024-04-03T10:39:54.321446+00:00', '--job-id', '139', '--raw', '--subdir', 'DAGS_FOLDER/real_estates/__init__.py', '--cfg-path', '/tmp/tmpq9jw1yg4']
[2024-04-03T11:01:19.903+0000] {standard_task_runner.py:88} INFO - Job 139: Subtask transform_to_english_keys
[2024-04-03T11:01:20.307+0000] {task_command.py:423} INFO - Running <TaskInstance: real_estates.transform_to_english_keys manual__2024-04-03T10:39:54.321446+00:00 [running]> on host 72a42bdc0b23
[2024-04-03T11:01:20.950+0000] {taskinstance.py:2513} INFO - Exporting env vars: AIRFLOW_CTX_DAG_OWNER='***' AIRFLOW_CTX_DAG_ID='real_estates' AIRFLOW_CTX_TASK_ID='transform_to_english_keys' AIRFLOW_CTX_EXECUTION_DATE='2024-04-03T10:39:54.321446+00:00' AIRFLOW_CTX_TRY_NUMBER='7' AIRFLOW_CTX_DAG_RUN_ID='manual__2024-04-03T10:39:54.321446+00:00'
[2024-04-03T11:01:21.679+0000] {english_keys.py:71} WARNING - Error translating name: {'status': 'failed', 'error': JSONDecodeError('Expecting value: line 1 column 1 (char 0)')}
[2024-04-03T11:01:22.310+0000] {english_keys.py:71} WARNING - Error translating name: {'status': 'failed', 'error': JSONDecodeError('Expecting value: line 1 column 1 (char 0)')}
[2024-04-03T11:01:23.002+0000] {english_keys.py:71} WARNING - Error translating name: {'status': 'failed', 'error': JSONDecodeError('Expecting value: line 1 column 1 (char 0)')}
[2024-04-03T11:01:23.456+0000] {english_keys.py:71} WARNING - Error translating name: {'status': 'failed', 'error': JSONDecodeError('Expecting value: line 1 column 1 (char 0)')}
[2024-04-03T11:01:24.052+0000] {english_keys.py:71} WARNING - Error translating name: {'status': 'failed', 'error': JSONDecodeError('Expecting value: line 1 column 1 (char 0)')}
[2024-04-03T11:01:24.615+0000] {english_keys.py:71} WARNING - Error translating name: {'status': 'failed', 'error': JSONDecodeError('Expecting value: line 1 column 1 (char 0)')}
[2024-04-03T11:01:25.055+0000] {english_keys.py:71} WARNING - Error translating name: {'status': 'failed', 'error': JSONDecodeError('Expecting value: line 1 column 1 (char 0)')}
[2024-04-03T11:01:25.726+0000] {english_keys.py:71} WARNING - Error translating name: {'status': 'failed', 'error': JSONDecodeError('Expecting value: line 1 column 1 (char 0)')}
[2024-04-03T11:01:26.386+0000] {english_keys.py:71} WARNING - Error translating name: {'status': 'failed', 'error': JSONDecodeError('Expecting value: line 1 column 1 (char 0)')}
[2024-04-03T11:01:26.834+0000] {english_keys.py:71} WARNING - Error translating name: {'status': 'failed', 'error': JSONDecodeError('Expecting value: line 1 column 1 (char 0)')}
[2024-04-03T11:01:27.336+0000] {english_keys.py:71} WARNING - Error translating name: {'status': 'failed', 'error': JSONDecodeError('Expecting value: line 1 column 1 (char 0)')}
[2024-04-03T11:01:27.900+0000] {english_keys.py:71} WARNING - Error translating name: {'status': 'failed', 'error': JSONDecodeError('Expecting value: line 1 column 1 (char 0)')}
[2024-04-03T11:01:28.505+0000] {english_keys.py:71} WARNING - Error translating name: {'status': 'failed', 'error': JSONDecodeError('Expecting value: line 1 column 1 (char 0)')}
[2024-04-03T11:01:29.152+0000] {english_keys.py:71} WARNING - Error translating name: {'status': 'failed', 'error': JSONDecodeError('Expecting value: line 1 column 1 (char 0)')}
[2024-04-03T11:01:29.754+0000] {english_keys.py:71} WARNING - Error translating name: {'status': 'failed', 'error': JSONDecodeError('Expecting value: line 1 column 1 (char 0)')}
[2024-04-03T11:01:30.258+0000] {english_keys.py:71} WARNING - Error translating name: {'status': 'failed', 'error': JSONDecodeError('Expecting value: line 1 column 1 (char 0)')}
[2024-04-03T11:01:30.806+0000] {english_keys.py:71} WARNING - Error translating name: {'status': 'failed', 'error': JSONDecodeError('Expecting value: line 1 column 1 (char 0)')}
[2024-04-03T11:01:31.304+0000] {english_keys.py:71} WARNING - Error translating name: {'status': 'failed', 'error': JSONDecodeError('Expecting value: line 1 column 1 (char 0)')}
[2024-04-03T11:01:31.845+0000] {english_keys.py:71} WARNING - Error translating name: {'status': 'failed', 'error': JSONDecodeError('Expecting value: line 1 column 1 (char 0)')}
[2024-04-03T11:01:32.472+0000] {english_keys.py:71} WARNING - Error translating name: {'status': 'failed', 'error': JSONDecodeError('Expecting value: line 1 column 1 (char 0)')}
[2024-04-03T11:01:33.135+0000] {english_keys.py:71} WARNING - Error translating name: {'status': 'failed', 'error': JSONDecodeError('Expecting value: line 1 column 1 (char 0)')}
[2024-04-03T11:01:33.723+0000] {english_keys.py:71} WARNING - Error translating name: {'status': 'failed', 'error': JSONDecodeError('Expecting value: line 1 column 1 (char 0)')}
[2024-04-03T11:01:34.412+0000] {english_keys.py:71} WARNING - Error translating name: {'status': 'failed', 'error': JSONDecodeError('Expecting value: line 1 column 1 (char 0)')}
[2024-04-03T11:01:35.129+0000] {english_keys.py:71} WARNING - Error translating name: {'status': 'failed', 'error': JSONDecodeError('Expecting value: line 1 column 1 (char 0)')}
[2024-04-03T11:01:35.854+0000] {english_keys.py:71} WARNING - Error translating name: {'status': 'failed', 'error': JSONDecodeError('Expecting value: line 1 column 1 (char 0)')}
[2024-04-03T11:01:36.508+0000] {english_keys.py:71} WARNING - Error translating name: {'status': 'failed', 'error': JSONDecodeError('Expecting value: line 1 column 1 (char 0)')}
[2024-04-03T11:01:37.125+0000] {english_keys.py:71} WARNING - Error translating name: {'status': 'failed', 'error': JSONDecodeError('Expecting value: line 1 column 1 (char 0)')}
[2024-04-03T11:01:37.673+0000] {english_keys.py:71} WARNING - Error translating name: {'status': 'failed', 'error': JSONDecodeError('Expecting value: line 1 column 1 (char 0)')}
[2024-04-03T11:01:38.146+0000] {english_keys.py:71} WARNING - Error translating name: {'status': 'failed', 'error': JSONDecodeError('Expecting value: line 1 column 1 (char 0)')}
[2024-04-03T11:01:38.725+0000] {english_keys.py:71} WARNING - Error translating name: {'status': 'failed', 'error': JSONDecodeError('Expecting value: line 1 column 1 (char 0)')}
[2024-04-03T11:01:39.176+0000] {english_keys.py:71} WARNING - Error translating name: {'status': 'failed', 'error': JSONDecodeError('Expecting value: line 1 column 1 (char 0)')}
[2024-04-03T11:01:39.903+0000] {english_keys.py:71} WARNING - Error translating name: {'status': 'failed', 'error': JSONDecodeError('Expecting value: line 1 column 1 (char 0)')}
[2024-04-03T11:01:40.498+0000] {english_keys.py:71} WARNING - Error translating name: {'status': 'failed', 'error': JSONDecodeError('Expecting value: line 1 column 1 (char 0)')}
[2024-04-03T11:01:41.151+0000] {english_keys.py:71} WARNING - Error translating name: {'status': 'failed', 'error': JSONDecodeError('Expecting value: line 1 column 1 (char 0)')}
[2024-04-03T11:01:41.563+0000] {english_keys.py:71} WARNING - Error translating name: {'status': 'failed', 'error': JSONDecodeError('Expecting value: line 1 column 1 (char 0)')}
[2024-04-03T11:01:41.989+0000] {english_keys.py:71} WARNING - Error translating name: {'status': 'failed', 'error': JSONDecodeError('Expecting value: line 1 column 1 (char 0)')}
[2024-04-03T11:01:42.652+0000] {english_keys.py:71} WARNING - Error translating name: {'status': 'failed', 'error': JSONDecodeError('Expecting value: line 1 column 1 (char 0)')}
[2024-04-03T11:01:43.165+0000] {english_keys.py:71} WARNING - Error translating name: {'status': 'failed', 'error': JSONDecodeError('Expecting value: line 1 column 1 (char 0)')}
[2024-04-03T11:01:43.671+0000] {english_keys.py:71} WARNING - Error translating name: {'status': 'failed', 'error': JSONDecodeError('Expecting value: line 1 column 1 (char 0)')}
[2024-04-03T11:01:44.061+0000] {english_keys.py:71} WARNING - Error translating name: {'status': 'failed', 'error': JSONDecodeError('Expecting value: line 1 column 1 (char 0)')}
[2024-04-03T11:01:44.465+0000] {english_keys.py:71} WARNING - Error translating name: {'status': 'failed', 'error': JSONDecodeError('Expecting value: line 1 column 1 (char 0)')}
[2024-04-03T11:01:44.853+0000] {english_keys.py:71} WARNING - Error translating name: {'status': 'failed', 'error': JSONDecodeError('Expecting value: line 1 column 1 (char 0)')}
[2024-04-03T11:01:45.498+0000] {english_keys.py:71} WARNING - Error translating name: {'status': 'failed', 'error': JSONDecodeError('Expecting value: line 1 column 1 (char 0)')}
[2024-04-03T11:01:46.127+0000] {english_keys.py:71} WARNING - Error translating name: {'status': 'failed', 'error': JSONDecodeError('Expecting value: line 1 column 1 (char 0)')}
[2024-04-03T11:01:46.531+0000] {english_keys.py:71} WARNING - Error translating name: {'status': 'failed', 'error': JSONDecodeError('Expecting value: line 1 column 1 (char 0)')}
[2024-04-03T11:01:46.983+0000] {english_keys.py:71} WARNING - Error translating name: {'status': 'failed', 'error': JSONDecodeError('Expecting value: line 1 column 1 (char 0)')}
[2024-04-03T11:01:47.605+0000] {english_keys.py:71} WARNING - Error translating name: {'status': 'failed', 'error': JSONDecodeError('Expecting value: line 1 column 1 (char 0)')}
[2024-04-03T11:01:48.232+0000] {english_keys.py:71} WARNING - Error translating name: {'status': 'failed', 'error': JSONDecodeError('Expecting value: line 1 column 1 (char 0)')}
[2024-04-03T11:01:48.768+0000] {english_keys.py:71} WARNING - Error translating name: {'status': 'failed', 'error': JSONDecodeError('Expecting value: line 1 column 1 (char 0)')}
[2024-04-03T11:01:49.259+0000] {english_keys.py:71} WARNING - Error translating name: {'status': 'failed', 'error': JSONDecodeError('Expecting value: line 1 column 1 (char 0)')}
[2024-04-03T11:01:49.754+0000] {english_keys.py:71} WARNING - Error translating name: {'status': 'failed', 'error': JSONDecodeError('Expecting value: line 1 column 1 (char 0)')}
[2024-04-03T11:01:50.291+0000] {english_keys.py:71} WARNING - Error translating name: {'status': 'failed', 'error': JSONDecodeError('Expecting value: line 1 column 1 (char 0)')}
[2024-04-03T11:01:50.723+0000] {english_keys.py:71} WARNING - Error translating name: {'status': 'failed', 'error': JSONDecodeError('Expecting value: line 1 column 1 (char 0)')}
[2024-04-03T11:01:51.261+0000] {english_keys.py:71} WARNING - Error translating name: {'status': 'failed', 'error': JSONDecodeError('Expecting value: line 1 column 1 (char 0)')}
[2024-04-03T11:01:51.788+0000] {english_keys.py:71} WARNING - Error translating name: {'status': 'failed', 'error': JSONDecodeError('Expecting value: line 1 column 1 (char 0)')}
[2024-04-03T11:01:52.254+0000] {english_keys.py:71} WARNING - Error translating name: {'status': 'failed', 'error': JSONDecodeError('Expecting value: line 1 column 1 (char 0)')}
[2024-04-03T11:01:52.650+0000] {english_keys.py:71} WARNING - Error translating name: {'status': 'failed', 'error': JSONDecodeError('Expecting value: line 1 column 1 (char 0)')}
[2024-04-03T11:01:53.221+0000] {english_keys.py:71} WARNING - Error translating name: {'status': 'failed', 'error': JSONDecodeError('Expecting value: line 1 column 1 (char 0)')}
[2024-04-03T11:01:53.820+0000] {english_keys.py:71} WARNING - Error translating name: {'status': 'failed', 'error': JSONDecodeError('Expecting value: line 1 column 1 (char 0)')}
[2024-04-03T11:01:54.338+0000] {english_keys.py:71} WARNING - Error translating name: {'status': 'failed', 'error': JSONDecodeError('Expecting value: line 1 column 1 (char 0)')}
[2024-04-03T11:01:54.991+0000] {english_keys.py:71} WARNING - Error translating name: {'status': 'failed', 'error': JSONDecodeError('Expecting value: line 1 column 1 (char 0)')}
[2024-04-03T11:01:55.607+0000] {english_keys.py:71} WARNING - Error translating name: {'status': 'failed', 'error': JSONDecodeError('Expecting value: line 1 column 1 (char 0)')}
[2024-04-03T11:01:55.991+0000] {english_keys.py:71} WARNING - Error translating name: {'status': 'failed', 'error': JSONDecodeError('Expecting value: line 1 column 1 (char 0)')}
[2024-04-03T11:01:56.508+0000] {english_keys.py:71} WARNING - Error translating name: {'status': 'failed', 'error': JSONDecodeError('Expecting value: line 1 column 1 (char 0)')}
[2024-04-03T11:01:56.921+0000] {english_keys.py:71} WARNING - Error translating name: {'status': 'failed', 'error': JSONDecodeError('Expecting value: line 1 column 1 (char 0)')}
[2024-04-03T11:01:57.395+0000] {english_keys.py:71} WARNING - Error translating name: {'status': 'failed', 'error': JSONDecodeError('Expecting value: line 1 column 1 (char 0)')}
[2024-04-03T11:01:58.139+0000] {english_keys.py:71} WARNING - Error translating name: {'status': 'failed', 'error': JSONDecodeError('Expecting value: line 1 column 1 (char 0)')}
[2024-04-03T11:01:58.623+0000] {english_keys.py:71} WARNING - Error translating name: {'status': 'failed', 'error': JSONDecodeError('Expecting value: line 1 column 1 (char 0)')}
[2024-04-03T11:01:59.169+0000] {english_keys.py:71} WARNING - Error translating name: {'status': 'failed', 'error': JSONDecodeError('Expecting value: line 1 column 1 (char 0)')}
[2024-04-03T11:01:59.569+0000] {english_keys.py:71} WARNING - Error translating name: {'status': 'failed', 'error': JSONDecodeError('Expecting value: line 1 column 1 (char 0)')}
[2024-04-03T11:02:00.157+0000] {english_keys.py:71} WARNING - Error translating name: {'status': 'failed', 'error': JSONDecodeError('Expecting value: line 1 column 1 (char 0)')}
[2024-04-03T11:02:00.807+0000] {english_keys.py:71} WARNING - Error translating name: {'status': 'failed', 'error': JSONDecodeError('Expecting value: line 1 column 1 (char 0)')}
[2024-04-03T11:02:01.310+0000] {english_keys.py:71} WARNING - Error translating name: {'status': 'failed', 'error': JSONDecodeError('Expecting value: line 1 column 1 (char 0)')}
[2024-04-03T11:02:01.865+0000] {english_keys.py:71} WARNING - Error translating name: {'status': 'failed', 'error': JSONDecodeError('Expecting value: line 1 column 1 (char 0)')}
[2024-04-03T11:02:02.536+0000] {english_keys.py:71} WARNING - Error translating name: {'status': 'failed', 'error': JSONDecodeError('Expecting value: line 1 column 1 (char 0)')}
[2024-04-03T11:02:03.151+0000] {english_keys.py:71} WARNING - Error translating name: {'status': 'failed', 'error': JSONDecodeError('Expecting value: line 1 column 1 (char 0)')}
[2024-04-03T11:02:03.696+0000] {english_keys.py:71} WARNING - Error translating name: {'status': 'failed', 'error': JSONDecodeError('Expecting value: line 1 column 1 (char 0)')}
[2024-04-03T11:02:04.305+0000] {english_keys.py:71} WARNING - Error translating name: {'status': 'failed', 'error': JSONDecodeError('Expecting value: line 1 column 1 (char 0)')}
[2024-04-03T11:02:04.911+0000] {english_keys.py:71} WARNING - Error translating name: {'status': 'failed', 'error': JSONDecodeError('Expecting value: line 1 column 1 (char 0)')}
[2024-04-03T11:02:05.418+0000] {english_keys.py:71} WARNING - Error translating name: {'status': 'failed', 'error': JSONDecodeError('Expecting value: line 1 column 1 (char 0)')}
[2024-04-03T11:02:05.894+0000] {english_keys.py:71} WARNING - Error translating name: {'status': 'failed', 'error': JSONDecodeError('Expecting value: line 1 column 1 (char 0)')}
[2024-04-03T11:02:06.308+0000] {english_keys.py:71} WARNING - Error translating name: {'status': 'failed', 'error': JSONDecodeError('Expecting value: line 1 column 1 (char 0)')}
[2024-04-03T11:02:06.921+0000] {english_keys.py:71} WARNING - Error translating name: {'status': 'failed', 'error': JSONDecodeError('Expecting value: line 1 column 1 (char 0)')}
[2024-04-03T11:02:07.363+0000] {english_keys.py:71} WARNING - Error translating name: {'status': 'failed', 'error': JSONDecodeError('Expecting value: line 1 column 1 (char 0)')}
[2024-04-03T11:02:08.013+0000] {english_keys.py:71} WARNING - Error translating name: {'status': 'failed', 'error': JSONDecodeError('Expecting value: line 1 column 1 (char 0)')}
[2024-04-03T11:02:08.597+0000] {english_keys.py:71} WARNING - Error translating name: {'status': 'failed', 'error': JSONDecodeError('Expecting value: line 1 column 1 (char 0)')}
[2024-04-03T11:02:09.121+0000] {english_keys.py:71} WARNING - Error translating name: {'status': 'failed', 'error': JSONDecodeError('Expecting value: line 1 column 1 (char 0)')}
[2024-04-03T11:02:09.798+0000] {english_keys.py:71} WARNING - Error translating name: {'status': 'failed', 'error': JSONDecodeError('Expecting value: line 1 column 1 (char 0)')}
[2024-04-03T11:02:10.334+0000] {english_keys.py:71} WARNING - Error translating name: {'status': 'failed', 'error': JSONDecodeError('Expecting value: line 1 column 1 (char 0)')}
[2024-04-03T11:02:10.799+0000] {local_task_job_runner.py:302} WARNING - State of this instance has been externally set to success. Terminating instance.
[2024-04-03T11:02:10.805+0000] {process_utils.py:131} INFO - Sending 15 to group 578. PIDs of all processes in the group: [578]
[2024-04-03T11:02:10.806+0000] {process_utils.py:86} INFO - Sending the signal 15 to group 578
[2024-04-03T11:02:10.808+0000] {taskinstance.py:2483} ERROR - Received SIGTERM. Terminating subprocesses.
[2024-04-03T11:02:10.809+0000] {english_keys.py:71} WARNING - Error translating name: {'status': 'failed', 'error': AirflowException('Task received SIGTERM signal')}
[2024-04-03T11:02:11.310+0000] {english_keys.py:71} WARNING - Error translating name: {'status': 'failed', 'error': JSONDecodeError('Expecting value: line 1 column 1 (char 0)')}
[2024-04-03T11:02:11.973+0000] {english_keys.py:71} WARNING - Error translating name: {'status': 'failed', 'error': JSONDecodeError('Expecting value: line 1 column 1 (char 0)')}
[2024-04-03T11:02:12.635+0000] {english_keys.py:71} WARNING - Error translating name: {'status': 'failed', 'error': JSONDecodeError('Expecting value: line 1 column 1 (char 0)')}
[2024-04-03T11:02:13.032+0000] {english_keys.py:71} WARNING - Error translating name: {'status': 'failed', 'error': JSONDecodeError('Expecting value: line 1 column 1 (char 0)')}
[2024-04-03T11:02:13.636+0000] {english_keys.py:71} WARNING - Error translating name: {'status': 'failed', 'error': JSONDecodeError('Expecting value: line 1 column 1 (char 0)')}
[2024-04-03T11:02:14.306+0000] {english_keys.py:71} WARNING - Error translating name: {'status': 'failed', 'error': JSONDecodeError('Expecting value: line 1 column 1 (char 0)')}
[2024-04-03T11:02:14.778+0000] {english_keys.py:71} WARNING - Error translating name: {'status': 'failed', 'error': JSONDecodeError('Expecting value: line 1 column 1 (char 0)')}
[2024-04-03T11:02:15.362+0000] {english_keys.py:71} WARNING - Error translating name: {'status': 'failed', 'error': JSONDecodeError('Expecting value: line 1 column 1 (char 0)')}
[2024-04-03T11:02:16.033+0000] {english_keys.py:71} WARNING - Error translating name: {'status': 'failed', 'error': JSONDecodeError('Expecting value: line 1 column 1 (char 0)')}
[2024-04-03T11:02:16.475+0000] {english_keys.py:71} WARNING - Error translating name: {'status': 'failed', 'error': JSONDecodeError('Expecting value: line 1 column 1 (char 0)')}
[2024-04-03T11:02:16.889+0000] {english_keys.py:71} WARNING - Error translating name: {'status': 'failed', 'error': JSONDecodeError('Expecting value: line 1 column 1 (char 0)')}
[2024-04-03T11:02:17.519+0000] {english_keys.py:71} WARNING - Error translating name: {'status': 'failed', 'error': JSONDecodeError('Expecting value: line 1 column 1 (char 0)')}
[2024-04-03T11:02:18.035+0000] {english_keys.py:71} WARNING - Error translating name: {'status': 'failed', 'error': JSONDecodeError('Expecting value: line 1 column 1 (char 0)')}
[2024-04-03T11:02:18.429+0000] {english_keys.py:71} WARNING - Error translating name: {'status': 'failed', 'error': JSONDecodeError('Expecting value: line 1 column 1 (char 0)')}
[2024-04-03T11:02:19.069+0000] {english_keys.py:71} WARNING - Error translating name: {'status': 'failed', 'error': JSONDecodeError('Expecting value: line 1 column 1 (char 0)')}
[2024-04-03T11:02:19.549+0000] {english_keys.py:71} WARNING - Error translating name: {'status': 'failed', 'error': JSONDecodeError('Expecting value: line 1 column 1 (char 0)')}
[2024-04-03T11:02:20.054+0000] {english_keys.py:71} WARNING - Error translating name: {'status': 'failed', 'error': JSONDecodeError('Expecting value: line 1 column 1 (char 0)')}
[2024-04-03T11:02:20.601+0000] {english_keys.py:71} WARNING - Error translating name: {'status': 'failed', 'error': JSONDecodeError('Expecting value: line 1 column 1 (char 0)')}
[2024-04-03T11:02:21.033+0000] {english_keys.py:71} WARNING - Error translating name: {'status': 'failed', 'error': JSONDecodeError('Expecting value: line 1 column 1 (char 0)')}
[2024-04-03T11:02:21.630+0000] {english_keys.py:71} WARNING - Error translating name: {'status': 'failed', 'error': JSONDecodeError('Expecting value: line 1 column 1 (char 0)')}
[2024-04-03T11:02:22.170+0000] {english_keys.py:71} WARNING - Error translating name: {'status': 'failed', 'error': JSONDecodeError('Expecting value: line 1 column 1 (char 0)')}
[2024-04-03T11:02:22.739+0000] {english_keys.py:71} WARNING - Error translating name: {'status': 'failed', 'error': JSONDecodeError('Expecting value: line 1 column 1 (char 0)')}
[2024-04-03T11:02:23.122+0000] {english_keys.py:71} WARNING - Error translating name: {'status': 'failed', 'error': JSONDecodeError('Expecting value: line 1 column 1 (char 0)')}
[2024-04-03T11:02:23.669+0000] {english_keys.py:71} WARNING - Error translating name: {'status': 'failed', 'error': JSONDecodeError('Expecting value: line 1 column 1 (char 0)')}
[2024-04-03T11:02:24.335+0000] {english_keys.py:71} WARNING - Error translating name: {'status': 'failed', 'error': JSONDecodeError('Expecting value: line 1 column 1 (char 0)')}
[2024-04-03T11:02:24.954+0000] {english_keys.py:71} WARNING - Error translating name: {'status': 'failed', 'error': JSONDecodeError('Expecting value: line 1 column 1 (char 0)')}
[2024-04-03T11:02:25.396+0000] {english_keys.py:71} WARNING - Error translating name: {'status': 'failed', 'error': JSONDecodeError('Expecting value: line 1 column 1 (char 0)')}
[2024-04-03T11:02:25.912+0000] {english_keys.py:71} WARNING - Error translating name: {'status': 'failed', 'error': JSONDecodeError('Expecting value: line 1 column 1 (char 0)')}
[2024-04-03T11:02:26.310+0000] {english_keys.py:71} WARNING - Error translating name: {'status': 'failed', 'error': JSONDecodeError('Expecting value: line 1 column 1 (char 0)')}
[2024-04-03T11:02:26.785+0000] {english_keys.py:71} WARNING - Error translating name: {'status': 'failed', 'error': JSONDecodeError('Expecting value: line 1 column 1 (char 0)')}
[2024-04-03T11:02:27.264+0000] {english_keys.py:71} WARNING - Error translating name: {'status': 'failed', 'error': JSONDecodeError('Expecting value: line 1 column 1 (char 0)')}
[2024-04-03T11:02:27.657+0000] {english_keys.py:71} WARNING - Error translating name: {'status': 'failed', 'error': JSONDecodeError('Expecting value: line 1 column 1 (char 0)')}
[2024-04-03T11:02:28.146+0000] {english_keys.py:71} WARNING - Error translating name: {'status': 'failed', 'error': JSONDecodeError('Expecting value: line 1 column 1 (char 0)')}
[2024-04-03T11:02:28.754+0000] {english_keys.py:71} WARNING - Error translating name: {'status': 'failed', 'error': JSONDecodeError('Expecting value: line 1 column 1 (char 0)')}
[2024-04-03T11:02:29.428+0000] {english_keys.py:71} WARNING - Error translating name: {'status': 'failed', 'error': JSONDecodeError('Expecting value: line 1 column 1 (char 0)')}
[2024-04-03T11:02:30.004+0000] {english_keys.py:71} WARNING - Error translating name: {'status': 'failed', 'error': JSONDecodeError('Expecting value: line 1 column 1 (char 0)')}
[2024-04-03T11:02:30.662+0000] {english_keys.py:71} WARNING - Error translating name: {'status': 'failed', 'error': JSONDecodeError('Expecting value: line 1 column 1 (char 0)')}
[2024-04-03T11:02:31.138+0000] {english_keys.py:71} WARNING - Error translating name: {'status': 'failed', 'error': JSONDecodeError('Expecting value: line 1 column 1 (char 0)')}
[2024-04-03T11:02:31.727+0000] {english_keys.py:71} WARNING - Error translating name: {'status': 'failed', 'error': JSONDecodeError('Expecting value: line 1 column 1 (char 0)')}
[2024-04-03T11:02:32.335+0000] {english_keys.py:71} WARNING - Error translating name: {'status': 'failed', 'error': JSONDecodeError('Expecting value: line 1 column 1 (char 0)')}
[2024-04-03T11:02:32.861+0000] {english_keys.py:71} WARNING - Error translating name: {'status': 'failed', 'error': JSONDecodeError('Expecting value: line 1 column 1 (char 0)')}
[2024-04-03T11:02:33.461+0000] {english_keys.py:71} WARNING - Error translating name: {'status': 'failed', 'error': JSONDecodeError('Expecting value: line 1 column 1 (char 0)')}
[2024-04-03T11:02:34.077+0000] {english_keys.py:71} WARNING - Error translating name: {'status': 'failed', 'error': JSONDecodeError('Expecting value: line 1 column 1 (char 0)')}
[2024-04-03T11:02:34.569+0000] {english_keys.py:71} WARNING - Error translating name: {'status': 'failed', 'error': JSONDecodeError('Expecting value: line 1 column 1 (char 0)')}
[2024-04-03T11:02:34.969+0000] {english_keys.py:71} WARNING - Error translating name: {'status': 'failed', 'error': JSONDecodeError('Expecting value: line 1 column 1 (char 0)')}
[2024-04-03T11:02:35.373+0000] {english_keys.py:71} WARNING - Error translating name: {'status': 'failed', 'error': JSONDecodeError('Expecting value: line 1 column 1 (char 0)')}
[2024-04-03T11:02:35.959+0000] {english_keys.py:71} WARNING - Error translating name: {'status': 'failed', 'error': JSONDecodeError('Expecting value: line 1 column 1 (char 0)')}
[2024-04-03T11:02:36.455+0000] {english_keys.py:71} WARNING - Error translating name: {'status': 'failed', 'error': JSONDecodeError('Expecting value: line 1 column 1 (char 0)')}
[2024-04-03T11:02:36.962+0000] {english_keys.py:71} WARNING - Error translating name: {'status': 'failed', 'error': JSONDecodeError('Expecting value: line 1 column 1 (char 0)')}
[2024-04-03T11:02:37.366+0000] {english_keys.py:71} WARNING - Error translating name: {'status': 'failed', 'error': JSONDecodeError('Expecting value: line 1 column 1 (char 0)')}
[2024-04-03T11:02:37.963+0000] {english_keys.py:71} WARNING - Error translating name: {'status': 'failed', 'error': JSONDecodeError('Expecting value: line 1 column 1 (char 0)')}
[2024-04-03T11:02:38.441+0000] {english_keys.py:71} WARNING - Error translating name: {'status': 'failed', 'error': JSONDecodeError('Expecting value: line 1 column 1 (char 0)')}
[2024-04-03T11:02:38.914+0000] {english_keys.py:71} WARNING - Error translating name: {'status': 'failed', 'error': JSONDecodeError('Expecting value: line 1 column 1 (char 0)')}
[2024-04-03T11:02:39.477+0000] {english_keys.py:71} WARNING - Error translating name: {'status': 'failed', 'error': JSONDecodeError('Expecting value: line 1 column 1 (char 0)')}
[2024-04-03T11:02:40.043+0000] {english_keys.py:71} WARNING - Error translating name: {'status': 'failed', 'error': JSONDecodeError('Expecting value: line 1 column 1 (char 0)')}
[2024-04-03T11:02:40.588+0000] {english_keys.py:71} WARNING - Error translating name: {'status': 'failed', 'error': JSONDecodeError('Expecting value: line 1 column 1 (char 0)')}
[2024-04-03T11:02:41.077+0000] {english_keys.py:71} WARNING - Error translating name: {'status': 'failed', 'error': JSONDecodeError('Expecting value: line 1 column 1 (char 0)')}
[2024-04-03T11:02:41.729+0000] {english_keys.py:71} WARNING - Error translating name: {'status': 'failed', 'error': JSONDecodeError('Expecting value: line 1 column 1 (char 0)')}
[2024-04-03T11:02:42.171+0000] {english_keys.py:71} WARNING - Error translating name: {'status': 'failed', 'error': JSONDecodeError('Expecting value: line 1 column 1 (char 0)')}
[2024-04-03T11:02:42.793+0000] {english_keys.py:71} WARNING - Error translating name: {'status': 'failed', 'error': JSONDecodeError('Expecting value: line 1 column 1 (char 0)')}
[2024-04-03T11:02:43.257+0000] {english_keys.py:71} WARNING - Error translating name: {'status': 'failed', 'error': JSONDecodeError('Expecting value: line 1 column 1 (char 0)')}
[2024-04-03T11:02:43.776+0000] {english_keys.py:71} WARNING - Error translating name: {'status': 'failed', 'error': JSONDecodeError('Expecting value: line 1 column 1 (char 0)')}
[2024-04-03T11:02:44.188+0000] {english_keys.py:71} WARNING - Error translating name: {'status': 'failed', 'error': JSONDecodeError('Expecting value: line 1 column 1 (char 0)')}
[2024-04-03T11:02:44.816+0000] {english_keys.py:71} WARNING - Error translating name: {'status': 'failed', 'error': JSONDecodeError('Expecting value: line 1 column 1 (char 0)')}
[2024-04-03T11:02:45.447+0000] {english_keys.py:71} WARNING - Error translating name: {'status': 'failed', 'error': JSONDecodeError('Expecting value: line 1 column 1 (char 0)')}
[2024-04-03T11:02:46.080+0000] {english_keys.py:71} WARNING - Error translating name: {'status': 'failed', 'error': JSONDecodeError('Expecting value: line 1 column 1 (char 0)')}
[2024-04-03T11:02:46.628+0000] {english_keys.py:71} WARNING - Error translating name: {'status': 'failed', 'error': JSONDecodeError('Expecting value: line 1 column 1 (char 0)')}
[2024-04-03T11:02:47.237+0000] {english_keys.py:71} WARNING - Error translating name: {'status': 'failed', 'error': JSONDecodeError('Expecting value: line 1 column 1 (char 0)')}
[2024-04-03T11:02:47.831+0000] {english_keys.py:71} WARNING - Error translating name: {'status': 'failed', 'error': JSONDecodeError('Expecting value: line 1 column 1 (char 0)')}
[2024-04-03T11:02:48.291+0000] {english_keys.py:71} WARNING - Error translating name: {'status': 'failed', 'error': JSONDecodeError('Expecting value: line 1 column 1 (char 0)')}
[2024-04-03T11:02:48.901+0000] {english_keys.py:71} WARNING - Error translating name: {'status': 'failed', 'error': JSONDecodeError('Expecting value: line 1 column 1 (char 0)')}
[2024-04-03T11:02:49.373+0000] {english_keys.py:71} WARNING - Error translating name: {'status': 'failed', 'error': JSONDecodeError('Expecting value: line 1 column 1 (char 0)')}
[2024-04-03T11:02:49.871+0000] {english_keys.py:71} WARNING - Error translating name: {'status': 'failed', 'error': JSONDecodeError('Expecting value: line 1 column 1 (char 0)')}
[2024-04-03T11:02:50.389+0000] {english_keys.py:71} WARNING - Error translating name: {'status': 'failed', 'error': JSONDecodeError('Expecting value: line 1 column 1 (char 0)')}
[2024-04-03T11:02:50.955+0000] {english_keys.py:71} WARNING - Error translating name: {'status': 'failed', 'error': JSONDecodeError('Expecting value: line 1 column 1 (char 0)')}
[2024-04-03T11:02:51.528+0000] {english_keys.py:71} WARNING - Error translating name: {'status': 'failed', 'error': JSONDecodeError('Expecting value: line 1 column 1 (char 0)')}
[2024-04-03T11:02:52.047+0000] {english_keys.py:71} WARNING - Error translating name: {'status': 'failed', 'error': JSONDecodeError('Expecting value: line 1 column 1 (char 0)')}
[2024-04-03T11:02:52.519+0000] {english_keys.py:71} WARNING - Error translating name: {'status': 'failed', 'error': JSONDecodeError('Expecting value: line 1 column 1 (char 0)')}
[2024-04-03T11:02:53.075+0000] {english_keys.py:71} WARNING - Error translating name: {'status': 'failed', 'error': JSONDecodeError('Expecting value: line 1 column 1 (char 0)')}
[2024-04-03T11:02:53.750+0000] {english_keys.py:71} WARNING - Error translating name: {'status': 'failed', 'error': JSONDecodeError('Expecting value: line 1 column 1 (char 0)')}
[2024-04-03T11:02:54.170+0000] {english_keys.py:71} WARNING - Error translating name: {'status': 'failed', 'error': JSONDecodeError('Expecting value: line 1 column 1 (char 0)')}
[2024-04-03T11:02:54.616+0000] {english_keys.py:71} WARNING - Error translating name: {'status': 'failed', 'error': JSONDecodeError('Expecting value: line 1 column 1 (char 0)')}
[2024-04-03T11:02:54.994+0000] {english_keys.py:71} WARNING - Error translating name: {'status': 'failed', 'error': JSONDecodeError('Expecting value: line 1 column 1 (char 0)')}
[2024-04-03T11:02:55.590+0000] {english_keys.py:71} WARNING - Error translating name: {'status': 'failed', 'error': JSONDecodeError('Expecting value: line 1 column 1 (char 0)')}
[2024-04-03T11:02:55.992+0000] {english_keys.py:71} WARNING - Error translating name: {'status': 'failed', 'error': JSONDecodeError('Expecting value: line 1 column 1 (char 0)')}
[2024-04-03T11:02:56.562+0000] {english_keys.py:71} WARNING - Error translating name: {'status': 'failed', 'error': JSONDecodeError('Expecting value: line 1 column 1 (char 0)')}
[2024-04-03T11:02:57.173+0000] {english_keys.py:71} WARNING - Error translating name: {'status': 'failed', 'error': JSONDecodeError('Expecting value: line 1 column 1 (char 0)')}
[2024-04-03T11:02:57.737+0000] {english_keys.py:71} WARNING - Error translating name: {'status': 'failed', 'error': JSONDecodeError('Expecting value: line 1 column 1 (char 0)')}
[2024-04-03T11:02:58.295+0000] {english_keys.py:71} WARNING - Error translating name: {'status': 'failed', 'error': JSONDecodeError('Expecting value: line 1 column 1 (char 0)')}
[2024-04-03T11:02:58.872+0000] {english_keys.py:71} WARNING - Error translating name: {'status': 'failed', 'error': JSONDecodeError('Expecting value: line 1 column 1 (char 0)')}
[2024-04-03T11:02:59.506+0000] {english_keys.py:71} WARNING - Error translating name: {'status': 'failed', 'error': JSONDecodeError('Expecting value: line 1 column 1 (char 0)')}
[2024-04-03T11:02:59.949+0000] {english_keys.py:71} WARNING - Error translating name: {'status': 'failed', 'error': JSONDecodeError('Expecting value: line 1 column 1 (char 0)')}
[2024-04-03T11:03:00.571+0000] {english_keys.py:71} WARNING - Error translating name: {'status': 'failed', 'error': JSONDecodeError('Expecting value: line 1 column 1 (char 0)')}
[2024-04-03T11:03:01.225+0000] {english_keys.py:71} WARNING - Error translating name: {'status': 'failed', 'error': JSONDecodeError('Expecting value: line 1 column 1 (char 0)')}
[2024-04-03T11:03:01.889+0000] {english_keys.py:71} WARNING - Error translating name: {'status': 'failed', 'error': JSONDecodeError('Expecting value: line 1 column 1 (char 0)')}
[2024-04-03T11:03:02.386+0000] {english_keys.py:71} WARNING - Error translating name: {'status': 'failed', 'error': JSONDecodeError('Expecting value: line 1 column 1 (char 0)')}
[2024-04-03T11:03:02.890+0000] {english_keys.py:71} WARNING - Error translating name: {'status': 'failed', 'error': JSONDecodeError('Expecting value: line 1 column 1 (char 0)')}
[2024-04-03T11:03:03.538+0000] {english_keys.py:71} WARNING - Error translating name: {'status': 'failed', 'error': JSONDecodeError('Expecting value: line 1 column 1 (char 0)')}
[2024-04-03T11:03:04.068+0000] {english_keys.py:71} WARNING - Error translating name: {'status': 'failed', 'error': JSONDecodeError('Expecting value: line 1 column 1 (char 0)')}
[2024-04-03T11:03:04.072+0000] {python.py:202} INFO - Done. Returned value was: [{}, {}, {}, {}, {}, {}, {}, {}, {}, {}, {}, {}, {}, {}, {}, {}, {}, {}, {}, {}, {}, {}, {}, {}, {}, {}, {}, {}, {}, {}, {}, {}, {}, {}, {}, {}, {}, {}, {}, {}, {}, {}, {}, {}, {}, {}, {}, {}, {}, {}, {}, {}, {}, {}, {}, {}, {}, {}, {}, {}, {}, {}, {}, {}, {}, {}, {}, {}, {}, {}, {}, {}, {}, {}, {}, {}, {}, {}, {}, {}, {}, {}, {}, {}, {}, {}, {}, {}, {}, {}, {}, {}, {}, {}, {}, {}, {}, {}, {}, {}, {}, {}, {}, {}, {}, {}, {}, {}, {}, {}, {}]
[2024-04-03T11:03:04.116+0000] {taskinstance.py:1149} INFO - Marking task as SUCCESS. dag_id=real_estates, task_id=transform_to_english_keys, execution_date=20240403T103954, start_date=20240403T110235, end_date=20240403T110304
[2024-04-03T11:03:04.207+0000] {process_utils.py:79} INFO - Process psutil.Process(pid=578, status='terminated', exitcode=0, started='11:01:19') (578) terminated with exit code 0
