[2024-04-08T02:42:45.353+0000] {taskinstance.py:1979} INFO - Dependencies all met for dep_context=non-requeueable deps ti=<TaskInstance: real_estates.transform_parse_address scheduled__2024-04-07T00:00:00+00:00 [queued]>
[2024-04-08T02:42:45.373+0000] {taskinstance.py:1979} INFO - Dependencies all met for dep_context=requeueable deps ti=<TaskInstance: real_estates.transform_parse_address scheduled__2024-04-07T00:00:00+00:00 [queued]>
[2024-04-08T02:42:45.374+0000] {taskinstance.py:2193} INFO - Starting attempt 2 of 2
[2024-04-08T02:42:45.400+0000] {taskinstance.py:2217} INFO - Executing <Task(_PythonDecoratedOperator): transform_parse_address> on 2024-04-07 00:00:00+00:00
[2024-04-08T02:42:45.413+0000] {standard_task_runner.py:60} INFO - Started process 77074 to run task
[2024-04-08T02:42:45.421+0000] {standard_task_runner.py:87} INFO - Running: ['***', 'tasks', 'run', 'real_estates', 'transform_parse_address', 'scheduled__2024-04-07T00:00:00+00:00', '--job-id', '269', '--raw', '--subdir', 'DAGS_FOLDER/real_estates/__init__.py', '--cfg-path', '/tmp/tmp80tp06t5']
[2024-04-08T02:42:45.426+0000] {standard_task_runner.py:88} INFO - Job 269: Subtask transform_parse_address
[2024-04-08T02:42:45.840+0000] {task_command.py:423} INFO - Running <TaskInstance: real_estates.transform_parse_address scheduled__2024-04-07T00:00:00+00:00 [running]> on host 05a350db99a0
[2024-04-08T02:42:46.208+0000] {taskinstance.py:2513} INFO - Exporting env vars: AIRFLOW_CTX_DAG_OWNER='***' AIRFLOW_CTX_DAG_ID='real_estates' AIRFLOW_CTX_TASK_ID='transform_parse_address' AIRFLOW_CTX_EXECUTION_DATE='2024-04-07T00:00:00+00:00' AIRFLOW_CTX_TRY_NUMBER='2' AIRFLOW_CTX_DAG_RUN_ID='scheduled__2024-04-07T00:00:00+00:00'
[2024-04-08T02:42:46.217+0000] {parse_address.py:88} ERROR - Error parsing address: '平松本町字上り戸721番16、722番16（従前地）（宇都宮都市計画事業宇都宮大学東南部第1土地区'
[2024-04-08T02:42:46.218+0000] {__init__.py:98} WARNING - Town 東峰町 not in database
[2024-04-08T02:42:46.220+0000] {__init__.py:98} WARNING - Town 今井町 not in database
[2024-04-08T02:42:46.222+0000] {parse_address.py:88} ERROR - Error parsing address: '飾磨区'
[2024-04-08T02:42:46.223+0000] {__init__.py:98} WARNING - Town 押立町 not in database
[2024-04-08T02:42:46.224+0000] {__init__.py:98} WARNING - Town 戸塚町 not in database
[2024-04-08T02:42:46.226+0000] {__init__.py:98} WARNING - Town 甲南町 not in database
[2024-04-08T02:42:46.228+0000] {parse_address.py:88} ERROR - Error parsing address: '飾磨区'
[2024-04-08T02:42:46.229+0000] {__init__.py:98} WARNING - Town 大門町 not in database
[2024-04-08T02:42:46.230+0000] {__init__.py:98} WARNING - Town 南町 not in database
[2024-04-08T02:42:46.231+0000] {__init__.py:98} WARNING - Town 松見町 not in database
[2024-04-08T02:42:46.233+0000] {__init__.py:98} WARNING - Town 須惠町 not in database
[2024-04-08T02:42:46.234+0000] {__init__.py:98} WARNING - Town 柏町 not in database
[2024-04-08T02:42:46.235+0000] {__init__.py:98} WARNING - Town 北野町 not in database
[2024-04-08T02:42:46.238+0000] {__init__.py:98} WARNING - Town 三河安城本町 not in database
[2024-04-08T02:42:46.239+0000] {__init__.py:98} WARNING - Town 小手指元町 not in database
[2024-04-08T02:42:46.240+0000] {__init__.py:98} WARNING - Town 幸町 not in database
[2024-04-08T02:42:46.242+0000] {__init__.py:98} WARNING - Town 千歳町 not in database
[2024-04-08T02:42:46.243+0000] {__init__.py:98} WARNING - Town 飯山満町 not in database
[2024-04-08T02:42:46.245+0000] {__init__.py:98} WARNING - Town 千住緑町 not in database
[2024-04-08T02:42:46.247+0000] {python.py:204} INFO - Done. Returned value not shown
[2024-04-08T02:42:46.327+0000] {taskinstance.py:1149} INFO - Marking task as SUCCESS. dag_id=real_estates, task_id=transform_parse_address, execution_date=20240407T000000, start_date=20240408T024245, end_date=20240408T024246
[2024-04-08T02:42:46.395+0000] {local_task_job_runner.py:234} INFO - Task exited with return code 0
[2024-04-08T02:42:46.741+0000] {taskinstance.py:3312} INFO - 2 downstream tasks scheduled from follow-on schedule check
