[2024-04-03T08:51:46.249+0000] {processor.py:161} INFO - Started process (PID=95) to work on /opt/airflow/dags/example_dag_basic.py
[2024-04-03T08:51:46.251+0000] {processor.py:830} INFO - Processing file /opt/airflow/dags/example_dag_basic.py for tasks to queue
[2024-04-03T08:51:46.255+0000] {logging_mixin.py:188} INFO - [2024-04-03T08:51:46.254+0000] {dagbag.py:540} INFO - Filling up the DagBag from /opt/airflow/dags/example_dag_basic.py
[2024-04-03T08:51:46.280+0000] {processor.py:840} INFO - DAG(s) 'example_dag_basic' retrieved from /opt/airflow/dags/example_dag_basic.py
[2024-04-03T08:51:46.509+0000] {logging_mixin.py:188} INFO - [2024-04-03T08:51:46.508+0000] {override.py:1769} INFO - Created Permission View: can read on DAG:example_dag_basic
[2024-04-03T08:51:46.533+0000] {logging_mixin.py:188} INFO - [2024-04-03T08:51:46.532+0000] {override.py:1769} INFO - Created Permission View: can delete on DAG:example_dag_basic
[2024-04-03T08:51:46.546+0000] {logging_mixin.py:188} INFO - [2024-04-03T08:51:46.546+0000] {override.py:1769} INFO - Created Permission View: can edit on DAG:example_dag_basic
[2024-04-03T08:51:46.547+0000] {logging_mixin.py:188} INFO - [2024-04-03T08:51:46.547+0000] {dag.py:3047} INFO - Sync 1 DAGs
[2024-04-03T08:51:46.572+0000] {logging_mixin.py:188} INFO - [2024-04-03T08:51:46.572+0000] {dag.py:3069} INFO - Creating ORM DAG for example_dag_basic
[2024-04-03T08:51:46.598+0000] {logging_mixin.py:188} INFO - [2024-04-03T08:51:46.598+0000] {dag.py:3834} INFO - Setting next_dagrun for example_dag_basic to 2024-04-02 00:00:00+00:00, run_after=2024-04-03 00:00:00+00:00
[2024-04-03T08:51:46.640+0000] {processor.py:183} INFO - Processing /opt/airflow/dags/example_dag_basic.py took 0.400 seconds
[2024-04-03T08:52:16.984+0000] {processor.py:161} INFO - Started process (PID=151) to work on /opt/airflow/dags/example_dag_basic.py
[2024-04-03T08:52:16.987+0000] {processor.py:830} INFO - Processing file /opt/airflow/dags/example_dag_basic.py for tasks to queue
[2024-04-03T08:52:16.991+0000] {logging_mixin.py:188} INFO - [2024-04-03T08:52:16.990+0000] {dagbag.py:540} INFO - Filling up the DagBag from /opt/airflow/dags/example_dag_basic.py
[2024-04-03T08:52:17.012+0000] {processor.py:840} INFO - DAG(s) 'example_dag_basic' retrieved from /opt/airflow/dags/example_dag_basic.py
[2024-04-03T08:52:17.057+0000] {logging_mixin.py:188} INFO - [2024-04-03T08:52:17.056+0000] {dag.py:3047} INFO - Sync 1 DAGs
[2024-04-03T08:52:17.114+0000] {logging_mixin.py:188} INFO - [2024-04-03T08:52:17.113+0000] {dag.py:3834} INFO - Setting next_dagrun for example_dag_basic to 2024-04-02 00:00:00+00:00, run_after=2024-04-03 00:00:00+00:00
[2024-04-03T08:52:17.154+0000] {processor.py:183} INFO - Processing /opt/airflow/dags/example_dag_basic.py took 0.178 seconds
[2024-04-03T08:52:47.634+0000] {processor.py:161} INFO - Started process (PID=208) to work on /opt/airflow/dags/example_dag_basic.py
[2024-04-03T08:52:47.637+0000] {processor.py:830} INFO - Processing file /opt/airflow/dags/example_dag_basic.py for tasks to queue
[2024-04-03T08:52:47.641+0000] {logging_mixin.py:188} INFO - [2024-04-03T08:52:47.640+0000] {dagbag.py:540} INFO - Filling up the DagBag from /opt/airflow/dags/example_dag_basic.py
[2024-04-03T08:52:47.662+0000] {processor.py:840} INFO - DAG(s) 'example_dag_basic' retrieved from /opt/airflow/dags/example_dag_basic.py
[2024-04-03T08:52:47.706+0000] {logging_mixin.py:188} INFO - [2024-04-03T08:52:47.705+0000] {dag.py:3047} INFO - Sync 1 DAGs
[2024-04-03T08:52:47.761+0000] {logging_mixin.py:188} INFO - [2024-04-03T08:52:47.760+0000] {dag.py:3834} INFO - Setting next_dagrun for example_dag_basic to 2024-04-02 00:00:00+00:00, run_after=2024-04-03 00:00:00+00:00
[2024-04-03T08:52:47.810+0000] {processor.py:183} INFO - Processing /opt/airflow/dags/example_dag_basic.py took 0.184 seconds
[2024-04-03T08:53:18.230+0000] {processor.py:161} INFO - Started process (PID=266) to work on /opt/airflow/dags/example_dag_basic.py
[2024-04-03T08:53:18.232+0000] {processor.py:830} INFO - Processing file /opt/airflow/dags/example_dag_basic.py for tasks to queue
[2024-04-03T08:53:18.236+0000] {logging_mixin.py:188} INFO - [2024-04-03T08:53:18.235+0000] {dagbag.py:540} INFO - Filling up the DagBag from /opt/airflow/dags/example_dag_basic.py
[2024-04-03T08:53:18.256+0000] {processor.py:840} INFO - DAG(s) 'example_dag_basic' retrieved from /opt/airflow/dags/example_dag_basic.py
[2024-04-03T08:53:18.301+0000] {logging_mixin.py:188} INFO - [2024-04-03T08:53:18.300+0000] {dag.py:3047} INFO - Sync 1 DAGs
[2024-04-03T08:53:18.357+0000] {logging_mixin.py:188} INFO - [2024-04-03T08:53:18.356+0000] {dag.py:3834} INFO - Setting next_dagrun for example_dag_basic to 2024-04-02 00:00:00+00:00, run_after=2024-04-03 00:00:00+00:00
[2024-04-03T08:53:18.397+0000] {processor.py:183} INFO - Processing /opt/airflow/dags/example_dag_basic.py took 0.175 seconds
[2024-04-03T08:53:48.634+0000] {processor.py:161} INFO - Started process (PID=324) to work on /opt/airflow/dags/example_dag_basic.py
[2024-04-03T08:53:48.637+0000] {processor.py:830} INFO - Processing file /opt/airflow/dags/example_dag_basic.py for tasks to queue
[2024-04-03T08:53:48.642+0000] {logging_mixin.py:188} INFO - [2024-04-03T08:53:48.641+0000] {dagbag.py:540} INFO - Filling up the DagBag from /opt/airflow/dags/example_dag_basic.py
[2024-04-03T08:53:48.663+0000] {processor.py:840} INFO - DAG(s) 'example_dag_basic' retrieved from /opt/airflow/dags/example_dag_basic.py
[2024-04-03T08:53:48.708+0000] {logging_mixin.py:188} INFO - [2024-04-03T08:53:48.707+0000] {dag.py:3047} INFO - Sync 1 DAGs
[2024-04-03T08:53:48.764+0000] {logging_mixin.py:188} INFO - [2024-04-03T08:53:48.764+0000] {dag.py:3834} INFO - Setting next_dagrun for example_dag_basic to 2024-04-02 00:00:00+00:00, run_after=2024-04-03 00:00:00+00:00
[2024-04-03T08:53:48.804+0000] {processor.py:183} INFO - Processing /opt/airflow/dags/example_dag_basic.py took 0.178 seconds
[2024-04-03T08:54:18.987+0000] {processor.py:161} INFO - Started process (PID=382) to work on /opt/airflow/dags/example_dag_basic.py
[2024-04-03T08:54:18.990+0000] {processor.py:830} INFO - Processing file /opt/airflow/dags/example_dag_basic.py for tasks to queue
[2024-04-03T08:54:18.994+0000] {logging_mixin.py:188} INFO - [2024-04-03T08:54:18.993+0000] {dagbag.py:540} INFO - Filling up the DagBag from /opt/airflow/dags/example_dag_basic.py
[2024-04-03T08:54:19.015+0000] {processor.py:840} INFO - DAG(s) 'example_dag_basic' retrieved from /opt/airflow/dags/example_dag_basic.py
[2024-04-03T08:54:19.059+0000] {logging_mixin.py:188} INFO - [2024-04-03T08:54:19.059+0000] {dag.py:3047} INFO - Sync 1 DAGs
[2024-04-03T08:54:19.116+0000] {logging_mixin.py:188} INFO - [2024-04-03T08:54:19.115+0000] {dag.py:3834} INFO - Setting next_dagrun for example_dag_basic to 2024-04-02 00:00:00+00:00, run_after=2024-04-03 00:00:00+00:00
[2024-04-03T08:54:19.156+0000] {processor.py:183} INFO - Processing /opt/airflow/dags/example_dag_basic.py took 0.177 seconds
[2024-04-03T08:54:49.246+0000] {processor.py:161} INFO - Started process (PID=440) to work on /opt/airflow/dags/example_dag_basic.py
[2024-04-03T08:54:49.248+0000] {processor.py:830} INFO - Processing file /opt/airflow/dags/example_dag_basic.py for tasks to queue
[2024-04-03T08:54:49.252+0000] {logging_mixin.py:188} INFO - [2024-04-03T08:54:49.252+0000] {dagbag.py:540} INFO - Filling up the DagBag from /opt/airflow/dags/example_dag_basic.py
[2024-04-03T08:54:49.273+0000] {processor.py:840} INFO - DAG(s) 'example_dag_basic' retrieved from /opt/airflow/dags/example_dag_basic.py
[2024-04-03T08:54:49.317+0000] {logging_mixin.py:188} INFO - [2024-04-03T08:54:49.317+0000] {dag.py:3047} INFO - Sync 1 DAGs
[2024-04-03T08:54:49.373+0000] {logging_mixin.py:188} INFO - [2024-04-03T08:54:49.373+0000] {dag.py:3834} INFO - Setting next_dagrun for example_dag_basic to 2024-04-02 00:00:00+00:00, run_after=2024-04-03 00:00:00+00:00
[2024-04-03T08:54:49.414+0000] {processor.py:183} INFO - Processing /opt/airflow/dags/example_dag_basic.py took 0.176 seconds
[2024-04-03T08:55:19.534+0000] {processor.py:161} INFO - Started process (PID=498) to work on /opt/airflow/dags/example_dag_basic.py
[2024-04-03T08:55:19.537+0000] {processor.py:830} INFO - Processing file /opt/airflow/dags/example_dag_basic.py for tasks to queue
[2024-04-03T08:55:19.541+0000] {logging_mixin.py:188} INFO - [2024-04-03T08:55:19.541+0000] {dagbag.py:540} INFO - Filling up the DagBag from /opt/airflow/dags/example_dag_basic.py
[2024-04-03T08:55:19.562+0000] {processor.py:840} INFO - DAG(s) 'example_dag_basic' retrieved from /opt/airflow/dags/example_dag_basic.py
[2024-04-03T08:55:19.606+0000] {logging_mixin.py:188} INFO - [2024-04-03T08:55:19.605+0000] {dag.py:3047} INFO - Sync 1 DAGs
[2024-04-03T08:55:19.660+0000] {logging_mixin.py:188} INFO - [2024-04-03T08:55:19.660+0000] {dag.py:3834} INFO - Setting next_dagrun for example_dag_basic to 2024-04-02 00:00:00+00:00, run_after=2024-04-03 00:00:00+00:00
[2024-04-03T08:55:19.709+0000] {processor.py:183} INFO - Processing /opt/airflow/dags/example_dag_basic.py took 0.182 seconds
[2024-04-03T08:55:49.883+0000] {processor.py:161} INFO - Started process (PID=556) to work on /opt/airflow/dags/example_dag_basic.py
[2024-04-03T08:55:49.885+0000] {processor.py:830} INFO - Processing file /opt/airflow/dags/example_dag_basic.py for tasks to queue
[2024-04-03T08:55:49.889+0000] {logging_mixin.py:188} INFO - [2024-04-03T08:55:49.889+0000] {dagbag.py:540} INFO - Filling up the DagBag from /opt/airflow/dags/example_dag_basic.py
[2024-04-03T08:55:49.910+0000] {processor.py:840} INFO - DAG(s) 'example_dag_basic' retrieved from /opt/airflow/dags/example_dag_basic.py
[2024-04-03T08:55:49.953+0000] {logging_mixin.py:188} INFO - [2024-04-03T08:55:49.953+0000] {dag.py:3047} INFO - Sync 1 DAGs
[2024-04-03T08:55:50.008+0000] {logging_mixin.py:188} INFO - [2024-04-03T08:55:50.007+0000] {dag.py:3834} INFO - Setting next_dagrun for example_dag_basic to 2024-04-02 00:00:00+00:00, run_after=2024-04-03 00:00:00+00:00
[2024-04-03T08:55:50.050+0000] {processor.py:183} INFO - Processing /opt/airflow/dags/example_dag_basic.py took 0.176 seconds
[2024-04-03T08:56:20.606+0000] {processor.py:161} INFO - Started process (PID=614) to work on /opt/airflow/dags/example_dag_basic.py
[2024-04-03T08:56:20.609+0000] {processor.py:830} INFO - Processing file /opt/airflow/dags/example_dag_basic.py for tasks to queue
[2024-04-03T08:56:20.613+0000] {logging_mixin.py:188} INFO - [2024-04-03T08:56:20.613+0000] {dagbag.py:540} INFO - Filling up the DagBag from /opt/airflow/dags/example_dag_basic.py
[2024-04-03T08:56:20.634+0000] {processor.py:840} INFO - DAG(s) 'example_dag_basic' retrieved from /opt/airflow/dags/example_dag_basic.py
[2024-04-03T08:56:20.675+0000] {logging_mixin.py:188} INFO - [2024-04-03T08:56:20.675+0000] {dag.py:3047} INFO - Sync 1 DAGs
[2024-04-03T08:56:20.730+0000] {logging_mixin.py:188} INFO - [2024-04-03T08:56:20.729+0000] {dag.py:3834} INFO - Setting next_dagrun for example_dag_basic to 2024-04-02 00:00:00+00:00, run_after=2024-04-03 00:00:00+00:00
[2024-04-03T08:56:20.771+0000] {processor.py:183} INFO - Processing /opt/airflow/dags/example_dag_basic.py took 0.172 seconds
[2024-04-03T08:56:52.352+0000] {processor.py:161} INFO - Started process (PID=672) to work on /opt/airflow/dags/example_dag_basic.py
[2024-04-03T08:56:52.354+0000] {processor.py:830} INFO - Processing file /opt/airflow/dags/example_dag_basic.py for tasks to queue
[2024-04-03T08:56:52.358+0000] {logging_mixin.py:188} INFO - [2024-04-03T08:56:52.357+0000] {dagbag.py:540} INFO - Filling up the DagBag from /opt/airflow/dags/example_dag_basic.py
[2024-04-03T08:56:52.379+0000] {processor.py:840} INFO - DAG(s) 'example_dag_basic' retrieved from /opt/airflow/dags/example_dag_basic.py
[2024-04-03T08:56:52.424+0000] {logging_mixin.py:188} INFO - [2024-04-03T08:56:52.423+0000] {dag.py:3047} INFO - Sync 1 DAGs
[2024-04-03T08:56:52.478+0000] {logging_mixin.py:188} INFO - [2024-04-03T08:56:52.477+0000] {dag.py:3834} INFO - Setting next_dagrun for example_dag_basic to 2024-04-02 00:00:00+00:00, run_after=2024-04-03 00:00:00+00:00
[2024-04-03T08:56:52.520+0000] {processor.py:183} INFO - Processing /opt/airflow/dags/example_dag_basic.py took 0.176 seconds
[2024-04-03T08:57:22.624+0000] {processor.py:161} INFO - Started process (PID=730) to work on /opt/airflow/dags/example_dag_basic.py
[2024-04-03T08:57:22.629+0000] {processor.py:830} INFO - Processing file /opt/airflow/dags/example_dag_basic.py for tasks to queue
[2024-04-03T08:57:22.633+0000] {logging_mixin.py:188} INFO - [2024-04-03T08:57:22.632+0000] {dagbag.py:540} INFO - Filling up the DagBag from /opt/airflow/dags/example_dag_basic.py
[2024-04-03T08:57:22.654+0000] {processor.py:840} INFO - DAG(s) 'example_dag_basic' retrieved from /opt/airflow/dags/example_dag_basic.py
[2024-04-03T08:57:22.697+0000] {logging_mixin.py:188} INFO - [2024-04-03T08:57:22.697+0000] {dag.py:3047} INFO - Sync 1 DAGs
[2024-04-03T08:57:22.752+0000] {logging_mixin.py:188} INFO - [2024-04-03T08:57:22.751+0000] {dag.py:3834} INFO - Setting next_dagrun for example_dag_basic to 2024-04-02 00:00:00+00:00, run_after=2024-04-03 00:00:00+00:00
[2024-04-03T08:57:22.792+0000] {processor.py:183} INFO - Processing /opt/airflow/dags/example_dag_basic.py took 0.176 seconds
[2024-04-03T09:01:09.283+0000] {processor.py:161} INFO - Started process (PID=46) to work on /opt/airflow/dags/example_dag_basic.py
[2024-04-03T09:01:09.285+0000] {processor.py:830} INFO - Processing file /opt/airflow/dags/example_dag_basic.py for tasks to queue
[2024-04-03T09:01:09.289+0000] {logging_mixin.py:188} INFO - [2024-04-03T09:01:09.289+0000] {dagbag.py:540} INFO - Filling up the DagBag from /opt/airflow/dags/example_dag_basic.py
[2024-04-03T09:01:09.328+0000] {processor.py:840} INFO - DAG(s) 'example_dag_basic' retrieved from /opt/airflow/dags/example_dag_basic.py
[2024-04-03T09:01:09.827+0000] {logging_mixin.py:188} INFO - [2024-04-03T09:01:09.827+0000] {dag.py:3047} INFO - Sync 1 DAGs
[2024-04-03T09:01:09.888+0000] {logging_mixin.py:188} INFO - [2024-04-03T09:01:09.888+0000] {dag.py:3834} INFO - Setting next_dagrun for example_dag_basic to 2024-04-02 00:00:00+00:00, run_after=2024-04-03 00:00:00+00:00
[2024-04-03T09:01:09.939+0000] {processor.py:183} INFO - Processing /opt/airflow/dags/example_dag_basic.py took 0.665 seconds
[2024-04-03T09:01:40.579+0000] {processor.py:161} INFO - Started process (PID=55) to work on /opt/airflow/dags/example_dag_basic.py
[2024-04-03T09:01:40.582+0000] {processor.py:830} INFO - Processing file /opt/airflow/dags/example_dag_basic.py for tasks to queue
[2024-04-03T09:01:40.586+0000] {logging_mixin.py:188} INFO - [2024-04-03T09:01:40.585+0000] {dagbag.py:540} INFO - Filling up the DagBag from /opt/airflow/dags/example_dag_basic.py
[2024-04-03T09:01:40.611+0000] {processor.py:840} INFO - DAG(s) 'example_dag_basic' retrieved from /opt/airflow/dags/example_dag_basic.py
[2024-04-03T09:01:40.682+0000] {logging_mixin.py:188} INFO - [2024-04-03T09:01:40.681+0000] {dag.py:3047} INFO - Sync 1 DAGs
[2024-04-03T09:01:40.747+0000] {logging_mixin.py:188} INFO - [2024-04-03T09:01:40.746+0000] {dag.py:3834} INFO - Setting next_dagrun for example_dag_basic to 2024-04-02 00:00:00+00:00, run_after=2024-04-03 00:00:00+00:00
[2024-04-03T09:01:40.793+0000] {processor.py:183} INFO - Processing /opt/airflow/dags/example_dag_basic.py took 0.220 seconds
[2024-04-03T09:02:10.912+0000] {processor.py:161} INFO - Started process (PID=64) to work on /opt/airflow/dags/example_dag_basic.py
[2024-04-03T09:02:10.915+0000] {processor.py:830} INFO - Processing file /opt/airflow/dags/example_dag_basic.py for tasks to queue
[2024-04-03T09:02:10.919+0000] {logging_mixin.py:188} INFO - [2024-04-03T09:02:10.918+0000] {dagbag.py:540} INFO - Filling up the DagBag from /opt/airflow/dags/example_dag_basic.py
[2024-04-03T09:02:10.943+0000] {processor.py:840} INFO - DAG(s) 'example_dag_basic' retrieved from /opt/airflow/dags/example_dag_basic.py
[2024-04-03T09:02:10.999+0000] {logging_mixin.py:188} INFO - [2024-04-03T09:02:10.999+0000] {dag.py:3047} INFO - Sync 1 DAGs
[2024-04-03T09:02:11.054+0000] {logging_mixin.py:188} INFO - [2024-04-03T09:02:11.054+0000] {dag.py:3834} INFO - Setting next_dagrun for example_dag_basic to 2024-04-02 00:00:00+00:00, run_after=2024-04-03 00:00:00+00:00
[2024-04-03T09:02:11.091+0000] {processor.py:183} INFO - Processing /opt/airflow/dags/example_dag_basic.py took 0.187 seconds
[2024-04-03T09:03:28.433+0000] {processor.py:161} INFO - Started process (PID=39) to work on /opt/airflow/dags/example_dag_basic.py
[2024-04-03T09:03:28.436+0000] {processor.py:830} INFO - Processing file /opt/airflow/dags/example_dag_basic.py for tasks to queue
[2024-04-03T09:03:28.440+0000] {logging_mixin.py:188} INFO - [2024-04-03T09:03:28.439+0000] {dagbag.py:540} INFO - Filling up the DagBag from /opt/airflow/dags/example_dag_basic.py
[2024-04-03T09:03:28.469+0000] {processor.py:840} INFO - DAG(s) 'example_dag_basic' retrieved from /opt/airflow/dags/example_dag_basic.py
[2024-04-03T09:03:28.729+0000] {logging_mixin.py:188} INFO - [2024-04-03T09:03:28.728+0000] {dag.py:3047} INFO - Sync 1 DAGs
[2024-04-03T09:03:28.778+0000] {logging_mixin.py:188} INFO - [2024-04-03T09:03:28.778+0000] {dag.py:3834} INFO - Setting next_dagrun for example_dag_basic to 2024-04-02 00:00:00+00:00, run_after=2024-04-03 00:00:00+00:00
[2024-04-03T09:03:28.818+0000] {processor.py:183} INFO - Processing /opt/airflow/dags/example_dag_basic.py took 0.393 seconds
[2024-04-03T09:03:59.735+0000] {processor.py:161} INFO - Started process (PID=48) to work on /opt/airflow/dags/example_dag_basic.py
[2024-04-03T09:03:59.738+0000] {processor.py:830} INFO - Processing file /opt/airflow/dags/example_dag_basic.py for tasks to queue
[2024-04-03T09:03:59.742+0000] {logging_mixin.py:188} INFO - [2024-04-03T09:03:59.741+0000] {dagbag.py:540} INFO - Filling up the DagBag from /opt/airflow/dags/example_dag_basic.py
[2024-04-03T09:03:59.767+0000] {processor.py:840} INFO - DAG(s) 'example_dag_basic' retrieved from /opt/airflow/dags/example_dag_basic.py
[2024-04-03T09:03:59.823+0000] {logging_mixin.py:188} INFO - [2024-04-03T09:03:59.823+0000] {dag.py:3047} INFO - Sync 1 DAGs
[2024-04-03T09:03:59.878+0000] {logging_mixin.py:188} INFO - [2024-04-03T09:03:59.878+0000] {dag.py:3834} INFO - Setting next_dagrun for example_dag_basic to 2024-04-02 00:00:00+00:00, run_after=2024-04-03 00:00:00+00:00
[2024-04-03T09:03:59.920+0000] {processor.py:183} INFO - Processing /opt/airflow/dags/example_dag_basic.py took 0.192 seconds
[2024-04-03T09:04:30.026+0000] {processor.py:161} INFO - Started process (PID=57) to work on /opt/airflow/dags/example_dag_basic.py
[2024-04-03T09:04:30.029+0000] {processor.py:830} INFO - Processing file /opt/airflow/dags/example_dag_basic.py for tasks to queue
[2024-04-03T09:04:30.033+0000] {logging_mixin.py:188} INFO - [2024-04-03T09:04:30.032+0000] {dagbag.py:540} INFO - Filling up the DagBag from /opt/airflow/dags/example_dag_basic.py
[2024-04-03T09:04:30.058+0000] {processor.py:840} INFO - DAG(s) 'example_dag_basic' retrieved from /opt/airflow/dags/example_dag_basic.py
[2024-04-03T09:04:30.116+0000] {logging_mixin.py:188} INFO - [2024-04-03T09:04:30.116+0000] {dag.py:3047} INFO - Sync 1 DAGs
[2024-04-03T09:04:30.172+0000] {logging_mixin.py:188} INFO - [2024-04-03T09:04:30.171+0000] {dag.py:3834} INFO - Setting next_dagrun for example_dag_basic to 2024-04-02 00:00:00+00:00, run_after=2024-04-03 00:00:00+00:00
[2024-04-03T09:04:30.211+0000] {processor.py:183} INFO - Processing /opt/airflow/dags/example_dag_basic.py took 0.192 seconds
[2024-04-03T09:05:00.318+0000] {processor.py:161} INFO - Started process (PID=66) to work on /opt/airflow/dags/example_dag_basic.py
[2024-04-03T09:05:00.320+0000] {processor.py:830} INFO - Processing file /opt/airflow/dags/example_dag_basic.py for tasks to queue
[2024-04-03T09:05:00.324+0000] {logging_mixin.py:188} INFO - [2024-04-03T09:05:00.323+0000] {dagbag.py:540} INFO - Filling up the DagBag from /opt/airflow/dags/example_dag_basic.py
[2024-04-03T09:05:00.349+0000] {processor.py:840} INFO - DAG(s) 'example_dag_basic' retrieved from /opt/airflow/dags/example_dag_basic.py
[2024-04-03T09:05:00.406+0000] {logging_mixin.py:188} INFO - [2024-04-03T09:05:00.405+0000] {dag.py:3047} INFO - Sync 1 DAGs
[2024-04-03T09:05:00.460+0000] {logging_mixin.py:188} INFO - [2024-04-03T09:05:00.460+0000] {dag.py:3834} INFO - Setting next_dagrun for example_dag_basic to 2024-04-02 00:00:00+00:00, run_after=2024-04-03 00:00:00+00:00
[2024-04-03T09:05:00.500+0000] {processor.py:183} INFO - Processing /opt/airflow/dags/example_dag_basic.py took 0.189 seconds
[2024-04-03T09:05:30.613+0000] {processor.py:161} INFO - Started process (PID=75) to work on /opt/airflow/dags/example_dag_basic.py
[2024-04-03T09:05:30.615+0000] {processor.py:830} INFO - Processing file /opt/airflow/dags/example_dag_basic.py for tasks to queue
[2024-04-03T09:05:30.620+0000] {logging_mixin.py:188} INFO - [2024-04-03T09:05:30.619+0000] {dagbag.py:540} INFO - Filling up the DagBag from /opt/airflow/dags/example_dag_basic.py
[2024-04-03T09:05:30.646+0000] {processor.py:840} INFO - DAG(s) 'example_dag_basic' retrieved from /opt/airflow/dags/example_dag_basic.py
[2024-04-03T09:05:30.703+0000] {logging_mixin.py:188} INFO - [2024-04-03T09:05:30.702+0000] {dag.py:3047} INFO - Sync 1 DAGs
[2024-04-03T09:05:30.759+0000] {logging_mixin.py:188} INFO - [2024-04-03T09:05:30.758+0000] {dag.py:3834} INFO - Setting next_dagrun for example_dag_basic to 2024-04-02 00:00:00+00:00, run_after=2024-04-03 00:00:00+00:00
[2024-04-03T09:05:30.801+0000] {processor.py:183} INFO - Processing /opt/airflow/dags/example_dag_basic.py took 0.195 seconds
[2024-04-03T09:06:00.909+0000] {processor.py:161} INFO - Started process (PID=84) to work on /opt/airflow/dags/example_dag_basic.py
[2024-04-03T09:06:00.911+0000] {processor.py:830} INFO - Processing file /opt/airflow/dags/example_dag_basic.py for tasks to queue
[2024-04-03T09:06:00.915+0000] {logging_mixin.py:188} INFO - [2024-04-03T09:06:00.914+0000] {dagbag.py:540} INFO - Filling up the DagBag from /opt/airflow/dags/example_dag_basic.py
[2024-04-03T09:06:00.940+0000] {processor.py:840} INFO - DAG(s) 'example_dag_basic' retrieved from /opt/airflow/dags/example_dag_basic.py
[2024-04-03T09:06:00.997+0000] {logging_mixin.py:188} INFO - [2024-04-03T09:06:00.997+0000] {dag.py:3047} INFO - Sync 1 DAGs
[2024-04-03T09:06:01.052+0000] {logging_mixin.py:188} INFO - [2024-04-03T09:06:01.051+0000] {dag.py:3834} INFO - Setting next_dagrun for example_dag_basic to 2024-04-02 00:00:00+00:00, run_after=2024-04-03 00:00:00+00:00
[2024-04-03T09:06:01.093+0000] {processor.py:183} INFO - Processing /opt/airflow/dags/example_dag_basic.py took 0.191 seconds
[2024-04-03T09:06:31.207+0000] {processor.py:161} INFO - Started process (PID=93) to work on /opt/airflow/dags/example_dag_basic.py
[2024-04-03T09:06:31.210+0000] {processor.py:830} INFO - Processing file /opt/airflow/dags/example_dag_basic.py for tasks to queue
[2024-04-03T09:06:31.214+0000] {logging_mixin.py:188} INFO - [2024-04-03T09:06:31.213+0000] {dagbag.py:540} INFO - Filling up the DagBag from /opt/airflow/dags/example_dag_basic.py
[2024-04-03T09:06:31.239+0000] {processor.py:840} INFO - DAG(s) 'example_dag_basic' retrieved from /opt/airflow/dags/example_dag_basic.py
[2024-04-03T09:06:31.295+0000] {logging_mixin.py:188} INFO - [2024-04-03T09:06:31.295+0000] {dag.py:3047} INFO - Sync 1 DAGs
[2024-04-03T09:06:31.350+0000] {logging_mixin.py:188} INFO - [2024-04-03T09:06:31.350+0000] {dag.py:3834} INFO - Setting next_dagrun for example_dag_basic to 2024-04-02 00:00:00+00:00, run_after=2024-04-03 00:00:00+00:00
[2024-04-03T09:06:31.389+0000] {processor.py:183} INFO - Processing /opt/airflow/dags/example_dag_basic.py took 0.189 seconds
[2024-04-03T09:07:01.502+0000] {processor.py:161} INFO - Started process (PID=102) to work on /opt/airflow/dags/example_dag_basic.py
[2024-04-03T09:07:01.504+0000] {processor.py:830} INFO - Processing file /opt/airflow/dags/example_dag_basic.py for tasks to queue
[2024-04-03T09:07:01.508+0000] {logging_mixin.py:188} INFO - [2024-04-03T09:07:01.508+0000] {dagbag.py:540} INFO - Filling up the DagBag from /opt/airflow/dags/example_dag_basic.py
[2024-04-03T09:07:01.534+0000] {processor.py:840} INFO - DAG(s) 'example_dag_basic' retrieved from /opt/airflow/dags/example_dag_basic.py
[2024-04-03T09:07:01.591+0000] {logging_mixin.py:188} INFO - [2024-04-03T09:07:01.590+0000] {dag.py:3047} INFO - Sync 1 DAGs
[2024-04-03T09:07:01.647+0000] {logging_mixin.py:188} INFO - [2024-04-03T09:07:01.647+0000] {dag.py:3834} INFO - Setting next_dagrun for example_dag_basic to 2024-04-02 00:00:00+00:00, run_after=2024-04-03 00:00:00+00:00
[2024-04-03T09:07:01.687+0000] {processor.py:183} INFO - Processing /opt/airflow/dags/example_dag_basic.py took 0.193 seconds
[2024-04-03T09:09:30.441+0000] {processor.py:161} INFO - Started process (PID=40) to work on /opt/airflow/dags/example_dag_basic.py
[2024-04-03T09:09:30.444+0000] {processor.py:830} INFO - Processing file /opt/airflow/dags/example_dag_basic.py for tasks to queue
[2024-04-03T09:09:30.448+0000] {logging_mixin.py:188} INFO - [2024-04-03T09:09:30.447+0000] {dagbag.py:540} INFO - Filling up the DagBag from /opt/airflow/dags/example_dag_basic.py
[2024-04-03T09:09:30.477+0000] {processor.py:840} INFO - DAG(s) 'example_dag_basic' retrieved from /opt/airflow/dags/example_dag_basic.py
[2024-04-03T09:09:30.738+0000] {logging_mixin.py:188} INFO - [2024-04-03T09:09:30.738+0000] {dag.py:3047} INFO - Sync 1 DAGs
[2024-04-03T09:09:30.796+0000] {logging_mixin.py:188} INFO - [2024-04-03T09:09:30.795+0000] {dag.py:3834} INFO - Setting next_dagrun for example_dag_basic to 2024-04-02 00:00:00+00:00, run_after=2024-04-03 00:00:00+00:00
[2024-04-03T09:09:30.884+0000] {processor.py:183} INFO - Processing /opt/airflow/dags/example_dag_basic.py took 0.451 seconds
[2024-04-03T09:10:01.712+0000] {processor.py:161} INFO - Started process (PID=49) to work on /opt/airflow/dags/example_dag_basic.py
[2024-04-03T09:10:01.714+0000] {processor.py:830} INFO - Processing file /opt/airflow/dags/example_dag_basic.py for tasks to queue
[2024-04-03T09:10:01.728+0000] {logging_mixin.py:188} INFO - [2024-04-03T09:10:01.727+0000] {dagbag.py:540} INFO - Filling up the DagBag from /opt/airflow/dags/example_dag_basic.py
[2024-04-03T09:10:01.754+0000] {processor.py:840} INFO - DAG(s) 'example_dag_basic' retrieved from /opt/airflow/dags/example_dag_basic.py
[2024-04-03T09:10:01.811+0000] {logging_mixin.py:188} INFO - [2024-04-03T09:10:01.810+0000] {dag.py:3047} INFO - Sync 1 DAGs
[2024-04-03T09:10:01.865+0000] {logging_mixin.py:188} INFO - [2024-04-03T09:10:01.864+0000] {dag.py:3834} INFO - Setting next_dagrun for example_dag_basic to 2024-04-02 00:00:00+00:00, run_after=2024-04-03 00:00:00+00:00
[2024-04-03T09:10:01.907+0000] {processor.py:183} INFO - Processing /opt/airflow/dags/example_dag_basic.py took 0.202 seconds
[2024-04-03T09:11:34.962+0000] {processor.py:161} INFO - Started process (PID=46) to work on /opt/airflow/dags/example_dag_basic.py
[2024-04-03T09:11:34.965+0000] {processor.py:830} INFO - Processing file /opt/airflow/dags/example_dag_basic.py for tasks to queue
[2024-04-03T09:11:34.969+0000] {logging_mixin.py:188} INFO - [2024-04-03T09:11:34.968+0000] {dagbag.py:540} INFO - Filling up the DagBag from /opt/airflow/dags/example_dag_basic.py
[2024-04-03T09:11:35.007+0000] {processor.py:840} INFO - DAG(s) 'example_dag_basic' retrieved from /opt/airflow/dags/example_dag_basic.py
[2024-04-03T09:11:35.496+0000] {logging_mixin.py:188} INFO - [2024-04-03T09:11:35.495+0000] {dag.py:3047} INFO - Sync 1 DAGs
[2024-04-03T09:11:35.545+0000] {logging_mixin.py:188} INFO - [2024-04-03T09:11:35.545+0000] {dag.py:3834} INFO - Setting next_dagrun for example_dag_basic to 2024-04-02 00:00:00+00:00, run_after=2024-04-03 00:00:00+00:00
[2024-04-03T09:11:35.588+0000] {processor.py:183} INFO - Processing /opt/airflow/dags/example_dag_basic.py took 0.634 seconds
[2024-04-03T09:12:06.220+0000] {processor.py:161} INFO - Started process (PID=55) to work on /opt/airflow/dags/example_dag_basic.py
[2024-04-03T09:12:06.223+0000] {processor.py:830} INFO - Processing file /opt/airflow/dags/example_dag_basic.py for tasks to queue
[2024-04-03T09:12:06.227+0000] {logging_mixin.py:188} INFO - [2024-04-03T09:12:06.226+0000] {dagbag.py:540} INFO - Filling up the DagBag from /opt/airflow/dags/example_dag_basic.py
[2024-04-03T09:12:06.252+0000] {processor.py:840} INFO - DAG(s) 'example_dag_basic' retrieved from /opt/airflow/dags/example_dag_basic.py
[2024-04-03T09:12:06.307+0000] {logging_mixin.py:188} INFO - [2024-04-03T09:12:06.307+0000] {dag.py:3047} INFO - Sync 1 DAGs
[2024-04-03T09:12:06.361+0000] {logging_mixin.py:188} INFO - [2024-04-03T09:12:06.360+0000] {dag.py:3834} INFO - Setting next_dagrun for example_dag_basic to 2024-04-02 00:00:00+00:00, run_after=2024-04-03 00:00:00+00:00
[2024-04-03T09:12:06.407+0000] {processor.py:183} INFO - Processing /opt/airflow/dags/example_dag_basic.py took 0.194 seconds
[2024-04-03T09:12:36.520+0000] {processor.py:161} INFO - Started process (PID=64) to work on /opt/airflow/dags/example_dag_basic.py
[2024-04-03T09:12:36.524+0000] {processor.py:830} INFO - Processing file /opt/airflow/dags/example_dag_basic.py for tasks to queue
[2024-04-03T09:12:36.528+0000] {logging_mixin.py:188} INFO - [2024-04-03T09:12:36.527+0000] {dagbag.py:540} INFO - Filling up the DagBag from /opt/airflow/dags/example_dag_basic.py
[2024-04-03T09:12:36.553+0000] {processor.py:840} INFO - DAG(s) 'example_dag_basic' retrieved from /opt/airflow/dags/example_dag_basic.py
[2024-04-03T09:12:36.610+0000] {logging_mixin.py:188} INFO - [2024-04-03T09:12:36.610+0000] {dag.py:3047} INFO - Sync 1 DAGs
[2024-04-03T09:12:36.665+0000] {logging_mixin.py:188} INFO - [2024-04-03T09:12:36.665+0000] {dag.py:3834} INFO - Setting next_dagrun for example_dag_basic to 2024-04-02 00:00:00+00:00, run_after=2024-04-03 00:00:00+00:00
[2024-04-03T09:12:36.704+0000] {processor.py:183} INFO - Processing /opt/airflow/dags/example_dag_basic.py took 0.190 seconds
[2024-04-03T09:13:06.810+0000] {processor.py:161} INFO - Started process (PID=73) to work on /opt/airflow/dags/example_dag_basic.py
[2024-04-03T09:13:06.817+0000] {processor.py:830} INFO - Processing file /opt/airflow/dags/example_dag_basic.py for tasks to queue
[2024-04-03T09:13:06.821+0000] {logging_mixin.py:188} INFO - [2024-04-03T09:13:06.820+0000] {dagbag.py:540} INFO - Filling up the DagBag from /opt/airflow/dags/example_dag_basic.py
[2024-04-03T09:13:06.846+0000] {processor.py:840} INFO - DAG(s) 'example_dag_basic' retrieved from /opt/airflow/dags/example_dag_basic.py
[2024-04-03T09:13:06.903+0000] {logging_mixin.py:188} INFO - [2024-04-03T09:13:06.902+0000] {dag.py:3047} INFO - Sync 1 DAGs
[2024-04-03T09:13:06.957+0000] {logging_mixin.py:188} INFO - [2024-04-03T09:13:06.956+0000] {dag.py:3834} INFO - Setting next_dagrun for example_dag_basic to 2024-04-02 00:00:00+00:00, run_after=2024-04-03 00:00:00+00:00
[2024-04-03T09:13:06.996+0000] {processor.py:183} INFO - Processing /opt/airflow/dags/example_dag_basic.py took 0.193 seconds
[2024-04-03T09:13:37.112+0000] {processor.py:161} INFO - Started process (PID=82) to work on /opt/airflow/dags/example_dag_basic.py
[2024-04-03T09:13:37.114+0000] {processor.py:830} INFO - Processing file /opt/airflow/dags/example_dag_basic.py for tasks to queue
[2024-04-03T09:13:37.118+0000] {logging_mixin.py:188} INFO - [2024-04-03T09:13:37.117+0000] {dagbag.py:540} INFO - Filling up the DagBag from /opt/airflow/dags/example_dag_basic.py
[2024-04-03T09:13:37.143+0000] {processor.py:840} INFO - DAG(s) 'example_dag_basic' retrieved from /opt/airflow/dags/example_dag_basic.py
[2024-04-03T09:13:37.200+0000] {logging_mixin.py:188} INFO - [2024-04-03T09:13:37.199+0000] {dag.py:3047} INFO - Sync 1 DAGs
[2024-04-03T09:13:37.255+0000] {logging_mixin.py:188} INFO - [2024-04-03T09:13:37.254+0000] {dag.py:3834} INFO - Setting next_dagrun for example_dag_basic to 2024-04-02 00:00:00+00:00, run_after=2024-04-03 00:00:00+00:00
[2024-04-03T09:13:37.294+0000] {processor.py:183} INFO - Processing /opt/airflow/dags/example_dag_basic.py took 0.190 seconds
[2024-04-03T09:14:07.400+0000] {processor.py:161} INFO - Started process (PID=90) to work on /opt/airflow/dags/example_dag_basic.py
[2024-04-03T09:14:07.403+0000] {processor.py:830} INFO - Processing file /opt/airflow/dags/example_dag_basic.py for tasks to queue
[2024-04-03T09:14:07.407+0000] {logging_mixin.py:188} INFO - [2024-04-03T09:14:07.406+0000] {dagbag.py:540} INFO - Filling up the DagBag from /opt/airflow/dags/example_dag_basic.py
[2024-04-03T09:14:07.432+0000] {processor.py:840} INFO - DAG(s) 'example_dag_basic' retrieved from /opt/airflow/dags/example_dag_basic.py
[2024-04-03T09:14:07.489+0000] {logging_mixin.py:188} INFO - [2024-04-03T09:14:07.488+0000] {dag.py:3047} INFO - Sync 1 DAGs
[2024-04-03T09:14:07.544+0000] {logging_mixin.py:188} INFO - [2024-04-03T09:14:07.543+0000] {dag.py:3834} INFO - Setting next_dagrun for example_dag_basic to 2024-04-02 00:00:00+00:00, run_after=2024-04-03 00:00:00+00:00
[2024-04-03T09:14:07.582+0000] {processor.py:183} INFO - Processing /opt/airflow/dags/example_dag_basic.py took 0.189 seconds
[2024-04-03T09:14:37.699+0000] {processor.py:161} INFO - Started process (PID=99) to work on /opt/airflow/dags/example_dag_basic.py
[2024-04-03T09:14:37.702+0000] {processor.py:830} INFO - Processing file /opt/airflow/dags/example_dag_basic.py for tasks to queue
[2024-04-03T09:14:37.706+0000] {logging_mixin.py:188} INFO - [2024-04-03T09:14:37.705+0000] {dagbag.py:540} INFO - Filling up the DagBag from /opt/airflow/dags/example_dag_basic.py
[2024-04-03T09:14:37.730+0000] {processor.py:840} INFO - DAG(s) 'example_dag_basic' retrieved from /opt/airflow/dags/example_dag_basic.py
[2024-04-03T09:14:37.787+0000] {logging_mixin.py:188} INFO - [2024-04-03T09:14:37.786+0000] {dag.py:3047} INFO - Sync 1 DAGs
[2024-04-03T09:14:37.843+0000] {logging_mixin.py:188} INFO - [2024-04-03T09:14:37.843+0000] {dag.py:3834} INFO - Setting next_dagrun for example_dag_basic to 2024-04-02 00:00:00+00:00, run_after=2024-04-03 00:00:00+00:00
[2024-04-03T09:14:37.883+0000] {processor.py:183} INFO - Processing /opt/airflow/dags/example_dag_basic.py took 0.191 seconds
[2024-04-03T09:15:07.987+0000] {processor.py:161} INFO - Started process (PID=108) to work on /opt/airflow/dags/example_dag_basic.py
[2024-04-03T09:15:07.989+0000] {processor.py:830} INFO - Processing file /opt/airflow/dags/example_dag_basic.py for tasks to queue
[2024-04-03T09:15:07.993+0000] {logging_mixin.py:188} INFO - [2024-04-03T09:15:07.992+0000] {dagbag.py:540} INFO - Filling up the DagBag from /opt/airflow/dags/example_dag_basic.py
[2024-04-03T09:15:08.018+0000] {processor.py:840} INFO - DAG(s) 'example_dag_basic' retrieved from /opt/airflow/dags/example_dag_basic.py
[2024-04-03T09:15:08.074+0000] {logging_mixin.py:188} INFO - [2024-04-03T09:15:08.074+0000] {dag.py:3047} INFO - Sync 1 DAGs
[2024-04-03T09:15:08.130+0000] {logging_mixin.py:188} INFO - [2024-04-03T09:15:08.130+0000] {dag.py:3834} INFO - Setting next_dagrun for example_dag_basic to 2024-04-02 00:00:00+00:00, run_after=2024-04-03 00:00:00+00:00
[2024-04-03T09:15:08.167+0000] {processor.py:183} INFO - Processing /opt/airflow/dags/example_dag_basic.py took 0.187 seconds
[2024-04-03T09:15:38.286+0000] {processor.py:161} INFO - Started process (PID=117) to work on /opt/airflow/dags/example_dag_basic.py
[2024-04-03T09:15:38.290+0000] {processor.py:830} INFO - Processing file /opt/airflow/dags/example_dag_basic.py for tasks to queue
[2024-04-03T09:15:38.294+0000] {logging_mixin.py:188} INFO - [2024-04-03T09:15:38.293+0000] {dagbag.py:540} INFO - Filling up the DagBag from /opt/airflow/dags/example_dag_basic.py
[2024-04-03T09:15:38.319+0000] {processor.py:840} INFO - DAG(s) 'example_dag_basic' retrieved from /opt/airflow/dags/example_dag_basic.py
[2024-04-03T09:15:38.375+0000] {logging_mixin.py:188} INFO - [2024-04-03T09:15:38.375+0000] {dag.py:3047} INFO - Sync 1 DAGs
[2024-04-03T09:15:38.429+0000] {logging_mixin.py:188} INFO - [2024-04-03T09:15:38.429+0000] {dag.py:3834} INFO - Setting next_dagrun for example_dag_basic to 2024-04-02 00:00:00+00:00, run_after=2024-04-03 00:00:00+00:00
[2024-04-03T09:15:38.467+0000] {processor.py:183} INFO - Processing /opt/airflow/dags/example_dag_basic.py took 0.188 seconds
[2024-04-03T09:16:08.580+0000] {processor.py:161} INFO - Started process (PID=126) to work on /opt/airflow/dags/example_dag_basic.py
[2024-04-03T09:16:08.582+0000] {processor.py:830} INFO - Processing file /opt/airflow/dags/example_dag_basic.py for tasks to queue
[2024-04-03T09:16:08.586+0000] {logging_mixin.py:188} INFO - [2024-04-03T09:16:08.585+0000] {dagbag.py:540} INFO - Filling up the DagBag from /opt/airflow/dags/example_dag_basic.py
[2024-04-03T09:16:08.611+0000] {processor.py:840} INFO - DAG(s) 'example_dag_basic' retrieved from /opt/airflow/dags/example_dag_basic.py
[2024-04-03T09:16:08.669+0000] {logging_mixin.py:188} INFO - [2024-04-03T09:16:08.668+0000] {dag.py:3047} INFO - Sync 1 DAGs
[2024-04-03T09:16:08.723+0000] {logging_mixin.py:188} INFO - [2024-04-03T09:16:08.722+0000] {dag.py:3834} INFO - Setting next_dagrun for example_dag_basic to 2024-04-02 00:00:00+00:00, run_after=2024-04-03 00:00:00+00:00
[2024-04-03T09:16:08.761+0000] {processor.py:183} INFO - Processing /opt/airflow/dags/example_dag_basic.py took 0.189 seconds
[2024-04-03T09:18:16.201+0000] {processor.py:161} INFO - Started process (PID=46) to work on /opt/airflow/dags/example_dag_basic.py
[2024-04-03T09:18:16.203+0000] {processor.py:830} INFO - Processing file /opt/airflow/dags/example_dag_basic.py for tasks to queue
[2024-04-03T09:18:16.207+0000] {logging_mixin.py:188} INFO - [2024-04-03T09:18:16.206+0000] {dagbag.py:540} INFO - Filling up the DagBag from /opt/airflow/dags/example_dag_basic.py
[2024-04-03T09:18:16.246+0000] {processor.py:840} INFO - DAG(s) 'example_dag_basic' retrieved from /opt/airflow/dags/example_dag_basic.py
[2024-04-03T09:18:16.760+0000] {logging_mixin.py:188} INFO - [2024-04-03T09:18:16.759+0000] {dag.py:3047} INFO - Sync 1 DAGs
[2024-04-03T09:18:16.826+0000] {logging_mixin.py:188} INFO - [2024-04-03T09:18:16.826+0000] {dag.py:3834} INFO - Setting next_dagrun for example_dag_basic to 2024-04-02 00:00:00+00:00, run_after=2024-04-03 00:00:00+00:00
[2024-04-03T09:18:16.868+0000] {processor.py:183} INFO - Processing /opt/airflow/dags/example_dag_basic.py took 0.676 seconds
[2024-04-03T09:18:47.467+0000] {processor.py:161} INFO - Started process (PID=55) to work on /opt/airflow/dags/example_dag_basic.py
[2024-04-03T09:18:47.469+0000] {processor.py:830} INFO - Processing file /opt/airflow/dags/example_dag_basic.py for tasks to queue
[2024-04-03T09:18:47.473+0000] {logging_mixin.py:188} INFO - [2024-04-03T09:18:47.472+0000] {dagbag.py:540} INFO - Filling up the DagBag from /opt/airflow/dags/example_dag_basic.py
[2024-04-03T09:18:47.498+0000] {processor.py:840} INFO - DAG(s) 'example_dag_basic' retrieved from /opt/airflow/dags/example_dag_basic.py
[2024-04-03T09:18:47.555+0000] {logging_mixin.py:188} INFO - [2024-04-03T09:18:47.555+0000] {dag.py:3047} INFO - Sync 1 DAGs
[2024-04-03T09:18:47.609+0000] {logging_mixin.py:188} INFO - [2024-04-03T09:18:47.608+0000] {dag.py:3834} INFO - Setting next_dagrun for example_dag_basic to 2024-04-02 00:00:00+00:00, run_after=2024-04-03 00:00:00+00:00
[2024-04-03T09:18:47.649+0000] {processor.py:183} INFO - Processing /opt/airflow/dags/example_dag_basic.py took 0.188 seconds
[2024-04-03T09:19:17.762+0000] {processor.py:161} INFO - Started process (PID=64) to work on /opt/airflow/dags/example_dag_basic.py
[2024-04-03T09:19:17.765+0000] {processor.py:830} INFO - Processing file /opt/airflow/dags/example_dag_basic.py for tasks to queue
[2024-04-03T09:19:17.769+0000] {logging_mixin.py:188} INFO - [2024-04-03T09:19:17.768+0000] {dagbag.py:540} INFO - Filling up the DagBag from /opt/airflow/dags/example_dag_basic.py
[2024-04-03T09:19:17.794+0000] {processor.py:840} INFO - DAG(s) 'example_dag_basic' retrieved from /opt/airflow/dags/example_dag_basic.py
[2024-04-03T09:19:17.850+0000] {logging_mixin.py:188} INFO - [2024-04-03T09:19:17.849+0000] {dag.py:3047} INFO - Sync 1 DAGs
[2024-04-03T09:19:17.905+0000] {logging_mixin.py:188} INFO - [2024-04-03T09:19:17.904+0000] {dag.py:3834} INFO - Setting next_dagrun for example_dag_basic to 2024-04-02 00:00:00+00:00, run_after=2024-04-03 00:00:00+00:00
[2024-04-03T09:19:17.945+0000] {processor.py:183} INFO - Processing /opt/airflow/dags/example_dag_basic.py took 0.191 seconds
[2024-04-03T09:19:48.061+0000] {processor.py:161} INFO - Started process (PID=73) to work on /opt/airflow/dags/example_dag_basic.py
[2024-04-03T09:19:48.064+0000] {processor.py:830} INFO - Processing file /opt/airflow/dags/example_dag_basic.py for tasks to queue
[2024-04-03T09:19:48.068+0000] {logging_mixin.py:188} INFO - [2024-04-03T09:19:48.067+0000] {dagbag.py:540} INFO - Filling up the DagBag from /opt/airflow/dags/example_dag_basic.py
[2024-04-03T09:19:48.094+0000] {processor.py:840} INFO - DAG(s) 'example_dag_basic' retrieved from /opt/airflow/dags/example_dag_basic.py
[2024-04-03T09:19:48.150+0000] {logging_mixin.py:188} INFO - [2024-04-03T09:19:48.150+0000] {dag.py:3047} INFO - Sync 1 DAGs
[2024-04-03T09:19:48.205+0000] {logging_mixin.py:188} INFO - [2024-04-03T09:19:48.204+0000] {dag.py:3834} INFO - Setting next_dagrun for example_dag_basic to 2024-04-02 00:00:00+00:00, run_after=2024-04-03 00:00:00+00:00
[2024-04-03T09:19:48.244+0000] {processor.py:183} INFO - Processing /opt/airflow/dags/example_dag_basic.py took 0.190 seconds
[2024-04-03T09:20:18.352+0000] {processor.py:161} INFO - Started process (PID=82) to work on /opt/airflow/dags/example_dag_basic.py
[2024-04-03T09:20:18.354+0000] {processor.py:830} INFO - Processing file /opt/airflow/dags/example_dag_basic.py for tasks to queue
[2024-04-03T09:20:18.358+0000] {logging_mixin.py:188} INFO - [2024-04-03T09:20:18.358+0000] {dagbag.py:540} INFO - Filling up the DagBag from /opt/airflow/dags/example_dag_basic.py
[2024-04-03T09:20:18.384+0000] {processor.py:840} INFO - DAG(s) 'example_dag_basic' retrieved from /opt/airflow/dags/example_dag_basic.py
[2024-04-03T09:20:18.443+0000] {logging_mixin.py:188} INFO - [2024-04-03T09:20:18.443+0000] {dag.py:3047} INFO - Sync 1 DAGs
[2024-04-03T09:20:18.497+0000] {logging_mixin.py:188} INFO - [2024-04-03T09:20:18.497+0000] {dag.py:3834} INFO - Setting next_dagrun for example_dag_basic to 2024-04-02 00:00:00+00:00, run_after=2024-04-03 00:00:00+00:00
[2024-04-03T09:20:18.538+0000] {processor.py:183} INFO - Processing /opt/airflow/dags/example_dag_basic.py took 0.193 seconds
[2024-04-03T09:20:48.648+0000] {processor.py:161} INFO - Started process (PID=91) to work on /opt/airflow/dags/example_dag_basic.py
[2024-04-03T09:20:48.650+0000] {processor.py:830} INFO - Processing file /opt/airflow/dags/example_dag_basic.py for tasks to queue
[2024-04-03T09:20:48.654+0000] {logging_mixin.py:188} INFO - [2024-04-03T09:20:48.653+0000] {dagbag.py:540} INFO - Filling up the DagBag from /opt/airflow/dags/example_dag_basic.py
[2024-04-03T09:20:48.689+0000] {processor.py:840} INFO - DAG(s) 'example_dag_basic' retrieved from /opt/airflow/dags/example_dag_basic.py
[2024-04-03T09:20:48.747+0000] {logging_mixin.py:188} INFO - [2024-04-03T09:20:48.746+0000] {dag.py:3047} INFO - Sync 1 DAGs
[2024-04-03T09:20:48.800+0000] {logging_mixin.py:188} INFO - [2024-04-03T09:20:48.800+0000] {dag.py:3834} INFO - Setting next_dagrun for example_dag_basic to 2024-04-02 00:00:00+00:00, run_after=2024-04-03 00:00:00+00:00
[2024-04-03T09:20:48.840+0000] {processor.py:183} INFO - Processing /opt/airflow/dags/example_dag_basic.py took 0.200 seconds
[2024-04-03T09:21:18.946+0000] {processor.py:161} INFO - Started process (PID=100) to work on /opt/airflow/dags/example_dag_basic.py
[2024-04-03T09:21:18.948+0000] {processor.py:830} INFO - Processing file /opt/airflow/dags/example_dag_basic.py for tasks to queue
[2024-04-03T09:21:18.952+0000] {logging_mixin.py:188} INFO - [2024-04-03T09:21:18.952+0000] {dagbag.py:540} INFO - Filling up the DagBag from /opt/airflow/dags/example_dag_basic.py
[2024-04-03T09:21:18.978+0000] {processor.py:840} INFO - DAG(s) 'example_dag_basic' retrieved from /opt/airflow/dags/example_dag_basic.py
[2024-04-03T09:21:19.034+0000] {logging_mixin.py:188} INFO - [2024-04-03T09:21:19.034+0000] {dag.py:3047} INFO - Sync 1 DAGs
[2024-04-03T09:21:19.093+0000] {logging_mixin.py:188} INFO - [2024-04-03T09:21:19.093+0000] {dag.py:3834} INFO - Setting next_dagrun for example_dag_basic to 2024-04-02 00:00:00+00:00, run_after=2024-04-03 00:00:00+00:00
[2024-04-03T09:21:19.131+0000] {processor.py:183} INFO - Processing /opt/airflow/dags/example_dag_basic.py took 0.193 seconds
[2024-04-03T09:23:16.617+0000] {processor.py:161} INFO - Started process (PID=47) to work on /opt/airflow/dags/example_dag_basic.py
[2024-04-03T09:23:16.619+0000] {processor.py:830} INFO - Processing file /opt/airflow/dags/example_dag_basic.py for tasks to queue
[2024-04-03T09:23:16.623+0000] {logging_mixin.py:188} INFO - [2024-04-03T09:23:16.623+0000] {dagbag.py:540} INFO - Filling up the DagBag from /opt/airflow/dags/example_dag_basic.py
[2024-04-03T09:23:16.661+0000] {processor.py:840} INFO - DAG(s) 'example_dag_basic' retrieved from /opt/airflow/dags/example_dag_basic.py
[2024-04-03T09:23:17.140+0000] {logging_mixin.py:188} INFO - [2024-04-03T09:23:17.139+0000] {dag.py:3047} INFO - Sync 1 DAGs
[2024-04-03T09:23:17.190+0000] {logging_mixin.py:188} INFO - [2024-04-03T09:23:17.190+0000] {dag.py:3834} INFO - Setting next_dagrun for example_dag_basic to 2024-04-02 00:00:00+00:00, run_after=2024-04-03 00:00:00+00:00
[2024-04-03T09:23:17.232+0000] {processor.py:183} INFO - Processing /opt/airflow/dags/example_dag_basic.py took 0.623 seconds
[2024-04-03T09:23:47.874+0000] {processor.py:161} INFO - Started process (PID=56) to work on /opt/airflow/dags/example_dag_basic.py
[2024-04-03T09:23:47.875+0000] {processor.py:830} INFO - Processing file /opt/airflow/dags/example_dag_basic.py for tasks to queue
[2024-04-03T09:23:47.880+0000] {logging_mixin.py:188} INFO - [2024-04-03T09:23:47.879+0000] {dagbag.py:540} INFO - Filling up the DagBag from /opt/airflow/dags/example_dag_basic.py
[2024-04-03T09:23:47.909+0000] {processor.py:840} INFO - DAG(s) 'example_dag_basic' retrieved from /opt/airflow/dags/example_dag_basic.py
[2024-04-03T09:23:47.963+0000] {logging_mixin.py:188} INFO - [2024-04-03T09:23:47.962+0000] {dag.py:3047} INFO - Sync 1 DAGs
[2024-04-03T09:23:48.018+0000] {logging_mixin.py:188} INFO - [2024-04-03T09:23:48.017+0000] {dag.py:3834} INFO - Setting next_dagrun for example_dag_basic to 2024-04-02 00:00:00+00:00, run_after=2024-04-03 00:00:00+00:00
[2024-04-03T09:23:48.058+0000] {processor.py:183} INFO - Processing /opt/airflow/dags/example_dag_basic.py took 0.191 seconds
[2024-04-03T09:24:18.167+0000] {processor.py:161} INFO - Started process (PID=65) to work on /opt/airflow/dags/example_dag_basic.py
[2024-04-03T09:24:18.169+0000] {processor.py:830} INFO - Processing file /opt/airflow/dags/example_dag_basic.py for tasks to queue
[2024-04-03T09:24:18.173+0000] {logging_mixin.py:188} INFO - [2024-04-03T09:24:18.173+0000] {dagbag.py:540} INFO - Filling up the DagBag from /opt/airflow/dags/example_dag_basic.py
[2024-04-03T09:24:18.199+0000] {processor.py:840} INFO - DAG(s) 'example_dag_basic' retrieved from /opt/airflow/dags/example_dag_basic.py
[2024-04-03T09:24:18.255+0000] {logging_mixin.py:188} INFO - [2024-04-03T09:24:18.254+0000] {dag.py:3047} INFO - Sync 1 DAGs
[2024-04-03T09:24:18.310+0000] {logging_mixin.py:188} INFO - [2024-04-03T09:24:18.309+0000] {dag.py:3834} INFO - Setting next_dagrun for example_dag_basic to 2024-04-02 00:00:00+00:00, run_after=2024-04-03 00:00:00+00:00
[2024-04-03T09:24:18.349+0000] {processor.py:183} INFO - Processing /opt/airflow/dags/example_dag_basic.py took 0.188 seconds
[2024-04-03T09:24:48.459+0000] {processor.py:161} INFO - Started process (PID=74) to work on /opt/airflow/dags/example_dag_basic.py
[2024-04-03T09:24:48.461+0000] {processor.py:830} INFO - Processing file /opt/airflow/dags/example_dag_basic.py for tasks to queue
[2024-04-03T09:24:48.465+0000] {logging_mixin.py:188} INFO - [2024-04-03T09:24:48.464+0000] {dagbag.py:540} INFO - Filling up the DagBag from /opt/airflow/dags/example_dag_basic.py
[2024-04-03T09:24:48.490+0000] {processor.py:840} INFO - DAG(s) 'example_dag_basic' retrieved from /opt/airflow/dags/example_dag_basic.py
[2024-04-03T09:24:48.547+0000] {logging_mixin.py:188} INFO - [2024-04-03T09:24:48.546+0000] {dag.py:3047} INFO - Sync 1 DAGs
[2024-04-03T09:24:48.600+0000] {logging_mixin.py:188} INFO - [2024-04-03T09:24:48.600+0000] {dag.py:3834} INFO - Setting next_dagrun for example_dag_basic to 2024-04-02 00:00:00+00:00, run_after=2024-04-03 00:00:00+00:00
[2024-04-03T09:24:48.639+0000] {processor.py:183} INFO - Processing /opt/airflow/dags/example_dag_basic.py took 0.186 seconds
[2024-04-03T09:25:18.754+0000] {processor.py:161} INFO - Started process (PID=83) to work on /opt/airflow/dags/example_dag_basic.py
[2024-04-03T09:25:18.757+0000] {processor.py:830} INFO - Processing file /opt/airflow/dags/example_dag_basic.py for tasks to queue
[2024-04-03T09:25:18.761+0000] {logging_mixin.py:188} INFO - [2024-04-03T09:25:18.760+0000] {dagbag.py:540} INFO - Filling up the DagBag from /opt/airflow/dags/example_dag_basic.py
[2024-04-03T09:25:18.786+0000] {processor.py:840} INFO - DAG(s) 'example_dag_basic' retrieved from /opt/airflow/dags/example_dag_basic.py
[2024-04-03T09:25:18.842+0000] {logging_mixin.py:188} INFO - [2024-04-03T09:25:18.842+0000] {dag.py:3047} INFO - Sync 1 DAGs
[2024-04-03T09:25:18.896+0000] {logging_mixin.py:188} INFO - [2024-04-03T09:25:18.895+0000] {dag.py:3834} INFO - Setting next_dagrun for example_dag_basic to 2024-04-02 00:00:00+00:00, run_after=2024-04-03 00:00:00+00:00
[2024-04-03T09:25:18.934+0000] {processor.py:183} INFO - Processing /opt/airflow/dags/example_dag_basic.py took 0.187 seconds
[2024-04-03T09:27:46.812+0000] {processor.py:161} INFO - Started process (PID=46) to work on /opt/airflow/dags/example_dag_basic.py
[2024-04-03T09:27:46.815+0000] {processor.py:830} INFO - Processing file /opt/airflow/dags/example_dag_basic.py for tasks to queue
[2024-04-03T09:27:46.819+0000] {logging_mixin.py:188} INFO - [2024-04-03T09:27:46.818+0000] {dagbag.py:540} INFO - Filling up the DagBag from /opt/airflow/dags/example_dag_basic.py
[2024-04-03T09:27:46.852+0000] {processor.py:840} INFO - DAG(s) 'example_dag_basic' retrieved from /opt/airflow/dags/example_dag_basic.py
[2024-04-03T09:27:47.336+0000] {logging_mixin.py:188} INFO - [2024-04-03T09:27:47.336+0000] {dag.py:3047} INFO - Sync 1 DAGs
[2024-04-03T09:27:47.387+0000] {logging_mixin.py:188} INFO - [2024-04-03T09:27:47.387+0000] {dag.py:3834} INFO - Setting next_dagrun for example_dag_basic to 2024-04-02 00:00:00+00:00, run_after=2024-04-03 00:00:00+00:00
[2024-04-03T09:27:47.433+0000] {processor.py:183} INFO - Processing /opt/airflow/dags/example_dag_basic.py took 0.629 seconds
[2024-04-03T09:28:18.085+0000] {processor.py:161} INFO - Started process (PID=55) to work on /opt/airflow/dags/example_dag_basic.py
[2024-04-03T09:28:18.087+0000] {processor.py:830} INFO - Processing file /opt/airflow/dags/example_dag_basic.py for tasks to queue
[2024-04-03T09:28:18.092+0000] {logging_mixin.py:188} INFO - [2024-04-03T09:28:18.091+0000] {dagbag.py:540} INFO - Filling up the DagBag from /opt/airflow/dags/example_dag_basic.py
[2024-04-03T09:28:18.117+0000] {processor.py:840} INFO - DAG(s) 'example_dag_basic' retrieved from /opt/airflow/dags/example_dag_basic.py
[2024-04-03T09:28:18.173+0000] {logging_mixin.py:188} INFO - [2024-04-03T09:28:18.173+0000] {dag.py:3047} INFO - Sync 1 DAGs
[2024-04-03T09:28:18.229+0000] {logging_mixin.py:188} INFO - [2024-04-03T09:28:18.229+0000] {dag.py:3834} INFO - Setting next_dagrun for example_dag_basic to 2024-04-02 00:00:00+00:00, run_after=2024-04-03 00:00:00+00:00
[2024-04-03T09:28:18.268+0000] {processor.py:183} INFO - Processing /opt/airflow/dags/example_dag_basic.py took 0.190 seconds
[2024-04-03T09:28:48.375+0000] {processor.py:161} INFO - Started process (PID=64) to work on /opt/airflow/dags/example_dag_basic.py
[2024-04-03T09:28:48.377+0000] {processor.py:830} INFO - Processing file /opt/airflow/dags/example_dag_basic.py for tasks to queue
[2024-04-03T09:28:48.381+0000] {logging_mixin.py:188} INFO - [2024-04-03T09:28:48.381+0000] {dagbag.py:540} INFO - Filling up the DagBag from /opt/airflow/dags/example_dag_basic.py
[2024-04-03T09:28:48.407+0000] {processor.py:840} INFO - DAG(s) 'example_dag_basic' retrieved from /opt/airflow/dags/example_dag_basic.py
[2024-04-03T09:28:48.462+0000] {logging_mixin.py:188} INFO - [2024-04-03T09:28:48.462+0000] {dag.py:3047} INFO - Sync 1 DAGs
[2024-04-03T09:28:48.517+0000] {logging_mixin.py:188} INFO - [2024-04-03T09:28:48.517+0000] {dag.py:3834} INFO - Setting next_dagrun for example_dag_basic to 2024-04-02 00:00:00+00:00, run_after=2024-04-03 00:00:00+00:00
[2024-04-03T09:28:48.557+0000] {processor.py:183} INFO - Processing /opt/airflow/dags/example_dag_basic.py took 0.189 seconds
[2024-04-03T09:29:18.660+0000] {processor.py:161} INFO - Started process (PID=73) to work on /opt/airflow/dags/example_dag_basic.py
[2024-04-03T09:29:18.662+0000] {processor.py:830} INFO - Processing file /opt/airflow/dags/example_dag_basic.py for tasks to queue
[2024-04-03T09:29:18.666+0000] {logging_mixin.py:188} INFO - [2024-04-03T09:29:18.665+0000] {dagbag.py:540} INFO - Filling up the DagBag from /opt/airflow/dags/example_dag_basic.py
[2024-04-03T09:29:18.690+0000] {processor.py:840} INFO - DAG(s) 'example_dag_basic' retrieved from /opt/airflow/dags/example_dag_basic.py
[2024-04-03T09:29:18.748+0000] {logging_mixin.py:188} INFO - [2024-04-03T09:29:18.748+0000] {dag.py:3047} INFO - Sync 1 DAGs
[2024-04-03T09:29:18.802+0000] {logging_mixin.py:188} INFO - [2024-04-03T09:29:18.801+0000] {dag.py:3834} INFO - Setting next_dagrun for example_dag_basic to 2024-04-02 00:00:00+00:00, run_after=2024-04-03 00:00:00+00:00
[2024-04-03T09:29:18.840+0000] {processor.py:183} INFO - Processing /opt/airflow/dags/example_dag_basic.py took 0.187 seconds
[2024-04-03T09:29:48.954+0000] {processor.py:161} INFO - Started process (PID=82) to work on /opt/airflow/dags/example_dag_basic.py
[2024-04-03T09:29:48.957+0000] {processor.py:830} INFO - Processing file /opt/airflow/dags/example_dag_basic.py for tasks to queue
[2024-04-03T09:29:48.961+0000] {logging_mixin.py:188} INFO - [2024-04-03T09:29:48.960+0000] {dagbag.py:540} INFO - Filling up the DagBag from /opt/airflow/dags/example_dag_basic.py
[2024-04-03T09:29:48.986+0000] {processor.py:840} INFO - DAG(s) 'example_dag_basic' retrieved from /opt/airflow/dags/example_dag_basic.py
[2024-04-03T09:29:49.042+0000] {logging_mixin.py:188} INFO - [2024-04-03T09:29:49.041+0000] {dag.py:3047} INFO - Sync 1 DAGs
[2024-04-03T09:29:49.095+0000] {logging_mixin.py:188} INFO - [2024-04-03T09:29:49.095+0000] {dag.py:3834} INFO - Setting next_dagrun for example_dag_basic to 2024-04-02 00:00:00+00:00, run_after=2024-04-03 00:00:00+00:00
[2024-04-03T09:29:49.134+0000] {processor.py:183} INFO - Processing /opt/airflow/dags/example_dag_basic.py took 0.186 seconds
[2024-04-03T09:36:05.062+0000] {processor.py:161} INFO - Started process (PID=46) to work on /opt/airflow/dags/example_dag_basic.py
[2024-04-03T09:36:05.065+0000] {processor.py:830} INFO - Processing file /opt/airflow/dags/example_dag_basic.py for tasks to queue
[2024-04-03T09:36:05.069+0000] {logging_mixin.py:188} INFO - [2024-04-03T09:36:05.068+0000] {dagbag.py:540} INFO - Filling up the DagBag from /opt/airflow/dags/example_dag_basic.py
[2024-04-03T09:36:05.104+0000] {processor.py:840} INFO - DAG(s) 'example_dag_basic' retrieved from /opt/airflow/dags/example_dag_basic.py
[2024-04-03T09:36:05.599+0000] {logging_mixin.py:188} INFO - [2024-04-03T09:36:05.599+0000] {dag.py:3047} INFO - Sync 1 DAGs
[2024-04-03T09:36:05.649+0000] {logging_mixin.py:188} INFO - [2024-04-03T09:36:05.649+0000] {dag.py:3834} INFO - Setting next_dagrun for example_dag_basic to 2024-04-02 00:00:00+00:00, run_after=2024-04-03 00:00:00+00:00
[2024-04-03T09:36:05.696+0000] {processor.py:183} INFO - Processing /opt/airflow/dags/example_dag_basic.py took 0.643 seconds
[2024-04-03T09:36:36.323+0000] {processor.py:161} INFO - Started process (PID=55) to work on /opt/airflow/dags/example_dag_basic.py
[2024-04-03T09:36:36.325+0000] {processor.py:830} INFO - Processing file /opt/airflow/dags/example_dag_basic.py for tasks to queue
[2024-04-03T09:36:36.329+0000] {logging_mixin.py:188} INFO - [2024-04-03T09:36:36.329+0000] {dagbag.py:540} INFO - Filling up the DagBag from /opt/airflow/dags/example_dag_basic.py
[2024-04-03T09:36:36.355+0000] {processor.py:840} INFO - DAG(s) 'example_dag_basic' retrieved from /opt/airflow/dags/example_dag_basic.py
[2024-04-03T09:36:36.412+0000] {logging_mixin.py:188} INFO - [2024-04-03T09:36:36.411+0000] {dag.py:3047} INFO - Sync 1 DAGs
[2024-04-03T09:36:36.468+0000] {logging_mixin.py:188} INFO - [2024-04-03T09:36:36.467+0000] {dag.py:3834} INFO - Setting next_dagrun for example_dag_basic to 2024-04-02 00:00:00+00:00, run_after=2024-04-03 00:00:00+00:00
[2024-04-03T09:36:36.507+0000] {processor.py:183} INFO - Processing /opt/airflow/dags/example_dag_basic.py took 0.191 seconds
[2024-04-03T09:38:36.342+0000] {processor.py:161} INFO - Started process (PID=46) to work on /opt/airflow/dags/example_dag_basic.py
[2024-04-03T09:38:36.344+0000] {processor.py:830} INFO - Processing file /opt/airflow/dags/example_dag_basic.py for tasks to queue
[2024-04-03T09:38:36.348+0000] {logging_mixin.py:188} INFO - [2024-04-03T09:38:36.347+0000] {dagbag.py:540} INFO - Filling up the DagBag from /opt/airflow/dags/example_dag_basic.py
[2024-04-03T09:38:36.385+0000] {processor.py:840} INFO - DAG(s) 'example_dag_basic' retrieved from /opt/airflow/dags/example_dag_basic.py
[2024-04-03T09:38:36.884+0000] {logging_mixin.py:188} INFO - [2024-04-03T09:38:36.883+0000] {dag.py:3047} INFO - Sync 1 DAGs
[2024-04-03T09:38:36.944+0000] {logging_mixin.py:188} INFO - [2024-04-03T09:38:36.943+0000] {dag.py:3834} INFO - Setting next_dagrun for example_dag_basic to 2024-04-02 00:00:00+00:00, run_after=2024-04-03 00:00:00+00:00
[2024-04-03T09:38:36.990+0000] {processor.py:183} INFO - Processing /opt/airflow/dags/example_dag_basic.py took 0.657 seconds
[2024-04-03T09:39:07.604+0000] {processor.py:161} INFO - Started process (PID=55) to work on /opt/airflow/dags/example_dag_basic.py
[2024-04-03T09:39:07.606+0000] {processor.py:830} INFO - Processing file /opt/airflow/dags/example_dag_basic.py for tasks to queue
[2024-04-03T09:39:07.610+0000] {logging_mixin.py:188} INFO - [2024-04-03T09:39:07.609+0000] {dagbag.py:540} INFO - Filling up the DagBag from /opt/airflow/dags/example_dag_basic.py
[2024-04-03T09:39:07.635+0000] {processor.py:840} INFO - DAG(s) 'example_dag_basic' retrieved from /opt/airflow/dags/example_dag_basic.py
[2024-04-03T09:39:07.688+0000] {logging_mixin.py:188} INFO - [2024-04-03T09:39:07.688+0000] {dag.py:3047} INFO - Sync 1 DAGs
[2024-04-03T09:39:07.744+0000] {logging_mixin.py:188} INFO - [2024-04-03T09:39:07.743+0000] {dag.py:3834} INFO - Setting next_dagrun for example_dag_basic to 2024-04-02 00:00:00+00:00, run_after=2024-04-03 00:00:00+00:00
[2024-04-03T09:39:07.783+0000] {processor.py:183} INFO - Processing /opt/airflow/dags/example_dag_basic.py took 0.185 seconds
[2024-04-03T09:39:37.904+0000] {processor.py:161} INFO - Started process (PID=64) to work on /opt/airflow/dags/example_dag_basic.py
[2024-04-03T09:39:37.907+0000] {processor.py:830} INFO - Processing file /opt/airflow/dags/example_dag_basic.py for tasks to queue
[2024-04-03T09:39:37.910+0000] {logging_mixin.py:188} INFO - [2024-04-03T09:39:37.910+0000] {dagbag.py:540} INFO - Filling up the DagBag from /opt/airflow/dags/example_dag_basic.py
[2024-04-03T09:39:37.936+0000] {processor.py:840} INFO - DAG(s) 'example_dag_basic' retrieved from /opt/airflow/dags/example_dag_basic.py
[2024-04-03T09:39:37.993+0000] {logging_mixin.py:188} INFO - [2024-04-03T09:39:37.993+0000] {dag.py:3047} INFO - Sync 1 DAGs
[2024-04-03T09:39:38.053+0000] {logging_mixin.py:188} INFO - [2024-04-03T09:39:38.053+0000] {dag.py:3834} INFO - Setting next_dagrun for example_dag_basic to 2024-04-02 00:00:00+00:00, run_after=2024-04-03 00:00:00+00:00
[2024-04-03T09:39:38.091+0000] {processor.py:183} INFO - Processing /opt/airflow/dags/example_dag_basic.py took 0.194 seconds
[2024-04-03T09:40:08.194+0000] {processor.py:161} INFO - Started process (PID=73) to work on /opt/airflow/dags/example_dag_basic.py
[2024-04-03T09:40:08.197+0000] {processor.py:830} INFO - Processing file /opt/airflow/dags/example_dag_basic.py for tasks to queue
[2024-04-03T09:40:08.201+0000] {logging_mixin.py:188} INFO - [2024-04-03T09:40:08.201+0000] {dagbag.py:540} INFO - Filling up the DagBag from /opt/airflow/dags/example_dag_basic.py
[2024-04-03T09:40:08.230+0000] {processor.py:840} INFO - DAG(s) 'example_dag_basic' retrieved from /opt/airflow/dags/example_dag_basic.py
[2024-04-03T09:40:08.287+0000] {logging_mixin.py:188} INFO - [2024-04-03T09:40:08.286+0000] {dag.py:3047} INFO - Sync 1 DAGs
[2024-04-03T09:40:08.340+0000] {logging_mixin.py:188} INFO - [2024-04-03T09:40:08.339+0000] {dag.py:3834} INFO - Setting next_dagrun for example_dag_basic to 2024-04-02 00:00:00+00:00, run_after=2024-04-03 00:00:00+00:00
[2024-04-03T09:40:08.378+0000] {processor.py:183} INFO - Processing /opt/airflow/dags/example_dag_basic.py took 0.191 seconds
[2024-04-03T09:40:38.485+0000] {processor.py:161} INFO - Started process (PID=82) to work on /opt/airflow/dags/example_dag_basic.py
[2024-04-03T09:40:38.488+0000] {processor.py:830} INFO - Processing file /opt/airflow/dags/example_dag_basic.py for tasks to queue
[2024-04-03T09:40:38.492+0000] {logging_mixin.py:188} INFO - [2024-04-03T09:40:38.491+0000] {dagbag.py:540} INFO - Filling up the DagBag from /opt/airflow/dags/example_dag_basic.py
[2024-04-03T09:40:38.517+0000] {processor.py:840} INFO - DAG(s) 'example_dag_basic' retrieved from /opt/airflow/dags/example_dag_basic.py
[2024-04-03T09:40:38.573+0000] {logging_mixin.py:188} INFO - [2024-04-03T09:40:38.572+0000] {dag.py:3047} INFO - Sync 1 DAGs
[2024-04-03T09:40:38.630+0000] {logging_mixin.py:188} INFO - [2024-04-03T09:40:38.630+0000] {dag.py:3834} INFO - Setting next_dagrun for example_dag_basic to 2024-04-02 00:00:00+00:00, run_after=2024-04-03 00:00:00+00:00
[2024-04-03T09:40:38.685+0000] {processor.py:183} INFO - Processing /opt/airflow/dags/example_dag_basic.py took 0.207 seconds
[2024-04-03T09:41:08.786+0000] {processor.py:161} INFO - Started process (PID=91) to work on /opt/airflow/dags/example_dag_basic.py
[2024-04-03T09:41:08.789+0000] {processor.py:830} INFO - Processing file /opt/airflow/dags/example_dag_basic.py for tasks to queue
[2024-04-03T09:41:08.793+0000] {logging_mixin.py:188} INFO - [2024-04-03T09:41:08.792+0000] {dagbag.py:540} INFO - Filling up the DagBag from /opt/airflow/dags/example_dag_basic.py
[2024-04-03T09:41:08.819+0000] {processor.py:840} INFO - DAG(s) 'example_dag_basic' retrieved from /opt/airflow/dags/example_dag_basic.py
[2024-04-03T09:41:08.878+0000] {logging_mixin.py:188} INFO - [2024-04-03T09:41:08.877+0000] {dag.py:3047} INFO - Sync 1 DAGs
[2024-04-03T09:41:08.932+0000] {logging_mixin.py:188} INFO - [2024-04-03T09:41:08.932+0000] {dag.py:3834} INFO - Setting next_dagrun for example_dag_basic to 2024-04-02 00:00:00+00:00, run_after=2024-04-03 00:00:00+00:00
[2024-04-03T09:41:08.972+0000] {processor.py:183} INFO - Processing /opt/airflow/dags/example_dag_basic.py took 0.194 seconds
[2024-04-03T09:41:39.062+0000] {processor.py:161} INFO - Started process (PID=100) to work on /opt/airflow/dags/example_dag_basic.py
[2024-04-03T09:41:39.065+0000] {processor.py:830} INFO - Processing file /opt/airflow/dags/example_dag_basic.py for tasks to queue
[2024-04-03T09:41:39.069+0000] {logging_mixin.py:188} INFO - [2024-04-03T09:41:39.068+0000] {dagbag.py:540} INFO - Filling up the DagBag from /opt/airflow/dags/example_dag_basic.py
[2024-04-03T09:41:39.094+0000] {processor.py:840} INFO - DAG(s) 'example_dag_basic' retrieved from /opt/airflow/dags/example_dag_basic.py
[2024-04-03T09:41:39.150+0000] {logging_mixin.py:188} INFO - [2024-04-03T09:41:39.149+0000] {dag.py:3047} INFO - Sync 1 DAGs
[2024-04-03T09:41:39.204+0000] {logging_mixin.py:188} INFO - [2024-04-03T09:41:39.204+0000] {dag.py:3834} INFO - Setting next_dagrun for example_dag_basic to 2024-04-02 00:00:00+00:00, run_after=2024-04-03 00:00:00+00:00
[2024-04-03T09:41:39.247+0000] {processor.py:183} INFO - Processing /opt/airflow/dags/example_dag_basic.py took 0.191 seconds
[2024-04-03T09:42:09.366+0000] {processor.py:161} INFO - Started process (PID=109) to work on /opt/airflow/dags/example_dag_basic.py
[2024-04-03T09:42:09.368+0000] {processor.py:830} INFO - Processing file /opt/airflow/dags/example_dag_basic.py for tasks to queue
[2024-04-03T09:42:09.372+0000] {logging_mixin.py:188} INFO - [2024-04-03T09:42:09.371+0000] {dagbag.py:540} INFO - Filling up the DagBag from /opt/airflow/dags/example_dag_basic.py
[2024-04-03T09:42:09.397+0000] {processor.py:840} INFO - DAG(s) 'example_dag_basic' retrieved from /opt/airflow/dags/example_dag_basic.py
[2024-04-03T09:42:09.455+0000] {logging_mixin.py:188} INFO - [2024-04-03T09:42:09.454+0000] {dag.py:3047} INFO - Sync 1 DAGs
[2024-04-03T09:42:09.507+0000] {logging_mixin.py:188} INFO - [2024-04-03T09:42:09.506+0000] {dag.py:3834} INFO - Setting next_dagrun for example_dag_basic to 2024-04-02 00:00:00+00:00, run_after=2024-04-03 00:00:00+00:00
[2024-04-03T09:42:09.544+0000] {processor.py:183} INFO - Processing /opt/airflow/dags/example_dag_basic.py took 0.186 seconds
[2024-04-03T09:42:39.648+0000] {processor.py:161} INFO - Started process (PID=118) to work on /opt/airflow/dags/example_dag_basic.py
[2024-04-03T09:42:39.651+0000] {processor.py:830} INFO - Processing file /opt/airflow/dags/example_dag_basic.py for tasks to queue
[2024-04-03T09:42:39.655+0000] {logging_mixin.py:188} INFO - [2024-04-03T09:42:39.654+0000] {dagbag.py:540} INFO - Filling up the DagBag from /opt/airflow/dags/example_dag_basic.py
[2024-04-03T09:42:39.679+0000] {processor.py:840} INFO - DAG(s) 'example_dag_basic' retrieved from /opt/airflow/dags/example_dag_basic.py
[2024-04-03T09:42:39.736+0000] {logging_mixin.py:188} INFO - [2024-04-03T09:42:39.736+0000] {dag.py:3047} INFO - Sync 1 DAGs
[2024-04-03T09:42:39.790+0000] {logging_mixin.py:188} INFO - [2024-04-03T09:42:39.790+0000] {dag.py:3834} INFO - Setting next_dagrun for example_dag_basic to 2024-04-02 00:00:00+00:00, run_after=2024-04-03 00:00:00+00:00
[2024-04-03T09:42:39.830+0000] {processor.py:183} INFO - Processing /opt/airflow/dags/example_dag_basic.py took 0.188 seconds
[2024-04-03T09:43:09.943+0000] {processor.py:161} INFO - Started process (PID=127) to work on /opt/airflow/dags/example_dag_basic.py
[2024-04-03T09:43:09.945+0000] {processor.py:830} INFO - Processing file /opt/airflow/dags/example_dag_basic.py for tasks to queue
[2024-04-03T09:43:09.949+0000] {logging_mixin.py:188} INFO - [2024-04-03T09:43:09.949+0000] {dagbag.py:540} INFO - Filling up the DagBag from /opt/airflow/dags/example_dag_basic.py
[2024-04-03T09:43:09.975+0000] {processor.py:840} INFO - DAG(s) 'example_dag_basic' retrieved from /opt/airflow/dags/example_dag_basic.py
[2024-04-03T09:43:10.032+0000] {logging_mixin.py:188} INFO - [2024-04-03T09:43:10.031+0000] {dag.py:3047} INFO - Sync 1 DAGs
[2024-04-03T09:43:10.088+0000] {logging_mixin.py:188} INFO - [2024-04-03T09:43:10.087+0000] {dag.py:3834} INFO - Setting next_dagrun for example_dag_basic to 2024-04-02 00:00:00+00:00, run_after=2024-04-03 00:00:00+00:00
[2024-04-03T09:43:10.127+0000] {processor.py:183} INFO - Processing /opt/airflow/dags/example_dag_basic.py took 0.191 seconds
[2024-04-03T09:43:40.277+0000] {processor.py:161} INFO - Started process (PID=136) to work on /opt/airflow/dags/example_dag_basic.py
[2024-04-03T09:43:40.279+0000] {processor.py:830} INFO - Processing file /opt/airflow/dags/example_dag_basic.py for tasks to queue
[2024-04-03T09:43:40.283+0000] {logging_mixin.py:188} INFO - [2024-04-03T09:43:40.283+0000] {dagbag.py:540} INFO - Filling up the DagBag from /opt/airflow/dags/example_dag_basic.py
[2024-04-03T09:43:40.310+0000] {processor.py:840} INFO - DAG(s) 'example_dag_basic' retrieved from /opt/airflow/dags/example_dag_basic.py
[2024-04-03T09:43:40.371+0000] {logging_mixin.py:188} INFO - [2024-04-03T09:43:40.370+0000] {dag.py:3047} INFO - Sync 1 DAGs
[2024-04-03T09:43:40.428+0000] {logging_mixin.py:188} INFO - [2024-04-03T09:43:40.427+0000] {dag.py:3834} INFO - Setting next_dagrun for example_dag_basic to 2024-04-02 00:00:00+00:00, run_after=2024-04-03 00:00:00+00:00
[2024-04-03T09:43:40.468+0000] {processor.py:183} INFO - Processing /opt/airflow/dags/example_dag_basic.py took 0.198 seconds
[2024-04-03T09:44:10.567+0000] {processor.py:161} INFO - Started process (PID=145) to work on /opt/airflow/dags/example_dag_basic.py
[2024-04-03T09:44:10.569+0000] {processor.py:830} INFO - Processing file /opt/airflow/dags/example_dag_basic.py for tasks to queue
[2024-04-03T09:44:10.573+0000] {logging_mixin.py:188} INFO - [2024-04-03T09:44:10.572+0000] {dagbag.py:540} INFO - Filling up the DagBag from /opt/airflow/dags/example_dag_basic.py
[2024-04-03T09:44:10.599+0000] {processor.py:840} INFO - DAG(s) 'example_dag_basic' retrieved from /opt/airflow/dags/example_dag_basic.py
[2024-04-03T09:44:10.656+0000] {logging_mixin.py:188} INFO - [2024-04-03T09:44:10.655+0000] {dag.py:3047} INFO - Sync 1 DAGs
[2024-04-03T09:44:10.710+0000] {logging_mixin.py:188} INFO - [2024-04-03T09:44:10.710+0000] {dag.py:3834} INFO - Setting next_dagrun for example_dag_basic to 2024-04-02 00:00:00+00:00, run_after=2024-04-03 00:00:00+00:00
[2024-04-03T09:44:10.750+0000] {processor.py:183} INFO - Processing /opt/airflow/dags/example_dag_basic.py took 0.190 seconds
[2024-04-03T09:44:40.863+0000] {processor.py:161} INFO - Started process (PID=154) to work on /opt/airflow/dags/example_dag_basic.py
[2024-04-03T09:44:40.866+0000] {processor.py:830} INFO - Processing file /opt/airflow/dags/example_dag_basic.py for tasks to queue
[2024-04-03T09:44:40.870+0000] {logging_mixin.py:188} INFO - [2024-04-03T09:44:40.869+0000] {dagbag.py:540} INFO - Filling up the DagBag from /opt/airflow/dags/example_dag_basic.py
[2024-04-03T09:44:40.895+0000] {processor.py:840} INFO - DAG(s) 'example_dag_basic' retrieved from /opt/airflow/dags/example_dag_basic.py
[2024-04-03T09:44:40.952+0000] {logging_mixin.py:188} INFO - [2024-04-03T09:44:40.951+0000] {dag.py:3047} INFO - Sync 1 DAGs
[2024-04-03T09:44:41.005+0000] {logging_mixin.py:188} INFO - [2024-04-03T09:44:41.005+0000] {dag.py:3834} INFO - Setting next_dagrun for example_dag_basic to 2024-04-02 00:00:00+00:00, run_after=2024-04-03 00:00:00+00:00
[2024-04-03T09:44:41.043+0000] {processor.py:183} INFO - Processing /opt/airflow/dags/example_dag_basic.py took 0.187 seconds
[2024-04-03T09:45:11.168+0000] {processor.py:161} INFO - Started process (PID=163) to work on /opt/airflow/dags/example_dag_basic.py
[2024-04-03T09:45:11.171+0000] {processor.py:830} INFO - Processing file /opt/airflow/dags/example_dag_basic.py for tasks to queue
[2024-04-03T09:45:11.180+0000] {logging_mixin.py:188} INFO - [2024-04-03T09:45:11.179+0000] {dagbag.py:540} INFO - Filling up the DagBag from /opt/airflow/dags/example_dag_basic.py
[2024-04-03T09:45:11.206+0000] {processor.py:840} INFO - DAG(s) 'example_dag_basic' retrieved from /opt/airflow/dags/example_dag_basic.py
[2024-04-03T09:45:11.262+0000] {logging_mixin.py:188} INFO - [2024-04-03T09:45:11.262+0000] {dag.py:3047} INFO - Sync 1 DAGs
[2024-04-03T09:45:11.318+0000] {logging_mixin.py:188} INFO - [2024-04-03T09:45:11.317+0000] {dag.py:3834} INFO - Setting next_dagrun for example_dag_basic to 2024-04-02 00:00:00+00:00, run_after=2024-04-03 00:00:00+00:00
[2024-04-03T09:45:11.355+0000] {processor.py:183} INFO - Processing /opt/airflow/dags/example_dag_basic.py took 0.193 seconds
[2024-04-03T09:49:38.940+0000] {processor.py:161} INFO - Started process (PID=45) to work on /opt/airflow/dags/example_dag_basic.py
[2024-04-03T09:49:38.943+0000] {processor.py:830} INFO - Processing file /opt/airflow/dags/example_dag_basic.py for tasks to queue
[2024-04-03T09:49:38.947+0000] {logging_mixin.py:188} INFO - [2024-04-03T09:49:38.946+0000] {dagbag.py:540} INFO - Filling up the DagBag from /opt/airflow/dags/example_dag_basic.py
[2024-04-03T09:49:38.980+0000] {processor.py:840} INFO - DAG(s) 'example_dag_basic' retrieved from /opt/airflow/dags/example_dag_basic.py
[2024-04-03T09:49:39.482+0000] {logging_mixin.py:188} INFO - [2024-04-03T09:49:39.481+0000] {dag.py:3047} INFO - Sync 1 DAGs
[2024-04-03T09:49:39.535+0000] {logging_mixin.py:188} INFO - [2024-04-03T09:49:39.535+0000] {dag.py:3834} INFO - Setting next_dagrun for example_dag_basic to 2024-04-02 00:00:00+00:00, run_after=2024-04-03 00:00:00+00:00
[2024-04-03T09:49:39.582+0000] {processor.py:183} INFO - Processing /opt/airflow/dags/example_dag_basic.py took 0.649 seconds
[2024-04-03T09:50:10.215+0000] {processor.py:161} INFO - Started process (PID=54) to work on /opt/airflow/dags/example_dag_basic.py
[2024-04-03T09:50:10.217+0000] {processor.py:830} INFO - Processing file /opt/airflow/dags/example_dag_basic.py for tasks to queue
[2024-04-03T09:50:10.221+0000] {logging_mixin.py:188} INFO - [2024-04-03T09:50:10.220+0000] {dagbag.py:540} INFO - Filling up the DagBag from /opt/airflow/dags/example_dag_basic.py
[2024-04-03T09:50:10.246+0000] {processor.py:840} INFO - DAG(s) 'example_dag_basic' retrieved from /opt/airflow/dags/example_dag_basic.py
[2024-04-03T09:50:10.305+0000] {logging_mixin.py:188} INFO - [2024-04-03T09:50:10.304+0000] {dag.py:3047} INFO - Sync 1 DAGs
[2024-04-03T09:50:10.360+0000] {logging_mixin.py:188} INFO - [2024-04-03T09:50:10.359+0000] {dag.py:3834} INFO - Setting next_dagrun for example_dag_basic to 2024-04-02 00:00:00+00:00, run_after=2024-04-03 00:00:00+00:00
[2024-04-03T09:50:10.398+0000] {processor.py:183} INFO - Processing /opt/airflow/dags/example_dag_basic.py took 0.190 seconds
[2024-04-03T09:50:40.512+0000] {processor.py:161} INFO - Started process (PID=63) to work on /opt/airflow/dags/example_dag_basic.py
[2024-04-03T09:50:40.514+0000] {processor.py:830} INFO - Processing file /opt/airflow/dags/example_dag_basic.py for tasks to queue
[2024-04-03T09:50:40.518+0000] {logging_mixin.py:188} INFO - [2024-04-03T09:50:40.518+0000] {dagbag.py:540} INFO - Filling up the DagBag from /opt/airflow/dags/example_dag_basic.py
[2024-04-03T09:50:40.543+0000] {processor.py:840} INFO - DAG(s) 'example_dag_basic' retrieved from /opt/airflow/dags/example_dag_basic.py
[2024-04-03T09:50:40.600+0000] {logging_mixin.py:188} INFO - [2024-04-03T09:50:40.600+0000] {dag.py:3047} INFO - Sync 1 DAGs
[2024-04-03T09:50:40.654+0000] {logging_mixin.py:188} INFO - [2024-04-03T09:50:40.654+0000] {dag.py:3834} INFO - Setting next_dagrun for example_dag_basic to 2024-04-02 00:00:00+00:00, run_after=2024-04-03 00:00:00+00:00
[2024-04-03T09:50:40.692+0000] {processor.py:183} INFO - Processing /opt/airflow/dags/example_dag_basic.py took 0.188 seconds
[2024-04-03T09:51:10.813+0000] {processor.py:161} INFO - Started process (PID=72) to work on /opt/airflow/dags/example_dag_basic.py
[2024-04-03T09:51:10.816+0000] {processor.py:830} INFO - Processing file /opt/airflow/dags/example_dag_basic.py for tasks to queue
[2024-04-03T09:51:10.819+0000] {logging_mixin.py:188} INFO - [2024-04-03T09:51:10.819+0000] {dagbag.py:540} INFO - Filling up the DagBag from /opt/airflow/dags/example_dag_basic.py
[2024-04-03T09:51:10.845+0000] {processor.py:840} INFO - DAG(s) 'example_dag_basic' retrieved from /opt/airflow/dags/example_dag_basic.py
[2024-04-03T09:51:10.901+0000] {logging_mixin.py:188} INFO - [2024-04-03T09:51:10.901+0000] {dag.py:3047} INFO - Sync 1 DAGs
[2024-04-03T09:51:10.955+0000] {logging_mixin.py:188} INFO - [2024-04-03T09:51:10.954+0000] {dag.py:3834} INFO - Setting next_dagrun for example_dag_basic to 2024-04-02 00:00:00+00:00, run_after=2024-04-03 00:00:00+00:00
[2024-04-03T09:51:10.994+0000] {processor.py:183} INFO - Processing /opt/airflow/dags/example_dag_basic.py took 0.187 seconds
[2024-04-03T09:51:41.105+0000] {processor.py:161} INFO - Started process (PID=81) to work on /opt/airflow/dags/example_dag_basic.py
[2024-04-03T09:51:41.108+0000] {processor.py:830} INFO - Processing file /opt/airflow/dags/example_dag_basic.py for tasks to queue
[2024-04-03T09:51:41.112+0000] {logging_mixin.py:188} INFO - [2024-04-03T09:51:41.111+0000] {dagbag.py:540} INFO - Filling up the DagBag from /opt/airflow/dags/example_dag_basic.py
[2024-04-03T09:51:41.137+0000] {processor.py:840} INFO - DAG(s) 'example_dag_basic' retrieved from /opt/airflow/dags/example_dag_basic.py
[2024-04-03T09:51:41.193+0000] {logging_mixin.py:188} INFO - [2024-04-03T09:51:41.193+0000] {dag.py:3047} INFO - Sync 1 DAGs
[2024-04-03T09:51:41.248+0000] {logging_mixin.py:188} INFO - [2024-04-03T09:51:41.247+0000] {dag.py:3834} INFO - Setting next_dagrun for example_dag_basic to 2024-04-02 00:00:00+00:00, run_after=2024-04-03 00:00:00+00:00
[2024-04-03T09:51:41.286+0000] {processor.py:183} INFO - Processing /opt/airflow/dags/example_dag_basic.py took 0.188 seconds
[2024-04-03T09:52:11.393+0000] {processor.py:161} INFO - Started process (PID=90) to work on /opt/airflow/dags/example_dag_basic.py
[2024-04-03T09:52:11.396+0000] {processor.py:830} INFO - Processing file /opt/airflow/dags/example_dag_basic.py for tasks to queue
[2024-04-03T09:52:11.400+0000] {logging_mixin.py:188} INFO - [2024-04-03T09:52:11.399+0000] {dagbag.py:540} INFO - Filling up the DagBag from /opt/airflow/dags/example_dag_basic.py
[2024-04-03T09:52:11.425+0000] {processor.py:840} INFO - DAG(s) 'example_dag_basic' retrieved from /opt/airflow/dags/example_dag_basic.py
[2024-04-03T09:52:11.481+0000] {logging_mixin.py:188} INFO - [2024-04-03T09:52:11.480+0000] {dag.py:3047} INFO - Sync 1 DAGs
[2024-04-03T09:52:11.538+0000] {logging_mixin.py:188} INFO - [2024-04-03T09:52:11.538+0000] {dag.py:3834} INFO - Setting next_dagrun for example_dag_basic to 2024-04-02 00:00:00+00:00, run_after=2024-04-03 00:00:00+00:00
[2024-04-03T09:52:11.576+0000] {processor.py:183} INFO - Processing /opt/airflow/dags/example_dag_basic.py took 0.190 seconds
[2024-04-03T09:52:41.689+0000] {processor.py:161} INFO - Started process (PID=99) to work on /opt/airflow/dags/example_dag_basic.py
[2024-04-03T09:52:41.692+0000] {processor.py:830} INFO - Processing file /opt/airflow/dags/example_dag_basic.py for tasks to queue
[2024-04-03T09:52:41.696+0000] {logging_mixin.py:188} INFO - [2024-04-03T09:52:41.695+0000] {dagbag.py:540} INFO - Filling up the DagBag from /opt/airflow/dags/example_dag_basic.py
[2024-04-03T09:52:41.721+0000] {processor.py:840} INFO - DAG(s) 'example_dag_basic' retrieved from /opt/airflow/dags/example_dag_basic.py
[2024-04-03T09:52:41.778+0000] {logging_mixin.py:188} INFO - [2024-04-03T09:52:41.778+0000] {dag.py:3047} INFO - Sync 1 DAGs
[2024-04-03T09:52:41.833+0000] {logging_mixin.py:188} INFO - [2024-04-03T09:52:41.833+0000] {dag.py:3834} INFO - Setting next_dagrun for example_dag_basic to 2024-04-02 00:00:00+00:00, run_after=2024-04-03 00:00:00+00:00
[2024-04-03T09:52:41.874+0000] {processor.py:183} INFO - Processing /opt/airflow/dags/example_dag_basic.py took 0.192 seconds
[2024-04-03T09:53:11.978+0000] {processor.py:161} INFO - Started process (PID=108) to work on /opt/airflow/dags/example_dag_basic.py
[2024-04-03T09:53:11.981+0000] {processor.py:830} INFO - Processing file /opt/airflow/dags/example_dag_basic.py for tasks to queue
[2024-04-03T09:53:11.985+0000] {logging_mixin.py:188} INFO - [2024-04-03T09:53:11.984+0000] {dagbag.py:540} INFO - Filling up the DagBag from /opt/airflow/dags/example_dag_basic.py
[2024-04-03T09:53:12.012+0000] {processor.py:840} INFO - DAG(s) 'example_dag_basic' retrieved from /opt/airflow/dags/example_dag_basic.py
[2024-04-03T09:53:12.070+0000] {logging_mixin.py:188} INFO - [2024-04-03T09:53:12.070+0000] {dag.py:3047} INFO - Sync 1 DAGs
[2024-04-03T09:53:12.124+0000] {logging_mixin.py:188} INFO - [2024-04-03T09:53:12.124+0000] {dag.py:3834} INFO - Setting next_dagrun for example_dag_basic to 2024-04-02 00:00:00+00:00, run_after=2024-04-03 00:00:00+00:00
[2024-04-03T09:53:12.163+0000] {processor.py:183} INFO - Processing /opt/airflow/dags/example_dag_basic.py took 0.191 seconds
[2024-04-03T09:53:42.277+0000] {processor.py:161} INFO - Started process (PID=117) to work on /opt/airflow/dags/example_dag_basic.py
[2024-04-03T09:53:42.280+0000] {processor.py:830} INFO - Processing file /opt/airflow/dags/example_dag_basic.py for tasks to queue
[2024-04-03T09:53:42.284+0000] {logging_mixin.py:188} INFO - [2024-04-03T09:53:42.283+0000] {dagbag.py:540} INFO - Filling up the DagBag from /opt/airflow/dags/example_dag_basic.py
[2024-04-03T09:53:42.310+0000] {processor.py:840} INFO - DAG(s) 'example_dag_basic' retrieved from /opt/airflow/dags/example_dag_basic.py
[2024-04-03T09:53:42.366+0000] {logging_mixin.py:188} INFO - [2024-04-03T09:53:42.366+0000] {dag.py:3047} INFO - Sync 1 DAGs
[2024-04-03T09:53:42.421+0000] {logging_mixin.py:188} INFO - [2024-04-03T09:53:42.420+0000] {dag.py:3834} INFO - Setting next_dagrun for example_dag_basic to 2024-04-02 00:00:00+00:00, run_after=2024-04-03 00:00:00+00:00
[2024-04-03T09:53:42.459+0000] {processor.py:183} INFO - Processing /opt/airflow/dags/example_dag_basic.py took 0.189 seconds
[2024-04-03T09:54:12.568+0000] {processor.py:161} INFO - Started process (PID=126) to work on /opt/airflow/dags/example_dag_basic.py
[2024-04-03T09:54:12.571+0000] {processor.py:830} INFO - Processing file /opt/airflow/dags/example_dag_basic.py for tasks to queue
[2024-04-03T09:54:12.575+0000] {logging_mixin.py:188} INFO - [2024-04-03T09:54:12.574+0000] {dagbag.py:540} INFO - Filling up the DagBag from /opt/airflow/dags/example_dag_basic.py
[2024-04-03T09:54:12.600+0000] {processor.py:840} INFO - DAG(s) 'example_dag_basic' retrieved from /opt/airflow/dags/example_dag_basic.py
[2024-04-03T09:54:12.657+0000] {logging_mixin.py:188} INFO - [2024-04-03T09:54:12.656+0000] {dag.py:3047} INFO - Sync 1 DAGs
[2024-04-03T09:54:12.712+0000] {logging_mixin.py:188} INFO - [2024-04-03T09:54:12.712+0000] {dag.py:3834} INFO - Setting next_dagrun for example_dag_basic to 2024-04-02 00:00:00+00:00, run_after=2024-04-03 00:00:00+00:00
[2024-04-03T09:54:12.751+0000] {processor.py:183} INFO - Processing /opt/airflow/dags/example_dag_basic.py took 0.189 seconds
[2024-04-03T09:55:55.366+0000] {processor.py:161} INFO - Started process (PID=46) to work on /opt/airflow/dags/example_dag_basic.py
[2024-04-03T09:55:55.369+0000] {processor.py:830} INFO - Processing file /opt/airflow/dags/example_dag_basic.py for tasks to queue
[2024-04-03T09:55:55.373+0000] {logging_mixin.py:188} INFO - [2024-04-03T09:55:55.372+0000] {dagbag.py:540} INFO - Filling up the DagBag from /opt/airflow/dags/example_dag_basic.py
[2024-04-03T09:55:55.406+0000] {processor.py:840} INFO - DAG(s) 'example_dag_basic' retrieved from /opt/airflow/dags/example_dag_basic.py
[2024-04-03T09:55:55.918+0000] {logging_mixin.py:188} INFO - [2024-04-03T09:55:55.917+0000] {dag.py:3047} INFO - Sync 1 DAGs
[2024-04-03T09:55:55.970+0000] {logging_mixin.py:188} INFO - [2024-04-03T09:55:55.970+0000] {dag.py:3834} INFO - Setting next_dagrun for example_dag_basic to 2024-04-02 00:00:00+00:00, run_after=2024-04-03 00:00:00+00:00
[2024-04-03T09:55:56.015+0000] {processor.py:183} INFO - Processing /opt/airflow/dags/example_dag_basic.py took 0.657 seconds
[2024-04-03T09:56:26.655+0000] {processor.py:161} INFO - Started process (PID=55) to work on /opt/airflow/dags/example_dag_basic.py
[2024-04-03T09:56:26.658+0000] {processor.py:830} INFO - Processing file /opt/airflow/dags/example_dag_basic.py for tasks to queue
[2024-04-03T09:56:26.662+0000] {logging_mixin.py:188} INFO - [2024-04-03T09:56:26.661+0000] {dagbag.py:540} INFO - Filling up the DagBag from /opt/airflow/dags/example_dag_basic.py
[2024-04-03T09:56:26.687+0000] {processor.py:840} INFO - DAG(s) 'example_dag_basic' retrieved from /opt/airflow/dags/example_dag_basic.py
[2024-04-03T09:56:26.747+0000] {logging_mixin.py:188} INFO - [2024-04-03T09:56:26.747+0000] {dag.py:3047} INFO - Sync 1 DAGs
[2024-04-03T09:56:26.804+0000] {logging_mixin.py:188} INFO - [2024-04-03T09:56:26.804+0000] {dag.py:3834} INFO - Setting next_dagrun for example_dag_basic to 2024-04-02 00:00:00+00:00, run_after=2024-04-03 00:00:00+00:00
[2024-04-03T09:56:26.845+0000] {processor.py:183} INFO - Processing /opt/airflow/dags/example_dag_basic.py took 0.197 seconds
[2024-04-03T09:56:56.951+0000] {processor.py:161} INFO - Started process (PID=64) to work on /opt/airflow/dags/example_dag_basic.py
[2024-04-03T09:56:56.953+0000] {processor.py:830} INFO - Processing file /opt/airflow/dags/example_dag_basic.py for tasks to queue
[2024-04-03T09:56:56.957+0000] {logging_mixin.py:188} INFO - [2024-04-03T09:56:56.957+0000] {dagbag.py:540} INFO - Filling up the DagBag from /opt/airflow/dags/example_dag_basic.py
[2024-04-03T09:56:56.983+0000] {processor.py:840} INFO - DAG(s) 'example_dag_basic' retrieved from /opt/airflow/dags/example_dag_basic.py
[2024-04-03T09:56:57.040+0000] {logging_mixin.py:188} INFO - [2024-04-03T09:56:57.039+0000] {dag.py:3047} INFO - Sync 1 DAGs
[2024-04-03T09:56:57.097+0000] {logging_mixin.py:188} INFO - [2024-04-03T09:56:57.096+0000] {dag.py:3834} INFO - Setting next_dagrun for example_dag_basic to 2024-04-02 00:00:00+00:00, run_after=2024-04-03 00:00:00+00:00
[2024-04-03T09:56:57.137+0000] {processor.py:183} INFO - Processing /opt/airflow/dags/example_dag_basic.py took 0.193 seconds
[2024-04-03T09:57:27.236+0000] {processor.py:161} INFO - Started process (PID=73) to work on /opt/airflow/dags/example_dag_basic.py
[2024-04-03T09:57:27.239+0000] {processor.py:830} INFO - Processing file /opt/airflow/dags/example_dag_basic.py for tasks to queue
[2024-04-03T09:57:27.243+0000] {logging_mixin.py:188} INFO - [2024-04-03T09:57:27.242+0000] {dagbag.py:540} INFO - Filling up the DagBag from /opt/airflow/dags/example_dag_basic.py
[2024-04-03T09:57:27.268+0000] {processor.py:840} INFO - DAG(s) 'example_dag_basic' retrieved from /opt/airflow/dags/example_dag_basic.py
[2024-04-03T09:57:27.326+0000] {logging_mixin.py:188} INFO - [2024-04-03T09:57:27.325+0000] {dag.py:3047} INFO - Sync 1 DAGs
[2024-04-03T09:57:27.384+0000] {logging_mixin.py:188} INFO - [2024-04-03T09:57:27.383+0000] {dag.py:3834} INFO - Setting next_dagrun for example_dag_basic to 2024-04-02 00:00:00+00:00, run_after=2024-04-03 00:00:00+00:00
[2024-04-03T09:57:27.425+0000] {processor.py:183} INFO - Processing /opt/airflow/dags/example_dag_basic.py took 0.195 seconds
[2024-04-03T09:57:57.555+0000] {processor.py:161} INFO - Started process (PID=83) to work on /opt/airflow/dags/example_dag_basic.py
[2024-04-03T09:57:57.558+0000] {processor.py:830} INFO - Processing file /opt/airflow/dags/example_dag_basic.py for tasks to queue
[2024-04-03T09:57:57.562+0000] {logging_mixin.py:188} INFO - [2024-04-03T09:57:57.561+0000] {dagbag.py:540} INFO - Filling up the DagBag from /opt/airflow/dags/example_dag_basic.py
[2024-04-03T09:57:57.587+0000] {processor.py:840} INFO - DAG(s) 'example_dag_basic' retrieved from /opt/airflow/dags/example_dag_basic.py
[2024-04-03T09:57:57.645+0000] {logging_mixin.py:188} INFO - [2024-04-03T09:57:57.645+0000] {dag.py:3047} INFO - Sync 1 DAGs
[2024-04-03T09:57:57.699+0000] {logging_mixin.py:188} INFO - [2024-04-03T09:57:57.699+0000] {dag.py:3834} INFO - Setting next_dagrun for example_dag_basic to 2024-04-02 00:00:00+00:00, run_after=2024-04-03 00:00:00+00:00
[2024-04-03T09:57:57.737+0000] {processor.py:183} INFO - Processing /opt/airflow/dags/example_dag_basic.py took 0.190 seconds
[2024-04-03T09:58:27.940+0000] {processor.py:161} INFO - Started process (PID=92) to work on /opt/airflow/dags/example_dag_basic.py
[2024-04-03T09:58:27.942+0000] {processor.py:830} INFO - Processing file /opt/airflow/dags/example_dag_basic.py for tasks to queue
[2024-04-03T09:58:27.945+0000] {logging_mixin.py:188} INFO - [2024-04-03T09:58:27.945+0000] {dagbag.py:540} INFO - Filling up the DagBag from /opt/airflow/dags/example_dag_basic.py
[2024-04-03T09:58:27.971+0000] {processor.py:840} INFO - DAG(s) 'example_dag_basic' retrieved from /opt/airflow/dags/example_dag_basic.py
[2024-04-03T09:58:28.029+0000] {logging_mixin.py:188} INFO - [2024-04-03T09:58:28.029+0000] {dag.py:3047} INFO - Sync 1 DAGs
[2024-04-03T09:58:28.084+0000] {logging_mixin.py:188} INFO - [2024-04-03T09:58:28.084+0000] {dag.py:3834} INFO - Setting next_dagrun for example_dag_basic to 2024-04-02 00:00:00+00:00, run_after=2024-04-03 00:00:00+00:00
[2024-04-03T09:58:28.123+0000] {processor.py:183} INFO - Processing /opt/airflow/dags/example_dag_basic.py took 0.190 seconds
[2024-04-03T09:58:58.332+0000] {processor.py:161} INFO - Started process (PID=101) to work on /opt/airflow/dags/example_dag_basic.py
[2024-04-03T09:58:58.335+0000] {processor.py:830} INFO - Processing file /opt/airflow/dags/example_dag_basic.py for tasks to queue
[2024-04-03T09:58:58.339+0000] {logging_mixin.py:188} INFO - [2024-04-03T09:58:58.338+0000] {dagbag.py:540} INFO - Filling up the DagBag from /opt/airflow/dags/example_dag_basic.py
[2024-04-03T09:58:58.365+0000] {processor.py:840} INFO - DAG(s) 'example_dag_basic' retrieved from /opt/airflow/dags/example_dag_basic.py
[2024-04-03T09:58:58.423+0000] {logging_mixin.py:188} INFO - [2024-04-03T09:58:58.422+0000] {dag.py:3047} INFO - Sync 1 DAGs
[2024-04-03T09:58:58.478+0000] {logging_mixin.py:188} INFO - [2024-04-03T09:58:58.477+0000] {dag.py:3834} INFO - Setting next_dagrun for example_dag_basic to 2024-04-02 00:00:00+00:00, run_after=2024-04-03 00:00:00+00:00
[2024-04-03T09:58:58.523+0000] {processor.py:183} INFO - Processing /opt/airflow/dags/example_dag_basic.py took 0.199 seconds
[2024-04-03T09:59:28.730+0000] {processor.py:161} INFO - Started process (PID=111) to work on /opt/airflow/dags/example_dag_basic.py
[2024-04-03T09:59:28.733+0000] {processor.py:830} INFO - Processing file /opt/airflow/dags/example_dag_basic.py for tasks to queue
[2024-04-03T09:59:28.736+0000] {logging_mixin.py:188} INFO - [2024-04-03T09:59:28.736+0000] {dagbag.py:540} INFO - Filling up the DagBag from /opt/airflow/dags/example_dag_basic.py
[2024-04-03T09:59:28.761+0000] {processor.py:840} INFO - DAG(s) 'example_dag_basic' retrieved from /opt/airflow/dags/example_dag_basic.py
[2024-04-03T09:59:28.830+0000] {logging_mixin.py:188} INFO - [2024-04-03T09:59:28.830+0000] {dag.py:3047} INFO - Sync 1 DAGs
[2024-04-03T09:59:28.883+0000] {logging_mixin.py:188} INFO - [2024-04-03T09:59:28.883+0000] {dag.py:3834} INFO - Setting next_dagrun for example_dag_basic to 2024-04-02 00:00:00+00:00, run_after=2024-04-03 00:00:00+00:00
[2024-04-03T09:59:28.921+0000] {processor.py:183} INFO - Processing /opt/airflow/dags/example_dag_basic.py took 0.199 seconds
[2024-04-03T09:59:59.133+0000] {processor.py:161} INFO - Started process (PID=121) to work on /opt/airflow/dags/example_dag_basic.py
[2024-04-03T09:59:59.136+0000] {processor.py:830} INFO - Processing file /opt/airflow/dags/example_dag_basic.py for tasks to queue
[2024-04-03T09:59:59.140+0000] {logging_mixin.py:188} INFO - [2024-04-03T09:59:59.139+0000] {dagbag.py:540} INFO - Filling up the DagBag from /opt/airflow/dags/example_dag_basic.py
[2024-04-03T09:59:59.165+0000] {processor.py:840} INFO - DAG(s) 'example_dag_basic' retrieved from /opt/airflow/dags/example_dag_basic.py
[2024-04-03T09:59:59.222+0000] {logging_mixin.py:188} INFO - [2024-04-03T09:59:59.222+0000] {dag.py:3047} INFO - Sync 1 DAGs
[2024-04-03T09:59:59.275+0000] {logging_mixin.py:188} INFO - [2024-04-03T09:59:59.275+0000] {dag.py:3834} INFO - Setting next_dagrun for example_dag_basic to 2024-04-02 00:00:00+00:00, run_after=2024-04-03 00:00:00+00:00
[2024-04-03T09:59:59.313+0000] {processor.py:183} INFO - Processing /opt/airflow/dags/example_dag_basic.py took 0.188 seconds
[2024-04-03T10:00:29.477+0000] {processor.py:161} INFO - Started process (PID=130) to work on /opt/airflow/dags/example_dag_basic.py
[2024-04-03T10:00:29.481+0000] {processor.py:830} INFO - Processing file /opt/airflow/dags/example_dag_basic.py for tasks to queue
[2024-04-03T10:00:29.485+0000] {logging_mixin.py:188} INFO - [2024-04-03T10:00:29.484+0000] {dagbag.py:540} INFO - Filling up the DagBag from /opt/airflow/dags/example_dag_basic.py
[2024-04-03T10:00:29.510+0000] {processor.py:840} INFO - DAG(s) 'example_dag_basic' retrieved from /opt/airflow/dags/example_dag_basic.py
[2024-04-03T10:00:29.567+0000] {logging_mixin.py:188} INFO - [2024-04-03T10:00:29.566+0000] {dag.py:3047} INFO - Sync 1 DAGs
[2024-04-03T10:00:29.622+0000] {logging_mixin.py:188} INFO - [2024-04-03T10:00:29.622+0000] {dag.py:3834} INFO - Setting next_dagrun for example_dag_basic to 2024-04-02 00:00:00+00:00, run_after=2024-04-03 00:00:00+00:00
[2024-04-03T10:00:29.661+0000] {processor.py:183} INFO - Processing /opt/airflow/dags/example_dag_basic.py took 0.192 seconds
[2024-04-03T10:00:59.765+0000] {processor.py:161} INFO - Started process (PID=139) to work on /opt/airflow/dags/example_dag_basic.py
[2024-04-03T10:00:59.767+0000] {processor.py:830} INFO - Processing file /opt/airflow/dags/example_dag_basic.py for tasks to queue
[2024-04-03T10:00:59.772+0000] {logging_mixin.py:188} INFO - [2024-04-03T10:00:59.771+0000] {dagbag.py:540} INFO - Filling up the DagBag from /opt/airflow/dags/example_dag_basic.py
[2024-04-03T10:00:59.797+0000] {processor.py:840} INFO - DAG(s) 'example_dag_basic' retrieved from /opt/airflow/dags/example_dag_basic.py
[2024-04-03T10:00:59.853+0000] {logging_mixin.py:188} INFO - [2024-04-03T10:00:59.852+0000] {dag.py:3047} INFO - Sync 1 DAGs
[2024-04-03T10:00:59.906+0000] {logging_mixin.py:188} INFO - [2024-04-03T10:00:59.905+0000] {dag.py:3834} INFO - Setting next_dagrun for example_dag_basic to 2024-04-02 00:00:00+00:00, run_after=2024-04-03 00:00:00+00:00
[2024-04-03T10:00:59.943+0000] {processor.py:183} INFO - Processing /opt/airflow/dags/example_dag_basic.py took 0.187 seconds
