[2024-04-04T10:21:14.412+0000] {taskinstance.py:1979} INFO - Dependencies all met for dep_context=non-requeueable deps ti=<TaskInstance: real_estates.extract_real_estate_urls manual__2024-04-04T08:47:03.043176+00:00 [queued]>
[2024-04-04T10:21:14.433+0000] {taskinstance.py:1979} INFO - Dependencies all met for dep_context=requeueable deps ti=<TaskInstance: real_estates.extract_real_estate_urls manual__2024-04-04T08:47:03.043176+00:00 [queued]>
[2024-04-04T10:21:14.433+0000] {taskinstance.py:2193} INFO - Starting attempt 10 of 10
[2024-04-04T10:21:14.460+0000] {taskinstance.py:2217} INFO - Executing <Task(_PythonDecoratedOperator): extract_real_estate_urls> on 2024-04-04 08:47:03.043176+00:00
[2024-04-04T10:21:14.475+0000] {standard_task_runner.py:60} INFO - Started process 5385 to run task
[2024-04-04T10:21:14.482+0000] {standard_task_runner.py:87} INFO - Running: ['***', 'tasks', 'run', 'real_estates', 'extract_real_estate_urls', 'manual__2024-04-04T08:47:03.043176+00:00', '--job-id', '236', '--raw', '--subdir', 'DAGS_FOLDER/real_estates/__init__.py', '--cfg-path', '/tmp/tmpndeja5sr']
[2024-04-04T10:21:14.487+0000] {standard_task_runner.py:88} INFO - Job 236: Subtask extract_real_estate_urls
[2024-04-04T10:21:14.911+0000] {task_command.py:423} INFO - Running <TaskInstance: real_estates.extract_real_estate_urls manual__2024-04-04T08:47:03.043176+00:00 [running]> on host 05a350db99a0
[2024-04-04T10:21:15.066+0000] {taskinstance.py:2513} INFO - Exporting env vars: AIRFLOW_CTX_DAG_OWNER='***' AIRFLOW_CTX_DAG_ID='real_estates' AIRFLOW_CTX_TASK_ID='extract_real_estate_urls' AIRFLOW_CTX_EXECUTION_DATE='2024-04-04T08:47:03.043176+00:00' AIRFLOW_CTX_TRY_NUMBER='10' AIRFLOW_CTX_DAG_RUN_ID='manual__2024-04-04T08:47:03.043176+00:00'
[2024-04-04T10:21:16.875+0000] {urls.py:36} INFO - Found 88810 real estates
[2024-04-04T10:21:16.881+0000] {urls.py:41} INFO - Found 2226 pages
[2024-04-04T10:21:50.424+0000] {urls.py:55} INFO - Batch 1/1 fetched 2226 pages
[2024-04-04T10:52:27.107+0000] {urls.py:106} WARNING - No real estate divs found on page 2208
[2024-04-04T10:52:27.898+0000] {urls.py:106} WARNING - No real estate divs found on page 2209
[2024-04-04T10:52:31.701+0000] {urls.py:106} WARNING - No real estate divs found on page 2215
[2024-04-04T10:52:32.739+0000] {urls.py:106} WARNING - No real estate divs found on page 2216
[2024-04-04T10:52:33.463+0000] {urls.py:106} WARNING - No real estate divs found on page 2217
[2024-04-04T10:52:34.150+0000] {urls.py:106} WARNING - No real estate divs found on page 2218
[2024-04-04T10:52:34.862+0000] {urls.py:106} WARNING - No real estate divs found on page 2219
[2024-04-04T10:52:35.614+0000] {urls.py:106} WARNING - No real estate divs found on page 2220
[2024-04-04T10:52:37.329+0000] {urls.py:106} WARNING - No real estate divs found on page 2222
[2024-04-04T10:52:38.667+0000] {urls.py:106} WARNING - No real estate divs found on page 2224
[2024-04-04T10:52:39.817+0000] {urls.py:106} WARNING - No real estate divs found on page 2225
[2024-04-04T10:52:40.289+0000] {urls.py:106} WARNING - No real estate divs found on page 2226
[2024-04-04T10:52:40.568+0000] {python.py:204} INFO - Done. Returned value not shown
[2024-04-04T10:52:40.824+0000] {taskinstance.py:1149} INFO - Marking task as SUCCESS. dag_id=real_estates, task_id=extract_real_estate_urls, execution_date=20240404T084703, start_date=20240404T102114, end_date=20240404T105240
[2024-04-04T10:52:40.969+0000] {local_task_job_runner.py:234} INFO - Task exited with return code 0
[2024-04-04T10:52:41.023+0000] {taskinstance.py:3312} INFO - 2 downstream tasks scheduled from follow-on schedule check
