[2024-04-04T09:24:30.858+0000] {taskinstance.py:1979} INFO - Dependencies all met for dep_context=non-requeueable deps ti=<TaskInstance: real_estates.extract_real_estate_urls manual__2024-04-04T08:47:03.043176+00:00 [queued]>
[2024-04-04T09:24:30.876+0000] {taskinstance.py:1979} INFO - Dependencies all met for dep_context=requeueable deps ti=<TaskInstance: real_estates.extract_real_estate_urls manual__2024-04-04T08:47:03.043176+00:00 [queued]>
[2024-04-04T09:24:30.877+0000] {taskinstance.py:2193} INFO - Starting attempt 4 of 4
[2024-04-04T09:24:30.905+0000] {taskinstance.py:2217} INFO - Executing <Task(_PythonDecoratedOperator): extract_real_estate_urls> on 2024-04-04 08:47:03.043176+00:00
[2024-04-04T09:24:30.920+0000] {standard_task_runner.py:60} INFO - Started process 4597 to run task
[2024-04-04T09:24:30.927+0000] {standard_task_runner.py:87} INFO - Running: ['***', 'tasks', 'run', 'real_estates', 'extract_real_estate_urls', 'manual__2024-04-04T08:47:03.043176+00:00', '--job-id', '230', '--raw', '--subdir', 'DAGS_FOLDER/real_estates/__init__.py', '--cfg-path', '/tmp/tmpm4b4ylgf']
[2024-04-04T09:24:30.932+0000] {standard_task_runner.py:88} INFO - Job 230: Subtask extract_real_estate_urls
[2024-04-04T09:24:31.345+0000] {task_command.py:423} INFO - Running <TaskInstance: real_estates.extract_real_estate_urls manual__2024-04-04T08:47:03.043176+00:00 [running]> on host 05a350db99a0
[2024-04-04T09:24:31.502+0000] {taskinstance.py:2513} INFO - Exporting env vars: AIRFLOW_CTX_DAG_OWNER='***' AIRFLOW_CTX_DAG_ID='real_estates' AIRFLOW_CTX_TASK_ID='extract_real_estate_urls' AIRFLOW_CTX_EXECUTION_DATE='2024-04-04T08:47:03.043176+00:00' AIRFLOW_CTX_TRY_NUMBER='4' AIRFLOW_CTX_DAG_RUN_ID='manual__2024-04-04T08:47:03.043176+00:00'
[2024-04-04T09:24:33.146+0000] {urls.py:36} INFO - Found 84560 real estates
[2024-04-04T09:24:33.153+0000] {taskinstance.py:2731} ERROR - Task failed with exception
Traceback (most recent call last):
  File "/home/airflow/.local/lib/python3.8/site-packages/airflow/models/taskinstance.py", line 444, in _execute_task
    result = _execute_callable(context=context, **execute_callable_kwargs)
  File "/home/airflow/.local/lib/python3.8/site-packages/airflow/models/taskinstance.py", line 414, in _execute_callable
    return execute_callable(context=context, **execute_callable_kwargs)
  File "/home/airflow/.local/lib/python3.8/site-packages/airflow/decorators/base.py", line 241, in execute
    return_value = super().execute(context)
  File "/home/airflow/.local/lib/python3.8/site-packages/airflow/operators/python.py", line 200, in execute
    return_value = self.execute_callable()
  File "/home/airflow/.local/lib/python3.8/site-packages/airflow/operators/python.py", line 217, in execute_callable
    return self.python_callable(*self.op_args, **self.op_kwargs)
  File "/opt/airflow/dags/real_estates/homes_jp/extractors/__init__.py", line 22, in extract_real_estate_urls
    return asyncio.run(_extract_real_estate_urls())
  File "/usr/local/lib/python3.8/asyncio/runners.py", line 44, in run
    return loop.run_until_complete(main)
  File "/usr/local/lib/python3.8/asyncio/base_events.py", line 616, in run_until_complete
    return future.result()
  File "/opt/airflow/dags/real_estates/homes_jp/extractors/urls.py", line 40, in _extract_real_estate_urls
    last_page = int(last_page_li) if last_page_li else 1
TypeError: int() argument must be a string, a bytes-like object or a number, not 'Tag'
[2024-04-04T09:24:33.171+0000] {taskinstance.py:1149} INFO - Marking task as FAILED. dag_id=real_estates, task_id=extract_real_estate_urls, execution_date=20240404T084703, start_date=20240404T092430, end_date=20240404T092433
[2024-04-04T09:24:33.198+0000] {standard_task_runner.py:107} ERROR - Failed to execute job 230 for task extract_real_estate_urls (int() argument must be a string, a bytes-like object or a number, not 'Tag'; 4597)
[2024-04-04T09:24:33.267+0000] {local_task_job_runner.py:234} INFO - Task exited with return code 1
[2024-04-04T09:24:33.617+0000] {taskinstance.py:3312} INFO - 0 downstream tasks scheduled from follow-on schedule check
