[2024-04-05T00:34:35.024+0000] {taskinstance.py:1979} INFO - Dependencies all met for dep_context=non-requeueable deps ti=<TaskInstance: real_estates.load_to_one_c scheduled__2024-04-04T00:00:00+00:00 [queued]>
[2024-04-05T00:34:35.043+0000] {taskinstance.py:1979} INFO - Dependencies all met for dep_context=requeueable deps ti=<TaskInstance: real_estates.load_to_one_c scheduled__2024-04-04T00:00:00+00:00 [queued]>
[2024-04-05T00:34:35.044+0000] {taskinstance.py:2193} INFO - Starting attempt 1 of 1
[2024-04-05T00:34:35.072+0000] {taskinstance.py:2217} INFO - Executing <Task(_PythonDecoratedOperator): load_to_one_c> on 2024-04-04 00:00:00+00:00
[2024-04-05T00:34:35.087+0000] {standard_task_runner.py:60} INFO - Started process 16960 to run task
[2024-04-05T00:34:35.094+0000] {standard_task_runner.py:87} INFO - Running: ['***', 'tasks', 'run', 'real_estates', 'load_to_one_c', 'scheduled__2024-04-04T00:00:00+00:00', '--job-id', '249', '--raw', '--subdir', 'DAGS_FOLDER/real_estates/__init__.py', '--cfg-path', '/tmp/tmp8vy8_3ic']
[2024-04-05T00:34:35.099+0000] {standard_task_runner.py:88} INFO - Job 249: Subtask load_to_one_c
[2024-04-05T00:34:35.515+0000] {task_command.py:423} INFO - Running <TaskInstance: real_estates.load_to_one_c scheduled__2024-04-04T00:00:00+00:00 [running]> on host 05a350db99a0
[2024-04-05T00:34:36.048+0000] {taskinstance.py:2513} INFO - Exporting env vars: AIRFLOW_CTX_DAG_OWNER='***' AIRFLOW_CTX_DAG_ID='real_estates' AIRFLOW_CTX_TASK_ID='load_to_one_c' AIRFLOW_CTX_EXECUTION_DATE='2024-04-04T00:00:00+00:00' AIRFLOW_CTX_TRY_NUMBER='1' AIRFLOW_CTX_DAG_RUN_ID='scheduled__2024-04-04T00:00:00+00:00'
[2024-04-05T00:34:37.738+0000] {one_c.py:90} INFO - Inserted data to 1C with code 201
[2024-04-05T00:34:37.813+0000] {one_c.py:90} INFO - Inserted data to 1C with code 201
[2024-04-05T00:34:37.886+0000] {one_c.py:90} INFO - Inserted data to 1C with code 201
[2024-04-05T00:34:37.979+0000] {one_c.py:90} INFO - Inserted data to 1C with code 201
[2024-04-05T00:34:38.048+0000] {one_c.py:90} INFO - Inserted data to 1C with code 201
[2024-04-05T00:34:38.126+0000] {one_c.py:90} INFO - Inserted data to 1C with code 201
[2024-04-05T00:34:38.195+0000] {one_c.py:90} INFO - Inserted data to 1C with code 201
[2024-04-05T00:34:38.267+0000] {one_c.py:90} INFO - Inserted data to 1C with code 201
[2024-04-05T00:34:38.336+0000] {one_c.py:90} INFO - Inserted data to 1C with code 201
[2024-04-05T00:34:38.407+0000] {one_c.py:90} INFO - Inserted data to 1C with code 201
[2024-04-05T00:34:38.474+0000] {one_c.py:90} INFO - Inserted data to 1C with code 201
[2024-04-05T00:34:38.540+0000] {one_c.py:90} INFO - Inserted data to 1C with code 201
[2024-04-05T00:34:38.612+0000] {one_c.py:90} INFO - Inserted data to 1C with code 201
[2024-04-05T00:34:38.680+0000] {one_c.py:90} INFO - Inserted data to 1C with code 201
[2024-04-05T00:34:38.752+0000] {one_c.py:90} INFO - Inserted data to 1C with code 201
[2024-04-05T00:34:38.826+0000] {one_c.py:90} INFO - Inserted data to 1C with code 201
[2024-04-05T00:34:38.900+0000] {one_c.py:90} INFO - Inserted data to 1C with code 201
[2024-04-05T00:34:38.970+0000] {one_c.py:90} INFO - Inserted data to 1C with code 201
[2024-04-05T00:34:39.066+0000] {one_c.py:90} INFO - Inserted data to 1C with code 201
[2024-04-05T00:34:39.133+0000] {one_c.py:90} INFO - Inserted data to 1C with code 201
[2024-04-05T00:34:39.207+0000] {one_c.py:90} INFO - Inserted data to 1C with code 201
[2024-04-05T00:34:39.279+0000] {one_c.py:90} INFO - Inserted data to 1C with code 201
[2024-04-05T00:34:39.351+0000] {one_c.py:90} INFO - Inserted data to 1C with code 201
[2024-04-05T00:34:39.423+0000] {one_c.py:90} INFO - Inserted data to 1C with code 201
[2024-04-05T00:34:39.491+0000] {one_c.py:90} INFO - Inserted data to 1C with code 201
[2024-04-05T00:34:39.565+0000] {one_c.py:90} INFO - Inserted data to 1C with code 201
[2024-04-05T00:34:39.631+0000] {one_c.py:90} INFO - Inserted data to 1C with code 201
[2024-04-05T00:34:39.698+0000] {one_c.py:90} INFO - Inserted data to 1C with code 201
[2024-04-05T00:34:39.765+0000] {one_c.py:90} INFO - Inserted data to 1C with code 201
[2024-04-05T00:34:39.848+0000] {one_c.py:90} INFO - Inserted data to 1C with code 201
[2024-04-05T00:34:39.914+0000] {one_c.py:90} INFO - Inserted data to 1C with code 201
[2024-04-05T00:34:39.981+0000] {one_c.py:90} INFO - Inserted data to 1C with code 201
[2024-04-05T00:34:40.060+0000] {one_c.py:90} INFO - Inserted data to 1C with code 201
[2024-04-05T00:34:40.153+0000] {one_c.py:90} INFO - Inserted data to 1C with code 201
[2024-04-05T00:34:40.238+0000] {one_c.py:90} INFO - Inserted data to 1C with code 201
[2024-04-05T00:34:40.308+0000] {one_c.py:90} INFO - Inserted data to 1C with code 201
[2024-04-05T00:34:40.379+0000] {one_c.py:90} INFO - Inserted data to 1C with code 201
[2024-04-05T00:34:40.448+0000] {one_c.py:90} INFO - Inserted data to 1C with code 201
[2024-04-05T00:34:40.512+0000] {one_c.py:90} INFO - Inserted data to 1C with code 201
[2024-04-05T00:34:40.547+0000] {one_c.py:90} INFO - Inserted data to 1C with code 201
[2024-04-05T00:34:40.582+0000] {one_c.py:90} INFO - Inserted data to 1C with code 201
[2024-04-05T00:34:40.649+0000] {one_c.py:90} INFO - Inserted data to 1C with code 201
[2024-04-05T00:34:40.717+0000] {one_c.py:90} INFO - Inserted data to 1C with code 201
[2024-04-05T00:34:40.790+0000] {one_c.py:90} INFO - Inserted data to 1C with code 201
[2024-04-05T00:34:40.826+0000] {one_c.py:90} INFO - Inserted data to 1C with code 201
[2024-04-05T00:34:40.905+0000] {one_c.py:90} INFO - Inserted data to 1C with code 201
[2024-04-05T00:34:40.978+0000] {one_c.py:90} INFO - Inserted data to 1C with code 201
[2024-04-05T00:34:41.044+0000] {one_c.py:90} INFO - Inserted data to 1C with code 201
[2024-04-05T00:34:41.123+0000] {one_c.py:90} INFO - Inserted data to 1C with code 201
[2024-04-05T00:34:41.204+0000] {one_c.py:90} INFO - Inserted data to 1C with code 201
[2024-04-05T00:34:41.289+0000] {one_c.py:90} INFO - Inserted data to 1C with code 201
[2024-04-05T00:34:41.360+0000] {one_c.py:90} INFO - Inserted data to 1C with code 201
[2024-04-05T00:34:41.433+0000] {one_c.py:90} INFO - Inserted data to 1C with code 201
[2024-04-05T00:34:41.505+0000] {one_c.py:90} INFO - Inserted data to 1C with code 201
[2024-04-05T00:34:41.577+0000] {one_c.py:90} INFO - Inserted data to 1C with code 201
[2024-04-05T00:34:41.645+0000] {one_c.py:90} INFO - Inserted data to 1C with code 201
[2024-04-05T00:34:41.709+0000] {one_c.py:90} INFO - Inserted data to 1C with code 201
[2024-04-05T00:34:41.775+0000] {one_c.py:90} INFO - Inserted data to 1C with code 201
[2024-04-05T00:34:41.857+0000] {one_c.py:90} INFO - Inserted data to 1C with code 201
[2024-04-05T00:34:41.930+0000] {one_c.py:90} INFO - Inserted data to 1C with code 201
[2024-04-05T00:34:42.002+0000] {one_c.py:90} INFO - Inserted data to 1C with code 201
[2024-04-05T00:34:42.078+0000] {one_c.py:90} INFO - Inserted data to 1C with code 201
[2024-04-05T00:34:42.153+0000] {one_c.py:90} INFO - Inserted data to 1C with code 201
[2024-04-05T00:34:42.232+0000] {one_c.py:90} INFO - Inserted data to 1C with code 201
[2024-04-05T00:34:42.308+0000] {one_c.py:90} INFO - Inserted data to 1C with code 201
[2024-04-05T00:34:42.380+0000] {one_c.py:90} INFO - Inserted data to 1C with code 201
[2024-04-05T00:34:42.444+0000] {one_c.py:90} INFO - Inserted data to 1C with code 201
[2024-04-05T00:34:42.519+0000] {one_c.py:90} INFO - Inserted data to 1C with code 201
[2024-04-05T00:34:42.593+0000] {one_c.py:90} INFO - Inserted data to 1C with code 201
[2024-04-05T00:34:42.683+0000] {one_c.py:90} INFO - Inserted data to 1C with code 201
[2024-04-05T00:34:42.750+0000] {one_c.py:90} INFO - Inserted data to 1C with code 201
[2024-04-05T00:34:42.844+0000] {one_c.py:90} INFO - Inserted data to 1C with code 201
[2024-04-05T00:34:42.943+0000] {one_c.py:90} INFO - Inserted data to 1C with code 201
[2024-04-05T00:34:43.011+0000] {one_c.py:90} INFO - Inserted data to 1C with code 201
[2024-04-05T00:34:43.087+0000] {one_c.py:90} INFO - Inserted data to 1C with code 201
[2024-04-05T00:34:43.155+0000] {one_c.py:90} INFO - Inserted data to 1C with code 201
[2024-04-05T00:34:43.227+0000] {one_c.py:90} INFO - Inserted data to 1C with code 201
[2024-04-05T00:34:43.307+0000] {one_c.py:90} INFO - Inserted data to 1C with code 201
[2024-04-05T00:34:43.383+0000] {one_c.py:90} INFO - Inserted data to 1C with code 201
[2024-04-05T00:34:43.457+0000] {one_c.py:90} INFO - Inserted data to 1C with code 201
[2024-04-05T00:34:43.532+0000] {one_c.py:90} INFO - Inserted data to 1C with code 201
[2024-04-05T00:34:43.609+0000] {one_c.py:90} INFO - Inserted data to 1C with code 201
[2024-04-05T00:34:43.683+0000] {one_c.py:90} INFO - Inserted data to 1C with code 201
[2024-04-05T00:34:43.757+0000] {one_c.py:90} INFO - Inserted data to 1C with code 201
[2024-04-05T00:34:43.832+0000] {one_c.py:90} INFO - Inserted data to 1C with code 201
[2024-04-05T00:34:43.906+0000] {one_c.py:90} INFO - Inserted data to 1C with code 201
[2024-04-05T00:34:43.974+0000] {one_c.py:90} INFO - Inserted data to 1C with code 201
[2024-04-05T00:34:44.046+0000] {one_c.py:90} INFO - Inserted data to 1C with code 201
[2024-04-05T00:34:44.115+0000] {one_c.py:90} INFO - Inserted data to 1C with code 201
[2024-04-05T00:34:44.205+0000] {one_c.py:90} INFO - Inserted data to 1C with code 201
[2024-04-05T00:34:44.273+0000] {one_c.py:90} INFO - Inserted data to 1C with code 201
[2024-04-05T00:34:44.346+0000] {one_c.py:90} INFO - Inserted data to 1C with code 201
[2024-04-05T00:34:44.421+0000] {one_c.py:90} INFO - Inserted data to 1C with code 201
[2024-04-05T00:34:44.489+0000] {one_c.py:90} INFO - Inserted data to 1C with code 201
[2024-04-05T00:34:44.568+0000] {one_c.py:90} INFO - Inserted data to 1C with code 201
[2024-04-05T00:34:44.643+0000] {one_c.py:90} INFO - Inserted data to 1C with code 201
[2024-04-05T00:34:44.724+0000] {one_c.py:90} INFO - Inserted data to 1C with code 201
[2024-04-05T00:34:44.801+0000] {one_c.py:90} INFO - Inserted data to 1C with code 201
[2024-04-05T00:34:44.868+0000] {one_c.py:90} INFO - Inserted data to 1C with code 201
[2024-04-05T00:34:44.937+0000] {one_c.py:90} INFO - Inserted data to 1C with code 201
[2024-04-05T00:34:45.011+0000] {one_c.py:90} INFO - Inserted data to 1C with code 201
[2024-04-05T00:34:45.086+0000] {one_c.py:90} INFO - Inserted data to 1C with code 201
[2024-04-05T00:34:45.160+0000] {one_c.py:90} INFO - Inserted data to 1C with code 201
[2024-04-05T00:34:45.234+0000] {one_c.py:90} INFO - Inserted data to 1C with code 201
[2024-04-05T00:34:45.302+0000] {one_c.py:90} INFO - Inserted data to 1C with code 201
[2024-04-05T00:34:45.381+0000] {one_c.py:90} INFO - Inserted data to 1C with code 201
[2024-04-05T00:34:45.463+0000] {one_c.py:90} INFO - Inserted data to 1C with code 201
[2024-04-05T00:34:45.532+0000] {one_c.py:90} INFO - Inserted data to 1C with code 201
[2024-04-05T00:34:45.601+0000] {one_c.py:90} INFO - Inserted data to 1C with code 201
[2024-04-05T00:34:45.669+0000] {one_c.py:90} INFO - Inserted data to 1C with code 201
[2024-04-05T00:34:45.744+0000] {one_c.py:90} INFO - Inserted data to 1C with code 201
[2024-04-05T00:34:45.821+0000] {one_c.py:90} INFO - Inserted data to 1C with code 201
[2024-04-05T00:34:45.890+0000] {one_c.py:90} INFO - Inserted data to 1C with code 201
[2024-04-05T00:34:45.965+0000] {one_c.py:90} INFO - Inserted data to 1C with code 201
[2024-04-05T00:34:46.042+0000] {one_c.py:90} INFO - Inserted data to 1C with code 201
[2024-04-05T00:34:46.111+0000] {one_c.py:90} INFO - Inserted data to 1C with code 201
[2024-04-05T00:34:46.185+0000] {one_c.py:90} INFO - Inserted data to 1C with code 201
[2024-04-05T00:34:46.258+0000] {one_c.py:90} INFO - Inserted data to 1C with code 201
[2024-04-05T00:34:46.348+0000] {one_c.py:90} INFO - Inserted data to 1C with code 201
[2024-04-05T00:34:46.431+0000] {one_c.py:90} INFO - Inserted data to 1C with code 201
[2024-04-05T00:34:46.501+0000] {one_c.py:90} INFO - Inserted data to 1C with code 201
[2024-04-05T00:34:46.577+0000] {one_c.py:90} INFO - Inserted data to 1C with code 201
[2024-04-05T00:34:46.647+0000] {one_c.py:90} INFO - Inserted data to 1C with code 201
[2024-04-05T00:34:46.724+0000] {one_c.py:90} INFO - Inserted data to 1C with code 201
[2024-04-05T00:34:46.810+0000] {one_c.py:90} INFO - Inserted data to 1C with code 201
[2024-04-05T00:34:46.879+0000] {one_c.py:90} INFO - Inserted data to 1C with code 201
[2024-04-05T00:34:46.960+0000] {one_c.py:90} INFO - Inserted data to 1C with code 201
[2024-04-05T00:34:47.040+0000] {one_c.py:90} INFO - Inserted data to 1C with code 201
[2024-04-05T00:34:47.118+0000] {one_c.py:90} INFO - Inserted data to 1C with code 201
[2024-04-05T00:34:47.196+0000] {one_c.py:90} INFO - Inserted data to 1C with code 201
[2024-04-05T00:34:47.274+0000] {one_c.py:90} INFO - Inserted data to 1C with code 201
[2024-04-05T00:34:47.353+0000] {one_c.py:90} INFO - Inserted data to 1C with code 201
[2024-04-05T00:34:47.441+0000] {one_c.py:90} INFO - Inserted data to 1C with code 201
[2024-04-05T00:34:47.523+0000] {one_c.py:90} INFO - Inserted data to 1C with code 201
[2024-04-05T00:34:47.598+0000] {one_c.py:90} INFO - Inserted data to 1C with code 201
[2024-04-05T00:34:47.672+0000] {one_c.py:90} INFO - Inserted data to 1C with code 201
[2024-04-05T00:34:47.741+0000] {one_c.py:90} INFO - Inserted data to 1C with code 201
[2024-04-05T00:34:47.741+0000] {python.py:204} INFO - Done. Returned value not shown
[2024-04-05T00:34:47.759+0000] {taskinstance.py:1149} INFO - Marking task as SUCCESS. dag_id=real_estates, task_id=load_to_one_c, execution_date=20240404T000000, start_date=20240405T003435, end_date=20240405T003447
[2024-04-05T00:34:47.834+0000] {local_task_job_runner.py:234} INFO - Task exited with return code 0
[2024-04-05T00:34:47.863+0000] {taskinstance.py:3312} INFO - 0 downstream tasks scheduled from follow-on schedule check
