[2024-04-03T10:40:15.370+0000] {taskinstance.py:1979} INFO - Dependencies all met for dep_context=non-requeueable deps ti=<TaskInstance: real_estates.extract_real_estates scheduled__2024-04-02T00:00:00+00:00 [queued]>
[2024-04-03T10:40:15.388+0000] {taskinstance.py:1979} INFO - Dependencies all met for dep_context=requeueable deps ti=<TaskInstance: real_estates.extract_real_estates scheduled__2024-04-02T00:00:00+00:00 [queued]>
[2024-04-03T10:40:15.389+0000] {taskinstance.py:2193} INFO - Starting attempt 1 of 1
[2024-04-03T10:40:15.414+0000] {taskinstance.py:2217} INFO - Executing <Task(_PythonDecoratedOperator): extract_real_estates> on 2024-04-02 00:00:00+00:00
[2024-04-03T10:40:15.427+0000] {standard_task_runner.py:60} INFO - Started process 240 to run task
[2024-04-03T10:40:15.434+0000] {standard_task_runner.py:87} INFO - Running: ['***', 'tasks', 'run', 'real_estates', 'extract_real_estates', 'scheduled__2024-04-02T00:00:00+00:00', '--job-id', '128', '--raw', '--subdir', 'DAGS_FOLDER/real_estates/__init__.py', '--cfg-path', '/tmp/tmp5iv4b3id']
[2024-04-03T10:40:15.439+0000] {standard_task_runner.py:88} INFO - Job 128: Subtask extract_real_estates
[2024-04-03T10:40:15.554+0000] {task_command.py:423} INFO - Running <TaskInstance: real_estates.extract_real_estates scheduled__2024-04-02T00:00:00+00:00 [running]> on host 72a42bdc0b23
[2024-04-03T10:40:16.079+0000] {taskinstance.py:2513} INFO - Exporting env vars: AIRFLOW_CTX_DAG_OWNER='***' AIRFLOW_CTX_DAG_ID='real_estates' AIRFLOW_CTX_TASK_ID='extract_real_estates' AIRFLOW_CTX_EXECUTION_DATE='2024-04-02T00:00:00+00:00' AIRFLOW_CTX_TRY_NUMBER='1' AIRFLOW_CTX_DAG_RUN_ID='scheduled__2024-04-02T00:00:00+00:00'
[2024-04-03T10:40:22.378+0000] {real_estates.py:29} INFO - Batch 1/1 fetched 300 pages
[2024-04-03T10:41:16.135+0000] {local_task_job_runner.py:302} WARNING - State of this instance has been externally set to failed. Terminating instance.
[2024-04-03T10:41:16.140+0000] {process_utils.py:131} INFO - Sending 15 to group 240. PIDs of all processes in the group: [240]
[2024-04-03T10:41:16.141+0000] {process_utils.py:86} INFO - Sending the signal 15 to group 240
[2024-04-03T10:41:16.142+0000] {taskinstance.py:2483} ERROR - Received SIGTERM. Terminating subprocesses.
[2024-04-03T10:41:16.142+0000] {real_estates.py:76} ERROR - Error extracting data from https://www.homes.co.jp/kodate/b-17024890000135/: Task received SIGTERM signal
[2024-04-03T10:41:19.067+0000] {real_estates.py:76} ERROR - Error extracting data from https://www.homes.co.jp/mansion/b-16014450000305/: 'NoneType' object has no attribute 'text'
[2024-04-03T10:41:38.836+0000] {real_estates.py:76} ERROR - Error extracting data from https://www.homes.co.jp/chintai/room/0d81ed723108a07dc3741af4d8ef85e832b984b7/: 'NoneType' object has no attribute 'text'
[2024-04-03T10:41:39.252+0000] {real_estates.py:76} ERROR - Error extracting data from https://www.homes.co.jp/chintai/room/eced1905a38f6db0fecec0a4616bd1c1671bccba/: 'NoneType' object has no attribute 'text'
[2024-04-03T10:41:40.023+0000] {real_estates.py:76} ERROR - Error extracting data from https://www.homes.co.jp/chintai/room/0b52bfa41624dfc41e554893a755cef12f2cb960/: 'NoneType' object has no attribute 'text'
[2024-04-03T10:41:40.417+0000] {real_estates.py:76} ERROR - Error extracting data from https://www.homes.co.jp/chintai/room/2e267b6bde3bb422f7696eb2d1e6e7200146c527/: 'NoneType' object has no attribute 'text'
[2024-04-03T10:41:40.813+0000] {real_estates.py:76} ERROR - Error extracting data from https://www.homes.co.jp/chintai/room/00c3afc5a6f00577c0d4a5997db26063b5ae7f68/: 'NoneType' object has no attribute 'text'
[2024-04-03T10:41:41.163+0000] {real_estates.py:76} ERROR - Error extracting data from https://www.homes.co.jp/chintai/room/230c5c2532f8a334ab99fd36a1ccc368d71dc8d5/: 'NoneType' object has no attribute 'text'
[2024-04-03T10:41:41.561+0000] {real_estates.py:76} ERROR - Error extracting data from https://www.homes.co.jp/chintai/room/29df9328721f6822ab7c4fe29f7682013543974b/: 'NoneType' object has no attribute 'text'
[2024-04-03T10:41:42.293+0000] {real_estates.py:76} ERROR - Error extracting data from https://www.homes.co.jp/chintai/room/daff36121aaaf13e1d71e1d4f1ade5c35e689390/: 'NoneType' object has no attribute 'text'
[2024-04-03T10:41:42.710+0000] {real_estates.py:76} ERROR - Error extracting data from https://www.homes.co.jp/chintai/room/49baa4cf60decaebe7d0ec54956af6db27ce4cbc/: 'NoneType' object has no attribute 'text'
[2024-04-03T10:41:43.137+0000] {real_estates.py:76} ERROR - Error extracting data from https://www.homes.co.jp/chintai/room/6d23ab95c1e39096993213edaa9c6f07f2ab547b/: 'NoneType' object has no attribute 'text'
[2024-04-03T10:41:43.494+0000] {real_estates.py:76} ERROR - Error extracting data from https://www.homes.co.jp/chintai/room/00320827f5b2f118b1245381817f74bb0ad722ed/: 'NoneType' object has no attribute 'text'
[2024-04-03T10:41:43.846+0000] {real_estates.py:76} ERROR - Error extracting data from https://www.homes.co.jp/chintai/room/bcff9bb2af9e140eb2c1a609469aec283397e071/: 'NoneType' object has no attribute 'text'
[2024-04-03T10:41:44.602+0000] {real_estates.py:76} ERROR - Error extracting data from https://www.homes.co.jp/chintai/room/6cf61a7260adfaa811506108c0dbb4c7b3603a6e/: 'NoneType' object has no attribute 'text'
[2024-04-03T10:41:45.028+0000] {real_estates.py:76} ERROR - Error extracting data from https://www.homes.co.jp/chintai/room/dfd099d1344f5baa055d8f4fdf919c7922028a49/: 'NoneType' object has no attribute 'text'
[2024-04-03T10:41:45.328+0000] {real_estates.py:76} ERROR - Error extracting data from https://www.homes.co.jp/chintai/room/80402ec9e359abcbb747a94ecf571b904d711de8/: 'NoneType' object has no attribute 'text'
[2024-04-03T10:41:46.040+0000] {real_estates.py:76} ERROR - Error extracting data from https://www.homes.co.jp/chintai/room/5d9eb02e1ed69d9e92c8053c89634e0667050adc/: 'NoneType' object has no attribute 'text'
[2024-04-03T10:41:46.449+0000] {real_estates.py:76} ERROR - Error extracting data from https://www.homes.co.jp/chintai/room/ca87338f406588885073ee10476a01c0056ee637/: 'NoneType' object has no attribute 'text'
[2024-04-03T10:41:47.224+0000] {real_estates.py:76} ERROR - Error extracting data from https://www.homes.co.jp/chintai/room/7374c3087e9b63b118f1fb8474b684239c5c83fd/: 'NoneType' object has no attribute 'text'
[2024-04-03T10:41:47.631+0000] {real_estates.py:76} ERROR - Error extracting data from https://www.homes.co.jp/chintai/room/b78673cfa1921bd436b333afb51843edad61563c/: 'NoneType' object has no attribute 'text'
[2024-04-03T10:41:48.055+0000] {real_estates.py:76} ERROR - Error extracting data from https://www.homes.co.jp/chintai/room/1964eb4645d9ccd4b40b061b91df745328e68715/: 'NoneType' object has no attribute 'text'
[2024-04-03T10:41:48.452+0000] {real_estates.py:76} ERROR - Error extracting data from https://www.homes.co.jp/chintai/room/bade8f75ef44b5367b835ad013c820d168f7b633/: 'NoneType' object has no attribute 'text'
[2024-04-03T10:41:48.888+0000] {real_estates.py:76} ERROR - Error extracting data from https://www.homes.co.jp/chintai/room/a5b3b1c24e348505c63efbcd46c73cd3728f6a05/: 'NoneType' object has no attribute 'text'
[2024-04-03T10:41:49.658+0000] {real_estates.py:76} ERROR - Error extracting data from https://www.homes.co.jp/chintai/room/ffd1ebaf4ba5f4e595eaea4e5f6120c72e21ef11/: 'NoneType' object has no attribute 'text'
[2024-04-03T10:41:49.975+0000] {real_estates.py:76} ERROR - Error extracting data from https://www.homes.co.jp/chintai/room/d1bd4ef76dfc3e6ac74aeb9c2fd418e9ff185d52/: 'NoneType' object has no attribute 'text'
[2024-04-03T10:41:50.410+0000] {real_estates.py:76} ERROR - Error extracting data from https://www.homes.co.jp/chintai/room/0fa17910aafb444b9433085991ded0d45372a8db/: 'NoneType' object has no attribute 'text'
[2024-04-03T10:41:50.837+0000] {real_estates.py:76} ERROR - Error extracting data from https://www.homes.co.jp/chintai/room/0944eb4f79b1ed6fb2605e336a80105ee8545372/: 'NoneType' object has no attribute 'text'
[2024-04-03T10:41:51.216+0000] {real_estates.py:76} ERROR - Error extracting data from https://www.homes.co.jp/chintai/room/542af689b5ebede203ade3d51bd38a209f5ac207/: 'NoneType' object has no attribute 'text'
[2024-04-03T10:41:51.958+0000] {real_estates.py:76} ERROR - Error extracting data from https://www.homes.co.jp/chintai/room/1e052c3ea54f169cd7c35745db0cc4154b5142cd/: 'NoneType' object has no attribute 'text'
[2024-04-03T10:41:52.301+0000] {real_estates.py:76} ERROR - Error extracting data from https://www.homes.co.jp/chintai/room/04be20a257a11d0124137e74919a78de6b95efde/: 'NoneType' object has no attribute 'text'
[2024-04-03T10:41:52.751+0000] {real_estates.py:76} ERROR - Error extracting data from https://www.homes.co.jp/chintai/room/5c820269236a177364c80fb97fa54ecd98aab513/: 'NoneType' object has no attribute 'text'
[2024-04-03T10:41:53.167+0000] {real_estates.py:76} ERROR - Error extracting data from https://www.homes.co.jp/chintai/room/82a8f2adbcac0ddfbb145587b4a2caf45ea58a91/: 'NoneType' object has no attribute 'text'
[2024-04-03T10:41:53.583+0000] {real_estates.py:76} ERROR - Error extracting data from https://www.homes.co.jp/chintai/room/14ff55da3993aa854aacbce13c43d80c33ad90f5/: 'NoneType' object has no attribute 'text'
[2024-04-03T10:41:54.280+0000] {real_estates.py:76} ERROR - Error extracting data from https://www.homes.co.jp/chintai/room/7fbc2a4626bc5b22c34c7e42b7920e41329a6b53/: 'NoneType' object has no attribute 'text'
[2024-04-03T10:41:54.692+0000] {real_estates.py:76} ERROR - Error extracting data from https://www.homes.co.jp/chintai/room/0b30c497c4c7456f15ffa757c3598d4e31296cd5/: 'NoneType' object has no attribute 'text'
[2024-04-03T10:41:55.091+0000] {real_estates.py:76} ERROR - Error extracting data from https://www.homes.co.jp/chintai/room/3e8ca3cab306849f9c4afcac58341cfad4c4f998/: 'NoneType' object has no attribute 'text'
[2024-04-03T10:41:55.528+0000] {real_estates.py:76} ERROR - Error extracting data from https://www.homes.co.jp/chintai/room/06eb1f9c4df2fe88bdda64b9a567eb2cd8c59b23/: 'NoneType' object has no attribute 'text'
[2024-04-03T10:41:55.917+0000] {real_estates.py:76} ERROR - Error extracting data from https://www.homes.co.jp/chintai/room/00add0645391bc6e30ddd18f19635da75d035680/: 'NoneType' object has no attribute 'text'
[2024-04-03T10:41:56.607+0000] {real_estates.py:76} ERROR - Error extracting data from https://www.homes.co.jp/chintai/room/fc8db9499f53a4a5d9cb2f07fca225c30386ab10/: 'NoneType' object has no attribute 'text'
[2024-04-03T10:41:57.045+0000] {real_estates.py:76} ERROR - Error extracting data from https://www.homes.co.jp/chintai/room/e97e56689ddb350e5c12295f4c887ea64be6867b/: 'NoneType' object has no attribute 'text'
[2024-04-03T10:41:57.422+0000] {real_estates.py:76} ERROR - Error extracting data from https://www.homes.co.jp/chintai/room/d2bfcdb88f6cf1b252b189da29046f6eea1530e5/: 'NoneType' object has no attribute 'text'
[2024-04-03T10:41:57.856+0000] {real_estates.py:76} ERROR - Error extracting data from https://www.homes.co.jp/chintai/room/76b2e14008bd40efa928c660834002ea57c3bef1/: 'NoneType' object has no attribute 'text'
[2024-04-03T10:41:58.263+0000] {real_estates.py:76} ERROR - Error extracting data from https://www.homes.co.jp/chintai/room/a650b927a0151d4ee23c828d2217277fcae4ae50/: 'NoneType' object has no attribute 'text'
[2024-04-03T10:41:59.023+0000] {real_estates.py:76} ERROR - Error extracting data from https://www.homes.co.jp/chintai/room/9fa70ede594c209dacfd0845b44fd81610d5150c/: 'NoneType' object has no attribute 'text'
[2024-04-03T10:41:59.404+0000] {real_estates.py:76} ERROR - Error extracting data from https://www.homes.co.jp/chintai/room/5c41f05cecadd78ba38755e8d4de17dfac8e51a5/: 'NoneType' object has no attribute 'text'
[2024-04-03T10:41:59.824+0000] {real_estates.py:76} ERROR - Error extracting data from https://www.homes.co.jp/chintai/room/094fc80a2c3de2344c6458f11702092624b28d4a/: 'NoneType' object has no attribute 'text'
[2024-04-03T10:42:00.182+0000] {real_estates.py:76} ERROR - Error extracting data from https://www.homes.co.jp/chintai/room/b761c712a30afe5b4aa79ecb083dec663bc0f1b2/: 'NoneType' object has no attribute 'text'
[2024-04-03T10:42:00.601+0000] {real_estates.py:76} ERROR - Error extracting data from https://www.homes.co.jp/chintai/room/6075a3616f2debd879dcc3306296ada2ce02bdf6/: 'NoneType' object has no attribute 'text'
[2024-04-03T10:42:01.350+0000] {real_estates.py:76} ERROR - Error extracting data from https://www.homes.co.jp/chintai/room/ea47d06613382b1c86c3c490a0127f76820d18fc/: 'NoneType' object has no attribute 'text'
[2024-04-03T10:42:01.717+0000] {real_estates.py:76} ERROR - Error extracting data from https://www.homes.co.jp/chintai/room/7ec36fb01ffc71ced9900e90db39243f4f077156/: 'NoneType' object has no attribute 'text'
[2024-04-03T10:42:02.184+0000] {real_estates.py:76} ERROR - Error extracting data from https://www.homes.co.jp/chintai/room/ec74f7dc59d5578e6f2a902d4f332ea5e8277143/: 'NoneType' object has no attribute 'text'
[2024-04-03T10:42:02.566+0000] {real_estates.py:76} ERROR - Error extracting data from https://www.homes.co.jp/chintai/room/12ea3679fbf61a3af22de4ff4011643c1a48783a/: 'NoneType' object has no attribute 'text'
[2024-04-03T10:42:02.973+0000] {real_estates.py:76} ERROR - Error extracting data from https://www.homes.co.jp/chintai/room/2c574edee1de80442f7509fc289d5e36b5f638a2/: 'NoneType' object has no attribute 'text'
[2024-04-03T10:42:03.665+0000] {real_estates.py:76} ERROR - Error extracting data from https://www.homes.co.jp/chintai/room/d3679e8509245a67d58b5362ebf2218cfed328e7/: 'NoneType' object has no attribute 'text'
[2024-04-03T10:42:04.094+0000] {real_estates.py:76} ERROR - Error extracting data from https://www.homes.co.jp/chintai/room/bace80e1f32d981a8b387e49332eb19d4d2f754f/: 'NoneType' object has no attribute 'text'
[2024-04-03T10:42:04.547+0000] {real_estates.py:76} ERROR - Error extracting data from https://www.homes.co.jp/chintai/room/71d8d8411e5b23a223ad7f78568afc1db74b978a/: 'NoneType' object has no attribute 'text'
[2024-04-03T10:42:04.954+0000] {real_estates.py:76} ERROR - Error extracting data from https://www.homes.co.jp/chintai/room/6763ced85ed17a95bb853990bdd5b0ca865b6d47/: 'NoneType' object has no attribute 'text'
[2024-04-03T10:42:05.385+0000] {real_estates.py:76} ERROR - Error extracting data from https://www.homes.co.jp/chintai/room/8f5d4eabb39bfd7100df8742ee7803c8ec3b7a08/: 'NoneType' object has no attribute 'text'
[2024-04-03T10:42:06.095+0000] {real_estates.py:76} ERROR - Error extracting data from https://www.homes.co.jp/chintai/room/3e543521ffe2b9c95e8e7639743fe305db34be9a/: 'NoneType' object has no attribute 'text'
[2024-04-03T10:42:06.459+0000] {real_estates.py:76} ERROR - Error extracting data from https://www.homes.co.jp/chintai/room/51576e22f28e022e24e885034a6516ae2cb35453/: 'NoneType' object has no attribute 'text'
[2024-04-03T10:42:06.877+0000] {real_estates.py:76} ERROR - Error extracting data from https://www.homes.co.jp/chintai/room/660d559e07a4ffb7bb014e58f81305cceb73637a/: 'NoneType' object has no attribute 'text'
[2024-04-03T10:42:07.184+0000] {real_estates.py:76} ERROR - Error extracting data from https://www.homes.co.jp/chintai/room/d4ea73777634be6207b2b31d7321b3c6cc9286ac/: 'NoneType' object has no attribute 'text'
[2024-04-03T10:42:07.587+0000] {real_estates.py:76} ERROR - Error extracting data from https://www.homes.co.jp/chintai/room/7b3c3cdd7cdcd2c420ee6872ed2b3500f625f870/: 'NoneType' object has no attribute 'text'
[2024-04-03T10:42:08.357+0000] {real_estates.py:76} ERROR - Error extracting data from https://www.homes.co.jp/chintai/room/7b4d2b411ab2e30ea0458d0988052e52a7c0916c/: 'NoneType' object has no attribute 'text'
[2024-04-03T10:42:08.706+0000] {real_estates.py:76} ERROR - Error extracting data from https://www.homes.co.jp/chintai/room/d2fa15da1793503bdd485a27e9b4e39248520966/: 'NoneType' object has no attribute 'text'
[2024-04-03T10:42:09.096+0000] {real_estates.py:76} ERROR - Error extracting data from https://www.homes.co.jp/chintai/room/2174b95777ae5bb1158e30940e6dee44cf492240/: 'NoneType' object has no attribute 'text'
[2024-04-03T10:42:09.437+0000] {real_estates.py:76} ERROR - Error extracting data from https://www.homes.co.jp/chintai/room/72237a80e448dcd2d557de35dad3e1d8c80077a2/: 'NoneType' object has no attribute 'text'
[2024-04-03T10:42:09.835+0000] {real_estates.py:76} ERROR - Error extracting data from https://www.homes.co.jp/chintai/room/3da78ee6f673d2a350ebbede9db3e6b9e7510440/: 'NoneType' object has no attribute 'text'
[2024-04-03T10:42:10.253+0000] {real_estates.py:76} ERROR - Error extracting data from https://www.homes.co.jp/chintai/room/6818a7a59199b82de664cffc83e75aa476189077/: 'NoneType' object has no attribute 'text'
[2024-04-03T10:42:11.023+0000] {real_estates.py:76} ERROR - Error extracting data from https://www.homes.co.jp/chintai/room/a8bb5a1cfaa8cf7598cf8d6ed04aa177ffd0bd19/: 'NoneType' object has no attribute 'text'
[2024-04-03T10:42:11.339+0000] {real_estates.py:76} ERROR - Error extracting data from https://www.homes.co.jp/chintai/room/9366dc29bdc92bed37607392afa92160df48c9be/: 'NoneType' object has no attribute 'text'
[2024-04-03T10:42:11.682+0000] {real_estates.py:76} ERROR - Error extracting data from https://www.homes.co.jp/chintai/room/0a7fde65c69e432488a70489c80702dca7db8d0e/: 'NoneType' object has no attribute 'text'
[2024-04-03T10:42:12.098+0000] {real_estates.py:76} ERROR - Error extracting data from https://www.homes.co.jp/chintai/room/44e1357d1746b2eeeeb82abc7f049a334a0e1a59/: 'NoneType' object has no attribute 'text'
[2024-04-03T10:42:12.515+0000] {real_estates.py:76} ERROR - Error extracting data from https://www.homes.co.jp/chintai/room/950de8dc2647e90368460afb42a603daa5993f46/: 'NoneType' object has no attribute 'text'
[2024-04-03T10:42:13.217+0000] {real_estates.py:76} ERROR - Error extracting data from https://www.homes.co.jp/chintai/room/587bc3ff05cd80adadf330701504b45a3e478966/: 'NoneType' object has no attribute 'text'
[2024-04-03T10:42:13.642+0000] {real_estates.py:76} ERROR - Error extracting data from https://www.homes.co.jp/chintai/room/52c0424eb8372bb8ddf53218b922b5e40c610ead/: 'NoneType' object has no attribute 'text'
[2024-04-03T10:42:14.037+0000] {real_estates.py:76} ERROR - Error extracting data from https://www.homes.co.jp/chintai/room/e6bed990ec81e717bee0abd249b2423a1f640c1b/: 'NoneType' object has no attribute 'text'
[2024-04-03T10:42:14.466+0000] {real_estates.py:76} ERROR - Error extracting data from https://www.homes.co.jp/chintai/room/af32605cc63b4877beeb57e8545d55ec89dbe5e2/: 'NoneType' object has no attribute 'text'
[2024-04-03T10:42:14.822+0000] {real_estates.py:76} ERROR - Error extracting data from https://www.homes.co.jp/chintai/room/fcbc907413efc9d3c03a1eaf0a91f3eb4d7a1d16/: 'NoneType' object has no attribute 'text'
[2024-04-03T10:42:15.573+0000] {real_estates.py:76} ERROR - Error extracting data from https://www.homes.co.jp/chintai/room/f5739a4cb6b8a2ec42ff5bb126bfedbfe914f38a/: 'NoneType' object has no attribute 'text'
[2024-04-03T10:42:15.974+0000] {real_estates.py:76} ERROR - Error extracting data from https://www.homes.co.jp/chintai/room/de714abbf3bf18bbdcc44cf5cdb4372a798a25e6/: 'NoneType' object has no attribute 'text'
[2024-04-03T10:42:16.160+0000] {process_utils.py:149} WARNING - process psutil.Process(pid=240, name='airflow task ru', status='running', started='10:40:14') did not respond to SIGTERM. Trying SIGKILL
[2024-04-03T10:42:16.162+0000] {process_utils.py:86} INFO - Sending the signal 9 to group 240
[2024-04-03T10:42:16.255+0000] {process_utils.py:79} INFO - Process psutil.Process(pid=240, name='airflow task ru', status='terminated', exitcode=<Negsignal.SIGKILL: -9>, started='10:40:14') (240) terminated with exit code -9
[2024-04-03T10:42:16.257+0000] {standard_task_runner.py:175} ERROR - Job 128 was killed before it finished (likely due to running out of memory)
