[2024-04-08T02:42:48.136+0000] {taskinstance.py:1979} INFO - Dependencies all met for dep_context=non-requeueable deps ti=<TaskInstance: real_estates.load_to_one_c scheduled__2024-04-07T00:00:00+00:00 [queued]>
[2024-04-08T02:42:48.155+0000] {taskinstance.py:1979} INFO - Dependencies all met for dep_context=requeueable deps ti=<TaskInstance: real_estates.load_to_one_c scheduled__2024-04-07T00:00:00+00:00 [queued]>
[2024-04-08T02:42:48.156+0000] {taskinstance.py:2193} INFO - Starting attempt 1 of 1
[2024-04-08T02:42:48.181+0000] {taskinstance.py:2217} INFO - Executing <Task(_PythonDecoratedOperator): load_to_one_c> on 2024-04-07 00:00:00+00:00
[2024-04-08T02:42:48.195+0000] {standard_task_runner.py:60} INFO - Started process 77084 to run task
[2024-04-08T02:42:48.203+0000] {standard_task_runner.py:87} INFO - Running: ['***', 'tasks', 'run', 'real_estates', 'load_to_one_c', 'scheduled__2024-04-07T00:00:00+00:00', '--job-id', '271', '--raw', '--subdir', 'DAGS_FOLDER/real_estates/__init__.py', '--cfg-path', '/tmp/tmpww9ai9xq']
[2024-04-08T02:42:48.208+0000] {standard_task_runner.py:88} INFO - Job 271: Subtask load_to_one_c
[2024-04-08T02:42:48.619+0000] {task_command.py:423} INFO - Running <TaskInstance: real_estates.load_to_one_c scheduled__2024-04-07T00:00:00+00:00 [running]> on host 05a350db99a0
[2024-04-08T02:42:49.027+0000] {taskinstance.py:2513} INFO - Exporting env vars: AIRFLOW_CTX_DAG_OWNER='***' AIRFLOW_CTX_DAG_ID='real_estates' AIRFLOW_CTX_TASK_ID='load_to_one_c' AIRFLOW_CTX_EXECUTION_DATE='2024-04-07T00:00:00+00:00' AIRFLOW_CTX_TRY_NUMBER='1' AIRFLOW_CTX_DAG_RUN_ID='scheduled__2024-04-07T00:00:00+00:00'
[2024-04-08T02:42:49.144+0000] {one_c.py:90} INFO - Inserted data to 1C with code 201
[2024-04-08T02:42:49.211+0000] {one_c.py:90} INFO - Inserted data to 1C with code 201
[2024-04-08T02:42:49.289+0000] {one_c.py:90} INFO - Inserted data to 1C with code 201
[2024-04-08T02:42:49.366+0000] {one_c.py:90} INFO - Inserted data to 1C with code 201
[2024-04-08T02:42:49.431+0000] {one_c.py:90} INFO - Inserted data to 1C with code 201
[2024-04-08T02:42:49.499+0000] {one_c.py:90} INFO - Inserted data to 1C with code 201
[2024-04-08T02:42:49.574+0000] {one_c.py:90} INFO - Inserted data to 1C with code 201
[2024-04-08T02:42:49.638+0000] {one_c.py:90} INFO - Inserted data to 1C with code 201
[2024-04-08T02:42:49.703+0000] {one_c.py:90} INFO - Inserted data to 1C with code 201
[2024-04-08T02:42:49.772+0000] {one_c.py:90} INFO - Inserted data to 1C with code 201
[2024-04-08T02:42:49.840+0000] {one_c.py:90} INFO - Inserted data to 1C with code 201
[2024-04-08T02:42:49.912+0000] {one_c.py:90} INFO - Inserted data to 1C with code 201
[2024-04-08T02:42:49.977+0000] {one_c.py:90} INFO - Inserted data to 1C with code 201
[2024-04-08T02:42:50.045+0000] {one_c.py:90} INFO - Inserted data to 1C with code 201
[2024-04-08T02:42:50.122+0000] {one_c.py:90} INFO - Inserted data to 1C with code 201
[2024-04-08T02:42:50.194+0000] {one_c.py:90} INFO - Inserted data to 1C with code 201
[2024-04-08T02:42:50.271+0000] {one_c.py:90} INFO - Inserted data to 1C with code 201
[2024-04-08T02:42:50.335+0000] {one_c.py:90} INFO - Inserted data to 1C with code 201
[2024-04-08T02:42:50.415+0000] {one_c.py:90} INFO - Inserted data to 1C with code 201
[2024-04-08T02:42:50.488+0000] {one_c.py:90} INFO - Inserted data to 1C with code 201
[2024-04-08T02:42:50.572+0000] {one_c.py:90} INFO - Inserted data to 1C with code 201
[2024-04-08T02:42:50.638+0000] {one_c.py:90} INFO - Inserted data to 1C with code 201
[2024-04-08T02:42:50.725+0000] {one_c.py:90} INFO - Inserted data to 1C with code 201
[2024-04-08T02:42:50.794+0000] {one_c.py:90} INFO - Inserted data to 1C with code 201
[2024-04-08T02:42:50.888+0000] {one_c.py:90} INFO - Inserted data to 1C with code 201
[2024-04-08T02:42:50.992+0000] {one_c.py:90} INFO - Inserted data to 1C with code 201
[2024-04-08T02:42:51.057+0000] {one_c.py:90} INFO - Inserted data to 1C with code 201
[2024-04-08T02:42:51.124+0000] {one_c.py:90} INFO - Inserted data to 1C with code 201
[2024-04-08T02:42:51.189+0000] {one_c.py:90} INFO - Inserted data to 1C with code 201
[2024-04-08T02:42:51.254+0000] {one_c.py:90} INFO - Inserted data to 1C with code 201
[2024-04-08T02:42:51.321+0000] {one_c.py:90} INFO - Inserted data to 1C with code 201
[2024-04-08T02:42:51.388+0000] {one_c.py:90} INFO - Inserted data to 1C with code 201
[2024-04-08T02:42:51.475+0000] {one_c.py:90} INFO - Inserted data to 1C with code 201
[2024-04-08T02:42:51.539+0000] {one_c.py:90} INFO - Inserted data to 1C with code 201
[2024-04-08T02:42:51.603+0000] {one_c.py:90} INFO - Inserted data to 1C with code 201
[2024-04-08T02:42:51.680+0000] {one_c.py:90} INFO - Inserted data to 1C with code 201
[2024-04-08T02:42:51.743+0000] {one_c.py:90} INFO - Inserted data to 1C with code 201
[2024-04-08T02:42:51.807+0000] {one_c.py:90} INFO - Inserted data to 1C with code 201
[2024-04-08T02:42:51.879+0000] {one_c.py:90} INFO - Inserted data to 1C with code 201
[2024-04-08T02:42:51.956+0000] {one_c.py:90} INFO - Inserted data to 1C with code 201
[2024-04-08T02:42:52.024+0000] {one_c.py:90} INFO - Inserted data to 1C with code 201
[2024-04-08T02:42:52.104+0000] {one_c.py:90} INFO - Inserted data to 1C with code 201
[2024-04-08T02:42:52.171+0000] {one_c.py:90} INFO - Inserted data to 1C with code 201
[2024-04-08T02:42:52.237+0000] {one_c.py:90} INFO - Inserted data to 1C with code 201
[2024-04-08T02:42:52.302+0000] {one_c.py:90} INFO - Inserted data to 1C with code 201
[2024-04-08T02:42:52.368+0000] {one_c.py:90} INFO - Inserted data to 1C with code 201
[2024-04-08T02:42:52.435+0000] {one_c.py:90} INFO - Inserted data to 1C with code 201
[2024-04-08T02:42:52.500+0000] {one_c.py:90} INFO - Inserted data to 1C with code 201
[2024-04-08T02:42:52.568+0000] {one_c.py:90} INFO - Inserted data to 1C with code 201
[2024-04-08T02:42:52.637+0000] {one_c.py:90} INFO - Inserted data to 1C with code 201
[2024-04-08T02:42:52.714+0000] {one_c.py:90} INFO - Inserted data to 1C with code 201
[2024-04-08T02:42:52.781+0000] {one_c.py:90} INFO - Inserted data to 1C with code 201
[2024-04-08T02:42:52.855+0000] {one_c.py:90} INFO - Inserted data to 1C with code 201
[2024-04-08T02:42:52.922+0000] {one_c.py:90} INFO - Inserted data to 1C with code 201
[2024-04-08T02:42:52.996+0000] {one_c.py:90} INFO - Inserted data to 1C with code 201
[2024-04-08T02:42:53.063+0000] {one_c.py:90} INFO - Inserted data to 1C with code 201
[2024-04-08T02:42:53.129+0000] {one_c.py:90} INFO - Inserted data to 1C with code 201
[2024-04-08T02:42:53.195+0000] {one_c.py:90} INFO - Inserted data to 1C with code 201
[2024-04-08T02:42:53.266+0000] {one_c.py:90} INFO - Inserted data to 1C with code 201
[2024-04-08T02:42:53.334+0000] {one_c.py:90} INFO - Inserted data to 1C with code 201
[2024-04-08T02:42:53.405+0000] {one_c.py:90} INFO - Inserted data to 1C with code 201
[2024-04-08T02:42:53.470+0000] {one_c.py:90} INFO - Inserted data to 1C with code 201
[2024-04-08T02:42:53.543+0000] {one_c.py:90} INFO - Inserted data to 1C with code 201
[2024-04-08T02:42:53.618+0000] {one_c.py:90} INFO - Inserted data to 1C with code 201
[2024-04-08T02:42:53.688+0000] {one_c.py:90} INFO - Inserted data to 1C with code 201
[2024-04-08T02:42:53.759+0000] {one_c.py:90} INFO - Inserted data to 1C with code 201
[2024-04-08T02:42:53.826+0000] {one_c.py:90} INFO - Inserted data to 1C with code 201
[2024-04-08T02:42:53.892+0000] {one_c.py:90} INFO - Inserted data to 1C with code 201
[2024-04-08T02:42:53.961+0000] {one_c.py:90} INFO - Inserted data to 1C with code 201
[2024-04-08T02:42:54.029+0000] {one_c.py:90} INFO - Inserted data to 1C with code 201
[2024-04-08T02:42:54.095+0000] {one_c.py:90} INFO - Inserted data to 1C with code 201
[2024-04-08T02:42:54.158+0000] {one_c.py:90} INFO - Inserted data to 1C with code 201
[2024-04-08T02:42:54.191+0000] {one_c.py:90} INFO - Inserted data to 1C with code 201
[2024-04-08T02:42:54.256+0000] {one_c.py:90} INFO - Inserted data to 1C with code 201
[2024-04-08T02:42:54.291+0000] {one_c.py:90} INFO - Inserted data to 1C with code 201
[2024-04-08T02:42:54.366+0000] {one_c.py:90} INFO - Inserted data to 1C with code 201
[2024-04-08T02:42:54.445+0000] {one_c.py:90} INFO - Inserted data to 1C with code 201
[2024-04-08T02:42:54.508+0000] {one_c.py:90} INFO - Inserted data to 1C with code 201
[2024-04-08T02:42:54.582+0000] {one_c.py:90} INFO - Inserted data to 1C with code 201
[2024-04-08T02:42:54.646+0000] {one_c.py:90} INFO - Inserted data to 1C with code 201
[2024-04-08T02:42:54.710+0000] {one_c.py:90} INFO - Inserted data to 1C with code 201
[2024-04-08T02:42:54.773+0000] {one_c.py:90} INFO - Inserted data to 1C with code 201
[2024-04-08T02:42:54.855+0000] {one_c.py:90} INFO - Inserted data to 1C with code 201
[2024-04-08T02:42:54.919+0000] {one_c.py:90} INFO - Inserted data to 1C with code 201
[2024-04-08T02:42:54.982+0000] {one_c.py:90} INFO - Inserted data to 1C with code 201
[2024-04-08T02:42:55.047+0000] {one_c.py:90} INFO - Inserted data to 1C with code 201
[2024-04-08T02:42:55.115+0000] {one_c.py:90} INFO - Inserted data to 1C with code 201
[2024-04-08T02:42:55.201+0000] {one_c.py:90} INFO - Inserted data to 1C with code 201
[2024-04-08T02:42:55.202+0000] {python.py:204} INFO - Done. Returned value not shown
[2024-04-08T02:42:55.221+0000] {taskinstance.py:1149} INFO - Marking task as SUCCESS. dag_id=real_estates, task_id=load_to_one_c, execution_date=20240407T000000, start_date=20240408T024248, end_date=20240408T024255
[2024-04-08T02:42:55.309+0000] {local_task_job_runner.py:234} INFO - Task exited with return code 0
[2024-04-08T02:42:55.341+0000] {taskinstance.py:3312} INFO - 0 downstream tasks scheduled from follow-on schedule check
