[2024-04-08T02:42:42.335+0000] {taskinstance.py:1979} INFO - Dependencies all met for dep_context=non-requeueable deps ti=<TaskInstance: real_estates.transform_parse_address scheduled__2024-04-06T00:00:00+00:00 [queued]>
[2024-04-08T02:42:42.357+0000] {taskinstance.py:1979} INFO - Dependencies all met for dep_context=requeueable deps ti=<TaskInstance: real_estates.transform_parse_address scheduled__2024-04-06T00:00:00+00:00 [queued]>
[2024-04-08T02:42:42.358+0000] {taskinstance.py:2193} INFO - Starting attempt 2 of 2
[2024-04-08T02:42:42.386+0000] {taskinstance.py:2217} INFO - Executing <Task(_PythonDecoratedOperator): transform_parse_address> on 2024-04-06 00:00:00+00:00
[2024-04-08T02:42:42.399+0000] {standard_task_runner.py:60} INFO - Started process 77067 to run task
[2024-04-08T02:42:42.406+0000] {standard_task_runner.py:87} INFO - Running: ['***', 'tasks', 'run', 'real_estates', 'transform_parse_address', 'scheduled__2024-04-06T00:00:00+00:00', '--job-id', '267', '--raw', '--subdir', 'DAGS_FOLDER/real_estates/__init__.py', '--cfg-path', '/tmp/tmp13l5u86d']
[2024-04-08T02:42:42.411+0000] {standard_task_runner.py:88} INFO - Job 267: Subtask transform_parse_address
[2024-04-08T02:42:42.818+0000] {task_command.py:423} INFO - Running <TaskInstance: real_estates.transform_parse_address scheduled__2024-04-06T00:00:00+00:00 [running]> on host 05a350db99a0
[2024-04-08T02:42:43.373+0000] {taskinstance.py:2513} INFO - Exporting env vars: AIRFLOW_CTX_DAG_OWNER='***' AIRFLOW_CTX_DAG_ID='real_estates' AIRFLOW_CTX_TASK_ID='transform_parse_address' AIRFLOW_CTX_EXECUTION_DATE='2024-04-06T00:00:00+00:00' AIRFLOW_CTX_TRY_NUMBER='2' AIRFLOW_CTX_DAG_RUN_ID='scheduled__2024-04-06T00:00:00+00:00'
[2024-04-08T02:42:43.388+0000] {__init__.py:98} WARNING - Town 矢部町 not in database
[2024-04-08T02:42:43.390+0000] {__init__.py:98} WARNING - Town 土器町 not in database
[2024-04-08T02:42:43.391+0000] {__init__.py:98} WARNING - Town 針崎町 not in database
[2024-04-08T02:42:43.392+0000] {__init__.py:98} WARNING - Town 谷塚町 not in database
[2024-04-08T02:42:43.393+0000] {__init__.py:98} WARNING - Town 旭町 not in database
[2024-04-08T02:42:43.393+0000] {__init__.py:98} WARNING - Town 上山町 not in database
[2024-04-08T02:42:43.396+0000] {__init__.py:98} WARNING - Town 西条町 not in database
[2024-04-08T02:42:43.397+0000] {__init__.py:98} WARNING - Town 稲毛町 not in database
[2024-04-08T02:42:43.400+0000] {__init__.py:98} WARNING - Town 滝子町 not in database
[2024-04-08T02:42:43.401+0000] {__init__.py:98} WARNING - Town 中村町 not in database
[2024-04-08T02:42:43.403+0000] {__init__.py:98} WARNING - Town 大和田町 not in database
[2024-04-08T02:42:43.404+0000] {__init__.py:98} WARNING - Town 小深町 not in database
[2024-04-08T02:42:43.407+0000] {__init__.py:98} WARNING - Town 神明町 not in database
[2024-04-08T02:42:43.408+0000] {__init__.py:98} WARNING - Town 西新井本町 not in database
[2024-04-08T02:42:43.411+0000] {__init__.py:98} WARNING - Town 仲町 not in database
[2024-04-08T02:42:43.412+0000] {__init__.py:98} WARNING - Town あけぼの町 not in database
[2024-04-08T02:42:43.413+0000] {__init__.py:98} WARNING - Town 福岡町 not in database
[2024-04-08T02:42:43.414+0000] {__init__.py:98} WARNING - Town 二十世紀が丘戸山町 not in database
[2024-04-08T02:42:43.415+0000] {__init__.py:98} WARNING - Town 中村町 not in database
[2024-04-08T02:42:43.416+0000] {__init__.py:98} WARNING - Town 日野本町 not in database
[2024-04-08T02:42:43.418+0000] {__init__.py:98} WARNING - Town 西桜木町 not in database
[2024-04-08T02:42:43.419+0000] {__init__.py:98} WARNING - Town 旭町 not in database
[2024-04-08T02:42:43.420+0000] {__init__.py:98} WARNING - Town 青柳町 not in database
[2024-04-08T02:42:43.421+0000] {__init__.py:98} WARNING - Town 中丸町 not in database
[2024-04-08T02:42:43.422+0000] {__init__.py:98} WARNING - Town 松見町 not in database
[2024-04-08T02:42:43.422+0000] {__init__.py:98} WARNING - Town 茶屋町 not in database
[2024-04-08T02:42:43.423+0000] {__init__.py:98} WARNING - Town 御油町 not in database
[2024-04-08T02:42:43.424+0000] {__init__.py:98} WARNING - Town 甲南町 not in database
[2024-04-08T02:42:43.424+0000] {__init__.py:98} WARNING - Town 深草大亀谷大山町 not in database
[2024-04-08T02:42:43.426+0000] {__init__.py:98} WARNING - Town 白沢町 not in database
[2024-04-08T02:42:43.427+0000] {__init__.py:98} WARNING - Town 押立町 not in database
[2024-04-08T02:42:43.429+0000] {__init__.py:98} WARNING - Town 御油町 not in database
[2024-04-08T02:42:43.430+0000] {__init__.py:98} WARNING - Town 東峰町 not in database
[2024-04-08T02:42:43.430+0000] {__init__.py:98} WARNING - Town 浜田町 not in database
[2024-04-08T02:42:43.431+0000] {parse_address.py:88} ERROR - Error parsing address: '平松本町字上り戸721番16、722番16（従前地）（宇都宮都市計画事業宇都宮大学東南部第1土地区'
[2024-04-08T02:42:43.432+0000] {__init__.py:98} WARNING - Town 後楽町 not in database
[2024-04-08T02:42:43.434+0000] {python.py:204} INFO - Done. Returned value not shown
[2024-04-08T02:42:43.549+0000] {taskinstance.py:1149} INFO - Marking task as SUCCESS. dag_id=real_estates, task_id=transform_parse_address, execution_date=20240406T000000, start_date=20240408T024242, end_date=20240408T024243
[2024-04-08T02:42:43.621+0000] {local_task_job_runner.py:234} INFO - Task exited with return code 0
[2024-04-08T02:42:43.952+0000] {taskinstance.py:3312} INFO - 2 downstream tasks scheduled from follow-on schedule check
