[2024-04-04T08:14:21.643+0000] {taskinstance.py:1979} INFO - Dependencies all met for dep_context=non-requeueable deps ti=<TaskInstance: real_estates.transform_parse_address scheduled__2024-04-03T00:00:00+00:00 [queued]>
[2024-04-04T08:14:21.663+0000] {taskinstance.py:1979} INFO - Dependencies all met for dep_context=requeueable deps ti=<TaskInstance: real_estates.transform_parse_address scheduled__2024-04-03T00:00:00+00:00 [queued]>
[2024-04-04T08:14:21.665+0000] {taskinstance.py:2193} INFO - Starting attempt 1 of 1
[2024-04-04T08:14:21.691+0000] {taskinstance.py:2217} INFO - Executing <Task(_PythonDecoratedOperator): transform_parse_address> on 2024-04-03 00:00:00+00:00
[2024-04-04T08:14:21.705+0000] {standard_task_runner.py:60} INFO - Started process 3511 to run task
[2024-04-04T08:14:21.712+0000] {standard_task_runner.py:87} INFO - Running: ['***', 'tasks', 'run', 'real_estates', 'transform_parse_address', 'scheduled__2024-04-03T00:00:00+00:00', '--job-id', '199', '--raw', '--subdir', 'DAGS_FOLDER/real_estates/__init__.py', '--cfg-path', '/tmp/tmpr7avotin']
[2024-04-04T08:14:21.718+0000] {standard_task_runner.py:88} INFO - Job 199: Subtask transform_parse_address
[2024-04-04T08:14:21.823+0000] {task_command.py:423} INFO - Running <TaskInstance: real_estates.transform_parse_address scheduled__2024-04-03T00:00:00+00:00 [running]> on host 05a350db99a0
[2024-04-04T08:14:22.586+0000] {taskinstance.py:2513} INFO - Exporting env vars: AIRFLOW_CTX_DAG_OWNER='***' AIRFLOW_CTX_DAG_ID='real_estates' AIRFLOW_CTX_TASK_ID='transform_parse_address' AIRFLOW_CTX_EXECUTION_DATE='2024-04-03T00:00:00+00:00' AIRFLOW_CTX_TRY_NUMBER='1' AIRFLOW_CTX_DAG_RUN_ID='scheduled__2024-04-03T00:00:00+00:00'
[2024-04-04T08:14:22.594+0000] {__init__.py:98} WARNING - Town 西戸部町 not in database
[2024-04-04T08:14:22.595+0000] {__init__.py:98} WARNING - Town 北町 not in database
[2024-04-04T08:14:22.596+0000] {__init__.py:98} WARNING - Town 宮本町 not in database
[2024-04-04T08:14:22.597+0000] {__init__.py:98} WARNING - Town 緑町 not in database
[2024-04-04T08:14:22.598+0000] {__init__.py:98} WARNING - Town 追分町 not in database
[2024-04-04T08:14:22.598+0000] {__init__.py:98} WARNING - Town 中町 not in database
[2024-04-04T08:14:22.599+0000] {__init__.py:98} WARNING - Town 菖蒲町 not in database
[2024-04-04T08:14:22.601+0000] {__init__.py:98} WARNING - Town 出川町 not in database
[2024-04-04T08:14:22.602+0000] {__init__.py:98} WARNING - Town 本木東町 not in database
[2024-04-04T08:14:22.602+0000] {__init__.py:98} WARNING - Town 若葉町 not in database
[2024-04-04T08:14:22.603+0000] {__init__.py:98} WARNING - Town 須惠町 not in database
[2024-04-04T08:14:22.605+0000] {__init__.py:98} WARNING - Town 並木西町 not in database
[2024-04-04T08:14:22.606+0000] {__init__.py:98} WARNING - Town 散田町 not in database
[2024-04-04T08:14:22.607+0000] {__init__.py:98} WARNING - Town 南町 not in database
[2024-04-04T08:14:22.607+0000] {__init__.py:98} WARNING - Town 新井町 not in database
[2024-04-04T08:14:22.608+0000] {__init__.py:98} WARNING - Town ひうみ町 not in database
[2024-04-04T08:14:22.609+0000] {__init__.py:98} WARNING - Town 藤原光町 not in database
[2024-04-04T08:14:22.610+0000] {__init__.py:98} WARNING - Town 中泉町 not in database
[2024-04-04T08:14:22.610+0000] {__init__.py:98} WARNING - Town 元総社町 not in database
[2024-04-04T08:14:22.612+0000] {__init__.py:98} WARNING - Town 莇生町 not in database
[2024-04-04T08:14:22.614+0000] {__init__.py:98} WARNING - Town 深大寺東町 not in database
[2024-04-04T08:14:22.615+0000] {__init__.py:98} WARNING - Town 元橋本町 not in database
[2024-04-04T08:14:22.615+0000] {__init__.py:98} WARNING - Town 千住宮元町 not in database
[2024-04-04T08:14:22.617+0000] {python.py:204} INFO - Done. Returned value not shown
[2024-04-04T08:14:22.731+0000] {taskinstance.py:1149} INFO - Marking task as SUCCESS. dag_id=real_estates, task_id=transform_parse_address, execution_date=20240403T000000, start_date=20240404T081421, end_date=20240404T081422
[2024-04-04T08:14:22.812+0000] {local_task_job_runner.py:234} INFO - Task exited with return code 0
[2024-04-04T08:14:22.861+0000] {taskinstance.py:3312} INFO - 1 downstream tasks scheduled from follow-on schedule check
