[2024-04-04T08:46:32.836+0000] {taskinstance.py:1979} INFO - Dependencies all met for dep_context=non-requeueable deps ti=<TaskInstance: real_estates.transform_parse_address scheduled__2024-04-03T00:00:00+00:00 [queued]>
[2024-04-04T08:46:32.856+0000] {taskinstance.py:1979} INFO - Dependencies all met for dep_context=requeueable deps ti=<TaskInstance: real_estates.transform_parse_address scheduled__2024-04-03T00:00:00+00:00 [queued]>
[2024-04-04T08:46:32.857+0000] {taskinstance.py:2193} INFO - Starting attempt 2 of 2
[2024-04-04T08:46:32.886+0000] {taskinstance.py:2217} INFO - Executing <Task(_PythonDecoratedOperator): transform_parse_address> on 2024-04-03 00:00:00+00:00
[2024-04-04T08:46:32.901+0000] {standard_task_runner.py:60} INFO - Started process 3972 to run task
[2024-04-04T08:46:32.908+0000] {standard_task_runner.py:87} INFO - Running: ['***', 'tasks', 'run', 'real_estates', 'transform_parse_address', 'scheduled__2024-04-03T00:00:00+00:00', '--job-id', '205', '--raw', '--subdir', 'DAGS_FOLDER/real_estates/__init__.py', '--cfg-path', '/tmp/tmpy4qp01pd']
[2024-04-04T08:46:32.914+0000] {standard_task_runner.py:88} INFO - Job 205: Subtask transform_parse_address
[2024-04-04T08:46:33.337+0000] {task_command.py:423} INFO - Running <TaskInstance: real_estates.transform_parse_address scheduled__2024-04-03T00:00:00+00:00 [running]> on host 05a350db99a0
[2024-04-04T08:46:33.817+0000] {taskinstance.py:2513} INFO - Exporting env vars: AIRFLOW_CTX_DAG_OWNER='***' AIRFLOW_CTX_DAG_ID='real_estates' AIRFLOW_CTX_TASK_ID='transform_parse_address' AIRFLOW_CTX_EXECUTION_DATE='2024-04-03T00:00:00+00:00' AIRFLOW_CTX_TRY_NUMBER='2' AIRFLOW_CTX_DAG_RUN_ID='scheduled__2024-04-03T00:00:00+00:00'
[2024-04-04T08:46:33.826+0000] {__init__.py:98} WARNING - Town 千住宮元町 not in database
[2024-04-04T08:46:33.827+0000] {__init__.py:98} WARNING - Town 元橋本町 not in database
[2024-04-04T08:46:33.829+0000] {__init__.py:98} WARNING - Town 深大寺東町 not in database
[2024-04-04T08:46:33.832+0000] {__init__.py:98} WARNING - Town 莇生町 not in database
[2024-04-04T08:46:33.834+0000] {__init__.py:98} WARNING - Town 元総社町 not in database
[2024-04-04T08:46:33.835+0000] {__init__.py:98} WARNING - Town 中泉町 not in database
[2024-04-04T08:46:33.836+0000] {__init__.py:98} WARNING - Town 藤原光町 not in database
[2024-04-04T08:46:33.838+0000] {__init__.py:98} WARNING - Town ひうみ町 not in database
[2024-04-04T08:46:33.839+0000] {__init__.py:98} WARNING - Town 新井町 not in database
[2024-04-04T08:46:33.840+0000] {__init__.py:98} WARNING - Town 南町 not in database
[2024-04-04T08:46:33.842+0000] {__init__.py:98} WARNING - Town 散田町 not in database
[2024-04-04T08:46:33.843+0000] {__init__.py:98} WARNING - Town 並木西町 not in database
[2024-04-04T08:46:33.845+0000] {__init__.py:98} WARNING - Town 須惠町 not in database
[2024-04-04T08:46:33.847+0000] {__init__.py:98} WARNING - Town 若葉町 not in database
[2024-04-04T08:46:33.848+0000] {__init__.py:98} WARNING - Town 本木東町 not in database
[2024-04-04T08:46:33.849+0000] {__init__.py:98} WARNING - Town 出川町 not in database
[2024-04-04T08:46:33.852+0000] {__init__.py:98} WARNING - Town 菖蒲町 not in database
[2024-04-04T08:46:33.853+0000] {__init__.py:98} WARNING - Town 中町 not in database
[2024-04-04T08:46:33.854+0000] {__init__.py:98} WARNING - Town 追分町 not in database
[2024-04-04T08:46:33.856+0000] {__init__.py:98} WARNING - Town 緑町 not in database
[2024-04-04T08:46:33.857+0000] {__init__.py:98} WARNING - Town 宮本町 not in database
[2024-04-04T08:46:33.858+0000] {__init__.py:98} WARNING - Town 北町 not in database
[2024-04-04T08:46:33.860+0000] {__init__.py:98} WARNING - Town 西戸部町 not in database
[2024-04-04T08:46:33.862+0000] {python.py:204} INFO - Done. Returned value not shown
[2024-04-04T08:46:33.978+0000] {taskinstance.py:1149} INFO - Marking task as SUCCESS. dag_id=real_estates, task_id=transform_parse_address, execution_date=20240403T000000, start_date=20240404T084632, end_date=20240404T084633
[2024-04-04T08:46:34.045+0000] {local_task_job_runner.py:234} INFO - Task exited with return code 0
[2024-04-04T08:46:34.384+0000] {taskinstance.py:3312} INFO - 2 downstream tasks scheduled from follow-on schedule check
