[2024-04-08T03:56:42.981+0000] {taskinstance.py:1979} INFO - Dependencies all met for dep_context=non-requeueable deps ti=<TaskInstance: real_estates.transform_parse_address manual__2024-04-08T03:55:00.356828+00:00 [queued]>
[2024-04-08T03:56:43.004+0000] {taskinstance.py:1979} INFO - Dependencies all met for dep_context=requeueable deps ti=<TaskInstance: real_estates.transform_parse_address manual__2024-04-08T03:55:00.356828+00:00 [queued]>
[2024-04-08T03:56:43.005+0000] {taskinstance.py:2193} INFO - Starting attempt 1 of 1
[2024-04-08T03:56:43.033+0000] {taskinstance.py:2217} INFO - Executing <Task(_PythonDecoratedOperator): transform_parse_address> on 2024-04-08 03:55:00.356828+00:00
[2024-04-08T03:56:43.049+0000] {standard_task_runner.py:60} INFO - Started process 78223 to run task
[2024-04-08T03:56:43.062+0000] {standard_task_runner.py:87} INFO - Running: ['***', 'tasks', 'run', 'real_estates', 'transform_parse_address', 'manual__2024-04-08T03:55:00.356828+00:00', '--job-id', '303', '--raw', '--subdir', 'DAGS_FOLDER/real_estates/__init__.py', '--cfg-path', '/tmp/tmpllx3yua1']
[2024-04-08T03:56:43.067+0000] {standard_task_runner.py:88} INFO - Job 303: Subtask transform_parse_address
[2024-04-08T03:56:43.482+0000] {task_command.py:423} INFO - Running <TaskInstance: real_estates.transform_parse_address manual__2024-04-08T03:55:00.356828+00:00 [running]> on host 05a350db99a0
[2024-04-08T03:56:43.889+0000] {taskinstance.py:2513} INFO - Exporting env vars: AIRFLOW_CTX_DAG_OWNER='***' AIRFLOW_CTX_DAG_ID='real_estates' AIRFLOW_CTX_TASK_ID='transform_parse_address' AIRFLOW_CTX_EXECUTION_DATE='2024-04-08T03:55:00.356828+00:00' AIRFLOW_CTX_TRY_NUMBER='1' AIRFLOW_CTX_DAG_RUN_ID='manual__2024-04-08T03:55:00.356828+00:00'
[2024-04-08T03:56:43.899+0000] {parse_address.py:88} ERROR - Error parsing address: '平松本町字上り戸721番16、722番16（従前地）（宇都宮都市計画事業宇都宮大学東南部第1土地区'
[2024-04-08T03:56:43.900+0000] {__init__.py:98} WARNING - Town 東峰町 not in database
[2024-04-08T03:56:43.902+0000] {__init__.py:98} WARNING - Town 今井町 not in database
[2024-04-08T03:56:43.904+0000] {__init__.py:98} WARNING - Town 押立町 not in database
[2024-04-08T03:56:43.905+0000] {__init__.py:98} WARNING - Town 戸塚町 not in database
[2024-04-08T03:56:43.906+0000] {parse_address.py:88} ERROR - Error parsing address: '飾磨区'
[2024-04-08T03:56:43.907+0000] {__init__.py:98} WARNING - Town 甲南町 not in database
[2024-04-08T03:56:43.908+0000] {parse_address.py:88} ERROR - Error parsing address: '飾磨区'
[2024-04-08T03:56:43.909+0000] {__init__.py:98} WARNING - Town 大門町 not in database
[2024-04-08T03:56:43.910+0000] {__init__.py:98} WARNING - Town 南町 not in database
[2024-04-08T03:56:43.911+0000] {__init__.py:98} WARNING - Town 松見町 not in database
[2024-04-08T03:56:43.913+0000] {__init__.py:98} WARNING - Town 須惠町 not in database
[2024-04-08T03:56:43.915+0000] {__init__.py:98} WARNING - Town 柏町 not in database
[2024-04-08T03:56:43.916+0000] {__init__.py:98} WARNING - Town 北野町 not in database
[2024-04-08T03:56:43.918+0000] {__init__.py:98} WARNING - Town 三河安城本町 not in database
[2024-04-08T03:56:43.920+0000] {__init__.py:98} WARNING - Town 小手指元町 not in database
[2024-04-08T03:56:43.921+0000] {__init__.py:98} WARNING - Town 幸町 not in database
[2024-04-08T03:56:43.922+0000] {__init__.py:98} WARNING - Town 千歳町 not in database
[2024-04-08T03:56:43.924+0000] {__init__.py:98} WARNING - Town 飯山満町 not in database
[2024-04-08T03:56:43.925+0000] {__init__.py:98} WARNING - Town 千住緑町 not in database
[2024-04-08T03:56:43.930+0000] {python.py:204} INFO - Done. Returned value not shown
[2024-04-08T03:56:44.021+0000] {taskinstance.py:1149} INFO - Marking task as SUCCESS. dag_id=real_estates, task_id=transform_parse_address, execution_date=20240408T035500, start_date=20240408T035642, end_date=20240408T035644
[2024-04-08T03:56:44.078+0000] {local_task_job_runner.py:234} INFO - Task exited with return code 0
[2024-04-08T03:56:44.420+0000] {taskinstance.py:3312} INFO - 2 downstream tasks scheduled from follow-on schedule check
