[2024-04-04T04:35:54.170+0000] {taskinstance.py:1979} INFO - Dependencies all met for dep_context=non-requeueable deps ti=<TaskInstance: real_estates.extract_real_estates scheduled__2024-04-03T00:00:00+00:00 [queued]>
[2024-04-04T04:35:54.189+0000] {taskinstance.py:1979} INFO - Dependencies all met for dep_context=requeueable deps ti=<TaskInstance: real_estates.extract_real_estates scheduled__2024-04-03T00:00:00+00:00 [queued]>
[2024-04-04T04:35:54.189+0000] {taskinstance.py:2193} INFO - Starting attempt 3 of 3
[2024-04-04T04:35:54.216+0000] {taskinstance.py:2217} INFO - Executing <Task(_PythonDecoratedOperator): extract_real_estates> on 2024-04-03 00:00:00+00:00
[2024-04-04T04:35:54.230+0000] {standard_task_runner.py:60} INFO - Started process 397 to run task
[2024-04-04T04:35:54.249+0000] {standard_task_runner.py:87} INFO - Running: ['***', 'tasks', 'run', 'real_estates', 'extract_real_estates', 'scheduled__2024-04-03T00:00:00+00:00', '--job-id', '165', '--raw', '--subdir', 'DAGS_FOLDER/real_estates/__init__.py', '--cfg-path', '/tmp/tmpc65zzmwg']
[2024-04-04T04:35:54.254+0000] {standard_task_runner.py:88} INFO - Job 165: Subtask extract_real_estates
[2024-04-04T04:35:54.359+0000] {task_command.py:423} INFO - Running <TaskInstance: real_estates.extract_real_estates scheduled__2024-04-03T00:00:00+00:00 [running]> on host 05a350db99a0
[2024-04-04T04:35:54.877+0000] {taskinstance.py:2513} INFO - Exporting env vars: AIRFLOW_CTX_DAG_OWNER='***' AIRFLOW_CTX_DAG_ID='real_estates' AIRFLOW_CTX_TASK_ID='extract_real_estates' AIRFLOW_CTX_EXECUTION_DATE='2024-04-03T00:00:00+00:00' AIRFLOW_CTX_TRY_NUMBER='3' AIRFLOW_CTX_DAG_RUN_ID='scheduled__2024-04-03T00:00:00+00:00'
[2024-04-04T04:35:59.736+0000] {real_estates.py:29} INFO - Batch 1/1 fetched 300 pages
[2024-04-04T04:36:14.506+0000] {local_task_job_runner.py:302} WARNING - State of this instance has been externally set to success. Terminating instance.
[2024-04-04T04:36:14.511+0000] {process_utils.py:131} INFO - Sending 15 to group 397. PIDs of all processes in the group: [397]
[2024-04-04T04:36:14.512+0000] {process_utils.py:86} INFO - Sending the signal 15 to group 397
[2024-04-04T04:36:14.513+0000] {taskinstance.py:2483} ERROR - Received SIGTERM. Terminating subprocesses.
[2024-04-04T04:36:14.514+0000] {real_estates.py:76} ERROR - Error extracting data from https://www.homes.co.jp/kodate/b-17061200001741/: Task received SIGTERM signal
[2024-04-04T04:36:27.153+0000] {real_estates.py:76} ERROR - Error extracting data from https://www.homes.co.jp/mansion/b-16001870000695/: 'NoneType' object has no attribute 'text'
[2024-04-04T04:36:36.362+0000] {real_estates.py:76} ERROR - Error extracting data from https://www.homes.co.jp/chintai/room/00320827f5b2f118b1245381817f74bb0ad722ed/: 'NoneType' object has no attribute 'text'
[2024-04-04T04:36:36.770+0000] {real_estates.py:76} ERROR - Error extracting data from https://www.homes.co.jp/chintai/room/9e60e4a0c803093d47029e686997bc47b124b618/: 'NoneType' object has no attribute 'text'
[2024-04-04T04:36:37.198+0000] {real_estates.py:76} ERROR - Error extracting data from https://www.homes.co.jp/chintai/room/0fa17910aafb444b9433085991ded0d45372a8db/: 'NoneType' object has no attribute 'text'
[2024-04-04T04:36:37.883+0000] {real_estates.py:76} ERROR - Error extracting data from https://www.homes.co.jp/chintai/room/70644bd863866865e24fa931d56e74799a77bb32/: 'NoneType' object has no attribute 'text'
[2024-04-04T04:36:38.271+0000] {real_estates.py:76} ERROR - Error extracting data from https://www.homes.co.jp/chintai/room/49eba0957bd6fb15cfc5ad809cf73a3d63920511/: 'NoneType' object has no attribute 'text'
[2024-04-04T04:36:38.676+0000] {real_estates.py:76} ERROR - Error extracting data from https://www.homes.co.jp/chintai/room/0d81ed723108a07dc3741af4d8ef85e832b984b7/: 'NoneType' object has no attribute 'text'
[2024-04-04T04:36:39.070+0000] {real_estates.py:76} ERROR - Error extracting data from https://www.homes.co.jp/chintai/room/49baa4cf60decaebe7d0ec54956af6db27ce4cbc/: 'NoneType' object has no attribute 'text'
[2024-04-04T04:36:39.453+0000] {real_estates.py:76} ERROR - Error extracting data from https://www.homes.co.jp/chintai/room/f7c6465c7a74f552d0b222e48c6f0fe9a395ba54/: 'NoneType' object has no attribute 'text'
[2024-04-04T04:36:40.211+0000] {real_estates.py:76} ERROR - Error extracting data from https://www.homes.co.jp/chintai/room/7374c3087e9b63b118f1fb8474b684239c5c83fd/: 'NoneType' object has no attribute 'text'
[2024-04-04T04:36:40.802+0000] {real_estates.py:76} ERROR - Error extracting data from https://www.homes.co.jp/chintai/room/9a50c6c617eb008645382a27d38eb56119ea1f69/: 'NoneType' object has no attribute 'text'
[2024-04-04T04:36:41.146+0000] {real_estates.py:76} ERROR - Error extracting data from https://www.homes.co.jp/chintai/room/230c5c2532f8a334ab99fd36a1ccc368d71dc8d5/: 'NoneType' object has no attribute 'text'
[2024-04-04T04:36:41.560+0000] {real_estates.py:76} ERROR - Error extracting data from https://www.homes.co.jp/chintai/room/a0b8c9f30e0319ae446b3a006f2b0e6925ccc40f/: 'NoneType' object has no attribute 'text'
[2024-04-04T04:36:42.320+0000] {real_estates.py:76} ERROR - Error extracting data from https://www.homes.co.jp/chintai/room/76d58417bae0fafa9548e3252ec402f9cbdfe1eb/: 'NoneType' object has no attribute 'text'
[2024-04-04T04:36:42.735+0000] {real_estates.py:76} ERROR - Error extracting data from https://www.homes.co.jp/chintai/room/17c2e1fc9ca444eadff9e412591851252fbfcc34/: 'NoneType' object has no attribute 'text'
[2024-04-04T04:36:43.055+0000] {real_estates.py:76} ERROR - Error extracting data from https://www.homes.co.jp/chintai/room/80402ec9e359abcbb747a94ecf571b904d711de8/: 'NoneType' object has no attribute 'text'
[2024-04-04T04:36:43.459+0000] {real_estates.py:76} ERROR - Error extracting data from https://www.homes.co.jp/chintai/room/01b12dcba4334550fd780e7a10e4e3d26f7138db/: 'NoneType' object has no attribute 'text'
[2024-04-04T04:36:43.886+0000] {real_estates.py:76} ERROR - Error extracting data from https://www.homes.co.jp/chintai/room/9bbcc1fdf9f8326414b33a4a7c49993036c23809/: 'NoneType' object has no attribute 'text'
[2024-04-04T04:36:44.626+0000] {real_estates.py:76} ERROR - Error extracting data from https://www.homes.co.jp/chintai/room/f59dfaff9b2a9e71887f0076ee80bbf0e193a7d6/: 'NoneType' object has no attribute 'text'
[2024-04-04T04:36:44.969+0000] {real_estates.py:76} ERROR - Error extracting data from https://www.homes.co.jp/chintai/room/5b5f0c93b1f5cc9be8c2fca0df11418db7e2de7b/: 'NoneType' object has no attribute 'text'
[2024-04-04T04:36:45.311+0000] {real_estates.py:76} ERROR - Error extracting data from https://www.homes.co.jp/chintai/room/3f47ca19e1fbbb1a91338754ff753549facca6f9/: 'NoneType' object has no attribute 'text'
[2024-04-04T04:36:45.651+0000] {real_estates.py:76} ERROR - Error extracting data from https://www.homes.co.jp/chintai/room/fc8db9499f53a4a5d9cb2f07fca225c30386ab10/: 'NoneType' object has no attribute 'text'
[2024-04-04T04:36:46.032+0000] {real_estates.py:76} ERROR - Error extracting data from https://www.homes.co.jp/chintai/room/a2d46af54b9feef9be99cad44cc199de21739bda/: 'NoneType' object has no attribute 'text'
[2024-04-04T04:36:46.436+0000] {real_estates.py:76} ERROR - Error extracting data from https://www.homes.co.jp/chintai/room/0af78266d148a740fde43ef4c44198866d04b75a/: 'NoneType' object has no attribute 'text'
[2024-04-04T04:36:47.192+0000] {real_estates.py:76} ERROR - Error extracting data from https://www.homes.co.jp/chintai/room/368e79f5f7717cd5d73b497bd0089fae82de2f35/: 'NoneType' object has no attribute 'text'
[2024-04-04T04:36:47.597+0000] {real_estates.py:76} ERROR - Error extracting data from https://www.homes.co.jp/chintai/room/f594202ffab0d4a5d013c953c82d9b36ba35230b/: 'NoneType' object has no attribute 'text'
[2024-04-04T04:36:48.032+0000] {real_estates.py:76} ERROR - Error extracting data from https://www.homes.co.jp/chintai/room/e97e56689ddb350e5c12295f4c887ea64be6867b/: 'NoneType' object has no attribute 'text'
[2024-04-04T04:36:48.435+0000] {real_estates.py:76} ERROR - Error extracting data from https://www.homes.co.jp/chintai/room/094fc80a2c3de2344c6458f11702092624b28d4a/: 'NoneType' object has no attribute 'text'
[2024-04-04T04:36:49.170+0000] {real_estates.py:76} ERROR - Error extracting data from https://www.homes.co.jp/chintai/room/3e8ca3cab306849f9c4afcac58341cfad4c4f998/: 'NoneType' object has no attribute 'text'
[2024-04-04T04:36:49.551+0000] {real_estates.py:76} ERROR - Error extracting data from https://www.homes.co.jp/chintai/room/8f3b09c74c7bf9c549dfd12dec40a59e0a79526e/: 'NoneType' object has no attribute 'text'
[2024-04-04T04:36:49.832+0000] {real_estates.py:76} ERROR - Error extracting data from https://www.homes.co.jp/chintai/room/509a835279c0d44123d49899251703ddf1d5829e/: 'NoneType' object has no attribute 'text'
[2024-04-04T04:36:50.223+0000] {real_estates.py:76} ERROR - Error extracting data from https://www.homes.co.jp/chintai/room/94fa20c9057f1f6b6d90931ee402f96ba83083ab/: 'NoneType' object has no attribute 'text'
[2024-04-04T04:36:50.647+0000] {real_estates.py:76} ERROR - Error extracting data from https://www.homes.co.jp/chintai/room/7b3c3cdd7cdcd2c420ee6872ed2b3500f625f870/: 'NoneType' object has no attribute 'text'
[2024-04-04T04:36:50.982+0000] {real_estates.py:76} ERROR - Error extracting data from https://www.homes.co.jp/chintai/room/0dd25ab2106f5f7edff0dca9057a287945b773b2/: 'NoneType' object has no attribute 'text'
[2024-04-04T04:36:51.759+0000] {real_estates.py:76} ERROR - Error extracting data from https://www.homes.co.jp/chintai/room/7b999ea17a0e8831ad8fcd76f25a74be96af5e1e/: 'NoneType' object has no attribute 'text'
[2024-04-04T04:36:52.121+0000] {real_estates.py:76} ERROR - Error extracting data from https://www.homes.co.jp/chintai/room/51576e22f28e022e24e885034a6516ae2cb35453/: 'NoneType' object has no attribute 'text'
[2024-04-04T04:36:52.525+0000] {real_estates.py:76} ERROR - Error extracting data from https://www.homes.co.jp/chintai/room/660d559e07a4ffb7bb014e58f81305cceb73637a/: 'NoneType' object has no attribute 'text'
[2024-04-04T04:36:52.936+0000] {real_estates.py:76} ERROR - Error extracting data from https://www.homes.co.jp/chintai/room/12ea3679fbf61a3af22de4ff4011643c1a48783a/: 'NoneType' object has no attribute 'text'
[2024-04-04T04:36:53.320+0000] {real_estates.py:76} ERROR - Error extracting data from https://www.homes.co.jp/chintai/room/3e543521ffe2b9c95e8e7639743fe305db34be9a/: 'NoneType' object has no attribute 'text'
[2024-04-04T04:36:54.057+0000] {real_estates.py:76} ERROR - Error extracting data from https://www.homes.co.jp/chintai/room/f24ed45f152368d81f5041a53bef76bf34789adc/: 'NoneType' object has no attribute 'text'
[2024-04-04T04:36:54.458+0000] {real_estates.py:76} ERROR - Error extracting data from https://www.homes.co.jp/chintai/room/ea47d06613382b1c86c3c490a0127f76820d18fc/: 'NoneType' object has no attribute 'text'
[2024-04-04T04:36:54.879+0000] {real_estates.py:76} ERROR - Error extracting data from https://www.homes.co.jp/chintai/room/7ec36fb01ffc71ced9900e90db39243f4f077156/: 'NoneType' object has no attribute 'text'
[2024-04-04T04:36:55.281+0000] {real_estates.py:76} ERROR - Error extracting data from https://www.homes.co.jp/chintai/room/0334f73f0b7c630180fe065f5042d11a61d0707d/: 'NoneType' object has no attribute 'text'
[2024-04-04T04:36:55.596+0000] {real_estates.py:76} ERROR - Error extracting data from https://www.homes.co.jp/chintai/room/d82c58c8d2667930fb88db528e4633184c1a5b0e/: 'NoneType' object has no attribute 'text'
[2024-04-04T04:36:55.961+0000] {real_estates.py:76} ERROR - Error extracting data from https://www.homes.co.jp/chintai/room/823fa62d2f9b155104004714a6c9d3e38eda6b29/: 'NoneType' object has no attribute 'text'
[2024-04-04T04:36:56.666+0000] {real_estates.py:76} ERROR - Error extracting data from https://www.homes.co.jp/chintai/room/a33abd441db0e7883f996b4b49bdd6deab26430e/: 'NoneType' object has no attribute 'text'
[2024-04-04T04:36:57.071+0000] {real_estates.py:76} ERROR - Error extracting data from https://www.homes.co.jp/chintai/room/8c8542fa48e276dc0dcd081eae16d30831b49989/: 'NoneType' object has no attribute 'text'
[2024-04-04T04:36:57.488+0000] {real_estates.py:76} ERROR - Error extracting data from https://www.homes.co.jp/chintai/room/9fbd7416168e7dec8743f59fd8c3756f3585029c/: 'NoneType' object has no attribute 'text'
[2024-04-04T04:36:57.817+0000] {real_estates.py:76} ERROR - Error extracting data from https://www.homes.co.jp/chintai/room/f125fd910eedb6b56b052295b8c9c512a159e56c/: 'NoneType' object has no attribute 'text'
[2024-04-04T04:36:58.235+0000] {real_estates.py:76} ERROR - Error extracting data from https://www.homes.co.jp/chintai/room/92910e4917f39de8a590c5651c01736fc82b7bfb/: 'NoneType' object has no attribute 'text'
[2024-04-04T04:36:58.974+0000] {real_estates.py:76} ERROR - Error extracting data from https://www.homes.co.jp/chintai/room/ee40c0100aafffe8401de18b5d3eeead89a4078f/: 'NoneType' object has no attribute 'text'
[2024-04-04T04:36:59.373+0000] {real_estates.py:76} ERROR - Error extracting data from https://www.homes.co.jp/chintai/room/0f4e742a5558aa786d17c8658b2bc955593cc10f/: 'NoneType' object has no attribute 'text'
[2024-04-04T04:36:59.796+0000] {real_estates.py:76} ERROR - Error extracting data from https://www.homes.co.jp/chintai/room/29209e2d380900ceefaa4216b34468159d4f8382/: 'NoneType' object has no attribute 'text'
[2024-04-04T04:37:00.201+0000] {real_estates.py:76} ERROR - Error extracting data from https://www.homes.co.jp/chintai/room/5435d72271be012600c69c02ea183b6232ec3886/: 'NoneType' object has no attribute 'text'
[2024-04-04T04:37:00.933+0000] {real_estates.py:76} ERROR - Error extracting data from https://www.homes.co.jp/chintai/room/de714abbf3bf18bbdcc44cf5cdb4372a798a25e6/: 'NoneType' object has no attribute 'text'
[2024-04-04T04:37:01.346+0000] {real_estates.py:76} ERROR - Error extracting data from https://www.homes.co.jp/chintai/room/abb1523fe044cc4fa1a6808b15bf73a77a1b1ece/: 'NoneType' object has no attribute 'text'
[2024-04-04T04:37:01.799+0000] {real_estates.py:76} ERROR - Error extracting data from https://www.homes.co.jp/chintai/room/8b51ac065ece0578eeb0f7592f40f9310895bac0/: 'NoneType' object has no attribute 'text'
[2024-04-04T04:37:02.251+0000] {real_estates.py:76} ERROR - Error extracting data from https://www.homes.co.jp/chintai/room/98558a26e90317e23167a6ba92327bed2911db4f/: 'NoneType' object has no attribute 'text'
[2024-04-04T04:37:02.666+0000] {real_estates.py:76} ERROR - Error extracting data from https://www.homes.co.jp/chintai/room/2a4cdf6eca9aac4c8427dbff599f6406700ead62/: 'NoneType' object has no attribute 'text'
[2024-04-04T04:37:03.426+0000] {real_estates.py:76} ERROR - Error extracting data from https://www.homes.co.jp/chintai/room/eafae5b9a80b1da22ba521b9709a82109ee3328f/: 'NoneType' object has no attribute 'text'
[2024-04-04T04:37:03.792+0000] {real_estates.py:76} ERROR - Error extracting data from https://www.homes.co.jp/chintai/room/3acdefd559da18b5e88fecd86f2360c18ed6649d/: 'NoneType' object has no attribute 'text'
[2024-04-04T04:37:04.113+0000] {real_estates.py:76} ERROR - Error extracting data from https://www.homes.co.jp/chintai/room/e00c80c86ac30dbd9ab6a6e63c72b581cade1501/: 'NoneType' object has no attribute 'text'
[2024-04-04T04:37:04.491+0000] {real_estates.py:76} ERROR - Error extracting data from https://www.homes.co.jp/chintai/room/037849a2519600943b30566c21a2a1a8e0539245/: 'NoneType' object has no attribute 'text'
[2024-04-04T04:37:04.892+0000] {real_estates.py:76} ERROR - Error extracting data from https://www.homes.co.jp/chintai/room/87112788fbdb332c7d0877423bb59e499dabaf56/: 'NoneType' object has no attribute 'text'
[2024-04-04T04:37:05.595+0000] {real_estates.py:76} ERROR - Error extracting data from https://www.homes.co.jp/chintai/room/ed1959f93437c31d9748681615dcc7876bafc6b3/: 'NoneType' object has no attribute 'text'
[2024-04-04T04:37:06.017+0000] {real_estates.py:76} ERROR - Error extracting data from https://www.homes.co.jp/chintai/room/6818a7a59199b82de664cffc83e75aa476189077/: 'NoneType' object has no attribute 'text'
[2024-04-04T04:37:06.420+0000] {real_estates.py:76} ERROR - Error extracting data from https://www.homes.co.jp/chintai/room/1aa589670210f7d59c7001fc22e955cfaf361b63/: 'NoneType' object has no attribute 'text'
[2024-04-04T04:37:06.825+0000] {real_estates.py:76} ERROR - Error extracting data from https://www.homes.co.jp/chintai/room/13f0ea2fc7017c87c686f2debc382e033f951e87/: 'NoneType' object has no attribute 'text'
[2024-04-04T04:37:07.184+0000] {real_estates.py:76} ERROR - Error extracting data from https://www.homes.co.jp/chintai/room/de378aaf38aca8f0b211daa9fa5a9e8317e114b0/: 'NoneType' object has no attribute 'text'
[2024-04-04T04:37:07.978+0000] {real_estates.py:76} ERROR - Error extracting data from https://www.homes.co.jp/chintai/room/b37340c27be5f9a1cc4d9539c833dd3fe825b7e7/: 'NoneType' object has no attribute 'text'
[2024-04-04T04:37:08.418+0000] {real_estates.py:76} ERROR - Error extracting data from https://www.homes.co.jp/chintai/room/0af6a57989faeb0325d4593ae1c2dbe5327fea85/: 'NoneType' object has no attribute 'text'
[2024-04-04T04:37:08.764+0000] {real_estates.py:76} ERROR - Error extracting data from https://www.homes.co.jp/chintai/room/44a859b26c6f4354dadb77753cd8fa14378c25c2/: 'NoneType' object has no attribute 'text'
[2024-04-04T04:37:09.171+0000] {real_estates.py:76} ERROR - Error extracting data from https://www.homes.co.jp/chintai/room/1fbc7adb2cbeb45288cc0b5c0d13196b822a0828/: 'NoneType' object has no attribute 'text'
[2024-04-04T04:37:09.470+0000] {real_estates.py:76} ERROR - Error extracting data from https://www.homes.co.jp/chintai/room/7db612c0404daaea5687d387e4b16c7f149c09c3/: 'NoneType' object has no attribute 'text'
[2024-04-04T04:37:10.243+0000] {real_estates.py:76} ERROR - Error extracting data from https://www.homes.co.jp/chintai/room/d9e5e1126b79c48e0f344d19ce59c5bd8520fbe5/: 'NoneType' object has no attribute 'text'
[2024-04-04T04:37:10.618+0000] {real_estates.py:76} ERROR - Error extracting data from https://www.homes.co.jp/chintai/room/e228e29495cac072d1add6d32f618fe1b47212c0/: 'NoneType' object has no attribute 'text'
[2024-04-04T04:37:11.040+0000] {real_estates.py:76} ERROR - Error extracting data from https://www.homes.co.jp/chintai/room/a5d4e5eded2f822f3018a17f6f71b1c8ea93426a/: 'NoneType' object has no attribute 'text'
[2024-04-04T04:37:11.432+0000] {real_estates.py:76} ERROR - Error extracting data from https://www.homes.co.jp/chintai/room/6f97e6b6d6dd0b16ef6dbb601406a26d33490687/: 'NoneType' object has no attribute 'text'
[2024-04-04T04:37:11.821+0000] {real_estates.py:76} ERROR - Error extracting data from https://www.homes.co.jp/chintai/room/ce5572b9ca16d366fa6ca3ce1427fc788cb90628/: 'NoneType' object has no attribute 'text'
[2024-04-04T04:37:12.601+0000] {real_estates.py:76} ERROR - Error extracting data from https://www.homes.co.jp/chintai/room/ced7cba5b92d1d074502eed313eca2dcf7302570/: 'NoneType' object has no attribute 'text'
[2024-04-04T04:37:12.927+0000] {real_estates.py:76} ERROR - Error extracting data from https://www.homes.co.jp/chintai/room/2c803615cfeb5c5e90274464a9de6f991c26760a/: 'NoneType' object has no attribute 'text'
[2024-04-04T04:37:13.223+0000] {real_estates.py:76} ERROR - Error extracting data from https://www.homes.co.jp/chintai/room/42fcc6f8f550c59530410d1bc02ea58edfeba070/: 'NoneType' object has no attribute 'text'
[2024-04-04T04:37:13.518+0000] {real_estates.py:76} ERROR - Error extracting data from https://www.homes.co.jp/chintai/room/a6f8f34deb6257aeab5bcfc9228efd332f6656c7/: 'NoneType' object has no attribute 'text'
[2024-04-04T04:37:13.979+0000] {real_estates.py:76} ERROR - Error extracting data from https://www.homes.co.jp/chintai/room/b8ad595a10d985a72eb1e3a81070cd33d96a90b2/: 'NoneType' object has no attribute 'text'
[2024-04-04T04:37:14.315+0000] {real_estates.py:76} ERROR - Error extracting data from https://www.homes.co.jp/chintai/room/297cc716ec054b0442c4fa61b9263a637216fcff/: 'NoneType' object has no attribute 'text'
[2024-04-04T04:37:14.531+0000] {process_utils.py:149} WARNING - process psutil.Process(pid=397, name='airflow task ru', status='running', started='04:35:53') did not respond to SIGTERM. Trying SIGKILL
[2024-04-04T04:37:14.538+0000] {process_utils.py:86} INFO - Sending the signal 9 to group 397
[2024-04-04T04:37:14.634+0000] {process_utils.py:79} INFO - Process psutil.Process(pid=397, name='airflow task ru', status='terminated', exitcode=<Negsignal.SIGKILL: -9>, started='04:35:53') (397) terminated with exit code -9
[2024-04-04T04:37:14.635+0000] {standard_task_runner.py:175} ERROR - Job 165 was killed before it finished (likely due to running out of memory)
