[2024-04-04T07:49:04.988+0000] {taskinstance.py:1979} INFO - Dependencies all met for dep_context=non-requeueable deps ti=<TaskInstance: real_estates.extract_real_estates scheduled__2024-04-03T00:00:00+00:00 [queued]>
[2024-04-04T07:49:05.010+0000] {taskinstance.py:1979} INFO - Dependencies all met for dep_context=requeueable deps ti=<TaskInstance: real_estates.extract_real_estates scheduled__2024-04-03T00:00:00+00:00 [queued]>
[2024-04-04T07:49:05.011+0000] {taskinstance.py:2193} INFO - Starting attempt 12 of 12
[2024-04-04T07:49:05.039+0000] {taskinstance.py:2217} INFO - Executing <Task(_PythonDecoratedOperator): extract_real_estates> on 2024-04-03 00:00:00+00:00
[2024-04-04T07:49:05.054+0000] {standard_task_runner.py:60} INFO - Started process 3115 to run task
[2024-04-04T07:49:05.062+0000] {standard_task_runner.py:87} INFO - Running: ['***', 'tasks', 'run', 'real_estates', 'extract_real_estates', 'scheduled__2024-04-03T00:00:00+00:00', '--job-id', '187', '--raw', '--subdir', 'DAGS_FOLDER/real_estates/__init__.py', '--cfg-path', '/tmp/tmpw54iah6q']
[2024-04-04T07:49:05.067+0000] {standard_task_runner.py:88} INFO - Job 187: Subtask extract_real_estates
[2024-04-04T07:49:05.488+0000] {task_command.py:423} INFO - Running <TaskInstance: real_estates.extract_real_estates scheduled__2024-04-03T00:00:00+00:00 [running]> on host 05a350db99a0
[2024-04-04T07:49:05.671+0000] {taskinstance.py:2513} INFO - Exporting env vars: AIRFLOW_CTX_DAG_OWNER='***' AIRFLOW_CTX_DAG_ID='real_estates' AIRFLOW_CTX_TASK_ID='extract_real_estates' AIRFLOW_CTX_EXECUTION_DATE='2024-04-03T00:00:00+00:00' AIRFLOW_CTX_TRY_NUMBER='12' AIRFLOW_CTX_DAG_RUN_ID='scheduled__2024-04-03T00:00:00+00:00'
[2024-04-04T07:49:08.272+0000] {real_estates.py:29} INFO - Batch 1/1 fetched 132 pages
[2024-04-04T07:49:43.878+0000] {real_estates.py:72} WARNING - Temporarily skipping https://www.homes.co.jp/mansion/b-16001870000695/
[2024-04-04T07:49:55.467+0000] {real_estates.py:79} WARNING - Could not extract data from https://www.homes.co.jp/kodate/b-93230000072/
[2024-04-04T07:49:55.548+0000] {real_estates.py:79} WARNING - Could not extract data from https://www.homes.co.jp/kodate/b-1124550022957/
[2024-04-04T07:49:55.621+0000] {real_estates.py:79} WARNING - Could not extract data from https://www.homes.co.jp/kodate/b-1349100001891/
[2024-04-04T07:49:55.697+0000] {real_estates.py:79} WARNING - Could not extract data from https://www.homes.co.jp/kodate/b-7940088024/
[2024-04-04T07:49:55.771+0000] {real_estates.py:79} WARNING - Could not extract data from https://www.homes.co.jp/kodate/b-1473520001332/
[2024-04-04T07:49:55.844+0000] {real_estates.py:79} WARNING - Could not extract data from https://www.homes.co.jp/kodate/b-1520970000115/
[2024-04-04T07:49:55.921+0000] {real_estates.py:79} WARNING - Could not extract data from https://www.homes.co.jp/kodate/b-32179020000275/
[2024-04-04T07:49:56.004+0000] {real_estates.py:79} WARNING - Could not extract data from https://www.homes.co.jp/kodate/b-1415990000617/
[2024-04-04T07:49:56.080+0000] {real_estates.py:79} WARNING - Could not extract data from https://www.homes.co.jp/kodate/b-1409270002643/
[2024-04-04T07:49:56.152+0000] {real_estates.py:79} WARNING - Could not extract data from https://www.homes.co.jp/kodate/b-1409270002645/
[2024-04-04T07:49:56.228+0000] {real_estates.py:79} WARNING - Could not extract data from https://www.homes.co.jp/kodate/b-90790001852/
[2024-04-04T07:49:56.300+0000] {real_estates.py:79} WARNING - Could not extract data from https://www.homes.co.jp/kodate/b-1441410004972/
[2024-04-04T07:49:56.373+0000] {real_estates.py:79} WARNING - Could not extract data from https://www.homes.co.jp/kodate/b-1520970000112/
[2024-04-04T07:49:56.450+0000] {real_estates.py:79} WARNING - Could not extract data from https://www.homes.co.jp/kodate/b-1374910001338/
[2024-04-04T07:49:56.523+0000] {real_estates.py:79} WARNING - Could not extract data from https://www.homes.co.jp/kodate/b-1294040005392/
[2024-04-04T07:49:56.611+0000] {real_estates.py:79} WARNING - Could not extract data from https://www.homes.co.jp/kodate/b-1520970000021/
[2024-04-04T07:49:56.684+0000] {real_estates.py:79} WARNING - Could not extract data from https://www.homes.co.jp/kodate/b-1520970000006/
[2024-04-04T07:49:56.757+0000] {real_estates.py:79} WARNING - Could not extract data from https://www.homes.co.jp/kodate/b-1520970000014/
[2024-04-04T07:49:56.802+0000] {python.py:204} INFO - Done. Returned value not shown
[2024-04-04T07:49:56.922+0000] {taskinstance.py:1149} INFO - Marking task as SUCCESS. dag_id=real_estates, task_id=extract_real_estates, execution_date=20240403T000000, start_date=20240404T074904, end_date=20240404T074956
[2024-04-04T07:49:56.998+0000] {local_task_job_runner.py:234} INFO - Task exited with return code 0
[2024-04-04T07:49:57.038+0000] {taskinstance.py:3312} INFO - 1 downstream tasks scheduled from follow-on schedule check
