[2024-04-04T04:33:49.266+0000] {taskinstance.py:1979} INFO - Dependencies all met for dep_context=non-requeueable deps ti=<TaskInstance: real_estates.extract_real_estates scheduled__2024-04-03T00:00:00+00:00 [queued]>
[2024-04-04T04:33:49.289+0000] {taskinstance.py:1979} INFO - Dependencies all met for dep_context=requeueable deps ti=<TaskInstance: real_estates.extract_real_estates scheduled__2024-04-03T00:00:00+00:00 [queued]>
[2024-04-04T04:33:49.290+0000] {taskinstance.py:2193} INFO - Starting attempt 2 of 2
[2024-04-04T04:33:49.320+0000] {taskinstance.py:2217} INFO - Executing <Task(_PythonDecoratedOperator): extract_real_estates> on 2024-04-03 00:00:00+00:00
[2024-04-04T04:33:49.335+0000] {standard_task_runner.py:60} INFO - Started process 352 to run task
[2024-04-04T04:33:49.342+0000] {standard_task_runner.py:87} INFO - Running: ['***', 'tasks', 'run', 'real_estates', 'extract_real_estates', 'scheduled__2024-04-03T00:00:00+00:00', '--job-id', '162', '--raw', '--subdir', 'DAGS_FOLDER/real_estates/__init__.py', '--cfg-path', '/tmp/tmp7x3hxrvr']
[2024-04-04T04:33:49.347+0000] {standard_task_runner.py:88} INFO - Job 162: Subtask extract_real_estates
[2024-04-04T04:33:49.782+0000] {task_command.py:423} INFO - Running <TaskInstance: real_estates.extract_real_estates scheduled__2024-04-03T00:00:00+00:00 [running]> on host 05a350db99a0
[2024-04-04T04:33:49.992+0000] {taskinstance.py:2513} INFO - Exporting env vars: AIRFLOW_CTX_DAG_OWNER='***' AIRFLOW_CTX_DAG_ID='real_estates' AIRFLOW_CTX_TASK_ID='extract_real_estates' AIRFLOW_CTX_EXECUTION_DATE='2024-04-03T00:00:00+00:00' AIRFLOW_CTX_TRY_NUMBER='2' AIRFLOW_CTX_DAG_RUN_ID='scheduled__2024-04-03T00:00:00+00:00'
[2024-04-04T04:33:55.901+0000] {real_estates.py:29} INFO - Batch 1/1 fetched 300 pages
[2024-04-04T04:34:23.192+0000] {real_estates.py:76} ERROR - Error extracting data from https://www.homes.co.jp/mansion/b-16001870000695/: 'NoneType' object has no attribute 'text'
[2024-04-04T04:34:32.622+0000] {real_estates.py:76} ERROR - Error extracting data from https://www.homes.co.jp/chintai/room/00320827f5b2f118b1245381817f74bb0ad722ed/: 'NoneType' object has no attribute 'text'
[2024-04-04T04:34:33.047+0000] {real_estates.py:76} ERROR - Error extracting data from https://www.homes.co.jp/chintai/room/9e60e4a0c803093d47029e686997bc47b124b618/: 'NoneType' object has no attribute 'text'
[2024-04-04T04:34:33.497+0000] {real_estates.py:76} ERROR - Error extracting data from https://www.homes.co.jp/chintai/room/0fa17910aafb444b9433085991ded0d45372a8db/: 'NoneType' object has no attribute 'text'
[2024-04-04T04:34:34.202+0000] {real_estates.py:76} ERROR - Error extracting data from https://www.homes.co.jp/chintai/room/70644bd863866865e24fa931d56e74799a77bb32/: 'NoneType' object has no attribute 'text'
[2024-04-04T04:34:34.593+0000] {real_estates.py:76} ERROR - Error extracting data from https://www.homes.co.jp/chintai/room/49eba0957bd6fb15cfc5ad809cf73a3d63920511/: 'NoneType' object has no attribute 'text'
[2024-04-04T04:34:35.005+0000] {real_estates.py:76} ERROR - Error extracting data from https://www.homes.co.jp/chintai/room/0d81ed723108a07dc3741af4d8ef85e832b984b7/: 'NoneType' object has no attribute 'text'
[2024-04-04T04:34:35.412+0000] {real_estates.py:76} ERROR - Error extracting data from https://www.homes.co.jp/chintai/room/49baa4cf60decaebe7d0ec54956af6db27ce4cbc/: 'NoneType' object has no attribute 'text'
[2024-04-04T04:34:35.792+0000] {real_estates.py:76} ERROR - Error extracting data from https://www.homes.co.jp/chintai/room/f7c6465c7a74f552d0b222e48c6f0fe9a395ba54/: 'NoneType' object has no attribute 'text'
[2024-04-04T04:34:36.558+0000] {real_estates.py:76} ERROR - Error extracting data from https://www.homes.co.jp/chintai/room/7374c3087e9b63b118f1fb8474b684239c5c83fd/: 'NoneType' object has no attribute 'text'
[2024-04-04T04:34:37.117+0000] {real_estates.py:76} ERROR - Error extracting data from https://www.homes.co.jp/chintai/room/9a50c6c617eb008645382a27d38eb56119ea1f69/: 'NoneType' object has no attribute 'text'
[2024-04-04T04:34:37.464+0000] {real_estates.py:76} ERROR - Error extracting data from https://www.homes.co.jp/chintai/room/230c5c2532f8a334ab99fd36a1ccc368d71dc8d5/: 'NoneType' object has no attribute 'text'
[2024-04-04T04:34:37.853+0000] {real_estates.py:76} ERROR - Error extracting data from https://www.homes.co.jp/chintai/room/a0b8c9f30e0319ae446b3a006f2b0e6925ccc40f/: 'NoneType' object has no attribute 'text'
[2024-04-04T04:34:38.624+0000] {real_estates.py:76} ERROR - Error extracting data from https://www.homes.co.jp/chintai/room/76d58417bae0fafa9548e3252ec402f9cbdfe1eb/: 'NoneType' object has no attribute 'text'
[2024-04-04T04:34:39.028+0000] {real_estates.py:76} ERROR - Error extracting data from https://www.homes.co.jp/chintai/room/17c2e1fc9ca444eadff9e412591851252fbfcc34/: 'NoneType' object has no attribute 'text'
[2024-04-04T04:34:39.347+0000] {real_estates.py:76} ERROR - Error extracting data from https://www.homes.co.jp/chintai/room/80402ec9e359abcbb747a94ecf571b904d711de8/: 'NoneType' object has no attribute 'text'
[2024-04-04T04:34:39.749+0000] {real_estates.py:76} ERROR - Error extracting data from https://www.homes.co.jp/chintai/room/01b12dcba4334550fd780e7a10e4e3d26f7138db/: 'NoneType' object has no attribute 'text'
[2024-04-04T04:34:40.165+0000] {real_estates.py:76} ERROR - Error extracting data from https://www.homes.co.jp/chintai/room/9bbcc1fdf9f8326414b33a4a7c49993036c23809/: 'NoneType' object has no attribute 'text'
[2024-04-04T04:34:40.915+0000] {real_estates.py:76} ERROR - Error extracting data from https://www.homes.co.jp/chintai/room/f59dfaff9b2a9e71887f0076ee80bbf0e193a7d6/: 'NoneType' object has no attribute 'text'
[2024-04-04T04:34:41.263+0000] {real_estates.py:76} ERROR - Error extracting data from https://www.homes.co.jp/chintai/room/5b5f0c93b1f5cc9be8c2fca0df11418db7e2de7b/: 'NoneType' object has no attribute 'text'
[2024-04-04T04:34:41.609+0000] {real_estates.py:76} ERROR - Error extracting data from https://www.homes.co.jp/chintai/room/3f47ca19e1fbbb1a91338754ff753549facca6f9/: 'NoneType' object has no attribute 'text'
[2024-04-04T04:34:41.940+0000] {real_estates.py:76} ERROR - Error extracting data from https://www.homes.co.jp/chintai/room/fc8db9499f53a4a5d9cb2f07fca225c30386ab10/: 'NoneType' object has no attribute 'text'
[2024-04-04T04:34:42.322+0000] {real_estates.py:76} ERROR - Error extracting data from https://www.homes.co.jp/chintai/room/a2d46af54b9feef9be99cad44cc199de21739bda/: 'NoneType' object has no attribute 'text'
[2024-04-04T04:34:42.726+0000] {real_estates.py:76} ERROR - Error extracting data from https://www.homes.co.jp/chintai/room/0af78266d148a740fde43ef4c44198866d04b75a/: 'NoneType' object has no attribute 'text'
[2024-04-04T04:34:43.445+0000] {real_estates.py:76} ERROR - Error extracting data from https://www.homes.co.jp/chintai/room/368e79f5f7717cd5d73b497bd0089fae82de2f35/: 'NoneType' object has no attribute 'text'
[2024-04-04T04:34:43.860+0000] {real_estates.py:76} ERROR - Error extracting data from https://www.homes.co.jp/chintai/room/f594202ffab0d4a5d013c953c82d9b36ba35230b/: 'NoneType' object has no attribute 'text'
[2024-04-04T04:34:44.280+0000] {real_estates.py:76} ERROR - Error extracting data from https://www.homes.co.jp/chintai/room/e97e56689ddb350e5c12295f4c887ea64be6867b/: 'NoneType' object has no attribute 'text'
[2024-04-04T04:34:44.695+0000] {real_estates.py:76} ERROR - Error extracting data from https://www.homes.co.jp/chintai/room/094fc80a2c3de2344c6458f11702092624b28d4a/: 'NoneType' object has no attribute 'text'
[2024-04-04T04:34:45.096+0000] {real_estates.py:76} ERROR - Error extracting data from https://www.homes.co.jp/chintai/room/3e8ca3cab306849f9c4afcac58341cfad4c4f998/: 'NoneType' object has no attribute 'text'
[2024-04-04T04:34:45.833+0000] {real_estates.py:76} ERROR - Error extracting data from https://www.homes.co.jp/chintai/room/8f3b09c74c7bf9c549dfd12dec40a59e0a79526e/: 'NoneType' object has no attribute 'text'
[2024-04-04T04:34:46.101+0000] {real_estates.py:76} ERROR - Error extracting data from https://www.homes.co.jp/chintai/room/509a835279c0d44123d49899251703ddf1d5829e/: 'NoneType' object has no attribute 'text'
[2024-04-04T04:34:46.490+0000] {real_estates.py:76} ERROR - Error extracting data from https://www.homes.co.jp/chintai/room/8f3b09c74c7bf9c549dfd12dec40a59e0a79526e/: 'NoneType' object has no attribute 'text'
[2024-04-04T04:34:46.754+0000] {real_estates.py:76} ERROR - Error extracting data from https://www.homes.co.jp/chintai/room/d16235d7a808b72344ce285124f181124b5ff3a0/: 'NoneType' object has no attribute 'text'
[2024-04-04T04:34:47.140+0000] {real_estates.py:76} ERROR - Error extracting data from https://www.homes.co.jp/chintai/room/94fa20c9057f1f6b6d90931ee402f96ba83083ab/: 'NoneType' object has no attribute 'text'
[2024-04-04T04:34:47.906+0000] {real_estates.py:76} ERROR - Error extracting data from https://www.homes.co.jp/chintai/room/7b3c3cdd7cdcd2c420ee6872ed2b3500f625f870/: 'NoneType' object has no attribute 'text'
[2024-04-04T04:34:48.309+0000] {real_estates.py:76} ERROR - Error extracting data from https://www.homes.co.jp/chintai/room/7b999ea17a0e8831ad8fcd76f25a74be96af5e1e/: 'NoneType' object has no attribute 'text'
[2024-04-04T04:34:48.647+0000] {real_estates.py:76} ERROR - Error extracting data from https://www.homes.co.jp/chintai/room/51576e22f28e022e24e885034a6516ae2cb35453/: 'NoneType' object has no attribute 'text'
[2024-04-04T04:34:49.069+0000] {real_estates.py:76} ERROR - Error extracting data from https://www.homes.co.jp/chintai/room/12ea3679fbf61a3af22de4ff4011643c1a48783a/: 'NoneType' object has no attribute 'text'
[2024-04-04T04:34:49.434+0000] {real_estates.py:76} ERROR - Error extracting data from https://www.homes.co.jp/chintai/room/f24ed45f152368d81f5041a53bef76bf34789adc/: 'NoneType' object has no attribute 'text'
[2024-04-04T04:34:50.166+0000] {real_estates.py:76} ERROR - Error extracting data from https://www.homes.co.jp/chintai/room/ea47d06613382b1c86c3c490a0127f76820d18fc/: 'NoneType' object has no attribute 'text'
[2024-04-04T04:34:50.577+0000] {real_estates.py:76} ERROR - Error extracting data from https://www.homes.co.jp/chintai/room/7ec36fb01ffc71ced9900e90db39243f4f077156/: 'NoneType' object has no attribute 'text'
[2024-04-04T04:34:50.903+0000] {real_estates.py:76} ERROR - Error extracting data from https://www.homes.co.jp/chintai/room/d4ea73777634be6207b2b31d7321b3c6cc9286ac/: 'NoneType' object has no attribute 'text'
[2024-04-04T04:34:51.293+0000] {real_estates.py:76} ERROR - Error extracting data from https://www.homes.co.jp/chintai/room/0334f73f0b7c630180fe065f5042d11a61d0707d/: 'NoneType' object has no attribute 'text'
[2024-04-04T04:34:51.597+0000] {real_estates.py:76} ERROR - Error extracting data from https://www.homes.co.jp/chintai/room/d82c58c8d2667930fb88db528e4633184c1a5b0e/: 'NoneType' object has no attribute 'text'
[2024-04-04T04:34:52.317+0000] {real_estates.py:76} ERROR - Error extracting data from https://www.homes.co.jp/chintai/room/9b1bc84eca8eb64f43d6a9531392697c72301f72/: 'NoneType' object has no attribute 'text'
[2024-04-04T04:34:52.719+0000] {real_estates.py:76} ERROR - Error extracting data from https://www.homes.co.jp/chintai/room/8c8542fa48e276dc0dcd081eae16d30831b49989/: 'NoneType' object has no attribute 'text'
[2024-04-04T04:34:53.144+0000] {real_estates.py:76} ERROR - Error extracting data from https://www.homes.co.jp/chintai/room/e71eba9ab52da005e03f7babf3fb9dc737a4eaa6/: 'NoneType' object has no attribute 'text'
[2024-04-04T04:34:53.469+0000] {real_estates.py:76} ERROR - Error extracting data from https://www.homes.co.jp/chintai/room/71b3c945605219042a254291f1858218a8d5aab4/: 'NoneType' object has no attribute 'text'
[2024-04-04T04:34:53.898+0000] {real_estates.py:76} ERROR - Error extracting data from https://www.homes.co.jp/chintai/room/92910e4917f39de8a590c5651c01736fc82b7bfb/: 'NoneType' object has no attribute 'text'
[2024-04-04T04:34:54.663+0000] {real_estates.py:76} ERROR - Error extracting data from https://www.homes.co.jp/chintai/room/854204d585f077e637293286446f534b719c1c46/: 'NoneType' object has no attribute 'text'
[2024-04-04T04:34:55.072+0000] {real_estates.py:76} ERROR - Error extracting data from https://www.homes.co.jp/chintai/room/5435d72271be012600c69c02ea183b6232ec3886/: 'NoneType' object has no attribute 'text'
[2024-04-04T04:34:55.473+0000] {real_estates.py:76} ERROR - Error extracting data from https://www.homes.co.jp/chintai/room/de714abbf3bf18bbdcc44cf5cdb4372a798a25e6/: 'NoneType' object has no attribute 'text'
[2024-04-04T04:34:55.879+0000] {real_estates.py:76} ERROR - Error extracting data from https://www.homes.co.jp/chintai/room/abb1523fe044cc4fa1a6808b15bf73a77a1b1ece/: 'NoneType' object has no attribute 'text'
[2024-04-04T04:34:56.320+0000] {real_estates.py:76} ERROR - Error extracting data from https://www.homes.co.jp/chintai/room/8b51ac065ece0578eeb0f7592f40f9310895bac0/: 'NoneType' object has no attribute 'text'
[2024-04-04T04:34:57.104+0000] {real_estates.py:76} ERROR - Error extracting data from https://www.homes.co.jp/chintai/room/98558a26e90317e23167a6ba92327bed2911db4f/: 'NoneType' object has no attribute 'text'
[2024-04-04T04:34:57.443+0000] {real_estates.py:76} ERROR - Error extracting data from https://www.homes.co.jp/chintai/room/6b09afd33e8bcaf762e3ea0f0ba0cf6e8f103be5/: 'NoneType' object has no attribute 'text'
[2024-04-04T04:34:57.852+0000] {real_estates.py:76} ERROR - Error extracting data from https://www.homes.co.jp/chintai/room/a7c1b1c91616f8e7b228ea265f5507d3832010e6/: 'NoneType' object has no attribute 'text'
[2024-04-04T04:34:58.206+0000] {real_estates.py:76} ERROR - Error extracting data from https://www.homes.co.jp/chintai/room/823fa62d2f9b155104004714a6c9d3e38eda6b29/: 'NoneType' object has no attribute 'text'
[2024-04-04T04:34:58.592+0000] {real_estates.py:76} ERROR - Error extracting data from https://www.homes.co.jp/chintai/room/e752a59b3bf7cb0942a029450c16d10c27da1a5e/: 'NoneType' object has no attribute 'text'
[2024-04-04T04:34:59.278+0000] {real_estates.py:76} ERROR - Error extracting data from https://www.homes.co.jp/chintai/room/e00c80c86ac30dbd9ab6a6e63c72b581cade1501/: 'NoneType' object has no attribute 'text'
[2024-04-04T04:34:59.651+0000] {real_estates.py:76} ERROR - Error extracting data from https://www.homes.co.jp/chintai/room/037849a2519600943b30566c21a2a1a8e0539245/: 'NoneType' object has no attribute 'text'
[2024-04-04T04:35:00.007+0000] {real_estates.py:76} ERROR - Error extracting data from https://www.homes.co.jp/chintai/room/ed1959f93437c31d9748681615dcc7876bafc6b3/: 'NoneType' object has no attribute 'text'
[2024-04-04T04:35:00.456+0000] {real_estates.py:76} ERROR - Error extracting data from https://www.homes.co.jp/chintai/room/6818a7a59199b82de664cffc83e75aa476189077/: 'NoneType' object has no attribute 'text'
[2024-04-04T04:35:00.854+0000] {real_estates.py:76} ERROR - Error extracting data from https://www.homes.co.jp/chintai/room/13f0ea2fc7017c87c686f2debc382e033f951e87/: 'NoneType' object has no attribute 'text'
[2024-04-04T04:35:01.557+0000] {real_estates.py:76} ERROR - Error extracting data from https://www.homes.co.jp/chintai/room/de378aaf38aca8f0b211daa9fa5a9e8317e114b0/: 'NoneType' object has no attribute 'text'
[2024-04-04T04:35:01.978+0000] {real_estates.py:76} ERROR - Error extracting data from https://www.homes.co.jp/chintai/room/f73e65d190998056f94bd83189229148c2de140a/: 'NoneType' object has no attribute 'text'
[2024-04-04T04:35:02.414+0000] {real_estates.py:76} ERROR - Error extracting data from https://www.homes.co.jp/chintai/room/28551c96cd8621b06e2e4eb752086858c6171e40/: 'NoneType' object has no attribute 'text'
[2024-04-04T04:35:02.786+0000] {real_estates.py:76} ERROR - Error extracting data from https://www.homes.co.jp/chintai/room/457eaa7de3448a64e83985f4fc3b527253d218b2/: 'NoneType' object has no attribute 'text'
[2024-04-04T04:35:03.179+0000] {real_estates.py:76} ERROR - Error extracting data from https://www.homes.co.jp/chintai/room/fcbc907413efc9d3c03a1eaf0a91f3eb4d7a1d16/: 'NoneType' object has no attribute 'text'
[2024-04-04T04:35:03.886+0000] {real_estates.py:76} ERROR - Error extracting data from https://www.homes.co.jp/chintai/room/44a859b26c6f4354dadb77753cd8fa14378c25c2/: 'NoneType' object has no attribute 'text'
[2024-04-04T04:35:04.318+0000] {real_estates.py:76} ERROR - Error extracting data from https://www.homes.co.jp/chintai/room/5036a04611a999be74e17fdb5ef8f6aa77b6d6db/: 'NoneType' object has no attribute 'text'
[2024-04-04T04:35:04.755+0000] {real_estates.py:76} ERROR - Error extracting data from https://www.homes.co.jp/chintai/room/d9e5e1126b79c48e0f344d19ce59c5bd8520fbe5/: 'NoneType' object has no attribute 'text'
[2024-04-04T04:35:05.179+0000] {real_estates.py:76} ERROR - Error extracting data from https://www.homes.co.jp/chintai/room/44021d248c697b1058aa2fae35bd485a92d52820/: 'NoneType' object has no attribute 'text'
[2024-04-04T04:35:05.560+0000] {real_estates.py:76} ERROR - Error extracting data from https://www.homes.co.jp/chintai/room/e228e29495cac072d1add6d32f618fe1b47212c0/: 'NoneType' object has no attribute 'text'
[2024-04-04T04:35:06.318+0000] {real_estates.py:76} ERROR - Error extracting data from https://www.homes.co.jp/chintai/room/6f97e6b6d6dd0b16ef6dbb601406a26d33490687/: 'NoneType' object has no attribute 'text'
[2024-04-04T04:35:06.727+0000] {real_estates.py:76} ERROR - Error extracting data from https://www.homes.co.jp/chintai/room/ce5572b9ca16d366fa6ca3ce1427fc788cb90628/: 'NoneType' object has no attribute 'text'
[2024-04-04T04:35:07.139+0000] {real_estates.py:76} ERROR - Error extracting data from https://www.homes.co.jp/chintai/room/ced7cba5b92d1d074502eed313eca2dcf7302570/: 'NoneType' object has no attribute 'text'
[2024-04-04T04:35:07.496+0000] {real_estates.py:76} ERROR - Error extracting data from https://www.homes.co.jp/chintai/room/cba01ac5873435eaea5ba0ddc2d0fb2699475ee8/: 'NoneType' object has no attribute 'text'
[2024-04-04T04:35:07.824+0000] {real_estates.py:76} ERROR - Error extracting data from https://www.homes.co.jp/chintai/room/2c803615cfeb5c5e90274464a9de6f991c26760a/: 'NoneType' object has no attribute 'text'
[2024-04-04T04:35:08.465+0000] {real_estates.py:76} ERROR - Error extracting data from https://www.homes.co.jp/chintai/room/6cb9c206899e9bbd4bb242371ee43ece0c30539b/: 'NoneType' object has no attribute 'text'
[2024-04-04T04:35:08.928+0000] {real_estates.py:76} ERROR - Error extracting data from https://www.homes.co.jp/chintai/room/b8ad595a10d985a72eb1e3a81070cd33d96a90b2/: 'NoneType' object has no attribute 'text'
[2024-04-04T04:35:09.263+0000] {real_estates.py:76} ERROR - Error extracting data from https://www.homes.co.jp/chintai/room/297cc716ec054b0442c4fa61b9263a637216fcff/: 'NoneType' object has no attribute 'text'
[2024-04-04T04:35:09.564+0000] {real_estates.py:76} ERROR - Error extracting data from https://www.homes.co.jp/chintai/room/9400302827e550bf8329c221f431869fc8e05cd2/: 'NoneType' object has no attribute 'text'
[2024-04-04T04:35:09.991+0000] {real_estates.py:76} ERROR - Error extracting data from https://www.homes.co.jp/chintai/room/ab1def81adfdad4ad4bf5b6f4bc405360cf0d4ed/: 'NoneType' object has no attribute 'text'
[2024-04-04T04:35:10.391+0000] {real_estates.py:76} ERROR - Error extracting data from https://www.homes.co.jp/chintai/room/48f60b846d3439efab493d57dd34ef4d47553868/: 'NoneType' object has no attribute 'text'
[2024-04-04T04:35:11.179+0000] {real_estates.py:76} ERROR - Error extracting data from https://www.homes.co.jp/chintai/room/a329f510b5041f894f3cda7dfd5ec5a7329bdc01/: 'NoneType' object has no attribute 'text'
[2024-04-04T04:35:11.510+0000] {real_estates.py:76} ERROR - Error extracting data from https://www.homes.co.jp/chintai/room/0285fa164f3b97d99940faf1857f1fcbd3785ecb/: 'NoneType' object has no attribute 'text'
[2024-04-04T04:35:11.879+0000] {real_estates.py:76} ERROR - Error extracting data from https://www.homes.co.jp/chintai/room/4d1debb595e747ad197d157ee8364941ddc4ceb9/: 'NoneType' object has no attribute 'text'
[2024-04-04T04:35:12.279+0000] {real_estates.py:76} ERROR - Error extracting data from https://www.homes.co.jp/chintai/room/9c117ca4beb7bf9d7c8e64f18c267eac418473f2/: 'NoneType' object has no attribute 'text'
[2024-04-04T04:35:12.656+0000] {real_estates.py:76} ERROR - Error extracting data from https://www.homes.co.jp/chintai/room/b2a1a53f43d849d2f9e4b6efef820f40de1323b5/: 'NoneType' object has no attribute 'text'
[2024-04-04T04:35:13.383+0000] {real_estates.py:76} ERROR - Error extracting data from https://www.homes.co.jp/chintai/room/fd9917a704f26011a9c376d7a63d3442e9ce021c/: 'NoneType' object has no attribute 'text'
[2024-04-04T04:35:13.781+0000] {real_estates.py:76} ERROR - Error extracting data from https://www.homes.co.jp/chintai/room/1ee8534cb3df55851a994996e70405cd81cab734/: 'NoneType' object has no attribute 'text'
[2024-04-04T04:35:14.161+0000] {real_estates.py:76} ERROR - Error extracting data from https://www.homes.co.jp/chintai/room/fd9917a704f26011a9c376d7a63d3442e9ce021c/: 'NoneType' object has no attribute 'text'
[2024-04-04T04:35:14.571+0000] {real_estates.py:76} ERROR - Error extracting data from https://www.homes.co.jp/chintai/room/9c117ca4beb7bf9d7c8e64f18c267eac418473f2/: 'NoneType' object has no attribute 'text'
[2024-04-04T04:35:14.958+0000] {real_estates.py:76} ERROR - Error extracting data from https://www.homes.co.jp/chintai/room/b2a1a53f43d849d2f9e4b6efef820f40de1323b5/: 'NoneType' object has no attribute 'text'
[2024-04-04T04:35:15.731+0000] {real_estates.py:76} ERROR - Error extracting data from https://www.homes.co.jp/chintai/room/82a8f2adbcac0ddfbb145587b4a2caf45ea58a91/: 'NoneType' object has no attribute 'text'
[2024-04-04T04:35:16.139+0000] {real_estates.py:76} ERROR - Error extracting data from https://www.homes.co.jp/chintai/room/06d674c4d774b0b3ea7f1fdffb500204142bdf07/: 'NoneType' object has no attribute 'text'
[2024-04-04T04:35:16.436+0000] {real_estates.py:76} ERROR - Error extracting data from https://www.homes.co.jp/chintai/room/b57fd6f9283731f02ef798feb9eaf28747d09ddc/: 'NoneType' object has no attribute 'text'
[2024-04-04T04:35:16.818+0000] {real_estates.py:76} ERROR - Error extracting data from https://www.homes.co.jp/chintai/room/51927636295a40f5c5b7cd6bc932be23b25fdf31/: 'NoneType' object has no attribute 'text'
[2024-04-04T04:35:17.222+0000] {real_estates.py:76} ERROR - Error extracting data from https://www.homes.co.jp/chintai/room/a9c3a10b6c18d5a7a7dac24ac1bc8fafa0aa3a0e/: 'NoneType' object has no attribute 'text'
[2024-04-04T04:35:17.928+0000] {real_estates.py:76} ERROR - Error extracting data from https://www.homes.co.jp/chintai/room/df7442d5a16bd7823f31277b1dd087853ccf22b8/: 'NoneType' object has no attribute 'text'
[2024-04-04T04:35:18.304+0000] {real_estates.py:76} ERROR - Error extracting data from https://www.homes.co.jp/chintai/room/ee57466c8fa635b8bf44e28d981497841c70b77b/: 'NoneType' object has no attribute 'text'
[2024-04-04T04:35:18.665+0000] {real_estates.py:76} ERROR - Error extracting data from https://www.homes.co.jp/chintai/room/a6e56cf0789adf6fd9cd12f4d4d5e5230bda057a/: 'NoneType' object has no attribute 'text'
[2024-04-04T04:35:19.064+0000] {real_estates.py:76} ERROR - Error extracting data from https://www.homes.co.jp/chintai/room/8e2162ee24c30729835f580bbe701e3e779572d4/: 'NoneType' object has no attribute 'text'
[2024-04-04T04:35:19.456+0000] {real_estates.py:76} ERROR - Error extracting data from https://www.homes.co.jp/chintai/room/66869d36baf25e4cbe2e0ebee0b6fbcd62f28852/: 'NoneType' object has no attribute 'text'
[2024-04-04T04:35:20.205+0000] {real_estates.py:76} ERROR - Error extracting data from https://www.homes.co.jp/chintai/room/3dd1159ca8ed48efe3cdb6f796da1c59f6d61071/: 'NoneType' object has no attribute 'text'
[2024-04-04T04:35:20.597+0000] {real_estates.py:76} ERROR - Error extracting data from https://www.homes.co.jp/chintai/room/74aab96334608b5834ee7dc3ce7f15094b67cb76/: 'NoneType' object has no attribute 'text'
[2024-04-04T04:35:20.904+0000] {real_estates.py:76} ERROR - Error extracting data from https://www.homes.co.jp/chintai/room/8179e79c8ab140645c5a2ae1c23776beb2c569e9/: 'NoneType' object has no attribute 'text'
[2024-04-04T04:35:21.221+0000] {real_estates.py:76} ERROR - Error extracting data from https://www.homes.co.jp/chintai/room/025f5f0c2d41d6f921519f452b4e1f89ef58f07f/: 'NoneType' object has no attribute 'text'
[2024-04-04T04:35:21.602+0000] {real_estates.py:76} ERROR - Error extracting data from https://www.homes.co.jp/chintai/room/e7ab274c54868663740eff31321d5bfdab83c1dc/: 'NoneType' object has no attribute 'text'
[2024-04-04T04:35:22.322+0000] {real_estates.py:76} ERROR - Error extracting data from https://www.homes.co.jp/chintai/room/d4f77eb744a84858e5433a2a6c524aeaacdfff2c/: 'NoneType' object has no attribute 'text'
[2024-04-04T04:35:22.682+0000] {real_estates.py:76} ERROR - Error extracting data from https://www.homes.co.jp/chintai/room/7c15389e4e2aba0fb4d315159a36c4d610ffde83/: 'NoneType' object has no attribute 'text'
[2024-04-04T04:35:23.072+0000] {real_estates.py:76} ERROR - Error extracting data from https://www.homes.co.jp/chintai/room/a986ed1752ebc5a223a971a2e8b245663b9e7108/: 'NoneType' object has no attribute 'text'
[2024-04-04T04:35:23.416+0000] {real_estates.py:76} ERROR - Error extracting data from https://www.homes.co.jp/chintai/room/c0a091dcdd6236e7599787a01dc1682a26de98ff/: 'NoneType' object has no attribute 'text'
[2024-04-04T04:35:23.789+0000] {real_estates.py:76} ERROR - Error extracting data from https://www.homes.co.jp/chintai/room/cbffcc108f5448bf4add536787d88fa6a424c777/: 'NoneType' object has no attribute 'text'
[2024-04-04T04:35:24.174+0000] {real_estates.py:76} ERROR - Error extracting data from https://www.homes.co.jp/chintai/room/32af7baf5277fd5eff391c6a25cfe616992d86cc/: 'NoneType' object has no attribute 'text'
[2024-04-04T04:35:24.965+0000] {real_estates.py:76} ERROR - Error extracting data from https://www.homes.co.jp/chintai/room/eda4352289a693b314c7579c3c10c220bb219532/: 'NoneType' object has no attribute 'text'
[2024-04-04T04:35:25.353+0000] {real_estates.py:76} ERROR - Error extracting data from https://www.homes.co.jp/chintai/room/64d5d3ca0cdfbd58cef35c40dea3900ee841797a/: 'NoneType' object has no attribute 'text'
[2024-04-04T04:35:25.728+0000] {real_estates.py:76} ERROR - Error extracting data from https://www.homes.co.jp/chintai/room/5cf1cbde9d598cb1f2e339d11e6d32554b02bcfe/: 'NoneType' object has no attribute 'text'
[2024-04-04T04:35:26.036+0000] {real_estates.py:76} ERROR - Error extracting data from https://www.homes.co.jp/chintai/room/8e8a9bcc1cf4f51f87ebd45596d083b527f6e83e/: 'NoneType' object has no attribute 'text'
[2024-04-04T04:35:26.394+0000] {real_estates.py:76} ERROR - Error extracting data from https://www.homes.co.jp/chintai/room/79c388e2884ef8566c7c5819868b0f3e8d7ffc21/: 'NoneType' object has no attribute 'text'
[2024-04-04T04:35:27.063+0000] {real_estates.py:76} ERROR - Error extracting data from https://www.homes.co.jp/chintai/room/6059f0e0f0881d0a4ba9f7847a9fe1dc1d4a1e8c/: 'NoneType' object has no attribute 'text'
[2024-04-04T04:35:27.421+0000] {real_estates.py:76} ERROR - Error extracting data from https://www.homes.co.jp/chintai/room/5a67efbaea5ec3f243f778ab5cc0528c597db502/: 'NoneType' object has no attribute 'text'
[2024-04-04T04:35:27.783+0000] {real_estates.py:76} ERROR - Error extracting data from https://www.homes.co.jp/chintai/room/dc30ec5019406c2950fe6e2a89379946353a259a/: 'NoneType' object has no attribute 'text'
[2024-04-04T04:35:28.127+0000] {real_estates.py:76} ERROR - Error extracting data from https://www.homes.co.jp/chintai/room/6b66a75b6a6e2dc8de8a68a531f005d6ae166212/: 'NoneType' object has no attribute 'text'
[2024-04-04T04:35:28.511+0000] {real_estates.py:76} ERROR - Error extracting data from https://www.homes.co.jp/chintai/room/b4737844e58b7add690a109950152a0c8de04981/: 'NoneType' object has no attribute 'text'
[2024-04-04T04:35:29.242+0000] {real_estates.py:76} ERROR - Error extracting data from https://www.homes.co.jp/chintai/room/4a64b709204e5693f8799d951130fc00963ab550/: 'NoneType' object has no attribute 'text'
[2024-04-04T04:35:29.624+0000] {real_estates.py:76} ERROR - Error extracting data from https://www.homes.co.jp/chintai/room/89611d8ab1e005f4039ace4cb880a1ad133dabd3/: 'NoneType' object has no attribute 'text'
[2024-04-04T04:35:30.000+0000] {real_estates.py:76} ERROR - Error extracting data from https://www.homes.co.jp/chintai/room/de7595549c7a542bc2dec1dcd6c28c3e4b01d49e/: 'NoneType' object has no attribute 'text'
[2024-04-04T04:35:30.406+0000] {real_estates.py:76} ERROR - Error extracting data from https://www.homes.co.jp/chintai/room/80f3fbea16c91b0f5f8a57233b895fa0ed8cef70/: 'NoneType' object has no attribute 'text'
[2024-04-04T04:35:30.811+0000] {real_estates.py:76} ERROR - Error extracting data from https://www.homes.co.jp/chintai/room/b49525cfa57a46760c002cfec7c5646282e3002d/: 'NoneType' object has no attribute 'text'
[2024-04-04T04:35:30.850+0000] {local_task_job_runner.py:302} WARNING - State of this instance has been externally set to upstream_failed. Terminating instance.
[2024-04-04T04:35:30.854+0000] {process_utils.py:131} INFO - Sending 15 to group 352. PIDs of all processes in the group: [352]
[2024-04-04T04:35:30.855+0000] {process_utils.py:86} INFO - Sending the signal 15 to group 352
[2024-04-04T04:35:30.855+0000] {taskinstance.py:2483} ERROR - Received SIGTERM. Terminating subprocesses.
[2024-04-04T04:35:30.856+0000] {real_estates.py:76} ERROR - Error extracting data from https://www.homes.co.jp/chintai/room/634076a5c64ec94b96d3df3e9390cb9d808bfdeb/: Task received SIGTERM signal
[2024-04-04T04:35:31.250+0000] {real_estates.py:76} ERROR - Error extracting data from https://www.homes.co.jp/chintai/room/96358c3212657910a448f2942883674244e79b17/: 'NoneType' object has no attribute 'text'
[2024-04-04T04:35:32.008+0000] {real_estates.py:76} ERROR - Error extracting data from https://www.homes.co.jp/chintai/room/2bd3bb2781ee86ec25347ee9704ff0984418eb73/: 'NoneType' object has no attribute 'text'
[2024-04-04T04:35:32.394+0000] {real_estates.py:76} ERROR - Error extracting data from https://www.homes.co.jp/chintai/room/2d9c9a1cb13b1d7961350e7a1cde27cf67f04bfd/: 'NoneType' object has no attribute 'text'
[2024-04-04T04:35:32.741+0000] {real_estates.py:76} ERROR - Error extracting data from https://www.homes.co.jp/chintai/room/2fff5a80358e8c71d1fb3268606295d71255b44b/: 'NoneType' object has no attribute 'text'
[2024-04-04T04:35:33.104+0000] {real_estates.py:76} ERROR - Error extracting data from https://www.homes.co.jp/chintai/room/d8103c90625daf761fc73de004fa310873ebcc1e/: 'NoneType' object has no attribute 'text'
[2024-04-04T04:35:33.375+0000] {real_estates.py:76} ERROR - Error extracting data from https://www.homes.co.jp/chintai/room/6790b42dabf9bd63bb667294e70d0c557628f3bd/: 'NoneType' object has no attribute 'text'
[2024-04-04T04:35:34.128+0000] {real_estates.py:76} ERROR - Error extracting data from https://www.homes.co.jp/chintai/room/a2c6650a060a0edbd63e4ba3ffd0b82e9df8fc9b/: 'NoneType' object has no attribute 'text'
[2024-04-04T04:35:34.478+0000] {real_estates.py:76} ERROR - Error extracting data from https://www.homes.co.jp/chintai/room/5cf7b9414fb5e3871bac5c1c73fb152729f40296/: 'NoneType' object has no attribute 'text'
[2024-04-04T04:35:34.868+0000] {real_estates.py:76} ERROR - Error extracting data from https://www.homes.co.jp/chintai/room/5778128009fa11e21296da54fe940378d2d6dc42/: 'NoneType' object has no attribute 'text'
[2024-04-04T04:35:35.237+0000] {real_estates.py:76} ERROR - Error extracting data from https://www.homes.co.jp/chintai/room/d2e81c51f5f8ce0496df817bfb4d923548fa5e05/: 'NoneType' object has no attribute 'text'
[2024-04-04T04:35:35.646+0000] {real_estates.py:76} ERROR - Error extracting data from https://www.homes.co.jp/chintai/room/3cb030056af4d4a2744b811359915a451dfcdf0d/: 'NoneType' object has no attribute 'text'
[2024-04-04T04:35:36.406+0000] {real_estates.py:76} ERROR - Error extracting data from https://www.homes.co.jp/chintai/room/b3b114da331da64dd1e454f4f721e96c61c44e6b/: 'NoneType' object has no attribute 'text'
[2024-04-04T04:35:36.859+0000] {real_estates.py:76} ERROR - Error extracting data from https://www.homes.co.jp/chintai/room/529214a22d7e48385447aa1279ee037eda1e044c/: 'NoneType' object has no attribute 'text'
[2024-04-04T04:35:37.287+0000] {real_estates.py:76} ERROR - Error extracting data from https://www.homes.co.jp/chintai/room/b5c4a45834458b513bb2d16fb91c45f0abc7b09b/: 'NoneType' object has no attribute 'text'
[2024-04-04T04:35:37.638+0000] {real_estates.py:76} ERROR - Error extracting data from https://www.homes.co.jp/chintai/room/9670a285aef6cdca7e3b0744f46788d5453c4bff/: 'NoneType' object has no attribute 'text'
[2024-04-04T04:35:38.058+0000] {real_estates.py:76} ERROR - Error extracting data from https://www.homes.co.jp/chintai/room/5e40a14e3c7a9a86d1e05b5ed9285be9666c2fdb/: 'NoneType' object has no attribute 'text'
[2024-04-04T04:35:38.773+0000] {real_estates.py:76} ERROR - Error extracting data from https://www.homes.co.jp/chintai/room/4c19693799a6d30ab8f49b16dec98846d0228011/: 'NoneType' object has no attribute 'text'
[2024-04-04T04:35:39.136+0000] {real_estates.py:76} ERROR - Error extracting data from https://www.homes.co.jp/chintai/room/abfb057efd05b3efc2a3b8532c77ecda3a37a8d2/: 'NoneType' object has no attribute 'text'
[2024-04-04T04:35:39.438+0000] {real_estates.py:76} ERROR - Error extracting data from https://www.homes.co.jp/chintai/room/74e7177c529febda40f36495849abce12d6a7018/: 'NoneType' object has no attribute 'text'
[2024-04-04T04:35:39.738+0000] {real_estates.py:76} ERROR - Error extracting data from https://www.homes.co.jp/chintai/room/61ddec351be321fe4a531d71c104874d40b2a39c/: 'NoneType' object has no attribute 'text'
[2024-04-04T04:35:40.062+0000] {real_estates.py:76} ERROR - Error extracting data from https://www.homes.co.jp/chintai/room/2dbecf06d416272d06ef7f4d36ef004dcaf9943b/: 'NoneType' object has no attribute 'text'
[2024-04-04T04:35:40.851+0000] {real_estates.py:76} ERROR - Error extracting data from https://www.homes.co.jp/chintai/room/207bb0b4bb5bc58d82c874e90292e8d4ed119f1f/: 'NoneType' object has no attribute 'text'
[2024-04-04T04:35:41.138+0000] {real_estates.py:76} ERROR - Error extracting data from https://www.homes.co.jp/chintai/room/dd4300bc83640545a67c90c083910bff5cff8c2a/: 'NoneType' object has no attribute 'text'
[2024-04-04T04:35:41.553+0000] {real_estates.py:76} ERROR - Error extracting data from https://www.homes.co.jp/chintai/room/c80f703eaf4dda27452fa73744375d4652e71142/: 'NoneType' object has no attribute 'text'
[2024-04-04T04:35:41.900+0000] {real_estates.py:76} ERROR - Error extracting data from https://www.homes.co.jp/chintai/room/795a4d1c5dc223a6e8e8103b97dd4fadd61a733e/: 'NoneType' object has no attribute 'text'
[2024-04-04T04:35:42.298+0000] {real_estates.py:76} ERROR - Error extracting data from https://www.homes.co.jp/chintai/room/3f1ce839ab944774ca068afaf06466026fcbb159/: 'NoneType' object has no attribute 'text'
[2024-04-04T04:35:42.731+0000] {real_estates.py:76} ERROR - Error extracting data from https://www.homes.co.jp/chintai/room/b0e17f768ffddae379c8836d72dd645dc363faab/: 'NoneType' object has no attribute 'text'
[2024-04-04T04:35:43.562+0000] {real_estates.py:76} ERROR - Error extracting data from https://www.homes.co.jp/chintai/room/083a3ba5b55dfbae5c2cfc2525fa4f990072c898/: 'NoneType' object has no attribute 'text'
[2024-04-04T04:35:43.922+0000] {real_estates.py:76} ERROR - Error extracting data from https://www.homes.co.jp/chintai/room/7673839cf77a887e86e0dd799dcd7b7605d4603d/: 'NoneType' object has no attribute 'text'
[2024-04-04T04:35:44.229+0000] {real_estates.py:76} ERROR - Error extracting data from https://www.homes.co.jp/chintai/room/fc6401489f6a5104478e0a726d919805d8ec523d/: 'NoneType' object has no attribute 'text'
[2024-04-04T04:35:44.650+0000] {real_estates.py:76} ERROR - Error extracting data from https://www.homes.co.jp/chintai/room/53eee4394ff2b9c155ae76afa35022e52a3bf93f/: 'NoneType' object has no attribute 'text'
[2024-04-04T04:35:45.060+0000] {real_estates.py:76} ERROR - Error extracting data from https://www.homes.co.jp/chintai/room/c6cbf87306cd7dfba3d11f350ae6d26af4ddfded/: 'NoneType' object has no attribute 'text'
[2024-04-04T04:35:45.814+0000] {real_estates.py:76} ERROR - Error extracting data from https://www.homes.co.jp/chintai/room/e828a8488bf2066050cb9a6f8dfbb82552fcaf67/: 'NoneType' object has no attribute 'text'
[2024-04-04T04:35:46.228+0000] {real_estates.py:76} ERROR - Error extracting data from https://www.homes.co.jp/chintai/room/16baecf0bebca32716a1b2ba03ba2d1e4406a2bb/: 'NoneType' object has no attribute 'text'
[2024-04-04T04:35:46.642+0000] {real_estates.py:76} ERROR - Error extracting data from https://www.homes.co.jp/chintai/room/ef45f740d26b438ff156bd8264543b045f45879c/: 'NoneType' object has no attribute 'text'
[2024-04-04T04:35:47.059+0000] {real_estates.py:76} ERROR - Error extracting data from https://www.homes.co.jp/chintai/room/19e48c9a1c94c646ab702d7261b512b4cd88005a/: 'NoneType' object has no attribute 'text'
[2024-04-04T04:35:47.498+0000] {real_estates.py:76} ERROR - Error extracting data from https://www.homes.co.jp/chintai/room/2fae60dc73f96a008d4447ad423347a3239186c5/: 'NoneType' object has no attribute 'text'
[2024-04-04T04:35:48.155+0000] {real_estates.py:76} ERROR - Error extracting data from https://www.homes.co.jp/chintai/room/f97fde2e7aa17b861b56ee3165ecd9daf716d873/: 'NoneType' object has no attribute 'text'
[2024-04-04T04:35:48.500+0000] {real_estates.py:76} ERROR - Error extracting data from https://www.homes.co.jp/chintai/room/1faf78bf86b34921803ba3aefd5e8ca030a7b192/: 'NoneType' object has no attribute 'text'
[2024-04-04T04:35:48.903+0000] {real_estates.py:76} ERROR - Error extracting data from https://www.homes.co.jp/chintai/room/012bbe5f6bb0338e4da042c5dbe1eabcea26f22c/: 'NoneType' object has no attribute 'text'
[2024-04-04T04:35:49.347+0000] {real_estates.py:76} ERROR - Error extracting data from https://www.homes.co.jp/chintai/room/d60d4affd65bb5da75de8fa0b131e504c61f99e9/: 'NoneType' object has no attribute 'text'
[2024-04-04T04:35:49.751+0000] {real_estates.py:76} ERROR - Error extracting data from https://www.homes.co.jp/chintai/room/29a3a0b4a3dd1889c1fc9b6103fee0f197f58f86/: 'NoneType' object has no attribute 'text'
[2024-04-04T04:35:50.491+0000] {real_estates.py:76} ERROR - Error extracting data from https://www.homes.co.jp/chintai/room/eadf2f71adc4a19f251a5a8e8dd1a634bb5e01b1/: 'NoneType' object has no attribute 'text'
[2024-04-04T04:35:50.863+0000] {real_estates.py:76} ERROR - Error extracting data from https://www.homes.co.jp/chintai/room/6253d0d84c0cf79445dba7bd3f5f7a8a6b2f0f2f/: 'NoneType' object has no attribute 'text'
[2024-04-04T04:35:51.304+0000] {real_estates.py:76} ERROR - Error extracting data from https://www.homes.co.jp/chintai/room/1c4319d027cba660d618c4a02023b131d0934e8f/: 'NoneType' object has no attribute 'text'
[2024-04-04T04:35:51.713+0000] {real_estates.py:76} ERROR - Error extracting data from https://www.homes.co.jp/chintai/room/9b547921b781998432e2d3c8f1a5b3ca67fc3c55/: 'NoneType' object has no attribute 'text'
[2024-04-04T04:35:52.106+0000] {real_estates.py:76} ERROR - Error extracting data from https://www.homes.co.jp/chintai/room/14c336e14789ac186b7e6a62b7c4b5c97bbadab9/: 'NoneType' object has no attribute 'text'
[2024-04-04T04:35:52.834+0000] {real_estates.py:76} ERROR - Error extracting data from https://www.homes.co.jp/chintai/room/8984793d781131f109adf554189ab98f79d065fa/: 'NoneType' object has no attribute 'text'
[2024-04-04T04:35:53.167+0000] {real_estates.py:76} ERROR - Error extracting data from https://www.homes.co.jp/chintai/room/43c02a7d8f6979eef96f5ffe381553f542f940f2/: 'NoneType' object has no attribute 'text'
[2024-04-04T04:35:53.473+0000] {real_estates.py:76} ERROR - Error extracting data from https://www.homes.co.jp/chintai/room/ad8f9684647bcc5d14eabdeadec6eaa89f231100/: 'NoneType' object has no attribute 'text'
[2024-04-04T04:35:53.854+0000] {real_estates.py:76} ERROR - Error extracting data from https://www.homes.co.jp/chintai/room/194a551d33a5207cb6876e0627b85911e400da76/: 'NoneType' object has no attribute 'text'
[2024-04-04T04:35:54.246+0000] {real_estates.py:76} ERROR - Error extracting data from https://www.homes.co.jp/chintai/room/7bdf45512d3ef1a4591ec235d61cdfa650487d23/: 'NoneType' object has no attribute 'text'
[2024-04-04T04:35:54.935+0000] {real_estates.py:76} ERROR - Error extracting data from https://www.homes.co.jp/chintai/room/e767f64fe2c81bf74a6d9b1b730e332f24003c3f/: 'NoneType' object has no attribute 'text'
[2024-04-04T04:35:55.313+0000] {real_estates.py:76} ERROR - Error extracting data from https://www.homes.co.jp/chintai/room/364a42e6f641cd81656f8f6b4155926a2dd7c42e/: 'NoneType' object has no attribute 'text'
[2024-04-04T04:35:55.663+0000] {real_estates.py:76} ERROR - Error extracting data from https://www.homes.co.jp/chintai/room/1c9095fd10ae39ee655d7818c2e6a260f2aade06/: 'NoneType' object has no attribute 'text'
[2024-04-04T04:35:56.088+0000] {real_estates.py:76} ERROR - Error extracting data from https://www.homes.co.jp/chintai/room/ce80199ba63978db05bf9198c1f6ed71f7da9b91/: 'NoneType' object has no attribute 'text'
[2024-04-04T04:35:56.508+0000] {real_estates.py:76} ERROR - Error extracting data from https://www.homes.co.jp/chintai/room/d68d10de88b4268fe80adfa1fc4cde6cd345babe/: 'NoneType' object has no attribute 'text'
[2024-04-04T04:35:56.886+0000] {real_estates.py:76} ERROR - Error extracting data from https://www.homes.co.jp/chintai/room/643d256c9aecede1108672ccc6f88d2f02c50f02/: 'NoneType' object has no attribute 'text'
[2024-04-04T04:35:57.640+0000] {real_estates.py:76} ERROR - Error extracting data from https://www.homes.co.jp/chintai/room/afa5e11d808c90230b9e42d86cc1e1abeb175fa7/: 'NoneType' object has no attribute 'text'
[2024-04-04T04:35:58.048+0000] {real_estates.py:76} ERROR - Error extracting data from https://www.homes.co.jp/chintai/room/21abc47ac120ebc74a6926648ed8f31c273e22cc/: 'NoneType' object has no attribute 'text'
[2024-04-04T04:35:58.442+0000] {real_estates.py:76} ERROR - Error extracting data from https://www.homes.co.jp/chintai/room/bc6d51236d191feeefabaddb6b8c28c0b8448f88/: 'NoneType' object has no attribute 'text'
[2024-04-04T04:35:58.849+0000] {real_estates.py:76} ERROR - Error extracting data from https://www.homes.co.jp/chintai/room/3a363fda9f67421e67ca67c90bf91ceb7a1089c5/: 'NoneType' object has no attribute 'text'
[2024-04-04T04:35:59.192+0000] {real_estates.py:76} ERROR - Error extracting data from https://www.homes.co.jp/chintai/room/42afc9dab7eeb5bdc83290528b1acf7d23cb40cd/: 'NoneType' object has no attribute 'text'
[2024-04-04T04:35:59.890+0000] {real_estates.py:76} ERROR - Error extracting data from https://www.homes.co.jp/chintai/room/6a4aaf008754c9683e54782e4ad95a93bed6518d/: 'NoneType' object has no attribute 'text'
[2024-04-04T04:36:00.280+0000] {real_estates.py:76} ERROR - Error extracting data from https://www.homes.co.jp/chintai/room/9b7c8197d1696cf1222353aeb817d06c8513636d/: 'NoneType' object has no attribute 'text'
[2024-04-04T04:36:00.677+0000] {real_estates.py:76} ERROR - Error extracting data from https://www.homes.co.jp/chintai/room/d4faecfb3001ed27bcb08756cb4b1ab6fedb8649/: 'NoneType' object has no attribute 'text'
[2024-04-04T04:36:01.036+0000] {real_estates.py:76} ERROR - Error extracting data from https://www.homes.co.jp/chintai/room/d3bc01d122f970d6b710fb2b405145a7716b8187/: 'NoneType' object has no attribute 'text'
[2024-04-04T04:36:01.461+0000] {real_estates.py:76} ERROR - Error extracting data from https://www.homes.co.jp/chintai/room/2166084700b6341381db1c7f6519f374799207fa/: 'NoneType' object has no attribute 'text'
[2024-04-04T04:36:02.077+0000] {real_estates.py:76} ERROR - Error extracting data from https://www.homes.co.jp/chintai/room/db42bbaf977c866cf65a86f92cb9c99dca7cd2f9/: 'NoneType' object has no attribute 'text'
[2024-04-04T04:36:02.492+0000] {real_estates.py:76} ERROR - Error extracting data from https://www.homes.co.jp/chintai/room/e87e9c7934df346318aa0e0dba1880f81a1153da/: 'NoneType' object has no attribute 'text'
[2024-04-04T04:36:02.878+0000] {real_estates.py:76} ERROR - Error extracting data from https://www.homes.co.jp/chintai/room/a960f820b61ea61a355fb3cb2ca116191743d572/: 'NoneType' object has no attribute 'text'
[2024-04-04T04:36:03.287+0000] {real_estates.py:76} ERROR - Error extracting data from https://www.homes.co.jp/chintai/room/91211863a2675859ca4ee4edb1aa435f7aa7ad4e/: 'NoneType' object has no attribute 'text'
[2024-04-04T04:36:03.672+0000] {real_estates.py:76} ERROR - Error extracting data from https://www.homes.co.jp/chintai/room/935065a5a34a2106ee446598e2fa56be98c018be/: 'NoneType' object has no attribute 'text'
[2024-04-04T04:36:04.409+0000] {real_estates.py:76} ERROR - Error extracting data from https://www.homes.co.jp/chintai/room/23f03f55d633f53e02d672f061d06eba6db948eb/: 'NoneType' object has no attribute 'text'
[2024-04-04T04:36:04.757+0000] {real_estates.py:76} ERROR - Error extracting data from https://www.homes.co.jp/chintai/room/fbdc7b4700d6d62394bf1372ddfc8dbdb4969a87/: 'NoneType' object has no attribute 'text'
[2024-04-04T04:36:05.113+0000] {real_estates.py:76} ERROR - Error extracting data from https://www.homes.co.jp/chintai/room/ff9fe37c9c4576745c38b2634b1d8b7e99dc2b7d/: 'NoneType' object has no attribute 'text'
[2024-04-04T04:36:05.528+0000] {real_estates.py:76} ERROR - Error extracting data from https://www.homes.co.jp/chintai/room/ef5bba1c27b04f1cfee44315ab42363e3eab1c9e/: 'NoneType' object has no attribute 'text'
[2024-04-04T04:36:05.910+0000] {real_estates.py:76} ERROR - Error extracting data from https://www.homes.co.jp/chintai/room/eec15c56e0ec2c7bc2929826e3ca1e29f30c1334/: 'NoneType' object has no attribute 'text'
[2024-04-04T04:36:06.616+0000] {real_estates.py:76} ERROR - Error extracting data from https://www.homes.co.jp/chintai/room/11af8ecfcc05f63d1213a00ed285c38f925eab25/: 'NoneType' object has no attribute 'text'
[2024-04-04T04:36:06.662+0000] {python.py:204} INFO - Done. Returned value not shown
[2024-04-04T04:36:06.755+0000] {taskinstance.py:1149} INFO - Marking task as SUCCESS. dag_id=real_estates, task_id=extract_real_estates, execution_date=20240403T000000, start_date=20240404T043554, end_date=20240404T043606
[2024-04-04T04:36:06.875+0000] {process_utils.py:79} INFO - Process psutil.Process(pid=352, status='terminated', exitcode=0, started='04:33:48') (352) terminated with exit code 0
